y_mat
     Iris-setosa  Iris-versicolor  Iris-virginica
4              1                0               0
3              1                0               0
32             1                0               0
22             1                0               0
23             1                0               0
46             1                0               0
20             1                0               0
39             1                0               0
37             1                0               0
54             0                1               0
53             0                1               0
82             0                1               0
72             0                1               0
73             0                1               0
96             0                1               0
70             0                1               0
89             0                1               0
87             0                1               0
104            0                0               1
103            0                0               1
132            0                0               1
122            0                0               1
123            0                0               1
146            0                0               1
120            0                0               1
139            0                0               1
137            0                0               1

scores
[[0. 0. 0.]
 [0. 0. 0.]
 [0. 0. 0.]
 [0. 0. 0.]
 [0. 0. 0.]
 [0. 0. 0.]
 [0. 0. 0.]
 [0. 0. 0.]
 [0. 0. 0.]
 [0. 0. 0.]
 [0. 0. 0.]
 [0. 0. 0.]
 [0. 0. 0.]
 [0. 0. 0.]
 [0. 0. 0.]
 [0. 0. 0.]
 [0. 0. 0.]
 [0. 0. 0.]
 [0. 0. 0.]
 [0. 0. 0.]
 [0. 0. 0.]
 [0. 0. 0.]
 [0. 0. 0.]
 [0. 0. 0.]
 [0. 0. 0.]
 [0. 0. 0.]
 [0. 0. 0.]]
[[0. 0. 0.]
 [0. 0. 0.]
 [0. 0. 0.]
 [0. 0. 0.]]

x
     sepal-length  sepal-width  petal-length  petal-width
4       -1.018437     1.259242     -1.336794    -1.308593
3       -1.501490     0.106090     -1.280118    -1.308593
32      -0.776911     2.412393     -1.280118    -1.439627
22      -1.501490     1.259242     -1.563497    -1.308593
23      -0.897674     0.567351     -1.166767    -0.915491
46      -0.897674     1.720502     -1.223442    -1.308593
20      -0.535384     0.797981     -1.166767    -1.308593
39      -0.897674     0.797981     -1.280118    -1.308593
37      -1.139200     0.106090     -1.280118    -1.439627
54       0.793012    -0.585801      0.476833     0.394849
53      -0.414621    -1.738953      0.136778     0.132781
82      -0.052331    -0.816431      0.080102     0.001747
72       0.551486    -1.277692      0.646860     0.394849
73       0.309959    -0.585801      0.533509     0.001747
96      -0.173094    -0.355171      0.250129     0.132781
70       0.068433     0.336720      0.590184     0.787951
89      -0.414621    -1.277692      0.136778     0.132781
87       0.551486    -1.738953      0.363481     0.132781
104      0.793012    -0.124540      1.156943     1.312087
103      0.551486    -0.355171      1.043591     0.787951
132      0.672249    -0.585801      1.043591     1.312087
122      2.242172    -0.585801      1.667025     1.050019
123      0.551486    -0.816431      0.646860     0.787951
146      0.551486    -1.277692      0.703536     0.918985
120      1.276066     0.336720      1.100267     1.443121
139      1.276066     0.106090      0.930239     1.181053
137      0.672249     0.106090      0.986915     0.787951


prob
[[0.33333333 0.33333333 0.33333333]
 [0.33333333 0.33333333 0.33333333]
 [0.33333333 0.33333333 0.33333333]
 [0.33333333 0.33333333 0.33333333]
 [0.33333333 0.33333333 0.33333333]
 [0.33333333 0.33333333 0.33333333]
 [0.33333333 0.33333333 0.33333333]
 [0.33333333 0.33333333 0.33333333]
 [0.33333333 0.33333333 0.33333333]
 [0.33333333 0.33333333 0.33333333]
 [0.33333333 0.33333333 0.33333333]
 [0.33333333 0.33333333 0.33333333]
 [0.33333333 0.33333333 0.33333333]
 [0.33333333 0.33333333 0.33333333]
 [0.33333333 0.33333333 0.33333333]
 [0.33333333 0.33333333 0.33333333]
 [0.33333333 0.33333333 0.33333333]
 [0.33333333 0.33333333 0.33333333]
 [0.33333333 0.33333333 0.33333333]
 [0.33333333 0.33333333 0.33333333]
 [0.33333333 0.33333333 0.33333333]
 [0.33333333 0.33333333 0.33333333]
 [0.33333333 0.33333333 0.33333333]
 [0.33333333 0.33333333 0.33333333]
 [0.33333333 0.33333333 0.33333333]
 [0.33333333 0.33333333 0.33333333]
 [0.33333333 0.33333333 0.33333333]]

loss
     Iris-setosa  Iris-versicolor  Iris-virginica
4      -1.098612        -0.000000       -0.000000
3      -1.098612        -0.000000       -0.000000
32     -1.098612        -0.000000       -0.000000
22     -1.098612        -0.000000       -0.000000
23     -1.098612        -0.000000       -0.000000
46     -1.098612        -0.000000       -0.000000
20     -1.098612        -0.000000       -0.000000
39     -1.098612        -0.000000       -0.000000
37     -1.098612        -0.000000       -0.000000
54     -0.000000        -1.098612       -0.000000
53     -0.000000        -1.098612       -0.000000
82     -0.000000        -1.098612       -0.000000
72     -0.000000        -1.098612       -0.000000
73     -0.000000        -1.098612       -0.000000
96     -0.000000        -1.098612       -0.000000
70     -0.000000        -1.098612       -0.000000
89     -0.000000        -1.098612       -0.000000
87     -0.000000        -1.098612       -0.000000
104    -0.000000        -0.000000       -1.098612
103    -0.000000        -0.000000       -1.098612
132    -0.000000        -0.000000       -1.098612
122    -0.000000        -0.000000       -1.098612
123    -0.000000        -0.000000       -1.098612
146    -0.000000        -0.000000       -1.098612
120    -0.000000        -0.000000       -1.098612
139    -0.000000        -0.000000       -1.098612
137    -0.000000        -0.000000       -1.098612

grad
[[ 0.34738086 -0.03727262 -0.31010823]
 [-0.36160558  0.27049236  0.09111322]
 [ 0.44011235 -0.10775406 -0.33235829]
 [ 0.43192687 -0.07764977 -0.35427709]]


weights
[[-3.47380857e-06  3.72726241e-07  3.10108233e-06]
 [ 3.61605582e-06 -2.70492365e-06 -9.11132176e-07]
 [-4.40112346e-06  1.07754056e-06  3.32358290e-06]
 [-4.31926869e-06  7.76497742e-07  3.54277095e-06]]


accuracy
0.0