================== ABALONE DATA ================== 
+++++++++++++++++++++++++
THRESHOLD        0
+++++++++++++++++++++++++

========= F O L D #0 =========
# tree nodes:           720
tree accuracy:          5.37
runtime:                15.84s

========= F O L D #1 =========
# tree nodes:           690
tree accuracy:          5.89
runtime:                16.09s

========= F O L D #2 =========
# tree nodes:           729
tree accuracy:          5.93
runtime:                16.31s

========= F O L D #3 =========
# tree nodes:           693
tree accuracy:          5.80
runtime:                15.40s

========= F O L D #4 =========
# tree nodes:           674
tree accuracy:          5.81
runtime:                17.17s
------------

====== AVG. SUMMARY OF PERFORMANCE ======
fold #0, MSE    5.3733
fold #1, MSE    5.889
fold #2, MSE    5.9252
fold #3, MSE    5.8034
fold #4, MSE    5.8134
------
avg. MSE:       5.7608
avg. runtime:   16.16s

+++++++++++++++++++++++++
THRESHOLD        9.8
+++++++++++++++++++++++++

========= F O L D #0 =========
# tree nodes:           600
tree accuracy:          5.39
runtime:                15.48s

========= F O L D #1 =========
# tree nodes:           566
tree accuracy:          5.89
runtime:                14.83s

========= F O L D #2 =========
# tree nodes:           589
tree accuracy:          5.88
runtime:                17.41s

========= F O L D #3 =========
# tree nodes:           567
tree accuracy:          5.97
runtime:                15.24s

========= F O L D #4 =========
# tree nodes:           641
tree accuracy:          5.76
runtime:                14.32s
------------

====== AVG. SUMMARY OF PERFORMANCE ======
fold #0, MSE    5.3916
fold #1, MSE    5.8916
fold #2, MSE    5.8802
fold #3, MSE    5.9687
fold #4, MSE    5.7638
------
avg. MSE:       5.7792
avg. runtime:   15.46s

================== MACHINE DATA ================== 
+++++++++++++++++++++++++
THRESHOLD        0
+++++++++++++++++++++++++

========= F O L D #0 =========
# tree nodes:           82
tree accuracy:          25894.16
runtime:                1.30s

========= F O L D #1 =========
# tree nodes:           84
tree accuracy:          23846.57
runtime:                1.33s

========= F O L D #2 =========
# tree nodes:           81
tree accuracy:          34367.57
runtime:                1.29s

========= F O L D #3 =========
# tree nodes:           77
tree accuracy:          19624.23
runtime:                1.22s

========= F O L D #4 =========
# tree nodes:           83
tree accuracy:          12644.04
runtime:                1.23s
------------

====== AVG. SUMMARY OF PERFORMANCE ======
fold #0, MSE    25894
fold #1, MSE    23847
fold #2, MSE    34368
fold #3, MSE    19624
fold #4, MSE    12644
------
avg. MSE:       23275
avg. runtime:   1.27s

+++++++++++++++++++++++++
THRESHOLD        4150
+++++++++++++++++++++++++

========= F O L D #0 =========
# tree nodes:           82
tree accuracy:          25894.16
runtime:                1.30s

========= F O L D #1 =========
# tree nodes:           78
tree accuracy:          24035.51
runtime:                1.30s

========= F O L D #2 =========
# tree nodes:           79
tree accuracy:          34367.57
runtime:                1.24s

========= F O L D #3 =========
# tree nodes:           73
tree accuracy:          19624.23
runtime:                1.18s

========= F O L D #4 =========
# tree nodes:           82
tree accuracy:          12644.04
runtime:                1.25s
------------

====== AVG. SUMMARY OF PERFORMANCE ======
fold #0, MSE    25894
fold #1, MSE    24036
fold #2, MSE    34368
fold #3, MSE    19624
fold #4, MSE    12644
------
avg. MSE:       23313
avg. runtime:   1.25s

================== FOREST FIRE DATA ================== 
+++++++++++++++++++++++++
THRESHOLD        0
+++++++++++++++++++++++++

========= F O L D #0 =========
# tree nodes:           114
tree accuracy:          1090.98
runtime:                2.33s

========= F O L D #1 =========
# tree nodes:           121
tree accuracy:          650.09
runtime:                2.33s

========= F O L D #2 =========
# tree nodes:           115
tree accuracy:          1146.50
runtime:                2.10s

========= F O L D #3 =========
# tree nodes:           112
tree accuracy:          1536.26
runtime:                2.24s

========= F O L D #4 =========
# tree nodes:           113
tree accuracy:          12919.82
runtime:                2.24s
------------

====== AVG. SUMMARY OF PERFORMANCE ======
fold #0, MSE    1091
fold #1, MSE    650.09
fold #2, MSE    1146.5
fold #3, MSE    1536.3
fold #4, MSE    12920
------
avg. MSE:       3468.7
avg. runtime:   2.25s

+++++++++++++++++++++++++
THRESHOLD        10680
+++++++++++++++++++++++++

========= F O L D #0 =========
# tree nodes:           79
tree accuracy:          702.74
runtime:                1.96s

========= F O L D #1 =========
# tree nodes:           85
tree accuracy:          668.98
runtime:                2.60s

========= F O L D #2 =========
# tree nodes:           81
tree accuracy:          860.15
runtime:                1.89s

========= F O L D #3 =========
# tree nodes:           82
tree accuracy:          1395.14
runtime:                2.10s

========= F O L D #4 =========
# tree nodes:           91
tree accuracy:          12919.82
runtime:                2.30s
------------

====== AVG. SUMMARY OF PERFORMANCE ======
fold #0, MSE    702.74
fold #1, MSE    668.98
fold #2, MSE    860.15
fold #3, MSE    1395.1
fold #4, MSE    12920
------
avg. MSE:       3309.4
avg. runtime:   2.17s