rack simulator initialized
restart upon crash = False


====================================================================================================
RUNNING L TRACK
track simulator initialized
restart upon crash = False

           0  1  2  3  4  5  6  7  8  9  10 11 12 13 14 15 16 17 18 19 20 21 22 23 24 25 26 27 28 29 30 31 32 33 34 35 36 
        0  X  #  #  #  #  #  #  #  #  #  #  #  #  #  #  #  #  #  #  #  #  #  #  #  #  #  #  #  #  #  #  #  #  #  #  #  #  
        1  #  #  #  #  #  #  #  #  #  #  #  #  #  #  #  #  #  #  #  #  #  #  #  #  #  #  #  #  #  #  #  #  F  F  F  F  #  
        2  #  #  #  #  #  #  #  #  #  #  #  #  #  #  #  #  #  #  #  #  #  #  #  #  #  #  #  #  #  #  #  #  .  .  .  .  #  
        3  #  #  #  #  #  #  #  #  #  #  #  #  #  #  #  #  #  #  #  #  #  #  #  #  #  #  #  #  #  #  #  #  .  .  .  .  #  
        4  #  #  #  #  #  #  #  #  #  #  #  #  #  #  #  #  #  #  #  #  #  #  #  #  #  #  #  #  #  #  #  #  .  .  .  .  #  
        5  #  #  #  #  #  #  #  #  #  #  #  #  #  #  #  #  #  #  #  #  #  #  #  #  #  #  #  #  #  #  #  #  .  .  .  .  #  
        6  #  S  .  .  .  .  .  .  .  .  .  .  .  .  .  .  .  .  .  .  .  .  .  .  .  .  .  .  .  .  .  .  .  .  .  .  #  
        7  #  S  .  .  .  .  .  .  .  .  .  .  .  .  .  .  .  .  .  .  .  .  .  .  .  .  .  .  .  .  .  .  .  .  .  .  #  
        8  #  S  .  .  .  .  .  .  .  .  .  .  .  .  .  .  .  .  .  .  .  .  .  .  .  .  .  .  .  .  .  .  .  .  .  .  #  
        9  #  S  .  .  .  .  .  .  .  .  .  .  .  .  .  .  .  .  .  .  .  .  .  .  .  .  .  .  .  .  .  .  .  .  .  .  #  
        10 #  #  #  #  #  #  #  #  #  #  #  #  #  #  #  #  #  #  #  #  #  #  #  #  #  #  #  #  #  #  #  #  #  #  #  #  #  


====================================================================================================
RUNNING R TRACK
track simulator initialized
restart upon crash = False

           0  1  2  3  4  5  6  7  8  9  10 11 12 13 14 15 16 17 18 19 20 21 22 23 24 25 26 27 28 29 
        0  X  #  #  #  #  #  #  #  #  #  #  #  #  #  #  #  #  #  #  #  #  #  #  #  #  #  #  #  #  #  
        1  #  #  #  #  #  #  #  #  #  .  .  .  .  .  .  .  .  .  .  .  .  .  #  #  #  #  #  #  #  #  
        2  #  #  #  #  #  .  .  .  .  .  .  .  .  .  .  .  .  .  .  .  .  .  .  .  .  .  #  #  #  #  
        3  #  #  #  .  .  .  .  .  .  .  .  .  .  .  .  .  .  .  .  .  .  .  .  .  .  .  .  #  #  #  
        4  #  #  .  .  .  .  .  .  #  #  #  #  #  #  #  #  #  #  .  .  .  .  .  .  .  #  #  #  #  #  
        5  #  #  .  .  .  .  .  #  #  #  #  #  #  #  #  #  #  #  #  .  .  .  .  .  #  #  #  #  #  #  
        6  #  #  .  .  .  .  .  #  #  #  #  #  #  #  #  #  #  .  .  .  .  .  #  #  #  #  #  #  #  #  
        7  #  #  .  .  .  .  .  #  #  #  #  #  #  #  #  .  .  .  .  .  #  #  #  #  #  #  #  #  #  #  
        8  #  #  .  .  .  .  .  #  #  #  #  #  #  #  .  .  .  .  .  #  #  #  #  #  #  #  #  #  #  #  
        9  #  #  .  .  .  .  .  #  #  #  #  #  .  .  .  .  .  #  #  #  #  #  #  #  #  #  #  #  #  #  
        10 #  #  .  .  .  .  .  #  #  #  .  .  .  .  .  #  #  #  #  #  #  #  #  #  #  #  #  #  #  #  
        11 #  #  .  .  .  .  .  #  #  #  #  #  .  .  .  .  .  #  #  #  #  #  #  #  #  #  #  #  #  #  
        12 #  .  .  .  .  .  #  #  #  #  #  #  #  .  .  .  .  .  #  #  #  #  #  #  #  #  #  #  #  #  
        13 #  .  .  .  .  .  #  #  #  #  #  #  #  #  .  .  .  .  .  #  #  #  #  #  #  #  #  #  #  #  
        14 #  .  .  .  .  .  #  #  #  #  #  #  #  #  #  #  .  .  .  .  .  #  #  #  #  #  #  #  #  #  
        15 #  .  .  .  .  .  #  #  #  #  #  #  #  #  #  #  #  #  #  .  .  .  .  .  #  #  #  #  #  #  
        16 #  #  .  .  .  .  .  #  #  #  #  #  #  #  #  #  #  #  #  #  #  .  .  .  .  .  .  .  #  #  
        17 #  #  .  .  .  .  .  #  #  #  #  #  #  #  #  #  #  #  #  #  #  #  #  .  .  .  .  .  #  #  
        18 #  #  .  .  .  .  .  #  #  #  #  #  #  #  #  #  #  #  #  #  #  #  #  .  .  .  .  .  #  #  
        19 #  #  .  .  .  .  .  #  #  #  #  #  #  #  #  #  #  #  #  #  #  #  #  .  .  .  .  .  #  #  
        20 #  #  .  .  .  .  .  #  #  #  #  #  #  #  #  #  #  #  #  #  #  #  #  .  .  .  .  .  #  #  
        21 #  .  .  .  .  .  #  #  #  #  #  #  #  #  #  #  #  #  #  #  #  #  #  .  .  .  .  .  #  #  
        22 #  .  .  .  .  .  #  #  #  #  #  #  #  #  #  #  #  #  #  #  #  #  #  .  .  .  .  .  #  #  
        23 #  .  .  .  .  .  #  #  #  #  #  #  #  #  #  #  #  #  #  #  #  #  #  .  .  .  .  .  #  #  
        24 #  .  .  .  .  .  #  #  #  #  #  #  #  #  #  #  #  #  #  #  #  #  #  #  .  .  .  .  .  #  
        25 #  .  .  .  .  .  #  #  #  #  #  #  #  #  #  #  #  #  #  #  #  #  #  #  .  .  .  .  .  #  
        26 #  S  S  S  S  S  #  #  #  #  #  #  #  #  #  #  #  #  #  #  #  #  #  #  F  F  F  F  F  #  
        27 #  #  #  #  #  #  #  #  #  #  #  #  #  #  #  #  #  #  #  #  #  #  #  #  #  #  #  #  #  #  

====================================================================================================
-- SARSA --

start of training, for 1000000 total iterations
policy backtrack took:  1.43s

policy finalized after 4642.75s

# time trials to run:  10

        trial 0
           0  1  2  3  4  5  6  7  8  9  10 11 12 13 14 15 16 17 18 19 20 21 22 23 24 25 26 27 28 29 
        0  #  #  #  #  #  #  #  #  #  #  #  #  #  #  #  #  #  #  #  #  #  #  #  #  #  #  #  #  #  #  
        1  #  #  #  #  #  #  #  #  #  .  .  .  .  .  .  .  .  .  .  .  .  .  #  #  #  #  #  #  #  #  
        2  #  #  #  #  #  .  .  .  .  .  .  .  .  .  .  .  .  .  .  .  .  .  .  .  .  .  #  #  #  #  
        3  #  #  #  .  .  .  .  .  .  .  .  .  .  .  .  .  .  .  .  .  .  .  .  .  .  .  .  #  #  #  
        4  #  #  .  .  .  .  .  .  #  #  #  #  #  #  #  #  #  #  .  .  .  .  .  .  .  #  #  #  #  #  
        5  #  #  .  .  .  .  .  #  #  #  #  #  #  #  #  #  #  #  #  .  .  .  .  .  #  #  #  #  #  #  
        6  #  #  .  .  .  .  .  #  #  #  #  #  #  #  #  #  #  .  .  .  .  .  #  #  #  #  #  #  #  #  
        7  #  #  .  .  .  .  .  #  #  #  #  #  #  #  #  .  .  .  .  .  #  #  #  #  #  #  #  #  #  #  
        8  #  #  .  .  .  .  .  #  #  #  #  #  #  #  .  .  .  .  .  #  #  #  #  #  #  #  #  #  #  #  
        9  #  #  .  .  .  .  .  #  #  #  #  #  .  .  .  .  .  #  #  #  #  #  #  #  #  #  #  #  #  #  
        10 #  #  .  .  .  .  .  #  #  #  .  .  .  .  .  #  #  #  #  #  #  #  #  #  #  #  #  #  #  #  
        11 #  #  .  .  .  .  .  #  #  #  #  #  .  .  .  .  .  #  #  #  #  #  #  #  #  #  #  #  #  #  
        12 #  .  .  .  .  .  #  #  #  #  #  #  #  .  .  .  .  .  #  #  #  #  #  #  #  #  #  #  #  #  
        13 #  .  .  .  .  .  #  #  #  #  #  #  #  #  .  .  .  .  .  #  #  #  #  #  #  #  #  #  #  #  
        14 #  .  .  .  .  .  #  #  #  #  #  #  #  #  #  #  .  .  .  .  .  #  #  #  #  #  #  #  #  #  
        15 #  .  .  .  .  .  #  #  #  #  #  #  #  #  #  #  #  #  #  .  .  .  .  .  #  #  #  #  #  #  
        16 #  #  .  .  .  .  .  #  #  #  #  #  #  #  #  #  #  #  #  #  #  .  .  .  .  .  .  .  #  #  
        17 #  #  .  .  .  .  .  #  #  #  #  #  #  #  #  #  #  #  #  #  #  #  #  .  .  .  .  .  #  #  
        18 #  #  .  .  .  .  .  #  #  #  #  #  #  #  #  #  #  #  #  #  #  #  #  .  .  .  .  .  #  #  
        19 #  #  .  .  .  .  .  #  #  #  #  #  #  #  #  #  #  #  #  #  #  #  #  .  .  .  .  .  #  #  
        20 #  #  .  .  .  .  .  #  #  #  #  #  #  #  #  #  #  #  #  #  #  #  #  .  .  .  .  .  #  #  
        21 #  .  .  .  .  .  #  #  #  #  #  #  #  #  #  #  #  #  #  #  #  #  #  .  .  .  .  .  #  #  
        22 #  .  .  .  .  .  #  #  #  #  #  #  #  #  #  #  #  #  #  #  #  #  #  .  .  .  .  .  #  #  
        23 #  .  .  .  .  .  #  #  #  #  #  #  #  #  #  #  #  #  #  #  #  #  #  .  .  .  .  .  #  #  
        24 #  .  .  .  .  .  #  #  #  #  #  #  #  #  #  #  #  #  #  #  #  #  #  #  .  .  .  .  .  #  
        25 #  .  .  .  .  .  #  #  #  #  #  #  #  #  #  #  #  #  #  #  #  #  #  #  .  .  .  .  .  #  
        26 #  S  S  S  S  X  #  #  #  #  #  #  #  #  #  #  #  #  #  #  #  #  #  #  F  F  F  F  F  #  
        27 #  #  #  #  #  #  #  #  #  #  #  #  #  #  #  #  #  #  #  #  #  #  #  #  #  #  #  #  #  #  

        # moves taken:  499
        trial runtime:  0.78s

        trial 1
           0  1  2  3  4  5  6  7  8  9  10 11 12 13 14 15 16 17 18 19 20 21 22 23 24 25 26 27 28 29 
        0  #  #  #  #  #  #  #  #  #  #  #  #  #  #  #  #  #  #  #  #  #  #  #  #  #  #  #  #  #  #  
        1  #  #  #  #  #  #  #  #  #  .  .  .  .  .  .  .  .  .  .  .  .  .  #  #  #  #  #  #  #  #  
        2  #  #  #  #  #  .  .  .  .  .  .  .  .  .  .  .  .  .  .  .  .  .  .  .  .  .  #  #  #  #  
        3  #  #  #  .  .  .  .  .  .  .  .  .  .  .  .  .  .  .  .  .  .  .  .  .  .  .  .  #  #  #  
        4  #  #  .  .  .  .  .  .  #  #  #  #  #  #  #  #  #  #  .  .  .  .  .  .  .  #  #  #  #  #  
        5  #  #  .  .  .  .  .  #  #  #  #  #  #  #  #  #  #  #  #  .  .  .  .  .  #  #  #  #  #  #  
        6  #  #  .  .  .  .  .  #  #  #  #  #  #  #  #  #  #  .  .  .  .  .  #  #  #  #  #  #  #  #  
        7  #  #  .  .  .  .  .  #  #  #  #  #  #  #  #  .  .  .  .  .  #  #  #  #  #  #  #  #  #  #  
        8  #  #  .  .  .  .  .  #  #  #  #  #  #  #  .  .  .  .  .  #  #  #  #  #  #  #  #  #  #  #  
        9  #  #  .  .  .  .  .  #  #  #  #  #  .  .  .  .  .  #  #  #  #  #  #  #  #  #  #  #  #  #  
        10 #  #  .  .  .  .  .  #  #  #  .  .  .  .  .  #  #  #  #  #  #  #  #  #  #  #  #  #  #  #  
        11 #  #  .  .  .  .  .  #  #  #  #  #  .  .  .  .  .  #  #  #  #  #  #  #  #  #  #  #  #  #  
        12 #  .  .  .  .  .  #  #  #  #  #  #  #  .  .  .  .  .  #  #  #  #  #  #  #  #  #  #  #  #  
        13 #  .  .  .  .  .  #  #  #  #  #  #  #  #  .  .  .  .  .  #  #  #  #  #  #  #  #  #  #  #  
        14 #  .  .  .  .  .  #  #  #  #  #  #  #  #  #  #  .  .  .  .  .  #  #  #  #  #  #  #  #  #  
        15 #  .  .  .  .  .  #  #  #  #  #  #  #  #  #  #  #  #  #  .  .  .  .  .  #  #  #  #  #  #  
        16 #  #  .  .  .  .  .  #  #  #  #  #  #  #  #  #  #  #  #  #  #  .  .  .  .  .  .  .  #  #  
        17 #  #  .  .  .  .  .  #  #  #  #  #  #  #  #  #  #  #  #  #  #  #  #  .  .  .  .  .  #  #  
        18 #  #  .  .  .  .  .  #  #  #  #  #  #  #  #  #  #  #  #  #  #  #  #  .  .  .  .  .  #  #  
        19 #  #  .  .  .  .  .  #  #  #  #  #  #  #  #  #  #  #  #  #  #  #  #  .  .  .  .  .  #  #  
        20 #  #  .  .  .  .  .  #  #  #  #  #  #  #  #  #  #  #  #  #  #  #  #  .  .  .  .  .  #  #  
        21 #  .  .  .  .  .  #  #  #  #  #  #  #  #  #  #  #  #  #  #  #  #  #  .  .  .  .  .  #  #  
        22 #  .  .  .  .  .  #  #  #  #  #  #  #  #  #  #  #  #  #  #  #  #  #  .  .  .  .  .  #  #  
        23 #  .  .  .  .  .  #  #  #  #  #  #  #  #  #  #  #  #  #  #  #  #  #  .  .  .  .  .  #  #  
        24 #  .  .  .  .  .  #  #  #  #  #  #  #  #  #  #  #  #  #  #  #  #  #  #  .  .  .  .  .  #  
        25 #  .  .  .  .  .  #  #  #  #  #  #  #  #  #  #  #  #  #  #  #  #  #  #  .  .  .  .  .  #  
        26 #  S  X  S  S  S  #  #  #  #  #  #  #  #  #  #  #  #  #  #  #  #  #  #  F  F  F  F  F  #  
        27 #  #  #  #  #  #  #  #  #  #  #  #  #  #  #  #  #  #  #  #  #  #  #  #  #  #  #  #  #  #  

        # moves taken:  499
        trial runtime:  0.82s

        trial 2
           0  1  2  3  4  5  6  7  8  9  10 11 12 13 14 15 16 17 18 19 20 21 22 23 24 25 26 27 28 29 
        0  #  #  #  #  #  #  #  #  #  #  #  #  #  #  #  #  #  #  #  #  #  #  #  #  #  #  #  #  #  #  
        1  #  #  #  #  #  #  #  #  #  .  .  .  .  .  .  .  .  .  .  .  .  .  #  #  #  #  #  #  #  #  
        2  #  #  #  #  #  .  .  .  .  .  .  .  .  .  .  .  .  .  .  .  .  .  .  .  .  .  #  #  #  #  
        3  #  #  #  .  .  .  .  .  .  .  .  .  .  .  .  .  .  .  .  .  .  .  .  .  .  .  .  #  #  #  
        4  #  #  .  .  .  .  .  .  #  #  #  #  #  #  #  #  #  #  .  .  .  .  .  .  .  #  #  #  #  #  
        5  #  #  .  .  .  .  .  #  #  #  #  #  #  #  #  #  #  #  #  .  .  .  .  .  #  #  #  #  #  #  
        6  #  #  .  .  .  .  .  #  #  #  #  #  #  #  #  #  #  .  .  .  .  .  #  #  #  #  #  #  #  #  
        7  #  #  .  .  .  .  .  #  #  #  #  #  #  #  #  .  .  .  .  .  #  #  #  #  #  #  #  #  #  #  
        8  #  #  .  .  .  .  .  #  #  #  #  #  #  #  .  .  .  .  .  #  #  #  #  #  #  #  #  #  #  #  
        9  #  #  .  .  .  .  .  #  #  #  #  #  .  .  .  .  .  #  #  #  #  #  #  #  #  #  #  #  #  #  
        10 #  #  .  .  .  .  .  #  #  #  .  .  .  .  .  #  #  #  #  #  #  #  #  #  #  #  #  #  #  #  
        11 #  #  .  .  .  .  .  #  #  #  #  #  .  .  .  .  .  #  #  #  #  #  #  #  #  #  #  #  #  #  
        12 #  .  .  .  .  .  #  #  #  #  #  #  #  .  .  .  .  .  #  #  #  #  #  #  #  #  #  #  #  #  
        13 #  .  .  .  .  .  #  #  #  #  #  #  #  #  .  .  .  .  .  #  #  #  #  #  #  #  #  #  #  #  
        14 #  .  .  .  .  .  #  #  #  #  #  #  #  #  #  #  .  .  .  .  .  #  #  #  #  #  #  #  #  #  
        15 #  .  .  .  .  .  #  #  #  #  #  #  #  #  #  #  #  #  #  .  .  .  .  .  #  #  #  #  #  #  
        16 #  #  .  .  .  .  .  #  #  #  #  #  #  #  #  #  #  #  #  #  #  .  .  .  .  .  .  .  #  #  
        17 #  #  .  .  .  .  .  #  #  #  #  #  #  #  #  #  #  #  #  #  #  #  #  .  .  .  .  .  #  #  
        18 #  #  .  .  .  .  .  #  #  #  #  #  #  #  #  #  #  #  #  #  #  #  #  .  .  .  .  .  #  #  
        19 #  #  .  .  .  .  .  #  #  #  #  #  #  #  #  #  #  #  #  #  #  #  #  .  .  .  .  .  #  #  
        20 #  #  .  .  .  .  .  #  #  #  #  #  #  #  #  #  #  #  #  #  #  #  #  .  .  .  .  .  #  #  
        21 #  .  .  .  .  .  #  #  #  #  #  #  #  #  #  #  #  #  #  #  #  #  #  .  .  .  .  .  #  #  
        22 #  .  .  .  .  .  #  #  #  #  #  #  #  #  #  #  #  #  #  #  #  #  #  .  .  .  .  .  #  #  
        23 #  .  .  .  .  .  #  #  #  #  #  #  #  #  #  #  #  #  #  #  #  #  #  .  .  .  .  .  #  #  
        24 #  .  .  .  .  .  #  #  #  #  #  #  #  #  #  #  #  #  #  #  #  #  #  #  .  .  .  .  .  #  
        25 #  .  .  .  .  .  #  #  #  #  #  #  #  #  #  #  #  #  #  #  #  #  #  #  .  .  .  .  .  #  
        26 #  S  S  S  S  X  #  #  #  #  #  #  #  #  #  #  #  #  #  #  #  #  #  #  F  F  F  F  F  #  
        27 #  #  #  #  #  #  #  #  #  #  #  #  #  #  #  #  #  #  #  #  #  #  #  #  #  #  #  #  #  #  

        # moves taken:  499
        trial runtime:  0.61s

        trial 3
           0  1  2  3  4  5  6  7  8  9  10 11 12 13 14 15 16 17 18 19 20 21 22 23 24 25 26 27 28 29 
        0  #  #  #  #  #  #  #  #  #  #  #  #  #  #  #  #  #  #  #  #  #  #  #  #  #  #  #  #  #  #  
        1  #  #  #  #  #  #  #  #  #  .  .  .  .  .  .  .  .  .  .  .  .  .  #  #  #  #  #  #  #  #  
        2  #  #  #  #  #  .  .  .  .  .  .  .  .  .  .  .  .  .  .  .  .  .  .  .  .  .  #  #  #  #  
        3  #  #  #  .  .  .  .  .  .  .  .  .  .  .  .  .  .  .  .  .  .  .  .  .  .  .  .  #  #  #  
        4  #  #  .  .  .  .  .  .  #  #  #  #  #  #  #  #  #  #  .  .  .  .  .  .  .  #  #  #  #  #  
        5  #  #  .  .  .  .  .  #  #  #  #  #  #  #  #  #  #  #  #  .  .  .  .  .  #  #  #  #  #  #  
        6  #  #  .  .  .  .  .  #  #  #  #  #  #  #  #  #  #  .  .  .  .  .  #  #  #  #  #  #  #  #  
        7  #  #  .  .  .  .  .  #  #  #  #  #  #  #  #  .  .  .  .  .  #  #  #  #  #  #  #  #  #  #  
        8  #  #  .  .  .  .  .  #  #  #  #  #  #  #  .  .  .  .  .  #  #  #  #  #  #  #  #  #  #  #  
        9  #  #  .  .  .  .  .  #  #  #  #  #  .  .  .  .  .  #  #  #  #  #  #  #  #  #  #  #  #  #  
        10 #  #  .  .  .  .  .  #  #  #  .  .  .  .  .  #  #  #  #  #  #  #  #  #  #  #  #  #  #  #  
        11 #  #  .  .  .  .  .  #  #  #  #  #  .  .  .  .  .  #  #  #  #  #  #  #  #  #  #  #  #  #  
        12 #  .  .  .  .  .  #  #  #  #  #  #  #  .  .  .  .  .  #  #  #  #  #  #  #  #  #  #  #  #  
        13 #  .  .  .  .  .  #  #  #  #  #  #  #  #  .  .  .  .  .  #  #  #  #  #  #  #  #  #  #  #  
        14 #  .  .  .  .  .  #  #  #  #  #  #  #  #  #  #  .  .  .  .  .  #  #  #  #  #  #  #  #  #  
        15 #  .  .  .  .  .  #  #  #  #  #  #  #  #  #  #  #  #  #  .  .  .  .  .  #  #  #  #  #  #  
        16 #  #  .  .  .  .  .  #  #  #  #  #  #  #  #  #  #  #  #  #  #  .  .  .  .  .  .  .  #  #  
        17 #  #  .  .  .  .  .  #  #  #  #  #  #  #  #  #  #  #  #  #  #  #  #  .  .  .  .  .  #  #  
        18 #  #  .  .  .  .  .  #  #  #  #  #  #  #  #  #  #  #  #  #  #  #  #  .  .  .  .  .  #  #  
        19 #  #  .  .  .  .  .  #  #  #  #  #  #  #  #  #  #  #  #  #  #  #  #  .  .  .  .  .  #  #  
        20 #  #  .  .  .  .  .  #  #  #  #  #  #  #  #  #  #  #  #  #  #  #  #  .  .  .  .  .  #  #  
        21 #  .  .  .  .  .  #  #  #  #  #  #  #  #  #  #  #  #  #  #  #  #  #  .  .  .  .  .  #  #  
        22 #  .  .  .  .  .  #  #  #  #  #  #  #  #  #  #  #  #  #  #  #  #  #  .  .  .  .  .  #  #  
        23 #  .  .  .  .  .  #  #  #  #  #  #  #  #  #  #  #  #  #  #  #  #  #  .  .  .  .  .  #  #  
        24 #  .  .  .  .  .  #  #  #  #  #  #  #  #  #  #  #  #  #  #  #  #  #  #  .  .  .  .  .  #  
        25 #  .  .  .  .  .  #  #  #  #  #  #  #  #  #  #  #  #  #  #  #  #  #  #  .  .  .  .  .  #  
        26 #  S  S  S  X  S  #  #  #  #  #  #  #  #  #  #  #  #  #  #  #  #  #  #  F  F  F  F  F  #  
        27 #  #  #  #  #  #  #  #  #  #  #  #  #  #  #  #  #  #  #  #  #  #  #  #  #  #  #  #  #  #  

        # moves taken:  499
        trial runtime:  0.75s

        trial 4
           0  1  2  3  4  5  6  7  8  9  10 11 12 13 14 15 16 17 18 19 20 21 22 23 24 25 26 27 28 29 
        0  #  #  #  #  #  #  #  #  #  #  #  #  #  #  #  #  #  #  #  #  #  #  #  #  #  #  #  #  #  #  
        1  #  #  #  #  #  #  #  #  #  .  .  .  .  .  .  .  .  .  .  .  .  .  #  #  #  #  #  #  #  #  
        2  #  #  #  #  #  .  .  .  .  .  .  .  .  .  .  .  .  .  .  .  .  .  .  .  .  .  #  #  #  #  
        3  #  #  #  .  .  .  .  .  .  .  .  .  .  .  .  .  .  .  .  .  .  .  .  .  .  .  .  #  #  #  
        4  #  #  .  .  .  .  .  .  #  #  #  #  #  #  #  #  #  #  .  .  .  .  .  .  .  #  #  #  #  #  
        5  #  #  .  .  .  .  .  #  #  #  #  #  #  #  #  #  #  #  #  .  .  .  .  .  #  #  #  #  #  #  
        6  #  #  .  .  .  .  .  #  #  #  #  #  #  #  #  #  #  .  .  .  .  .  #  #  #  #  #  #  #  #  
        7  #  #  .  .  .  .  .  #  #  #  #  #  #  #  #  .  .  .  .  .  #  #  #  #  #  #  #  #  #  #  
        8  #  #  .  .  .  .  .  #  #  #  #  #  #  #  .  .  .  .  .  #  #  #  #  #  #  #  #  #  #  #  
        9  #  #  .  .  .  .  .  #  #  #  #  #  .  .  .  .  .  #  #  #  #  #  #  #  #  #  #  #  #  #  
        10 #  #  .  .  .  .  .  #  #  #  .  .  .  .  .  #  #  #  #  #  #  #  #  #  #  #  #  #  #  #  
        11 #  #  .  .  .  .  .  #  #  #  #  #  .  .  .  .  .  #  #  #  #  #  #  #  #  #  #  #  #  #  
        12 #  .  .  .  .  .  #  #  #  #  #  #  #  .  .  .  .  .  #  #  #  #  #  #  #  #  #  #  #  #  
        13 #  .  .  .  .  .  #  #  #  #  #  #  #  #  .  .  .  .  .  #  #  #  #  #  #  #  #  #  #  #  
        14 #  .  .  .  .  .  #  #  #  #  #  #  #  #  #  #  .  .  .  .  .  #  #  #  #  #  #  #  #  #  
        15 #  .  .  .  .  .  #  #  #  #  #  #  #  #  #  #  #  #  #  .  .  .  .  .  #  #  #  #  #  #  
        16 #  #  .  .  .  .  .  #  #  #  #  #  #  #  #  #  #  #  #  #  #  .  .  .  .  .  .  .  #  #  
        17 #  #  .  .  .  .  .  #  #  #  #  #  #  #  #  #  #  #  #  #  #  #  #  .  .  .  .  .  #  #  
        18 #  #  .  .  .  .  .  #  #  #  #  #  #  #  #  #  #  #  #  #  #  #  #  .  .  .  .  .  #  #  
        19 #  #  .  .  .  .  .  #  #  #  #  #  #  #  #  #  #  #  #  #  #  #  #  .  .  .  .  .  #  #  
        20 #  #  .  .  .  .  .  #  #  #  #  #  #  #  #  #  #  #  #  #  #  #  #  .  .  .  .  .  #  #  
        21 #  .  .  .  .  .  #  #  #  #  #  #  #  #  #  #  #  #  #  #  #  #  #  .  .  .  .  .  #  #  
        22 #  .  .  .  .  .  #  #  #  #  #  #  #  #  #  #  #  #  #  #  #  #  #  .  .  .  .  .  #  #  
        23 #  .  .  .  .  .  #  #  #  #  #  #  #  #  #  #  #  #  #  #  #  #  #  .  .  .  .  .  #  #  
        24 #  .  .  .  .  .  #  #  #  #  #  #  #  #  #  #  #  #  #  #  #  #  #  #  .  .  .  .  .  #  
        25 #  .  .  .  .  .  #  #  #  #  #  #  #  #  #  #  #  #  #  #  #  #  #  #  .  .  .  .  .  #  
        26 #  S  S  X  S  S  #  #  #  #  #  #  #  #  #  #  #  #  #  #  #  #  #  #  F  F  F  F  F  #  
        27 #  #  #  #  #  #  #  #  #  #  #  #  #  #  #  #  #  #  #  #  #  #  #  #  #  #  #  #  #  #  

        # moves taken:  499
        trial runtime:  0.77s

        trial 5
           0  1  2  3  4  5  6  7  8  9  10 11 12 13 14 15 16 17 18 19 20 21 22 23 24 25 26 27 28 29 
        0  #  #  #  #  #  #  #  #  #  #  #  #  #  #  #  #  #  #  #  #  #  #  #  #  #  #  #  #  #  #  
        1  #  #  #  #  #  #  #  #  #  .  .  .  .  .  .  .  .  .  .  .  .  .  #  #  #  #  #  #  #  #  
        2  #  #  #  #  #  .  .  .  .  .  .  .  .  .  .  .  .  .  .  .  .  .  .  .  .  .  #  #  #  #  
        3  #  #  #  .  .  .  .  .  .  .  .  .  .  .  .  .  .  .  .  .  .  .  .  .  .  .  .  #  #  #  
        4  #  #  .  .  .  .  .  .  #  #  #  #  #  #  #  #  #  #  .  .  .  .  .  .  .  #  #  #  #  #  
        5  #  #  .  .  .  .  .  #  #  #  #  #  #  #  #  #  #  #  #  .  .  .  .  .  #  #  #  #  #  #  
        6  #  #  .  .  .  .  .  #  #  #  #  #  #  #  #  #  #  .  .  .  .  .  #  #  #  #  #  #  #  #  
        7  #  #  .  .  .  .  .  #  #  #  #  #  #  #  #  .  .  .  .  .  #  #  #  #  #  #  #  #  #  #  
        8  #  #  .  .  .  .  .  #  #  #  #  #  #  #  .  .  .  .  .  #  #  #  #  #  #  #  #  #  #  #  
        9  #  #  .  .  .  .  .  #  #  #  #  #  .  .  .  .  .  #  #  #  #  #  #  #  #  #  #  #  #  #  
        10 #  #  .  .  .  .  .  #  #  #  .  .  .  .  .  #  #  #  #  #  #  #  #  #  #  #  #  #  #  #  
        11 #  #  .  .  .  .  .  #  #  #  #  #  .  .  .  .  .  #  #  #  #  #  #  #  #  #  #  #  #  #  
        12 #  .  .  .  .  .  #  #  #  #  #  #  #  .  .  .  .  .  #  #  #  #  #  #  #  #  #  #  #  #  
        13 #  .  .  .  .  .  #  #  #  #  #  #  #  #  .  .  .  .  .  #  #  #  #  #  #  #  #  #  #  #  
        14 #  .  .  .  .  .  #  #  #  #  #  #  #  #  #  #  .  .  .  .  .  #  #  #  #  #  #  #  #  #  
        15 #  .  .  .  .  .  #  #  #  #  #  #  #  #  #  #  #  #  #  .  .  .  .  .  #  #  #  #  #  #  
        16 #  #  .  .  .  .  .  #  #  #  #  #  #  #  #  #  #  #  #  #  #  .  .  .  .  .  .  .  #  #  
        17 #  #  .  .  .  .  .  #  #  #  #  #  #  #  #  #  #  #  #  #  #  #  #  .  .  .  .  .  #  #  
        18 #  #  .  .  .  .  .  #  #  #  #  #  #  #  #  #  #  #  #  #  #  #  #  .  .  .  .  .  #  #  
        19 #  #  .  .  .  .  .  #  #  #  #  #  #  #  #  #  #  #  #  #  #  #  #  .  .  .  .  .  #  #  
        20 #  #  .  .  .  .  .  #  #  #  #  #  #  #  #  #  #  #  #  #  #  #  #  .  .  .  .  .  #  #  
        21 #  .  .  .  .  .  #  #  #  #  #  #  #  #  #  #  #  #  #  #  #  #  #  .  .  .  .  .  #  #  
        22 #  .  .  .  .  .  #  #  #  #  #  #  #  #  #  #  #  #  #  #  #  #  #  .  .  .  .  .  #  #  
        23 #  .  .  .  .  .  #  #  #  #  #  #  #  #  #  #  #  #  #  #  #  #  #  .  .  .  .  .  #  #  
        24 #  .  .  .  .  .  #  #  #  #  #  #  #  #  #  #  #  #  #  #  #  #  #  #  .  .  .  .  .  #  
        25 #  .  .  .  .  .  #  #  #  #  #  #  #  #  #  #  #  #  #  #  #  #  #  #  .  .  .  .  .  #  
        26 #  S  S  S  X  S  #  #  #  #  #  #  #  #  #  #  #  #  #  #  #  #  #  #  F  F  F  F  F  #  
        27 #  #  #  #  #  #  #  #  #  #  #  #  #  #  #  #  #  #  #  #  #  #  #  #  #  #  #  #  #  #  

        # moves taken:  499
        trial runtime:  0.90s

        trial 6
           0  1  2  3  4  5  6  7  8  9  10 11 12 13 14 15 16 17 18 19 20 21 22 23 24 25 26 27 28 29 
        0  #  #  #  #  #  #  #  #  #  #  #  #  #  #  #  #  #  #  #  #  #  #  #  #  #  #  #  #  #  #  
        1  #  #  #  #  #  #  #  #  #  .  .  .  .  .  .  .  .  .  .  .  .  .  #  #  #  #  #  #  #  #  
        2  #  #  #  #  #  .  .  .  .  .  .  .  .  .  .  .  .  .  .  .  .  .  .  .  .  .  #  #  #  #  
        3  #  #  #  .  .  .  .  .  .  .  .  .  .  .  .  .  .  .  .  .  .  .  .  .  .  .  .  #  #  #  
        4  #  #  .  .  .  .  .  .  #  #  #  #  #  #  #  #  #  #  .  .  .  .  .  .  .  #  #  #  #  #  
        5  #  #  .  .  .  .  .  #  #  #  #  #  #  #  #  #  #  #  #  .  .  .  .  .  #  #  #  #  #  #  
        6  #  #  .  .  .  .  .  #  #  #  #  #  #  #  #  #  #  .  .  .  .  .  #  #  #  #  #  #  #  #  
        7  #  #  .  .  .  .  .  #  #  #  #  #  #  #  #  .  .  .  .  .  #  #  #  #  #  #  #  #  #  #  
        8  #  #  .  .  .  .  .  #  #  #  #  #  #  #  .  .  .  .  .  #  #  #  #  #  #  #  #  #  #  #  
        9  #  #  .  .  .  .  .  #  #  #  #  #  .  .  .  .  .  #  #  #  #  #  #  #  #  #  #  #  #  #  
        10 #  #  .  .  .  .  .  #  #  #  .  .  .  .  .  #  #  #  #  #  #  #  #  #  #  #  #  #  #  #  
        11 #  #  .  .  .  .  .  #  #  #  #  #  .  .  .  .  .  #  #  #  #  #  #  #  #  #  #  #  #  #  
        12 #  .  .  .  .  .  #  #  #  #  #  #  #  .  .  .  .  .  #  #  #  #  #  #  #  #  #  #  #  #  
        13 #  .  .  .  .  .  #  #  #  #  #  #  #  #  .  .  .  .  .  #  #  #  #  #  #  #  #  #  #  #  
        14 #  .  .  .  .  .  #  #  #  #  #  #  #  #  #  #  .  .  .  .  .  #  #  #  #  #  #  #  #  #  
        15 #  .  .  .  .  .  #  #  #  #  #  #  #  #  #  #  #  #  #  .  .  .  .  .  #  #  #  #  #  #  
        16 #  #  .  .  .  .  .  #  #  #  #  #  #  #  #  #  #  #  #  #  #  .  .  .  .  .  .  .  #  #  
        17 #  #  .  .  .  .  .  #  #  #  #  #  #  #  #  #  #  #  #  #  #  #  #  .  .  .  .  .  #  #  
        18 #  #  .  .  .  .  .  #  #  #  #  #  #  #  #  #  #  #  #  #  #  #  #  .  .  .  .  .  #  #  
        19 #  #  .  .  .  .  .  #  #  #  #  #  #  #  #  #  #  #  #  #  #  #  #  .  .  .  .  .  #  #  
        20 #  #  .  .  .  .  .  #  #  #  #  #  #  #  #  #  #  #  #  #  #  #  #  .  .  .  .  .  #  #  
        21 #  .  .  .  .  .  #  #  #  #  #  #  #  #  #  #  #  #  #  #  #  #  #  .  .  .  .  .  #  #  
        22 #  .  .  .  .  .  #  #  #  #  #  #  #  #  #  #  #  #  #  #  #  #  #  .  .  .  .  .  #  #  
        23 #  .  .  .  .  .  #  #  #  #  #  #  #  #  #  #  #  #  #  #  #  #  #  .  .  .  .  .  #  #  
        24 #  .  .  .  .  .  #  #  #  #  #  #  #  #  #  #  #  #  #  #  #  #  #  #  .  .  .  .  .  #  
        25 #  .  .  .  .  .  #  #  #  #  #  #  #  #  #  #  #  #  #  #  #  #  #  #  .  .  .  .  .  #  
        26 #  S  S  X  S  S  #  #  #  #  #  #  #  #  #  #  #  #  #  #  #  #  #  #  F  F  F  F  F  #  
        27 #  #  #  #  #  #  #  #  #  #  #  #  #  #  #  #  #  #  #  #  #  #  #  #  #  #  #  #  #  #  

        # moves taken:  499
        trial runtime:  0.72s

        trial 7
           0  1  2  3  4  5  6  7  8  9  10 11 12 13 14 15 16 17 18 19 20 21 22 23 24 25 26 27 28 29 
        0  #  #  #  #  #  #  #  #  #  #  #  #  #  #  #  #  #  #  #  #  #  #  #  #  #  #  #  #  #  #  
        1  #  #  #  #  #  #  #  #  #  .  .  .  .  .  .  .  .  .  .  .  .  .  #  #  #  #  #  #  #  #  
        2  #  #  #  #  #  .  .  .  .  .  .  .  .  .  .  .  .  .  .  .  .  .  .  .  .  .  #  #  #  #  
        3  #  #  #  .  .  .  .  .  .  .  .  .  .  .  .  .  .  .  .  .  .  .  .  .  .  .  .  #  #  #  
        4  #  #  .  .  .  .  .  .  #  #  #  #  #  #  #  #  #  #  .  .  .  .  .  .  .  #  #  #  #  #  
        5  #  #  .  .  .  .  .  #  #  #  #  #  #  #  #  #  #  #  #  .  .  .  .  .  #  #  #  #  #  #  
        6  #  #  .  .  .  .  .  #  #  #  #  #  #  #  #  #  #  .  .  .  .  .  #  #  #  #  #  #  #  #  
        7  #  #  .  .  .  .  .  #  #  #  #  #  #  #  #  .  .  .  .  .  #  #  #  #  #  #  #  #  #  #  
        8  #  #  .  .  .  .  .  #  #  #  #  #  #  #  .  .  .  .  .  #  #  #  #  #  #  #  #  #  #  #  
        9  #  #  .  .  .  .  .  #  #  #  #  #  .  .  .  .  .  #  #  #  #  #  #  #  #  #  #  #  #  #  
        10 #  #  .  .  .  .  .  #  #  #  .  .  .  .  .  #  #  #  #  #  #  #  #  #  #  #  #  #  #  #  
        11 #  #  .  .  .  .  .  #  #  #  #  #  .  .  .  .  .  #  #  #  #  #  #  #  #  #  #  #  #  #  
        12 #  .  .  .  .  .  #  #  #  #  #  #  #  .  .  .  .  .  #  #  #  #  #  #  #  #  #  #  #  #  
        13 #  .  .  .  .  .  #  #  #  #  #  #  #  #  .  .  .  .  .  #  #  #  #  #  #  #  #  #  #  #  
        14 #  .  .  .  .  .  #  #  #  #  #  #  #  #  #  #  .  .  .  .  .  #  #  #  #  #  #  #  #  #  
        15 #  .  .  .  .  .  #  #  #  #  #  #  #  #  #  #  #  #  #  .  .  .  .  .  #  #  #  #  #  #  
        16 #  #  .  .  .  .  .  #  #  #  #  #  #  #  #  #  #  #  #  #  #  .  .  .  .  .  .  .  #  #  
        17 #  #  .  .  .  .  .  #  #  #  #  #  #  #  #  #  #  #  #  #  #  #  #  .  .  .  .  .  #  #  
        18 #  #  .  .  .  .  .  #  #  #  #  #  #  #  #  #  #  #  #  #  #  #  #  .  .  .  .  .  #  #  
        19 #  #  .  .  .  .  .  #  #  #  #  #  #  #  #  #  #  #  #  #  #  #  #  .  .  .  .  .  #  #  
        20 #  #  .  .  .  .  .  #  #  #  #  #  #  #  #  #  #  #  #  #  #  #  #  .  .  .  .  .  #  #  
        21 #  .  .  .  .  .  #  #  #  #  #  #  #  #  #  #  #  #  #  #  #  #  #  .  .  .  .  .  #  #  
        22 #  .  .  .  .  .  #  #  #  #  #  #  #  #  #  #  #  #  #  #  #  #  #  .  .  .  .  .  #  #  
        23 #  .  .  .  .  .  #  #  #  #  #  #  #  #  #  #  #  #  #  #  #  #  #  .  .  .  .  .  #  #  
        24 #  .  .  .  .  .  #  #  #  #  #  #  #  #  #  #  #  #  #  #  #  #  #  #  .  .  .  .  .  #  
        25 #  .  .  .  .  .  #  #  #  #  #  #  #  #  #  #  #  #  #  #  #  #  #  #  .  .  .  .  .  #  
        26 #  X  S  S  S  S  #  #  #  #  #  #  #  #  #  #  #  #  #  #  #  #  #  #  F  F  F  F  F  #  
        27 #  #  #  #  #  #  #  #  #  #  #  #  #  #  #  #  #  #  #  #  #  #  #  #  #  #  #  #  #  #  

        # moves taken:  499
        trial runtime:  0.81s

        trial 8
           0  1  2  3  4  5  6  7  8  9  10 11 12 13 14 15 16 17 18 19 20 21 22 23 24 25 26 27 28 29 
        0  #  #  #  #  #  #  #  #  #  #  #  #  #  #  #  #  #  #  #  #  #  #  #  #  #  #  #  #  #  #  
        1  #  #  #  #  #  #  #  #  #  .  .  .  .  .  .  .  .  .  .  .  .  .  #  #  #  #  #  #  #  #  
        2  #  #  #  #  #  .  .  .  .  .  .  .  .  .  .  .  .  .  .  .  .  .  .  .  .  .  #  #  #  #  
        3  #  #  #  .  .  .  .  .  .  .  .  .  .  .  .  .  .  .  .  .  .  .  .  .  .  .  .  #  #  #  
        4  #  #  .  .  .  .  .  .  #  #  #  #  #  #  #  #  #  #  .  .  .  .  .  .  .  #  #  #  #  #  
        5  #  #  .  .  .  .  .  #  #  #  #  #  #  #  #  #  #  #  #  .  .  .  .  .  #  #  #  #  #  #  
        6  #  #  .  .  .  .  .  #  #  #  #  #  #  #  #  #  #  .  .  .  .  .  #  #  #  #  #  #  #  #  
        7  #  #  .  .  .  .  .  #  #  #  #  #  #  #  #  .  .  .  .  .  #  #  #  #  #  #  #  #  #  #  
        8  #  #  .  .  .  .  .  #  #  #  #  #  #  #  .  .  .  .  .  #  #  #  #  #  #  #  #  #  #  #  
        9  #  #  .  .  .  .  .  #  #  #  #  #  .  .  .  .  .  #  #  #  #  #  #  #  #  #  #  #  #  #  
        10 #  #  .  .  .  .  .  #  #  #  .  .  .  .  .  #  #  #  #  #  #  #  #  #  #  #  #  #  #  #  
        11 #  #  .  .  .  .  .  #  #  #  #  #  .  .  .  .  .  #  #  #  #  #  #  #  #  #  #  #  #  #  
        12 #  .  .  .  .  .  #  #  #  #  #  #  #  .  .  .  .  .  #  #  #  #  #  #  #  #  #  #  #  #  
        13 #  .  .  .  .  .  #  #  #  #  #  #  #  #  .  .  .  .  .  #  #  #  #  #  #  #  #  #  #  #  
        14 #  .  .  .  .  .  #  #  #  #  #  #  #  #  #  #  .  .  .  .  .  #  #  #  #  #  #  #  #  #  
        15 #  .  .  .  .  .  #  #  #  #  #  #  #  #  #  #  #  #  #  .  .  .  .  .  #  #  #  #  #  #  
        16 #  #  .  .  .  .  .  #  #  #  #  #  #  #  #  #  #  #  #  #  #  .  .  .  .  .  .  .  #  #  
        17 #  #  .  .  .  .  .  #  #  #  #  #  #  #  #  #  #  #  #  #  #  #  #  .  .  .  .  .  #  #  
        18 #  #  .  .  .  .  .  #  #  #  #  #  #  #  #  #  #  #  #  #  #  #  #  .  .  .  .  .  #  #  
        19 #  #  .  .  .  .  .  #  #  #  #  #  #  #  #  #  #  #  #  #  #  #  #  .  .  .  .  .  #  #  
        20 #  #  .  .  .  .  .  #  #  #  #  #  #  #  #  #  #  #  #  #  #  #  #  .  .  .  .  .  #  #  
        21 #  .  .  .  .  .  #  #  #  #  #  #  #  #  #  #  #  #  #  #  #  #  #  .  .  .  .  .  #  #  
        22 #  .  .  .  .  .  #  #  #  #  #  #  #  #  #  #  #  #  #  #  #  #  #  .  .  .  .  .  #  #  
        23 #  .  .  .  .  .  #  #  #  #  #  #  #  #  #  #  #  #  #  #  #  #  #  .  .  .  .  .  #  #  
        24 #  .  .  .  .  .  #  #  #  #  #  #  #  #  #  #  #  #  #  #  #  #  #  #  .  .  .  .  .  #  
        25 #  .  .  .  .  .  #  #  #  #  #  #  #  #  #  #  #  #  #  #  #  #  #  #  .  .  .  .  .  #  
        26 #  S  S  S  S  X  #  #  #  #  #  #  #  #  #  #  #  #  #  #  #  #  #  #  F  F  F  F  F  #  
        27 #  #  #  #  #  #  #  #  #  #  #  #  #  #  #  #  #  #  #  #  #  #  #  #  #  #  #  #  #  #  

        # moves taken:  499
        trial runtime:  0.80s

        trial 9
           0  1  2  3  4  5  6  7  8  9  10 11 12 13 14 15 16 17 18 19 20 21 22 23 24 25 26 27 28 29 
        0  #  #  #  #  #  #  #  #  #  #  #  #  #  #  #  #  #  #  #  #  #  #  #  #  #  #  #  #  #  #  
        1  #  #  #  #  #  #  #  #  #  .  .  .  .  .  .  .  .  .  .  .  .  .  #  #  #  #  #  #  #  #  
        2  #  #  #  #  #  .  .  .  .  .  .  .  .  .  .  .  .  .  .  .  .  .  .  .  .  .  #  #  #  #  
        3  #  #  #  .  .  .  .  .  .  .  .  .  .  .  .  .  .  .  .  .  .  .  .  .  .  .  .  #  #  #  
        4  #  #  .  .  .  .  .  .  #  #  #  #  #  #  #  #  #  #  .  .  .  .  .  .  .  #  #  #  #  #  
        5  #  #  .  .  .  .  .  #  #  #  #  #  #  #  #  #  #  #  #  .  .  .  .  .  #  #  #  #  #  #  
        6  #  #  .  .  .  .  .  #  #  #  #  #  #  #  #  #  #  .  .  .  .  .  #  #  #  #  #  #  #  #  
        7  #  #  .  .  .  .  .  #  #  #  #  #  #  #  #  .  .  .  .  .  #  #  #  #  #  #  #  #  #  #  
        8  #  #  .  .  .  .  .  #  #  #  #  #  #  #  .  .  .  .  .  #  #  #  #  #  #  #  #  #  #  #  
        9  #  #  .  .  .  .  .  #  #  #  #  #  .  .  .  .  .  #  #  #  #  #  #  #  #  #  #  #  #  #  
        10 #  #  .  .  .  .  .  #  #  #  .  .  .  .  .  #  #  #  #  #  #  #  #  #  #  #  #  #  #  #  
        11 #  #  .  .  .  .  .  #  #  #  #  #  .  .  .  .  .  #  #  #  #  #  #  #  #  #  #  #  #  #  
        12 #  .  .  .  .  .  #  #  #  #  #  #  #  .  .  .  .  .  #  #  #  #  #  #  #  #  #  #  #  #  
        13 #  .  .  .  .  .  #  #  #  #  #  #  #  #  .  .  .  .  .  #  #  #  #  #  #  #  #  #  #  #  
        14 #  .  .  .  .  .  #  #  #  #  #  #  #  #  #  #  .  .  .  .  .  #  #  #  #  #  #  #  #  #  
        15 #  .  .  .  .  .  #  #  #  #  #  #  #  #  #  #  #  #  #  .  .  .  .  .  #  #  #  #  #  #  
        16 #  #  .  .  .  .  .  #  #  #  #  #  #  #  #  #  #  #  #  #  #  .  .  .  .  .  .  .  #  #  
        17 #  #  .  .  .  .  .  #  #  #  #  #  #  #  #  #  #  #  #  #  #  #  #  .  .  .  .  .  #  #  
        18 #  #  .  .  .  .  .  #  #  #  #  #  #  #  #  #  #  #  #  #  #  #  #  .  .  .  .  .  #  #  
        19 #  #  .  .  .  .  .  #  #  #  #  #  #  #  #  #  #  #  #  #  #  #  #  .  .  .  .  .  #  #  
        20 #  #  .  .  .  .  .  #  #  #  #  #  #  #  #  #  #  #  #  #  #  #  #  .  .  .  .  .  #  #  
        21 #  .  .  .  .  .  #  #  #  #  #  #  #  #  #  #  #  #  #  #  #  #  #  .  .  .  .  .  #  #  
        22 #  .  .  .  .  .  #  #  #  #  #  #  #  #  #  #  #  #  #  #  #  #  #  .  .  .  .  .  #  #  
        23 #  .  .  .  .  .  #  #  #  #  #  #  #  #  #  #  #  #  #  #  #  #  #  .  .  .  .  .  #  #  
        24 #  .  .  .  .  .  #  #  #  #  #  #  #  #  #  #  #  #  #  #  #  #  #  #  .  .  .  .  .  #  
        25 #  .  .  .  .  .  #  #  #  #  #  #  #  #  #  #  #  #  #  #  #  #  #  #  .  .  .  .  .  #  
        26 #  S  X  S  S  S  #  #  #  #  #  #  #  #  #  #  #  #  #  #  #  #  #  #  F  F  F  F  F  #  
        27 #  #  #  #  #  #  #  #  #  #  #  #  #  #  #  #  #  #  #  #  #  #  #  #  #  #  #  #  #  #  

        # moves taken:  499
        trial runtime:  0.95s

====================================================================================================
