====================================================================================================
RUNNING R TRACK
track simulator initialized
restart upon crash = True

           0  1  2  3  4  5  6  7  8  9  10 11 12 13 14 15 16 17 18 19 20 21 22 23 24 25 26 27 28 29 
        0  X  #  #  #  #  #  #  #  #  #  #  #  #  #  #  #  #  #  #  #  #  #  #  #  #  #  #  #  #  #  
        1  #  #  #  #  #  #  #  #  #  .  .  .  .  .  .  .  .  .  .  .  .  .  #  #  #  #  #  #  #  #  
        2  #  #  #  #  #  .  .  .  .  .  .  .  .  .  .  .  .  .  .  .  .  .  .  .  .  .  #  #  #  #  
        3  #  #  #  .  .  .  .  .  .  .  .  .  .  .  .  .  .  .  .  .  .  .  .  .  .  .  .  #  #  #  
        4  #  #  .  .  .  .  .  .  #  #  #  #  #  #  #  #  #  #  .  .  .  .  .  .  .  #  #  #  #  #  
        5  #  #  .  .  .  .  .  #  #  #  #  #  #  #  #  #  #  #  #  .  .  .  .  .  #  #  #  #  #  #  
        6  #  #  .  .  .  .  .  #  #  #  #  #  #  #  #  #  #  .  .  .  .  .  #  #  #  #  #  #  #  #  
        7  #  #  .  .  .  .  .  #  #  #  #  #  #  #  #  .  .  .  .  .  #  #  #  #  #  #  #  #  #  #  
        8  #  #  .  .  .  .  .  #  #  #  #  #  #  #  .  .  .  .  .  #  #  #  #  #  #  #  #  #  #  #  
        9  #  #  .  .  .  .  .  #  #  #  #  #  .  .  .  .  .  #  #  #  #  #  #  #  #  #  #  #  #  #  
        10 #  #  .  .  .  .  .  #  #  #  .  .  .  .  .  #  #  #  #  #  #  #  #  #  #  #  #  #  #  #  
        11 #  #  .  .  .  .  .  #  #  #  #  #  .  .  .  .  .  #  #  #  #  #  #  #  #  #  #  #  #  #  
        12 #  .  .  .  .  .  #  #  #  #  #  #  #  .  .  .  .  .  #  #  #  #  #  #  #  #  #  #  #  #  
        13 #  .  .  .  .  .  #  #  #  #  #  #  #  #  .  .  .  .  .  #  #  #  #  #  #  #  #  #  #  #  
        14 #  .  .  .  .  .  #  #  #  #  #  #  #  #  #  #  .  .  .  .  .  #  #  #  #  #  #  #  #  #  
        15 #  .  .  .  .  .  #  #  #  #  #  #  #  #  #  #  #  #  #  .  .  .  .  .  #  #  #  #  #  #  
        16 #  #  .  .  .  .  .  #  #  #  #  #  #  #  #  #  #  #  #  #  #  .  .  .  .  .  .  .  #  #  
        17 #  #  .  .  .  .  .  #  #  #  #  #  #  #  #  #  #  #  #  #  #  #  #  .  .  .  .  .  #  #  
        18 #  #  .  .  .  .  .  #  #  #  #  #  #  #  #  #  #  #  #  #  #  #  #  .  .  .  .  .  #  #  
        19 #  #  .  .  .  .  .  #  #  #  #  #  #  #  #  #  #  #  #  #  #  #  #  .  .  .  .  .  #  #  
        20 #  #  .  .  .  .  .  #  #  #  #  #  #  #  #  #  #  #  #  #  #  #  #  .  .  .  .  .  #  #  
        21 #  .  .  .  .  .  #  #  #  #  #  #  #  #  #  #  #  #  #  #  #  #  #  .  .  .  .  .  #  #  
        22 #  .  .  .  .  .  #  #  #  #  #  #  #  #  #  #  #  #  #  #  #  #  #  .  .  .  .  .  #  #  
        23 #  .  .  .  .  .  #  #  #  #  #  #  #  #  #  #  #  #  #  #  #  #  #  .  .  .  .  .  #  #  
        24 #  .  .  .  .  .  #  #  #  #  #  #  #  #  #  #  #  #  #  #  #  #  #  #  .  .  .  .  .  #  
        25 #  .  .  .  .  .  #  #  #  #  #  #  #  #  #  #  #  #  #  #  #  #  #  #  .  .  .  .  .  #  
        26 #  S  S  S  S  S  #  #  #  #  #  #  #  #  #  #  #  #  #  #  #  #  #  #  F  F  F  F  F  #  
        27 #  #  #  #  #  #  #  #  #  #  #  #  #  #  #  #  #  #  #  #  #  #  #  #  #  #  #  #  #  #  

====================================================================================================
-- Value Learning --

start of training, for 50 total iterations

value iteration learning, # 0

value iteration learning, # 1

value iteration learning, # 2

value iteration learning, # 3

value iteration learning, # 4

value iteration learning, # 5

value iteration learning, # 6

value iteration learning, # 7

value iteration learning, # 8

value iteration learning, # 9

value iteration learning, # 10

value iteration learning, # 11

value iteration learning, # 12

value iteration learning, # 13

value iteration learning, # 14

value iteration learning, # 15

value iteration learning, # 16

value iteration learning, # 17

value iteration learning, # 18

value iteration learning, # 19

value iteration learning, # 20

value iteration learning, # 21

value iteration learning, # 22

value iteration learning, # 23

value iteration learning, # 24

value iteration learning, # 25

value iteration learning, # 26

value iteration learning, # 27

value iteration learning, # 28

value iteration learning, # 29

value iteration learning, # 30

value iteration learning, # 31

value iteration learning, # 32

value iteration learning, # 33

value iteration learning, # 34

value iteration learning, # 35

value iteration learning, # 36

value iteration learning, # 37

value iteration learning, # 38

value iteration learning, # 39

value iteration learning, # 40

value iteration learning, # 41

value iteration learning, # 42

value iteration learning, # 43

value iteration learning, # 44

value iteration learning, # 45

value iteration learning, # 46

value iteration learning, # 47

value iteration learning, # 48

value iteration learning, # 49
policy backtrack took:  0.24s

policy finalized after 6228.50s

# time trials to run:  10

        trial 0
           0  1  2  3  4  5  6  7  8  9  10 11 12 13 14 15 16 17 18 19 20 21 22 23 24 25 26 27 28 29 
        0  #  #  #  #  #  #  #  #  #  #  #  #  #  #  #  #  #  #  #  #  #  #  #  #  #  #  #  #  #  #  
        1  #  #  #  #  #  #  #  #  #  .  .  .  .  .  .  .  .  .  .  .  .  .  #  #  #  #  #  #  #  #  
        2  #  #  #  #  #  .  .  .  .  .  .  .  .  .  .  .  .  .  .  .  .  .  .  .  .  .  #  #  #  #  
        3  #  #  #  .  .  .  .  .  .  .  .  .  .  .  .  .  .  .  .  .  .  .  .  .  .  .  .  #  #  #  
        4  #  #  .  .  .  .  .  .  #  #  #  #  #  #  #  #  #  #  .  .  .  .  .  .  .  #  #  #  #  #  
        5  #  #  .  .  .  .  .  #  #  #  #  #  #  #  #  #  #  #  #  .  .  .  .  .  #  #  #  #  #  #  
        6  #  #  .  .  .  .  .  #  #  #  #  #  #  #  #  #  #  .  .  .  .  .  #  #  #  #  #  #  #  #  
        7  #  #  .  .  .  .  .  #  #  #  #  #  #  #  #  .  .  .  .  .  #  #  #  #  #  #  #  #  #  #  
        8  #  #  .  .  .  .  .  #  #  #  #  #  #  #  .  .  .  .  .  #  #  #  #  #  #  #  #  #  #  #  
        9  #  #  .  .  .  .  .  #  #  #  #  #  .  .  .  .  .  #  #  #  #  #  #  #  #  #  #  #  #  #  
        10 #  #  .  .  .  .  .  #  #  #  .  .  .  .  .  #  #  #  #  #  #  #  #  #  #  #  #  #  #  #  
        11 #  #  .  .  .  .  .  #  #  #  #  #  .  .  .  .  .  #  #  #  #  #  #  #  #  #  #  #  #  #  
        12 #  .  .  .  .  .  #  #  #  #  #  #  #  .  .  .  .  .  #  #  #  #  #  #  #  #  #  #  #  #  
        13 #  .  .  .  .  .  #  #  #  #  #  #  #  #  .  .  .  .  .  #  #  #  #  #  #  #  #  #  #  #  
        14 #  .  .  .  .  .  #  #  #  #  #  #  #  #  #  #  .  .  .  .  .  #  #  #  #  #  #  #  #  #  
        15 #  .  .  .  .  .  #  #  #  #  #  #  #  #  #  #  #  #  #  .  .  .  .  .  #  #  #  #  #  #  
        16 #  #  .  .  .  .  .  #  #  #  #  #  #  #  #  #  #  #  #  #  #  .  .  .  .  .  .  .  #  #  
        17 #  #  .  .  .  .  .  #  #  #  #  #  #  #  #  #  #  #  #  #  #  #  #  .  .  .  .  .  #  #  
        18 #  #  .  .  .  .  .  #  #  #  #  #  #  #  #  #  #  #  #  #  #  #  #  .  .  .  .  .  #  #  
        19 #  #  .  .  .  .  .  #  #  #  #  #  #  #  #  #  #  #  #  #  #  #  #  .  .  .  .  .  #  #  
        20 #  #  .  .  .  .  .  #  #  #  #  #  #  #  #  #  #  #  #  #  #  #  #  .  .  .  .  .  #  #  
        21 #  .  .  .  .  .  #  #  #  #  #  #  #  #  #  #  #  #  #  #  #  #  #  .  .  .  .  .  #  #  
        22 #  .  .  .  .  .  #  #  #  #  #  #  #  #  #  #  #  #  #  #  #  #  #  .  .  .  .  .  #  #  
        23 #  .  .  .  .  .  #  #  #  #  #  #  #  #  #  #  #  #  #  #  #  #  #  .  .  .  .  .  #  #  
        24 #  .  .  .  .  .  #  #  #  #  #  #  #  #  #  #  #  #  #  #  #  #  #  #  .  .  .  .  .  #  
        25 #  .  .  .  .  .  #  #  #  #  #  #  #  #  #  #  #  #  #  #  #  #  #  #  .  .  .  .  .  #  
        26 #  X  S  S  S  S  #  #  #  #  #  #  #  #  #  #  #  #  #  #  #  #  #  #  F  F  F  F  F  #  
        27 #  #  #  #  #  #  #  #  #  #  #  #  #  #  #  #  #  #  #  #  #  #  #  #  #  #  #  #  #  #  

        # moves taken:  499
        trial runtime:  0.25s

        trial 1
           0  1  2  3  4  5  6  7  8  9  10 11 12 13 14 15 16 17 18 19 20 21 22 23 24 25 26 27 28 29 
        0  #  #  #  #  #  #  #  #  #  #  #  #  #  #  #  #  #  #  #  #  #  #  #  #  #  #  #  #  #  #  
        1  #  #  #  #  #  #  #  #  #  .  .  .  .  .  .  .  .  .  .  .  .  .  #  #  #  #  #  #  #  #  
        2  #  #  #  #  #  .  .  .  .  .  .  .  .  .  .  .  .  .  .  .  .  .  .  .  .  .  #  #  #  #  
        3  #  #  #  .  .  .  .  .  .  .  .  .  .  .  .  .  .  .  .  .  .  .  .  .  .  .  .  #  #  #  
        4  #  #  .  .  .  .  .  .  #  #  #  #  #  #  #  #  #  #  .  .  .  .  .  .  .  #  #  #  #  #  
        5  #  #  .  .  .  .  .  #  #  #  #  #  #  #  #  #  #  #  #  .  .  .  .  .  #  #  #  #  #  #  
        6  #  #  .  .  .  .  .  #  #  #  #  #  #  #  #  #  #  .  .  .  .  .  #  #  #  #  #  #  #  #  
        7  #  #  .  .  .  .  .  #  #  #  #  #  #  #  #  .  .  .  .  .  #  #  #  #  #  #  #  #  #  #  
        8  #  #  .  .  .  .  .  #  #  #  #  #  #  #  .  .  .  .  .  #  #  #  #  #  #  #  #  #  #  #  
        9  #  #  .  .  .  .  .  #  #  #  #  #  .  .  .  .  .  #  #  #  #  #  #  #  #  #  #  #  #  #  
        10 #  #  .  .  .  .  .  #  #  #  .  .  .  .  .  #  #  #  #  #  #  #  #  #  #  #  #  #  #  #  
        11 #  #  .  .  .  .  .  #  #  #  #  #  .  .  .  .  .  #  #  #  #  #  #  #  #  #  #  #  #  #  
        12 #  .  .  .  .  .  #  #  #  #  #  #  #  .  .  .  .  .  #  #  #  #  #  #  #  #  #  #  #  #  
        13 #  .  .  .  .  .  #  #  #  #  #  #  #  #  .  .  .  .  .  #  #  #  #  #  #  #  #  #  #  #  
        14 #  .  .  .  .  .  #  #  #  #  #  #  #  #  #  #  .  .  .  .  .  #  #  #  #  #  #  #  #  #  
        15 #  .  .  .  .  .  #  #  #  #  #  #  #  #  #  #  #  #  #  .  .  .  .  .  #  #  #  #  #  #  
        16 #  #  .  .  .  .  .  #  #  #  #  #  #  #  #  #  #  #  #  #  #  .  .  .  .  .  .  .  #  #  
        17 #  #  .  .  .  .  .  #  #  #  #  #  #  #  #  #  #  #  #  #  #  #  #  .  .  .  .  .  #  #  
        18 #  #  .  .  .  .  .  #  #  #  #  #  #  #  #  #  #  #  #  #  #  #  #  .  .  .  .  .  #  #  
        19 #  #  .  .  .  .  .  #  #  #  #  #  #  #  #  #  #  #  #  #  #  #  #  .  .  .  .  .  #  #  
        20 #  #  .  .  .  .  .  #  #  #  #  #  #  #  #  #  #  #  #  #  #  #  #  .  .  .  .  .  #  #  
        21 #  .  .  .  .  .  #  #  #  #  #  #  #  #  #  #  #  #  #  #  #  #  #  .  .  .  .  .  #  #  
        22 #  .  .  .  .  .  #  #  #  #  #  #  #  #  #  #  #  #  #  #  #  #  #  .  .  .  .  .  #  #  
        23 #  .  .  .  .  .  #  #  #  #  #  #  #  #  #  #  #  #  #  #  #  #  #  .  .  .  .  .  #  #  
        24 #  .  .  .  .  .  #  #  #  #  #  #  #  #  #  #  #  #  #  #  #  #  #  #  .  .  .  .  .  #  
        25 #  .  .  .  .  .  #  #  #  #  #  #  #  #  #  #  #  #  #  #  #  #  #  #  .  .  .  .  .  #  
        26 #  S  X  S  S  S  #  #  #  #  #  #  #  #  #  #  #  #  #  #  #  #  #  #  F  F  F  F  F  #  
        27 #  #  #  #  #  #  #  #  #  #  #  #  #  #  #  #  #  #  #  #  #  #  #  #  #  #  #  #  #  #  

        # moves taken:  499
        trial runtime:  0.24s

        trial 2
           0  1  2  3  4  5  6  7  8  9  10 11 12 13 14 15 16 17 18 19 20 21 22 23 24 25 26 27 28 29 
        0  #  #  #  #  #  #  #  #  #  #  #  #  #  #  #  #  #  #  #  #  #  #  #  #  #  #  #  #  #  #  
        1  #  #  #  #  #  #  #  #  #  .  .  .  .  .  .  .  .  .  .  .  .  .  #  #  #  #  #  #  #  #  
        2  #  #  #  #  #  .  .  .  .  .  .  .  .  .  .  .  .  .  .  .  .  .  .  .  .  .  #  #  #  #  
        3  #  #  #  .  .  .  .  .  .  .  .  .  .  .  .  .  .  .  .  .  .  .  .  .  .  .  .  #  #  #  
        4  #  #  .  .  .  .  .  .  #  #  #  #  #  #  #  #  #  #  .  .  .  .  .  .  .  #  #  #  #  #  
        5  #  #  .  .  .  .  .  #  #  #  #  #  #  #  #  #  #  #  #  .  .  .  .  .  #  #  #  #  #  #  
        6  #  #  .  .  .  .  .  #  #  #  #  #  #  #  #  #  #  .  .  .  .  .  #  #  #  #  #  #  #  #  
        7  #  #  .  .  .  .  .  #  #  #  #  #  #  #  #  .  .  .  .  .  #  #  #  #  #  #  #  #  #  #  
        8  #  #  .  .  .  .  .  #  #  #  #  #  #  #  .  .  .  .  .  #  #  #  #  #  #  #  #  #  #  #  
        9  #  #  .  .  .  .  .  #  #  #  #  #  .  .  .  .  .  #  #  #  #  #  #  #  #  #  #  #  #  #  
        10 #  #  .  .  .  .  .  #  #  #  .  .  .  .  .  #  #  #  #  #  #  #  #  #  #  #  #  #  #  #  
        11 #  #  .  .  .  .  .  #  #  #  #  #  .  .  .  .  .  #  #  #  #  #  #  #  #  #  #  #  #  #  
        12 #  .  .  .  .  .  #  #  #  #  #  #  #  .  .  .  .  .  #  #  #  #  #  #  #  #  #  #  #  #  
        13 #  .  .  .  .  .  #  #  #  #  #  #  #  #  .  .  .  .  .  #  #  #  #  #  #  #  #  #  #  #  
        14 #  .  .  .  .  .  #  #  #  #  #  #  #  #  #  #  .  .  .  .  .  #  #  #  #  #  #  #  #  #  
        15 #  .  .  .  .  .  #  #  #  #  #  #  #  #  #  #  #  #  #  .  .  .  .  .  #  #  #  #  #  #  
        16 #  #  .  .  .  .  .  #  #  #  #  #  #  #  #  #  #  #  #  #  #  .  .  .  .  .  .  .  #  #  
        17 #  #  .  .  .  .  .  #  #  #  #  #  #  #  #  #  #  #  #  #  #  #  #  .  .  .  .  .  #  #  
        18 #  #  .  .  .  .  .  #  #  #  #  #  #  #  #  #  #  #  #  #  #  #  #  .  .  .  .  .  #  #  
        19 #  #  .  .  .  .  .  #  #  #  #  #  #  #  #  #  #  #  #  #  #  #  #  .  .  .  .  .  #  #  
        20 #  #  .  .  .  .  .  #  #  #  #  #  #  #  #  #  #  #  #  #  #  #  #  .  .  .  .  .  #  #  
        21 #  .  .  .  .  .  #  #  #  #  #  #  #  #  #  #  #  #  #  #  #  #  #  .  .  .  .  .  #  #  
        22 #  .  .  .  .  .  #  #  #  #  #  #  #  #  #  #  #  #  #  #  #  #  #  .  .  .  .  .  #  #  
        23 #  .  .  .  .  .  #  #  #  #  #  #  #  #  #  #  #  #  #  #  #  #  #  .  .  .  .  .  #  #  
        24 #  .  .  .  .  .  #  #  #  #  #  #  #  #  #  #  #  #  #  #  #  #  #  #  .  .  .  .  .  #  
        25 #  .  .  .  .  .  #  #  #  #  #  #  #  #  #  #  #  #  #  #  #  #  #  #  .  .  .  .  .  #  
        26 #  X  S  S  S  S  #  #  #  #  #  #  #  #  #  #  #  #  #  #  #  #  #  #  F  F  F  F  F  #  
        27 #  #  #  #  #  #  #  #  #  #  #  #  #  #  #  #  #  #  #  #  #  #  #  #  #  #  #  #  #  #  

        # moves taken:  499
        trial runtime:  0.25s

        trial 3
           0  1  2  3  4  5  6  7  8  9  10 11 12 13 14 15 16 17 18 19 20 21 22 23 24 25 26 27 28 29 
        0  #  #  #  #  #  #  #  #  #  #  #  #  #  #  #  #  #  #  #  #  #  #  #  #  #  #  #  #  #  #  
        1  #  #  #  #  #  #  #  #  #  .  .  .  .  .  .  .  .  .  .  .  .  .  #  #  #  #  #  #  #  #  
        2  #  #  #  #  #  .  .  .  .  .  .  .  .  .  .  .  .  .  .  .  .  .  .  .  .  .  #  #  #  #  
        3  #  #  #  .  .  .  .  .  .  .  .  .  .  .  .  .  .  .  .  .  .  .  .  .  .  .  .  #  #  #  
        4  #  #  .  .  .  .  .  .  #  #  #  #  #  #  #  #  #  #  .  .  .  .  .  .  .  #  #  #  #  #  
        5  #  #  .  .  .  .  .  #  #  #  #  #  #  #  #  #  #  #  #  .  .  .  .  .  #  #  #  #  #  #  
        6  #  #  .  .  .  .  .  #  #  #  #  #  #  #  #  #  #  .  .  .  .  .  #  #  #  #  #  #  #  #  
        7  #  #  .  .  .  .  .  #  #  #  #  #  #  #  #  .  .  .  .  .  #  #  #  #  #  #  #  #  #  #  
        8  #  #  .  .  .  .  .  #  #  #  #  #  #  #  .  .  .  .  .  #  #  #  #  #  #  #  #  #  #  #  
        9  #  #  .  .  .  .  .  #  #  #  #  #  .  .  .  .  .  #  #  #  #  #  #  #  #  #  #  #  #  #  
        10 #  #  .  .  .  .  .  #  #  #  .  .  .  .  .  #  #  #  #  #  #  #  #  #  #  #  #  #  #  #  
        11 #  #  .  .  .  .  .  #  #  #  #  #  .  .  .  .  .  #  #  #  #  #  #  #  #  #  #  #  #  #  
        12 #  .  .  .  .  .  #  #  #  #  #  #  #  .  .  .  .  .  #  #  #  #  #  #  #  #  #  #  #  #  
        13 #  .  .  .  .  .  #  #  #  #  #  #  #  #  .  .  .  .  .  #  #  #  #  #  #  #  #  #  #  #  
        14 #  .  .  .  .  .  #  #  #  #  #  #  #  #  #  #  .  .  .  .  .  #  #  #  #  #  #  #  #  #  
        15 #  .  .  .  .  .  #  #  #  #  #  #  #  #  #  #  #  #  #  .  .  .  .  .  #  #  #  #  #  #  
        16 #  #  .  .  .  .  .  #  #  #  #  #  #  #  #  #  #  #  #  #  #  .  .  .  .  .  .  .  #  #  
        17 #  #  .  .  .  .  .  #  #  #  #  #  #  #  #  #  #  #  #  #  #  #  #  .  .  .  .  .  #  #  
        18 #  #  .  .  .  .  .  #  #  #  #  #  #  #  #  #  #  #  #  #  #  #  #  .  .  .  .  .  #  #  
        19 #  #  .  .  .  .  .  #  #  #  #  #  #  #  #  #  #  #  #  #  #  #  #  .  .  .  .  .  #  #  
        20 #  #  .  .  .  .  .  #  #  #  #  #  #  #  #  #  #  #  #  #  #  #  #  .  .  .  .  .  #  #  
        21 #  .  .  .  .  .  #  #  #  #  #  #  #  #  #  #  #  #  #  #  #  #  #  .  .  .  .  .  #  #  
        22 #  .  .  .  .  .  #  #  #  #  #  #  #  #  #  #  #  #  #  #  #  #  #  .  .  .  .  .  #  #  
        23 #  .  .  .  .  .  #  #  #  #  #  #  #  #  #  #  #  #  #  #  #  #  #  .  .  .  .  .  #  #  
        24 #  .  .  .  .  .  #  #  #  #  #  #  #  #  #  #  #  #  #  #  #  #  #  #  .  .  .  .  .  #  
        25 #  .  .  .  .  .  #  #  #  #  #  #  #  #  #  #  #  #  #  #  #  #  #  #  .  .  .  .  .  #  
        26 #  X  S  S  S  S  #  #  #  #  #  #  #  #  #  #  #  #  #  #  #  #  #  #  F  F  F  F  F  #  
        27 #  #  #  #  #  #  #  #  #  #  #  #  #  #  #  #  #  #  #  #  #  #  #  #  #  #  #  #  #  #  

        # moves taken:  499
        trial runtime:  0.25s

        trial 4
           0  1  2  3  4  5  6  7  8  9  10 11 12 13 14 15 16 17 18 19 20 21 22 23 24 25 26 27 28 29 
        0  #  #  #  #  #  #  #  #  #  #  #  #  #  #  #  #  #  #  #  #  #  #  #  #  #  #  #  #  #  #  
        1  #  #  #  #  #  #  #  #  #  .  .  .  .  .  .  .  .  .  .  .  .  .  #  #  #  #  #  #  #  #  
        2  #  #  #  #  #  .  .  .  .  .  .  .  .  .  .  .  .  .  .  .  .  .  .  .  .  .  #  #  #  #  
        3  #  #  #  .  .  .  .  .  .  .  .  .  .  .  .  .  .  .  .  .  .  .  .  .  .  .  .  #  #  #  
        4  #  #  .  .  .  .  .  .  #  #  #  #  #  #  #  #  #  #  .  .  .  .  .  .  .  #  #  #  #  #  
        5  #  #  .  .  .  .  .  #  #  #  #  #  #  #  #  #  #  #  #  .  .  .  .  .  #  #  #  #  #  #  
        6  #  #  .  .  .  .  .  #  #  #  #  #  #  #  #  #  #  .  .  .  .  .  #  #  #  #  #  #  #  #  
        7  #  #  .  .  .  .  .  #  #  #  #  #  #  #  #  .  .  .  .  .  #  #  #  #  #  #  #  #  #  #  
        8  #  #  .  .  .  .  .  #  #  #  #  #  #  #  .  .  .  .  .  #  #  #  #  #  #  #  #  #  #  #  
        9  #  #  .  .  .  .  .  #  #  #  #  #  .  .  .  .  .  #  #  #  #  #  #  #  #  #  #  #  #  #  
        10 #  #  .  .  .  .  .  #  #  #  .  .  .  .  .  #  #  #  #  #  #  #  #  #  #  #  #  #  #  #  
        11 #  #  .  .  .  .  .  #  #  #  #  #  .  .  .  .  .  #  #  #  #  #  #  #  #  #  #  #  #  #  
        12 #  .  .  .  .  .  #  #  #  #  #  #  #  .  .  .  .  .  #  #  #  #  #  #  #  #  #  #  #  #  
        13 #  .  .  .  .  .  #  #  #  #  #  #  #  #  .  .  .  .  .  #  #  #  #  #  #  #  #  #  #  #  
        14 #  .  .  .  .  .  #  #  #  #  #  #  #  #  #  #  .  .  .  .  .  #  #  #  #  #  #  #  #  #  
        15 #  .  .  .  .  .  #  #  #  #  #  #  #  #  #  #  #  #  #  .  .  .  .  .  #  #  #  #  #  #  
        16 #  #  .  .  .  .  .  #  #  #  #  #  #  #  #  #  #  #  #  #  #  .  .  .  .  .  .  .  #  #  
        17 #  #  .  .  .  .  .  #  #  #  #  #  #  #  #  #  #  #  #  #  #  #  #  .  .  .  .  .  #  #  
        18 #  #  .  .  .  .  .  #  #  #  #  #  #  #  #  #  #  #  #  #  #  #  #  .  .  .  .  .  #  #  
        19 #  #  .  .  .  .  .  #  #  #  #  #  #  #  #  #  #  #  #  #  #  #  #  .  .  .  .  .  #  #  
        20 #  #  .  .  .  .  .  #  #  #  #  #  #  #  #  #  #  #  #  #  #  #  #  .  .  .  .  .  #  #  
        21 #  .  .  .  .  .  #  #  #  #  #  #  #  #  #  #  #  #  #  #  #  #  #  .  .  .  .  .  #  #  
        22 #  .  .  .  .  .  #  #  #  #  #  #  #  #  #  #  #  #  #  #  #  #  #  .  .  .  .  .  #  #  
        23 #  .  .  .  .  .  #  #  #  #  #  #  #  #  #  #  #  #  #  #  #  #  #  .  .  .  .  .  #  #  
        24 #  .  .  .  .  .  #  #  #  #  #  #  #  #  #  #  #  #  #  #  #  #  #  #  .  .  .  .  .  #  
        25 #  .  .  .  .  .  #  #  #  #  #  #  #  #  #  #  #  #  #  #  #  #  #  #  .  .  .  .  .  #  
        26 #  S  S  X  S  S  #  #  #  #  #  #  #  #  #  #  #  #  #  #  #  #  #  #  F  F  F  F  F  #  
        27 #  #  #  #  #  #  #  #  #  #  #  #  #  #  #  #  #  #  #  #  #  #  #  #  #  #  #  #  #  #  

        # moves taken:  499
        trial runtime:  0.25s

        trial 5
           0  1  2  3  4  5  6  7  8  9  10 11 12 13 14 15 16 17 18 19 20 21 22 23 24 25 26 27 28 29 
        0  #  #  #  #  #  #  #  #  #  #  #  #  #  #  #  #  #  #  #  #  #  #  #  #  #  #  #  #  #  #  
        1  #  #  #  #  #  #  #  #  #  .  .  .  .  .  .  .  .  .  .  .  .  .  #  #  #  #  #  #  #  #  
        2  #  #  #  #  #  .  .  .  .  .  .  .  .  .  .  .  .  .  .  .  .  .  .  .  .  .  #  #  #  #  
        3  #  #  #  .  .  .  .  .  .  .  .  .  .  .  .  .  .  .  .  .  .  .  .  .  .  .  .  #  #  #  
        4  #  #  .  .  .  .  .  .  #  #  #  #  #  #  #  #  #  #  .  .  .  .  .  .  .  #  #  #  #  #  
        5  #  #  .  .  .  .  .  #  #  #  #  #  #  #  #  #  #  #  #  .  .  .  .  .  #  #  #  #  #  #  
        6  #  #  .  .  .  .  .  #  #  #  #  #  #  #  #  #  #  .  .  .  .  .  #  #  #  #  #  #  #  #  
        7  #  #  .  .  .  .  .  #  #  #  #  #  #  #  #  .  .  .  .  .  #  #  #  #  #  #  #  #  #  #  
        8  #  #  .  .  .  .  .  #  #  #  #  #  #  #  .  .  .  .  .  #  #  #  #  #  #  #  #  #  #  #  
        9  #  #  .  .  .  .  .  #  #  #  #  #  .  .  .  .  .  #  #  #  #  #  #  #  #  #  #  #  #  #  
        10 #  #  .  .  .  .  .  #  #  #  .  .  .  .  .  #  #  #  #  #  #  #  #  #  #  #  #  #  #  #  
        11 #  #  .  .  .  .  .  #  #  #  #  #  .  .  .  .  .  #  #  #  #  #  #  #  #  #  #  #  #  #  
        12 #  .  .  .  .  .  #  #  #  #  #  #  #  .  .  .  .  .  #  #  #  #  #  #  #  #  #  #  #  #  
        13 #  .  .  .  .  .  #  #  #  #  #  #  #  #  .  .  .  .  .  #  #  #  #  #  #  #  #  #  #  #  
        14 #  .  .  .  .  .  #  #  #  #  #  #  #  #  #  #  .  .  .  .  .  #  #  #  #  #  #  #  #  #  
        15 #  .  .  .  .  .  #  #  #  #  #  #  #  #  #  #  #  #  #  .  .  .  .  .  #  #  #  #  #  #  
        16 #  #  .  .  .  .  .  #  #  #  #  #  #  #  #  #  #  #  #  #  #  .  .  .  .  .  .  .  #  #  
        17 #  #  .  .  .  .  .  #  #  #  #  #  #  #  #  #  #  #  #  #  #  #  #  .  .  .  .  .  #  #  
        18 #  #  .  .  .  .  .  #  #  #  #  #  #  #  #  #  #  #  #  #  #  #  #  .  .  .  .  .  #  #  
        19 #  #  .  .  .  .  .  #  #  #  #  #  #  #  #  #  #  #  #  #  #  #  #  .  .  .  .  .  #  #  
        20 #  #  .  .  .  .  .  #  #  #  #  #  #  #  #  #  #  #  #  #  #  #  #  .  .  .  .  .  #  #  
        21 #  .  .  .  .  .  #  #  #  #  #  #  #  #  #  #  #  #  #  #  #  #  #  .  .  .  .  .  #  #  
        22 #  .  .  .  .  .  #  #  #  #  #  #  #  #  #  #  #  #  #  #  #  #  #  .  .  .  .  .  #  #  
        23 #  .  .  .  .  .  #  #  #  #  #  #  #  #  #  #  #  #  #  #  #  #  #  .  .  .  .  .  #  #  
        24 #  .  .  .  .  .  #  #  #  #  #  #  #  #  #  #  #  #  #  #  #  #  #  #  .  .  .  .  .  #  
        25 #  .  .  .  .  .  #  #  #  #  #  #  #  #  #  #  #  #  #  #  #  #  #  #  .  .  .  .  .  #  
        26 #  S  X  S  S  S  #  #  #  #  #  #  #  #  #  #  #  #  #  #  #  #  #  #  F  F  F  F  F  #  
        27 #  #  #  #  #  #  #  #  #  #  #  #  #  #  #  #  #  #  #  #  #  #  #  #  #  #  #  #  #  #  

        # moves taken:  499
        trial runtime:  0.27s

        trial 6
           0  1  2  3  4  5  6  7  8  9  10 11 12 13 14 15 16 17 18 19 20 21 22 23 24 25 26 27 28 29 
        0  #  #  #  #  #  #  #  #  #  #  #  #  #  #  #  #  #  #  #  #  #  #  #  #  #  #  #  #  #  #  
        1  #  #  #  #  #  #  #  #  #  .  .  .  .  .  .  .  .  .  .  .  .  .  #  #  #  #  #  #  #  #  
        2  #  #  #  #  #  .  .  .  .  .  .  .  .  .  .  .  .  .  .  .  .  .  .  .  .  .  #  #  #  #  
        3  #  #  #  .  .  .  .  .  .  .  .  .  .  .  .  .  .  .  .  .  .  .  .  .  .  .  .  #  #  #  
        4  #  #  .  .  .  .  .  .  #  #  #  #  #  #  #  #  #  #  .  .  .  .  .  .  .  #  #  #  #  #  
        5  #  #  .  .  .  .  .  #  #  #  #  #  #  #  #  #  #  #  #  .  .  .  .  .  #  #  #  #  #  #  
        6  #  #  .  .  .  .  .  #  #  #  #  #  #  #  #  #  #  .  .  .  .  .  #  #  #  #  #  #  #  #  
        7  #  #  .  .  .  .  .  #  #  #  #  #  #  #  #  .  .  .  .  .  #  #  #  #  #  #  #  #  #  #  
        8  #  #  .  .  .  .  .  #  #  #  #  #  #  #  .  .  .  .  .  #  #  #  #  #  #  #  #  #  #  #  
        9  #  #  .  .  .  .  .  #  #  #  #  #  .  .  .  .  .  #  #  #  #  #  #  #  #  #  #  #  #  #  
        10 #  #  .  .  .  .  .  #  #  #  .  .  .  .  .  #  #  #  #  #  #  #  #  #  #  #  #  #  #  #  
        11 #  #  .  .  .  .  .  #  #  #  #  #  .  .  .  .  .  #  #  #  #  #  #  #  #  #  #  #  #  #  
        12 #  .  .  .  .  .  #  #  #  #  #  #  #  .  .  .  .  .  #  #  #  #  #  #  #  #  #  #  #  #  
        13 #  .  .  .  .  .  #  #  #  #  #  #  #  #  .  .  .  .  .  #  #  #  #  #  #  #  #  #  #  #  
        14 #  .  .  .  .  .  #  #  #  #  #  #  #  #  #  #  .  .  .  .  .  #  #  #  #  #  #  #  #  #  
        15 #  .  .  .  .  .  #  #  #  #  #  #  #  #  #  #  #  #  #  .  .  .  .  .  #  #  #  #  #  #  
        16 #  #  .  .  .  .  .  #  #  #  #  #  #  #  #  #  #  #  #  #  #  .  .  .  .  .  .  .  #  #  
        17 #  #  .  .  .  .  .  #  #  #  #  #  #  #  #  #  #  #  #  #  #  #  #  .  .  .  .  .  #  #  
        18 #  #  .  .  .  .  .  #  #  #  #  #  #  #  #  #  #  #  #  #  #  #  #  .  .  .  .  .  #  #  
        19 #  #  .  .  .  .  .  #  #  #  #  #  #  #  #  #  #  #  #  #  #  #  #  .  .  .  .  .  #  #  
        20 #  #  .  .  .  .  .  #  #  #  #  #  #  #  #  #  #  #  #  #  #  #  #  .  .  .  .  .  #  #  
        21 #  .  .  .  .  .  #  #  #  #  #  #  #  #  #  #  #  #  #  #  #  #  #  .  .  .  .  .  #  #  
        22 #  .  .  .  .  .  #  #  #  #  #  #  #  #  #  #  #  #  #  #  #  #  #  .  .  .  .  .  #  #  
        23 #  .  .  .  .  .  #  #  #  #  #  #  #  #  #  #  #  #  #  #  #  #  #  .  .  .  .  .  #  #  
        24 #  .  .  .  .  .  #  #  #  #  #  #  #  #  #  #  #  #  #  #  #  #  #  #  .  .  .  .  .  #  
        25 #  .  .  .  .  .  #  #  #  #  #  #  #  #  #  #  #  #  #  #  #  #  #  #  .  .  .  .  .  #  
        26 #  S  S  S  S  X  #  #  #  #  #  #  #  #  #  #  #  #  #  #  #  #  #  #  F  F  F  F  F  #  
        27 #  #  #  #  #  #  #  #  #  #  #  #  #  #  #  #  #  #  #  #  #  #  #  #  #  #  #  #  #  #  

        # moves taken:  499
        trial runtime:  0.23s

        trial 7
           0  1  2  3  4  5  6  7  8  9  10 11 12 13 14 15 16 17 18 19 20 21 22 23 24 25 26 27 28 29 
        0  #  #  #  #  #  #  #  #  #  #  #  #  #  #  #  #  #  #  #  #  #  #  #  #  #  #  #  #  #  #  
        1  #  #  #  #  #  #  #  #  #  .  .  .  .  .  .  .  .  .  .  .  .  .  #  #  #  #  #  #  #  #  
        2  #  #  #  #  #  .  .  .  .  .  .  .  .  .  .  .  .  .  .  .  .  .  .  .  .  .  #  #  #  #  
        3  #  #  #  .  .  .  .  .  .  .  .  .  .  .  .  .  .  .  .  .  .  .  .  .  .  .  .  #  #  #  
        4  #  #  .  .  .  .  .  .  #  #  #  #  #  #  #  #  #  #  .  .  .  .  .  .  .  #  #  #  #  #  
        5  #  #  .  .  .  .  .  #  #  #  #  #  #  #  #  #  #  #  #  .  .  .  .  .  #  #  #  #  #  #  
        6  #  #  .  .  .  .  .  #  #  #  #  #  #  #  #  #  #  .  .  .  .  .  #  #  #  #  #  #  #  #  
        7  #  #  .  .  .  .  .  #  #  #  #  #  #  #  #  .  .  .  .  .  #  #  #  #  #  #  #  #  #  #  
        8  #  #  .  .  .  .  .  #  #  #  #  #  #  #  .  .  .  .  .  #  #  #  #  #  #  #  #  #  #  #  
        9  #  #  .  .  .  .  .  #  #  #  #  #  .  .  .  .  .  #  #  #  #  #  #  #  #  #  #  #  #  #  
        10 #  #  .  .  .  .  .  #  #  #  .  .  .  .  .  #  #  #  #  #  #  #  #  #  #  #  #  #  #  #  
        11 #  #  .  .  .  .  .  #  #  #  #  #  .  .  .  .  .  #  #  #  #  #  #  #  #  #  #  #  #  #  
        12 #  .  .  .  .  .  #  #  #  #  #  #  #  .  .  .  .  .  #  #  #  #  #  #  #  #  #  #  #  #  
        13 #  .  .  .  .  .  #  #  #  #  #  #  #  #  .  .  .  .  .  #  #  #  #  #  #  #  #  #  #  #  
        14 #  .  .  .  .  .  #  #  #  #  #  #  #  #  #  #  .  .  .  .  .  #  #  #  #  #  #  #  #  #  
        15 #  .  .  .  .  .  #  #  #  #  #  #  #  #  #  #  #  #  #  .  .  .  .  .  #  #  #  #  #  #  
        16 #  #  .  .  .  .  .  #  #  #  #  #  #  #  #  #  #  #  #  #  #  .  .  .  .  .  .  .  #  #  
        17 #  #  .  .  .  .  .  #  #  #  #  #  #  #  #  #  #  #  #  #  #  #  #  .  .  .  .  .  #  #  
        18 #  #  .  .  .  .  .  #  #  #  #  #  #  #  #  #  #  #  #  #  #  #  #  .  .  .  .  .  #  #  
        19 #  #  .  .  .  .  .  #  #  #  #  #  #  #  #  #  #  #  #  #  #  #  #  .  .  .  .  .  #  #  
        20 #  #  .  .  .  .  .  #  #  #  #  #  #  #  #  #  #  #  #  #  #  #  #  .  .  .  .  .  #  #  
        21 #  .  .  .  .  .  #  #  #  #  #  #  #  #  #  #  #  #  #  #  #  #  #  .  .  .  .  .  #  #  
        22 #  .  .  .  .  .  #  #  #  #  #  #  #  #  #  #  #  #  #  #  #  #  #  .  .  .  .  .  #  #  
        23 #  .  .  .  .  .  #  #  #  #  #  #  #  #  #  #  #  #  #  #  #  #  #  .  .  .  .  .  #  #  
        24 #  .  .  .  .  .  #  #  #  #  #  #  #  #  #  #  #  #  #  #  #  #  #  #  .  .  .  .  .  #  
        25 #  .  .  .  .  .  #  #  #  #  #  #  #  #  #  #  #  #  #  #  #  #  #  #  .  .  .  .  .  #  
        26 #  S  X  S  S  S  #  #  #  #  #  #  #  #  #  #  #  #  #  #  #  #  #  #  F  F  F  F  F  #  
        27 #  #  #  #  #  #  #  #  #  #  #  #  #  #  #  #  #  #  #  #  #  #  #  #  #  #  #  #  #  #  

        # moves taken:  499
        trial runtime:  0.27s

        trial 8
           0  1  2  3  4  5  6  7  8  9  10 11 12 13 14 15 16 17 18 19 20 21 22 23 24 25 26 27 28 29 
        0  #  #  #  #  #  #  #  #  #  #  #  #  #  #  #  #  #  #  #  #  #  #  #  #  #  #  #  #  #  #  
        1  #  #  #  #  #  #  #  #  #  .  .  .  .  .  .  .  .  .  .  .  .  .  #  #  #  #  #  #  #  #  
        2  #  #  #  #  #  .  .  .  .  .  .  .  .  .  .  .  .  .  .  .  .  .  .  .  .  .  #  #  #  #  
        3  #  #  #  .  .  .  .  .  .  .  .  .  .  .  .  .  .  .  .  .  .  .  .  .  .  .  .  #  #  #  
        4  #  #  .  .  .  .  .  .  #  #  #  #  #  #  #  #  #  #  .  .  .  .  .  .  .  #  #  #  #  #  
        5  #  #  .  .  .  .  .  #  #  #  #  #  #  #  #  #  #  #  #  .  .  .  .  .  #  #  #  #  #  #  
        6  #  #  .  .  .  .  .  #  #  #  #  #  #  #  #  #  #  .  .  .  .  .  #  #  #  #  #  #  #  #  
        7  #  #  .  .  .  .  .  #  #  #  #  #  #  #  #  .  .  .  .  .  #  #  #  #  #  #  #  #  #  #  
        8  #  #  .  .  .  .  .  #  #  #  #  #  #  #  .  .  .  .  .  #  #  #  #  #  #  #  #  #  #  #  
        9  #  #  .  .  .  .  .  #  #  #  #  #  .  .  .  .  .  #  #  #  #  #  #  #  #  #  #  #  #  #  
        10 #  #  .  .  .  .  .  #  #  #  .  .  .  .  .  #  #  #  #  #  #  #  #  #  #  #  #  #  #  #  
        11 #  #  .  .  .  .  .  #  #  #  #  #  .  .  .  .  .  #  #  #  #  #  #  #  #  #  #  #  #  #  
        12 #  .  .  .  .  .  #  #  #  #  #  #  #  .  .  .  .  .  #  #  #  #  #  #  #  #  #  #  #  #  
        13 #  .  .  .  .  .  #  #  #  #  #  #  #  #  .  .  .  .  .  #  #  #  #  #  #  #  #  #  #  #  
        14 #  .  .  .  .  .  #  #  #  #  #  #  #  #  #  #  .  .  .  .  .  #  #  #  #  #  #  #  #  #  
        15 #  .  .  .  .  .  #  #  #  #  #  #  #  #  #  #  #  #  #  .  .  .  .  .  #  #  #  #  #  #  
        16 #  #  .  .  .  .  .  #  #  #  #  #  #  #  #  #  #  #  #  #  #  .  .  .  .  .  .  .  #  #  
        17 #  #  .  .  .  .  .  #  #  #  #  #  #  #  #  #  #  #  #  #  #  #  #  .  .  .  .  .  #  #  
        18 #  #  .  .  .  .  .  #  #  #  #  #  #  #  #  #  #  #  #  #  #  #  #  .  .  .  .  .  #  #  
        19 #  #  .  .  .  .  .  #  #  #  #  #  #  #  #  #  #  #  #  #  #  #  #  .  .  .  .  .  #  #  
        20 #  #  .  .  .  .  .  #  #  #  #  #  #  #  #  #  #  #  #  #  #  #  #  .  .  .  .  .  #  #  
        21 #  .  .  .  .  .  #  #  #  #  #  #  #  #  #  #  #  #  #  #  #  #  #  .  .  .  .  .  #  #  
        22 #  .  .  .  .  .  #  #  #  #  #  #  #  #  #  #  #  #  #  #  #  #  #  .  .  .  .  .  #  #  
        23 #  .  .  .  .  .  #  #  #  #  #  #  #  #  #  #  #  #  #  #  #  #  #  .  .  .  .  .  #  #  
        24 #  .  .  .  .  .  #  #  #  #  #  #  #  #  #  #  #  #  #  #  #  #  #  #  .  .  .  .  .  #  
        25 #  .  .  .  .  .  #  #  #  #  #  #  #  #  #  #  #  #  #  #  #  #  #  #  .  .  .  .  .  #  
        26 #  X  S  S  S  S  #  #  #  #  #  #  #  #  #  #  #  #  #  #  #  #  #  #  F  F  F  F  F  #  
        27 #  #  #  #  #  #  #  #  #  #  #  #  #  #  #  #  #  #  #  #  #  #  #  #  #  #  #  #  #  #  

        # moves taken:  499
        trial runtime:  0.25s

        trial 9
           0  1  2  3  4  5  6  7  8  9  10 11 12 13 14 15 16 17 18 19 20 21 22 23 24 25 26 27 28 29 
        0  #  #  #  #  #  #  #  #  #  #  #  #  #  #  #  #  #  #  #  #  #  #  #  #  #  #  #  #  #  #  
        1  #  #  #  #  #  #  #  #  #  .  .  .  .  .  .  .  .  .  .  .  .  .  #  #  #  #  #  #  #  #  
        2  #  #  #  #  #  .  .  .  .  .  .  .  .  .  .  .  .  .  .  .  .  .  .  .  .  .  #  #  #  #  
        3  #  #  #  .  .  .  .  .  .  .  .  .  .  .  .  .  .  .  .  .  .  .  .  .  .  .  .  #  #  #  
        4  #  #  .  .  .  .  .  .  #  #  #  #  #  #  #  #  #  #  .  .  .  .  .  .  .  #  #  #  #  #  
        5  #  #  .  .  .  .  .  #  #  #  #  #  #  #  #  #  #  #  #  .  .  .  .  .  #  #  #  #  #  #  
        6  #  #  .  .  .  .  .  #  #  #  #  #  #  #  #  #  #  .  .  .  .  .  #  #  #  #  #  #  #  #  
        7  #  #  .  .  .  .  .  #  #  #  #  #  #  #  #  .  .  .  .  .  #  #  #  #  #  #  #  #  #  #  
        8  #  #  .  .  .  .  .  #  #  #  #  #  #  #  .  .  .  .  .  #  #  #  #  #  #  #  #  #  #  #  
        9  #  #  .  .  .  .  .  #  #  #  #  #  .  .  .  .  .  #  #  #  #  #  #  #  #  #  #  #  #  #  
        10 #  #  .  .  .  .  .  #  #  #  .  .  .  .  .  #  #  #  #  #  #  #  #  #  #  #  #  #  #  #  
        11 #  #  .  .  .  .  .  #  #  #  #  #  .  .  .  .  .  #  #  #  #  #  #  #  #  #  #  #  #  #  
        12 #  .  .  .  .  .  #  #  #  #  #  #  #  .  .  .  .  .  #  #  #  #  #  #  #  #  #  #  #  #  
        13 #  .  .  .  .  .  #  #  #  #  #  #  #  #  .  .  .  .  .  #  #  #  #  #  #  #  #  #  #  #  
        14 #  .  .  .  .  .  #  #  #  #  #  #  #  #  #  #  .  .  .  .  .  #  #  #  #  #  #  #  #  #  
        15 #  .  .  .  .  .  #  #  #  #  #  #  #  #  #  #  #  #  #  .  .  .  .  .  #  #  #  #  #  #  
        16 #  #  .  .  .  .  .  #  #  #  #  #  #  #  #  #  #  #  #  #  #  .  .  .  .  .  .  .  #  #  
        17 #  #  .  .  .  .  .  #  #  #  #  #  #  #  #  #  #  #  #  #  #  #  #  .  .  .  .  .  #  #  
        18 #  #  .  .  .  .  .  #  #  #  #  #  #  #  #  #  #  #  #  #  #  #  #  .  .  .  .  .  #  #  
        19 #  #  .  .  .  .  .  #  #  #  #  #  #  #  #  #  #  #  #  #  #  #  #  .  .  .  .  .  #  #  
        20 #  #  .  .  .  .  .  #  #  #  #  #  #  #  #  #  #  #  #  #  #  #  #  .  .  .  .  .  #  #  
        21 #  .  .  .  .  .  #  #  #  #  #  #  #  #  #  #  #  #  #  #  #  #  #  .  .  .  .  .  #  #  
        22 #  .  .  .  .  .  #  #  #  #  #  #  #  #  #  #  #  #  #  #  #  #  #  .  .  .  .  .  #  #  
        23 #  .  .  .  .  .  #  #  #  #  #  #  #  #  #  #  #  #  #  #  #  #  #  .  .  .  .  .  #  #  
        24 #  .  .  .  .  .  #  #  #  #  #  #  #  #  #  #  #  #  #  #  #  #  #  #  .  .  .  .  .  #  
        25 #  .  .  .  .  .  #  #  #  #  #  #  #  #  #  #  #  #  #  #  #  #  #  #  .  .  .  .  .  #  
        26 #  S  S  S  S  X  #  #  #  #  #  #  #  #  #  #  #  #  #  #  #  #  #  #  F  F  F  F  F  #  
        27 #  #  #  #  #  #  #  #  #  #  #  #  #  #  #  #  #  #  #  #  #  #  #  #  #  #  #  #  #  #  

        # moves taken:  499
        trial runtime:  0.24s

====================================================================================================
====================================================================================================
-- Q-learning --

start of training, for 500000 total iterations
policy backtrack took:  0.24s

policy finalized after 1316.29s

# time trials to run:  10

        trial 0
           0  1  2  3  4  5  6  7  8  9  10 11 12 13 14 15 16 17 18 19 20 21 22 23 24 25 26 27 28 29 
        0  #  #  #  #  #  #  #  #  #  #  #  #  #  #  #  #  #  #  #  #  #  #  #  #  #  #  #  #  #  #  
        1  #  #  #  #  #  #  #  #  #  .  .  .  .  .  .  .  .  .  .  .  .  .  #  #  #  #  #  #  #  #  
        2  #  #  #  #  #  .  .  .  .  .  .  .  .  .  .  .  .  .  .  .  .  .  .  .  .  .  #  #  #  #  
        3  #  #  #  .  .  .  .  .  .  .  .  .  .  .  .  .  .  .  .  .  .  .  .  .  .  .  .  #  #  #  
        4  #  #  .  .  .  .  .  .  #  #  #  #  #  #  #  #  #  #  .  .  .  .  .  .  .  #  #  #  #  #  
        5  #  #  .  .  .  .  .  #  #  #  #  #  #  #  #  #  #  #  #  .  .  .  .  .  #  #  #  #  #  #  
        6  #  #  .  .  .  .  .  #  #  #  #  #  #  #  #  #  #  .  .  .  .  .  #  #  #  #  #  #  #  #  
        7  #  #  .  .  .  .  .  #  #  #  #  #  #  #  #  .  .  .  .  .  #  #  #  #  #  #  #  #  #  #  
        8  #  #  .  .  .  .  .  #  #  #  #  #  #  #  .  .  .  .  .  #  #  #  #  #  #  #  #  #  #  #  
        9  #  #  .  .  .  .  .  #  #  #  #  #  .  .  .  .  .  #  #  #  #  #  #  #  #  #  #  #  #  #  
        10 #  #  .  .  .  .  .  #  #  #  .  .  .  .  .  #  #  #  #  #  #  #  #  #  #  #  #  #  #  #  
        11 #  #  .  .  .  .  .  #  #  #  #  #  .  .  .  .  .  #  #  #  #  #  #  #  #  #  #  #  #  #  
        12 #  .  .  .  .  .  #  #  #  #  #  #  #  .  .  .  .  .  #  #  #  #  #  #  #  #  #  #  #  #  
        13 #  .  .  .  .  .  #  #  #  #  #  #  #  #  .  .  .  .  .  #  #  #  #  #  #  #  #  #  #  #  
        14 #  .  .  .  .  .  #  #  #  #  #  #  #  #  #  #  .  .  .  .  .  #  #  #  #  #  #  #  #  #  
        15 #  .  .  .  .  .  #  #  #  #  #  #  #  #  #  #  #  #  #  .  .  .  .  .  #  #  #  #  #  #  
        16 #  #  .  .  .  .  .  #  #  #  #  #  #  #  #  #  #  #  #  #  #  .  .  .  .  .  .  .  #  #  
        17 #  #  .  .  .  .  .  #  #  #  #  #  #  #  #  #  #  #  #  #  #  #  #  .  .  .  .  .  #  #  
        18 #  #  .  .  .  .  .  #  #  #  #  #  #  #  #  #  #  #  #  #  #  #  #  .  .  .  .  .  #  #  
        19 #  #  .  .  .  .  .  #  #  #  #  #  #  #  #  #  #  #  #  #  #  #  #  .  .  .  .  .  #  #  
        20 #  #  .  .  .  .  .  #  #  #  #  #  #  #  #  #  #  #  #  #  #  #  #  .  .  .  .  .  #  #  
        21 #  .  .  .  .  .  #  #  #  #  #  #  #  #  #  #  #  #  #  #  #  #  #  .  .  .  .  .  #  #  
        22 #  .  .  .  .  .  #  #  #  #  #  #  #  #  #  #  #  #  #  #  #  #  #  .  .  .  .  .  #  #  
        23 #  .  .  .  .  .  #  #  #  #  #  #  #  #  #  #  #  #  #  #  #  #  #  .  .  .  .  .  #  #  
        24 #  .  .  .  .  .  #  #  #  #  #  #  #  #  #  #  #  #  #  #  #  #  #  #  .  .  .  .  .  #  
        25 #  .  .  .  .  .  #  #  #  #  #  #  #  #  #  #  #  #  #  #  #  #  #  #  .  .  .  .  .  #  
        26 #  S  S  X  S  S  #  #  #  #  #  #  #  #  #  #  #  #  #  #  #  #  #  #  F  F  F  F  F  #  
        27 #  #  #  #  #  #  #  #  #  #  #  #  #  #  #  #  #  #  #  #  #  #  #  #  #  #  #  #  #  #  

        # moves taken:  499
        trial runtime:  0.22s

        trial 1
           0  1  2  3  4  5  6  7  8  9  10 11 12 13 14 15 16 17 18 19 20 21 22 23 24 25 26 27 28 29 
        0  #  #  #  #  #  #  #  #  #  #  #  #  #  #  #  #  #  #  #  #  #  #  #  #  #  #  #  #  #  #  
        1  #  #  #  #  #  #  #  #  #  .  .  .  .  .  .  .  .  .  .  .  .  .  #  #  #  #  #  #  #  #  
        2  #  #  #  #  #  .  .  .  .  .  .  .  .  .  .  .  .  .  .  .  .  .  .  .  .  .  #  #  #  #  
        3  #  #  #  .  .  .  .  .  .  .  .  .  .  .  .  .  .  .  .  .  .  .  .  .  .  .  .  #  #  #  
        4  #  #  .  .  .  .  .  .  #  #  #  #  #  #  #  #  #  #  .  .  .  .  .  .  .  #  #  #  #  #  
        5  #  #  .  .  .  .  .  #  #  #  #  #  #  #  #  #  #  #  #  .  .  .  .  .  #  #  #  #  #  #  
        6  #  #  .  .  .  .  .  #  #  #  #  #  #  #  #  #  #  .  .  .  .  .  #  #  #  #  #  #  #  #  
        7  #  #  .  .  .  .  .  #  #  #  #  #  #  #  #  .  .  .  .  .  #  #  #  #  #  #  #  #  #  #  
        8  #  #  .  .  .  .  .  #  #  #  #  #  #  #  .  .  .  .  .  #  #  #  #  #  #  #  #  #  #  #  
        9  #  #  .  .  .  .  .  #  #  #  #  #  .  .  .  .  .  #  #  #  #  #  #  #  #  #  #  #  #  #  
        10 #  #  .  .  .  .  .  #  #  #  .  .  .  .  .  #  #  #  #  #  #  #  #  #  #  #  #  #  #  #  
        11 #  #  .  .  .  .  .  #  #  #  #  #  .  .  .  .  .  #  #  #  #  #  #  #  #  #  #  #  #  #  
        12 #  .  .  .  .  .  #  #  #  #  #  #  #  .  .  .  .  .  #  #  #  #  #  #  #  #  #  #  #  #  
        13 #  .  .  .  .  .  #  #  #  #  #  #  #  #  .  .  .  .  .  #  #  #  #  #  #  #  #  #  #  #  
        14 #  .  .  .  .  .  #  #  #  #  #  #  #  #  #  #  .  .  .  .  .  #  #  #  #  #  #  #  #  #  
        15 #  .  .  .  .  .  #  #  #  #  #  #  #  #  #  #  #  #  #  .  .  .  .  .  #  #  #  #  #  #  
        16 #  #  .  .  .  .  .  #  #  #  #  #  #  #  #  #  #  #  #  #  #  .  .  .  .  .  .  .  #  #  
        17 #  #  .  .  .  .  .  #  #  #  #  #  #  #  #  #  #  #  #  #  #  #  #  .  .  .  .  .  #  #  
        18 #  #  .  .  .  .  .  #  #  #  #  #  #  #  #  #  #  #  #  #  #  #  #  .  .  .  .  .  #  #  
        19 #  #  .  .  .  .  .  #  #  #  #  #  #  #  #  #  #  #  #  #  #  #  #  .  .  .  .  .  #  #  
        20 #  #  .  .  .  .  .  #  #  #  #  #  #  #  #  #  #  #  #  #  #  #  #  .  .  .  .  .  #  #  
        21 #  .  .  .  .  .  #  #  #  #  #  #  #  #  #  #  #  #  #  #  #  #  #  .  .  .  .  .  #  #  
        22 #  .  .  .  .  .  #  #  #  #  #  #  #  #  #  #  #  #  #  #  #  #  #  .  .  .  .  .  #  #  
        23 #  .  .  .  .  .  #  #  #  #  #  #  #  #  #  #  #  #  #  #  #  #  #  .  .  .  .  .  #  #  
        24 #  .  .  .  .  .  #  #  #  #  #  #  #  #  #  #  #  #  #  #  #  #  #  #  .  .  .  .  .  #  
        25 #  .  .  .  .  .  #  #  #  #  #  #  #  #  #  #  #  #  #  #  #  #  #  #  .  .  .  .  .  #  
        26 #  X  S  S  S  S  #  #  #  #  #  #  #  #  #  #  #  #  #  #  #  #  #  #  F  F  F  F  F  #  
        27 #  #  #  #  #  #  #  #  #  #  #  #  #  #  #  #  #  #  #  #  #  #  #  #  #  #  #  #  #  #  

        # moves taken:  499
        trial runtime:  0.22s

        trial 2
           0  1  2  3  4  5  6  7  8  9  10 11 12 13 14 15 16 17 18 19 20 21 22 23 24 25 26 27 28 29 
        0  #  #  #  #  #  #  #  #  #  #  #  #  #  #  #  #  #  #  #  #  #  #  #  #  #  #  #  #  #  #  
        1  #  #  #  #  #  #  #  #  #  .  .  .  .  .  .  .  .  .  .  .  .  .  #  #  #  #  #  #  #  #  
        2  #  #  #  #  #  .  .  .  .  .  .  .  .  .  .  .  .  .  .  .  .  .  .  .  .  .  #  #  #  #  
        3  #  #  #  .  .  .  .  .  .  .  .  .  .  .  .  .  .  .  .  .  .  .  .  .  .  .  .  #  #  #  
        4  #  #  .  .  .  .  .  .  #  #  #  #  #  #  #  #  #  #  .  .  .  .  .  .  .  #  #  #  #  #  
        5  #  #  .  .  .  .  .  #  #  #  #  #  #  #  #  #  #  #  #  .  .  .  .  .  #  #  #  #  #  #  
        6  #  #  .  .  .  .  .  #  #  #  #  #  #  #  #  #  #  .  .  .  .  .  #  #  #  #  #  #  #  #  
        7  #  #  .  .  .  .  .  #  #  #  #  #  #  #  #  .  .  .  .  .  #  #  #  #  #  #  #  #  #  #  
        8  #  #  .  .  .  .  .  #  #  #  #  #  #  #  .  .  .  .  .  #  #  #  #  #  #  #  #  #  #  #  
        9  #  #  .  .  .  .  .  #  #  #  #  #  .  .  .  .  .  #  #  #  #  #  #  #  #  #  #  #  #  #  
        10 #  #  .  .  .  .  .  #  #  #  .  .  .  .  .  #  #  #  #  #  #  #  #  #  #  #  #  #  #  #  
        11 #  #  .  .  .  .  .  #  #  #  #  #  .  .  .  .  .  #  #  #  #  #  #  #  #  #  #  #  #  #  
        12 #  .  .  .  .  .  #  #  #  #  #  #  #  .  .  .  .  .  #  #  #  #  #  #  #  #  #  #  #  #  
        13 #  .  .  .  .  .  #  #  #  #  #  #  #  #  .  .  .  .  .  #  #  #  #  #  #  #  #  #  #  #  
        14 #  .  .  .  .  .  #  #  #  #  #  #  #  #  #  #  .  .  .  .  .  #  #  #  #  #  #  #  #  #  
        15 #  .  .  .  .  .  #  #  #  #  #  #  #  #  #  #  #  #  #  .  .  .  .  .  #  #  #  #  #  #  
        16 #  #  .  .  .  .  .  #  #  #  #  #  #  #  #  #  #  #  #  #  #  .  .  .  .  .  .  .  #  #  
        17 #  #  .  .  .  .  .  #  #  #  #  #  #  #  #  #  #  #  #  #  #  #  #  .  .  .  .  .  #  #  
        18 #  #  .  .  .  .  .  #  #  #  #  #  #  #  #  #  #  #  #  #  #  #  #  .  .  .  .  .  #  #  
        19 #  #  .  .  .  .  .  #  #  #  #  #  #  #  #  #  #  #  #  #  #  #  #  .  .  .  .  .  #  #  
        20 #  #  .  .  .  .  .  #  #  #  #  #  #  #  #  #  #  #  #  #  #  #  #  .  .  .  .  .  #  #  
        21 #  .  .  .  .  .  #  #  #  #  #  #  #  #  #  #  #  #  #  #  #  #  #  .  .  .  .  .  #  #  
        22 #  .  .  .  .  .  #  #  #  #  #  #  #  #  #  #  #  #  #  #  #  #  #  .  .  .  .  .  #  #  
        23 #  .  .  .  .  .  #  #  #  #  #  #  #  #  #  #  #  #  #  #  #  #  #  .  .  .  .  .  #  #  
        24 #  .  .  .  .  .  #  #  #  #  #  #  #  #  #  #  #  #  #  #  #  #  #  #  .  .  .  .  .  #  
        25 #  .  .  .  .  .  #  #  #  #  #  #  #  #  #  #  #  #  #  #  #  #  #  #  .  .  .  .  .  #  
        26 #  S  S  S  S  X  #  #  #  #  #  #  #  #  #  #  #  #  #  #  #  #  #  #  F  F  F  F  F  #  
        27 #  #  #  #  #  #  #  #  #  #  #  #  #  #  #  #  #  #  #  #  #  #  #  #  #  #  #  #  #  #  

        # moves taken:  499
        trial runtime:  0.23s

        trial 3
           0  1  2  3  4  5  6  7  8  9  10 11 12 13 14 15 16 17 18 19 20 21 22 23 24 25 26 27 28 29 
        0  #  #  #  #  #  #  #  #  #  #  #  #  #  #  #  #  #  #  #  #  #  #  #  #  #  #  #  #  #  #  
        1  #  #  #  #  #  #  #  #  #  .  .  .  .  .  .  .  .  .  .  .  .  .  #  #  #  #  #  #  #  #  
        2  #  #  #  #  #  .  .  .  .  .  .  .  .  .  .  .  .  .  .  .  .  .  .  .  .  .  #  #  #  #  
        3  #  #  #  .  .  .  .  .  .  .  .  .  .  .  .  .  .  .  .  .  .  .  .  .  .  .  .  #  #  #  
        4  #  #  .  .  .  .  .  .  #  #  #  #  #  #  #  #  #  #  .  .  .  .  .  .  .  #  #  #  #  #  
        5  #  #  .  .  .  .  .  #  #  #  #  #  #  #  #  #  #  #  #  .  .  .  .  .  #  #  #  #  #  #  
        6  #  #  .  .  .  .  .  #  #  #  #  #  #  #  #  #  #  .  .  .  .  .  #  #  #  #  #  #  #  #  
        7  #  #  .  .  .  .  .  #  #  #  #  #  #  #  #  .  .  .  .  .  #  #  #  #  #  #  #  #  #  #  
        8  #  #  .  .  .  .  .  #  #  #  #  #  #  #  .  .  .  .  .  #  #  #  #  #  #  #  #  #  #  #  
        9  #  #  .  .  .  .  .  #  #  #  #  #  .  .  .  .  .  #  #  #  #  #  #  #  #  #  #  #  #  #  
        10 #  #  .  .  .  .  .  #  #  #  .  .  .  .  .  #  #  #  #  #  #  #  #  #  #  #  #  #  #  #  
        11 #  #  .  .  .  .  .  #  #  #  #  #  .  .  .  .  .  #  #  #  #  #  #  #  #  #  #  #  #  #  
        12 #  .  .  .  .  .  #  #  #  #  #  #  #  .  .  .  .  .  #  #  #  #  #  #  #  #  #  #  #  #  
        13 #  .  .  .  .  .  #  #  #  #  #  #  #  #  .  .  .  .  .  #  #  #  #  #  #  #  #  #  #  #  
        14 #  .  .  .  .  .  #  #  #  #  #  #  #  #  #  #  .  .  .  .  .  #  #  #  #  #  #  #  #  #  
        15 #  .  .  .  .  .  #  #  #  #  #  #  #  #  #  #  #  #  #  .  .  .  .  .  #  #  #  #  #  #  
        16 #  #  .  .  .  .  .  #  #  #  #  #  #  #  #  #  #  #  #  #  #  .  .  .  .  .  .  .  #  #  
        17 #  #  .  .  .  .  .  #  #  #  #  #  #  #  #  #  #  #  #  #  #  #  #  .  .  .  .  .  #  #  
        18 #  #  .  .  .  .  .  #  #  #  #  #  #  #  #  #  #  #  #  #  #  #  #  .  .  .  .  .  #  #  
        19 #  #  .  .  .  .  .  #  #  #  #  #  #  #  #  #  #  #  #  #  #  #  #  .  .  .  .  .  #  #  
        20 #  #  .  .  .  .  .  #  #  #  #  #  #  #  #  #  #  #  #  #  #  #  #  .  .  .  .  .  #  #  
        21 #  .  .  .  .  .  #  #  #  #  #  #  #  #  #  #  #  #  #  #  #  #  #  .  .  .  .  .  #  #  
        22 #  .  .  .  .  .  #  #  #  #  #  #  #  #  #  #  #  #  #  #  #  #  #  .  .  .  .  .  #  #  
        23 #  .  .  .  .  .  #  #  #  #  #  #  #  #  #  #  #  #  #  #  #  #  #  .  .  .  .  .  #  #  
        24 #  .  .  .  .  .  #  #  #  #  #  #  #  #  #  #  #  #  #  #  #  #  #  #  .  .  .  .  .  #  
        25 #  .  .  .  .  .  #  #  #  #  #  #  #  #  #  #  #  #  #  #  #  #  #  #  .  .  .  .  .  #  
        26 #  S  S  S  S  X  #  #  #  #  #  #  #  #  #  #  #  #  #  #  #  #  #  #  F  F  F  F  F  #  
        27 #  #  #  #  #  #  #  #  #  #  #  #  #  #  #  #  #  #  #  #  #  #  #  #  #  #  #  #  #  #  

        # moves taken:  499
        trial runtime:  0.20s

        trial 4
           0  1  2  3  4  5  6  7  8  9  10 11 12 13 14 15 16 17 18 19 20 21 22 23 24 25 26 27 28 29 
        0  #  #  #  #  #  #  #  #  #  #  #  #  #  #  #  #  #  #  #  #  #  #  #  #  #  #  #  #  #  #  
        1  #  #  #  #  #  #  #  #  #  .  .  .  .  .  .  .  .  .  .  .  .  .  #  #  #  #  #  #  #  #  
        2  #  #  #  #  #  .  .  .  .  .  .  .  .  .  .  .  .  .  .  .  .  .  .  .  .  .  #  #  #  #  
        3  #  #  #  .  .  .  .  .  .  .  .  .  .  .  .  .  .  .  .  .  .  .  .  .  .  .  .  #  #  #  
        4  #  #  .  .  .  .  .  .  #  #  #  #  #  #  #  #  #  #  .  .  .  .  .  .  .  #  #  #  #  #  
        5  #  #  .  .  .  .  .  #  #  #  #  #  #  #  #  #  #  #  #  .  .  .  .  .  #  #  #  #  #  #  
        6  #  #  .  .  .  .  .  #  #  #  #  #  #  #  #  #  #  .  .  .  .  .  #  #  #  #  #  #  #  #  
        7  #  #  .  .  .  .  .  #  #  #  #  #  #  #  #  .  .  .  .  .  #  #  #  #  #  #  #  #  #  #  
        8  #  #  .  .  .  .  .  #  #  #  #  #  #  #  .  .  .  .  .  #  #  #  #  #  #  #  #  #  #  #  
        9  #  #  .  .  .  .  .  #  #  #  #  #  .  .  .  .  .  #  #  #  #  #  #  #  #  #  #  #  #  #  
        10 #  #  .  .  .  .  .  #  #  #  .  .  .  .  .  #  #  #  #  #  #  #  #  #  #  #  #  #  #  #  
        11 #  #  .  .  .  .  .  #  #  #  #  #  .  .  .  .  .  #  #  #  #  #  #  #  #  #  #  #  #  #  
        12 #  .  .  .  .  .  #  #  #  #  #  #  #  .  .  .  .  .  #  #  #  #  #  #  #  #  #  #  #  #  
        13 #  .  .  .  .  .  #  #  #  #  #  #  #  #  .  .  .  .  .  #  #  #  #  #  #  #  #  #  #  #  
        14 #  .  .  .  .  .  #  #  #  #  #  #  #  #  #  #  .  .  .  .  .  #  #  #  #  #  #  #  #  #  
        15 #  .  .  .  .  .  #  #  #  #  #  #  #  #  #  #  #  #  #  .  .  .  .  .  #  #  #  #  #  #  
        16 #  #  .  .  .  .  .  #  #  #  #  #  #  #  #  #  #  #  #  #  #  .  .  .  .  .  .  .  #  #  
        17 #  #  .  .  .  .  .  #  #  #  #  #  #  #  #  #  #  #  #  #  #  #  #  .  .  .  .  .  #  #  
        18 #  #  .  .  .  .  .  #  #  #  #  #  #  #  #  #  #  #  #  #  #  #  #  .  .  .  .  .  #  #  
        19 #  #  .  .  .  .  .  #  #  #  #  #  #  #  #  #  #  #  #  #  #  #  #  .  .  .  .  .  #  #  
        20 #  #  .  .  .  .  .  #  #  #  #  #  #  #  #  #  #  #  #  #  #  #  #  .  .  .  .  .  #  #  
        21 #  .  .  .  .  .  #  #  #  #  #  #  #  #  #  #  #  #  #  #  #  #  #  .  .  .  .  .  #  #  
        22 #  .  .  .  .  .  #  #  #  #  #  #  #  #  #  #  #  #  #  #  #  #  #  .  .  .  .  .  #  #  
        23 #  .  .  .  .  .  #  #  #  #  #  #  #  #  #  #  #  #  #  #  #  #  #  .  .  .  .  .  #  #  
        24 #  .  .  .  .  .  #  #  #  #  #  #  #  #  #  #  #  #  #  #  #  #  #  #  .  .  .  .  .  #  
        25 #  .  .  .  .  .  #  #  #  #  #  #  #  #  #  #  #  #  #  #  #  #  #  #  .  .  .  .  .  #  
        26 #  S  X  S  S  S  #  #  #  #  #  #  #  #  #  #  #  #  #  #  #  #  #  #  F  F  F  F  F  #  
        27 #  #  #  #  #  #  #  #  #  #  #  #  #  #  #  #  #  #  #  #  #  #  #  #  #  #  #  #  #  #  

        # moves taken:  499
        trial runtime:  0.21s

        trial 5
           0  1  2  3  4  5  6  7  8  9  10 11 12 13 14 15 16 17 18 19 20 21 22 23 24 25 26 27 28 29 
        0  #  #  #  #  #  #  #  #  #  #  #  #  #  #  #  #  #  #  #  #  #  #  #  #  #  #  #  #  #  #  
        1  #  #  #  #  #  #  #  #  #  .  .  .  .  .  .  .  .  .  .  .  .  .  #  #  #  #  #  #  #  #  
        2  #  #  #  #  #  .  .  .  .  .  .  .  .  .  .  .  .  .  .  .  .  .  .  .  .  .  #  #  #  #  
        3  #  #  #  .  .  .  .  .  .  .  .  .  .  .  .  .  .  .  .  .  .  .  .  .  .  .  .  #  #  #  
        4  #  #  .  .  .  .  .  .  #  #  #  #  #  #  #  #  #  #  .  .  .  .  .  .  .  #  #  #  #  #  
        5  #  #  .  .  .  .  .  #  #  #  #  #  #  #  #  #  #  #  #  .  .  .  .  .  #  #  #  #  #  #  
        6  #  #  .  .  .  .  .  #  #  #  #  #  #  #  #  #  #  .  .  .  .  .  #  #  #  #  #  #  #  #  
        7  #  #  .  .  .  .  .  #  #  #  #  #  #  #  #  .  .  .  .  .  #  #  #  #  #  #  #  #  #  #  
        8  #  #  .  .  .  .  .  #  #  #  #  #  #  #  .  .  .  .  .  #  #  #  #  #  #  #  #  #  #  #  
        9  #  #  .  .  .  .  .  #  #  #  #  #  .  .  .  .  .  #  #  #  #  #  #  #  #  #  #  #  #  #  
        10 #  #  .  .  .  .  .  #  #  #  .  .  .  .  .  #  #  #  #  #  #  #  #  #  #  #  #  #  #  #  
        11 #  #  .  .  .  .  .  #  #  #  #  #  .  .  .  .  .  #  #  #  #  #  #  #  #  #  #  #  #  #  
        12 #  .  .  .  .  .  #  #  #  #  #  #  #  .  .  .  .  .  #  #  #  #  #  #  #  #  #  #  #  #  
        13 #  .  .  .  .  .  #  #  #  #  #  #  #  #  .  .  .  .  .  #  #  #  #  #  #  #  #  #  #  #  
        14 #  .  .  .  .  .  #  #  #  #  #  #  #  #  #  #  .  .  .  .  .  #  #  #  #  #  #  #  #  #  
        15 #  .  .  .  .  .  #  #  #  #  #  #  #  #  #  #  #  #  #  .  .  .  .  .  #  #  #  #  #  #  
        16 #  #  .  .  .  .  .  #  #  #  #  #  #  #  #  #  #  #  #  #  #  .  .  .  .  .  .  .  #  #  
        17 #  #  .  .  .  .  .  #  #  #  #  #  #  #  #  #  #  #  #  #  #  #  #  .  .  .  .  .  #  #  
        18 #  #  .  .  .  .  .  #  #  #  #  #  #  #  #  #  #  #  #  #  #  #  #  .  .  .  .  .  #  #  
        19 #  #  .  .  .  .  .  #  #  #  #  #  #  #  #  #  #  #  #  #  #  #  #  .  .  .  .  .  #  #  
        20 #  #  .  .  .  .  .  #  #  #  #  #  #  #  #  #  #  #  #  #  #  #  #  .  .  .  .  .  #  #  
        21 #  .  .  .  .  .  #  #  #  #  #  #  #  #  #  #  #  #  #  #  #  #  #  .  .  .  .  .  #  #  
        22 #  .  .  .  .  .  #  #  #  #  #  #  #  #  #  #  #  #  #  #  #  #  #  .  .  .  .  .  #  #  
        23 #  .  .  .  .  .  #  #  #  #  #  #  #  #  #  #  #  #  #  #  #  #  #  .  .  .  .  .  #  #  
        24 #  .  .  .  .  .  #  #  #  #  #  #  #  #  #  #  #  #  #  #  #  #  #  #  .  .  .  .  .  #  
        25 #  .  .  .  .  .  #  #  #  #  #  #  #  #  #  #  #  #  #  #  #  #  #  #  .  .  .  .  .  #  
        26 #  S  S  S  X  S  #  #  #  #  #  #  #  #  #  #  #  #  #  #  #  #  #  #  F  F  F  F  F  #  
        27 #  #  #  #  #  #  #  #  #  #  #  #  #  #  #  #  #  #  #  #  #  #  #  #  #  #  #  #  #  #  

        # moves taken:  499
        trial runtime:  0.23s

        trial 6
           0  1  2  3  4  5  6  7  8  9  10 11 12 13 14 15 16 17 18 19 20 21 22 23 24 25 26 27 28 29 
        0  #  #  #  #  #  #  #  #  #  #  #  #  #  #  #  #  #  #  #  #  #  #  #  #  #  #  #  #  #  #  
        1  #  #  #  #  #  #  #  #  #  .  .  .  .  .  .  .  .  .  .  .  .  .  #  #  #  #  #  #  #  #  
        2  #  #  #  #  #  .  .  .  .  .  .  .  .  .  .  .  .  .  .  .  .  .  .  .  .  .  #  #  #  #  
        3  #  #  #  .  .  .  .  .  .  .  .  .  .  .  .  .  .  .  .  .  .  .  .  .  .  .  .  #  #  #  
        4  #  #  .  .  .  .  .  .  #  #  #  #  #  #  #  #  #  #  .  .  .  .  .  .  .  #  #  #  #  #  
        5  #  #  .  .  .  .  .  #  #  #  #  #  #  #  #  #  #  #  #  .  .  .  .  .  #  #  #  #  #  #  
        6  #  #  .  .  .  .  .  #  #  #  #  #  #  #  #  #  #  .  .  .  .  .  #  #  #  #  #  #  #  #  
        7  #  #  .  .  .  .  .  #  #  #  #  #  #  #  #  .  .  .  .  .  #  #  #  #  #  #  #  #  #  #  
        8  #  #  .  .  .  .  .  #  #  #  #  #  #  #  .  .  .  .  .  #  #  #  #  #  #  #  #  #  #  #  
        9  #  #  .  .  .  .  .  #  #  #  #  #  .  .  .  .  .  #  #  #  #  #  #  #  #  #  #  #  #  #  
        10 #  #  .  .  .  .  .  #  #  #  .  .  .  .  .  #  #  #  #  #  #  #  #  #  #  #  #  #  #  #  
        11 #  #  .  .  .  .  .  #  #  #  #  #  .  .  .  .  .  #  #  #  #  #  #  #  #  #  #  #  #  #  
        12 #  .  .  .  .  .  #  #  #  #  #  #  #  .  .  .  .  .  #  #  #  #  #  #  #  #  #  #  #  #  
        13 #  .  .  .  .  .  #  #  #  #  #  #  #  #  .  .  .  .  .  #  #  #  #  #  #  #  #  #  #  #  
        14 #  .  .  .  .  .  #  #  #  #  #  #  #  #  #  #  .  .  .  .  .  #  #  #  #  #  #  #  #  #  
        15 #  .  .  .  .  .  #  #  #  #  #  #  #  #  #  #  #  #  #  .  .  .  .  .  #  #  #  #  #  #  
        16 #  #  .  .  .  .  .  #  #  #  #  #  #  #  #  #  #  #  #  #  #  .  .  .  .  .  .  .  #  #  
        17 #  #  .  .  .  .  .  #  #  #  #  #  #  #  #  #  #  #  #  #  #  #  #  .  .  .  .  .  #  #  
        18 #  #  .  .  .  .  .  #  #  #  #  #  #  #  #  #  #  #  #  #  #  #  #  .  .  .  .  .  #  #  
        19 #  #  .  .  .  .  .  #  #  #  #  #  #  #  #  #  #  #  #  #  #  #  #  .  .  .  .  .  #  #  
        20 #  #  .  .  .  .  .  #  #  #  #  #  #  #  #  #  #  #  #  #  #  #  #  .  .  .  .  .  #  #  
        21 #  .  .  .  .  .  #  #  #  #  #  #  #  #  #  #  #  #  #  #  #  #  #  .  .  .  .  .  #  #  
        22 #  .  .  .  .  .  #  #  #  #  #  #  #  #  #  #  #  #  #  #  #  #  #  .  .  .  .  .  #  #  
        23 #  .  .  .  .  .  #  #  #  #  #  #  #  #  #  #  #  #  #  #  #  #  #  .  .  .  .  .  #  #  
        24 #  .  .  .  .  .  #  #  #  #  #  #  #  #  #  #  #  #  #  #  #  #  #  #  .  .  .  .  .  #  
        25 #  .  .  .  .  .  #  #  #  #  #  #  #  #  #  #  #  #  #  #  #  #  #  #  .  .  .  .  .  #  
        26 #  X  S  S  S  S  #  #  #  #  #  #  #  #  #  #  #  #  #  #  #  #  #  #  F  F  F  F  F  #  
        27 #  #  #  #  #  #  #  #  #  #  #  #  #  #  #  #  #  #  #  #  #  #  #  #  #  #  #  #  #  #  

        # moves taken:  499
        trial runtime:  0.23s

        trial 7
           0  1  2  3  4  5  6  7  8  9  10 11 12 13 14 15 16 17 18 19 20 21 22 23 24 25 26 27 28 29 
        0  #  #  #  #  #  #  #  #  #  #  #  #  #  #  #  #  #  #  #  #  #  #  #  #  #  #  #  #  #  #  
        1  #  #  #  #  #  #  #  #  #  .  .  .  .  .  .  .  .  .  .  .  .  .  #  #  #  #  #  #  #  #  
        2  #  #  #  #  #  .  .  .  .  .  .  .  .  .  .  .  .  .  .  .  .  .  .  .  .  .  #  #  #  #  
        3  #  #  #  .  .  .  .  .  .  .  .  .  .  .  .  .  .  .  .  .  .  .  .  .  .  .  .  #  #  #  
        4  #  #  .  .  .  .  .  .  #  #  #  #  #  #  #  #  #  #  .  .  .  .  .  .  .  #  #  #  #  #  
        5  #  #  .  .  .  .  .  #  #  #  #  #  #  #  #  #  #  #  #  .  .  .  .  .  #  #  #  #  #  #  
        6  #  #  .  .  .  .  .  #  #  #  #  #  #  #  #  #  #  .  .  .  .  .  #  #  #  #  #  #  #  #  
        7  #  #  .  .  .  .  .  #  #  #  #  #  #  #  #  .  .  .  .  .  #  #  #  #  #  #  #  #  #  #  
        8  #  #  .  .  .  .  .  #  #  #  #  #  #  #  .  .  .  .  .  #  #  #  #  #  #  #  #  #  #  #  
        9  #  #  .  .  .  .  .  #  #  #  #  #  .  .  .  .  .  #  #  #  #  #  #  #  #  #  #  #  #  #  
        10 #  #  .  .  .  .  .  #  #  #  .  .  .  .  .  #  #  #  #  #  #  #  #  #  #  #  #  #  #  #  
        11 #  #  .  .  .  .  .  #  #  #  #  #  .  .  .  .  .  #  #  #  #  #  #  #  #  #  #  #  #  #  
        12 #  .  .  .  .  .  #  #  #  #  #  #  #  .  .  .  .  .  #  #  #  #  #  #  #  #  #  #  #  #  
        13 #  .  .  .  .  .  #  #  #  #  #  #  #  #  .  .  .  .  .  #  #  #  #  #  #  #  #  #  #  #  
        14 #  .  .  .  .  .  #  #  #  #  #  #  #  #  #  #  .  .  .  .  .  #  #  #  #  #  #  #  #  #  
        15 #  .  .  .  .  .  #  #  #  #  #  #  #  #  #  #  #  #  #  .  .  .  .  .  #  #  #  #  #  #  
        16 #  #  .  .  .  .  .  #  #  #  #  #  #  #  #  #  #  #  #  #  #  .  .  .  .  .  .  .  #  #  
        17 #  #  .  .  .  .  .  #  #  #  #  #  #  #  #  #  #  #  #  #  #  #  #  .  .  .  .  .  #  #  
        18 #  #  .  .  .  .  .  #  #  #  #  #  #  #  #  #  #  #  #  #  #  #  #  .  .  .  .  .  #  #  
        19 #  #  .  .  .  .  .  #  #  #  #  #  #  #  #  #  #  #  #  #  #  #  #  .  .  .  .  .  #  #  
        20 #  #  .  .  .  .  .  #  #  #  #  #  #  #  #  #  #  #  #  #  #  #  #  .  .  .  .  .  #  #  
        21 #  .  .  .  .  .  #  #  #  #  #  #  #  #  #  #  #  #  #  #  #  #  #  .  .  .  .  .  #  #  
        22 #  .  .  .  .  .  #  #  #  #  #  #  #  #  #  #  #  #  #  #  #  #  #  .  .  .  .  .  #  #  
        23 #  .  .  .  .  .  #  #  #  #  #  #  #  #  #  #  #  #  #  #  #  #  #  .  .  .  .  .  #  #  
        24 #  .  .  .  .  .  #  #  #  #  #  #  #  #  #  #  #  #  #  #  #  #  #  #  .  .  .  .  .  #  
        25 #  .  .  .  .  .  #  #  #  #  #  #  #  #  #  #  #  #  #  #  #  #  #  #  .  .  .  .  .  #  
        26 #  S  S  S  X  S  #  #  #  #  #  #  #  #  #  #  #  #  #  #  #  #  #  #  F  F  F  F  F  #  
        27 #  #  #  #  #  #  #  #  #  #  #  #  #  #  #  #  #  #  #  #  #  #  #  #  #  #  #  #  #  #  

        # moves taken:  499
        trial runtime:  0.22s

        trial 8
           0  1  2  3  4  5  6  7  8  9  10 11 12 13 14 15 16 17 18 19 20 21 22 23 24 25 26 27 28 29 
        0  #  #  #  #  #  #  #  #  #  #  #  #  #  #  #  #  #  #  #  #  #  #  #  #  #  #  #  #  #  #  
        1  #  #  #  #  #  #  #  #  #  .  .  .  .  .  .  .  .  .  .  .  .  .  #  #  #  #  #  #  #  #  
        2  #  #  #  #  #  .  .  .  .  .  .  .  .  .  .  .  .  .  .  .  .  .  .  .  .  .  #  #  #  #  
        3  #  #  #  .  .  .  .  .  .  .  .  .  .  .  .  .  .  .  .  .  .  .  .  .  .  .  .  #  #  #  
        4  #  #  .  .  .  .  .  .  #  #  #  #  #  #  #  #  #  #  .  .  .  .  .  .  .  #  #  #  #  #  
        5  #  #  .  .  .  .  .  #  #  #  #  #  #  #  #  #  #  #  #  .  .  .  .  .  #  #  #  #  #  #  
        6  #  #  .  .  .  .  .  #  #  #  #  #  #  #  #  #  #  .  .  .  .  .  #  #  #  #  #  #  #  #  
        7  #  #  .  .  .  .  .  #  #  #  #  #  #  #  #  .  .  .  .  .  #  #  #  #  #  #  #  #  #  #  
        8  #  #  .  .  .  .  .  #  #  #  #  #  #  #  .  .  .  .  .  #  #  #  #  #  #  #  #  #  #  #  
        9  #  #  .  .  .  .  .  #  #  #  #  #  .  .  .  .  .  #  #  #  #  #  #  #  #  #  #  #  #  #  
        10 #  #  .  .  .  .  .  #  #  #  .  .  .  .  .  #  #  #  #  #  #  #  #  #  #  #  #  #  #  #  
        11 #  #  .  .  .  .  .  #  #  #  #  #  .  .  .  .  .  #  #  #  #  #  #  #  #  #  #  #  #  #  
        12 #  .  .  .  .  .  #  #  #  #  #  #  #  .  .  .  .  .  #  #  #  #  #  #  #  #  #  #  #  #  
        13 #  .  .  .  .  .  #  #  #  #  #  #  #  #  .  .  .  .  .  #  #  #  #  #  #  #  #  #  #  #  
        14 #  .  .  .  .  .  #  #  #  #  #  #  #  #  #  #  .  .  .  .  .  #  #  #  #  #  #  #  #  #  
        15 #  .  .  .  .  .  #  #  #  #  #  #  #  #  #  #  #  #  #  .  .  .  .  .  #  #  #  #  #  #  
        16 #  #  .  .  .  .  .  #  #  #  #  #  #  #  #  #  #  #  #  #  #  .  .  .  .  .  .  .  #  #  
        17 #  #  .  .  .  .  .  #  #  #  #  #  #  #  #  #  #  #  #  #  #  #  #  .  .  .  .  .  #  #  
        18 #  #  .  .  .  .  .  #  #  #  #  #  #  #  #  #  #  #  #  #  #  #  #  .  .  .  .  .  #  #  
        19 #  #  .  .  .  .  .  #  #  #  #  #  #  #  #  #  #  #  #  #  #  #  #  .  .  .  .  .  #  #  
        20 #  #  .  .  .  .  .  #  #  #  #  #  #  #  #  #  #  #  #  #  #  #  #  .  .  .  .  .  #  #  
        21 #  .  .  .  .  .  #  #  #  #  #  #  #  #  #  #  #  #  #  #  #  #  #  .  .  .  .  .  #  #  
        22 #  .  .  .  .  .  #  #  #  #  #  #  #  #  #  #  #  #  #  #  #  #  #  .  .  .  .  .  #  #  
        23 #  .  .  .  .  .  #  #  #  #  #  #  #  #  #  #  #  #  #  #  #  #  #  .  .  .  .  .  #  #  
        24 #  .  .  .  .  .  #  #  #  #  #  #  #  #  #  #  #  #  #  #  #  #  #  #  .  .  .  .  .  #  
        25 #  .  .  .  .  .  #  #  #  #  #  #  #  #  #  #  #  #  #  #  #  #  #  #  .  .  .  .  .  #  
        26 #  S  X  S  S  S  #  #  #  #  #  #  #  #  #  #  #  #  #  #  #  #  #  #  F  F  F  F  F  #  
        27 #  #  #  #  #  #  #  #  #  #  #  #  #  #  #  #  #  #  #  #  #  #  #  #  #  #  #  #  #  #  

        # moves taken:  499
        trial runtime:  0.22s

        trial 9
           0  1  2  3  4  5  6  7  8  9  10 11 12 13 14 15 16 17 18 19 20 21 22 23 24 25 26 27 28 29 
        0  #  #  #  #  #  #  #  #  #  #  #  #  #  #  #  #  #  #  #  #  #  #  #  #  #  #  #  #  #  #  
        1  #  #  #  #  #  #  #  #  #  .  .  .  .  .  .  .  .  .  .  .  .  .  #  #  #  #  #  #  #  #  
        2  #  #  #  #  #  .  .  .  .  .  .  .  .  .  .  .  .  .  .  .  .  .  .  .  .  .  #  #  #  #  
        3  #  #  #  .  .  .  .  .  .  .  .  .  .  .  .  .  .  .  .  .  .  .  .  .  .  .  .  #  #  #  
        4  #  #  .  .  .  .  .  .  #  #  #  #  #  #  #  #  #  #  .  .  .  .  .  .  .  #  #  #  #  #  
        5  #  #  .  .  .  .  .  #  #  #  #  #  #  #  #  #  #  #  #  .  .  .  .  .  #  #  #  #  #  #  
        6  #  #  .  .  .  .  .  #  #  #  #  #  #  #  #  #  #  .  .  .  .  .  #  #  #  #  #  #  #  #  
        7  #  #  .  .  .  .  .  #  #  #  #  #  #  #  #  .  .  .  .  .  #  #  #  #  #  #  #  #  #  #  
        8  #  #  .  .  .  .  .  #  #  #  #  #  #  #  .  .  .  .  .  #  #  #  #  #  #  #  #  #  #  #  
        9  #  #  .  .  .  .  .  #  #  #  #  #  .  .  .  .  .  #  #  #  #  #  #  #  #  #  #  #  #  #  
        10 #  #  .  .  .  .  .  #  #  #  .  .  .  .  .  #  #  #  #  #  #  #  #  #  #  #  #  #  #  #  
        11 #  #  .  .  .  .  .  #  #  #  #  #  .  .  .  .  .  #  #  #  #  #  #  #  #  #  #  #  #  #  
        12 #  .  .  .  .  .  #  #  #  #  #  #  #  .  .  .  .  .  #  #  #  #  #  #  #  #  #  #  #  #  
        13 #  .  .  .  .  .  #  #  #  #  #  #  #  #  .  .  .  .  .  #  #  #  #  #  #  #  #  #  #  #  
        14 #  .  .  .  .  .  #  #  #  #  #  #  #  #  #  #  .  .  .  .  .  #  #  #  #  #  #  #  #  #  
        15 #  .  .  .  .  .  #  #  #  #  #  #  #  #  #  #  #  #  #  .  .  .  .  .  #  #  #  #  #  #  
        16 #  #  .  .  .  .  .  #  #  #  #  #  #  #  #  #  #  #  #  #  #  .  .  .  .  .  .  .  #  #  
        17 #  #  .  .  .  .  .  #  #  #  #  #  #  #  #  #  #  #  #  #  #  #  #  .  .  .  .  .  #  #  
        18 #  #  .  .  .  .  .  #  #  #  #  #  #  #  #  #  #  #  #  #  #  #  #  .  .  .  .  .  #  #  
        19 #  #  .  .  .  .  .  #  #  #  #  #  #  #  #  #  #  #  #  #  #  #  #  .  .  .  .  .  #  #  
        20 #  #  .  .  .  .  .  #  #  #  #  #  #  #  #  #  #  #  #  #  #  #  #  .  .  .  .  .  #  #  
        21 #  .  .  .  .  .  #  #  #  #  #  #  #  #  #  #  #  #  #  #  #  #  #  .  .  .  .  .  #  #  
        22 #  .  .  .  .  .  #  #  #  #  #  #  #  #  #  #  #  #  #  #  #  #  #  .  .  .  .  .  #  #  
        23 #  .  .  .  .  .  #  #  #  #  #  #  #  #  #  #  #  #  #  #  #  #  #  .  .  .  .  .  #  #  
        24 #  .  .  .  .  .  #  #  #  #  #  #  #  #  #  #  #  #  #  #  #  #  #  #  .  .  .  .  .  #  
        25 #  .  .  .  .  .  #  #  #  #  #  #  #  #  #  #  #  #  #  #  #  #  #  #  .  .  .  .  .  #  
        26 #  S  X  S  S  S  #  #  #  #  #  #  #  #  #  #  #  #  #  #  #  #  #  #  F  F  F  F  F  #  
        27 #  #  #  #  #  #  #  #  #  #  #  #  #  #  #  #  #  #  #  #  #  #  #  #  #  #  #  #  #  #  

        # moves taken:  499
        trial runtime:  0.22s

====================================================================================================
====================================================================================================
-- SARSA --

start of training, for 500000 total iterations
policy backtrack took:  0.25s

policy finalized after 1329.07s

# time trials to run:  10

        trial 0
           0  1  2  3  4  5  6  7  8  9  10 11 12 13 14 15 16 17 18 19 20 21 22 23 24 25 26 27 28 29 
        0  #  #  #  #  #  #  #  #  #  #  #  #  #  #  #  #  #  #  #  #  #  #  #  #  #  #  #  #  #  #  
        1  #  #  #  #  #  #  #  #  #  .  .  .  .  .  .  .  .  .  .  .  .  .  #  #  #  #  #  #  #  #  
        2  #  #  #  #  #  .  .  .  .  .  .  .  .  .  .  .  .  .  .  .  .  .  .  .  .  .  #  #  #  #  
        3  #  #  #  .  .  .  .  .  .  .  .  .  .  .  .  .  .  .  .  .  .  .  .  .  .  .  .  #  #  #  
        4  #  #  .  .  .  .  .  .  #  #  #  #  #  #  #  #  #  #  .  .  .  .  .  .  .  #  #  #  #  #  
        5  #  #  .  .  .  .  .  #  #  #  #  #  #  #  #  #  #  #  #  .  .  .  .  .  #  #  #  #  #  #  
        6  #  #  .  .  .  .  .  #  #  #  #  #  #  #  #  #  #  .  .  .  .  .  #  #  #  #  #  #  #  #  
        7  #  #  .  .  .  .  .  #  #  #  #  #  #  #  #  .  .  .  .  .  #  #  #  #  #  #  #  #  #  #  
        8  #  #  .  .  .  .  .  #  #  #  #  #  #  #  .  .  .  .  .  #  #  #  #  #  #  #  #  #  #  #  
        9  #  #  .  .  .  .  .  #  #  #  #  #  .  .  .  .  .  #  #  #  #  #  #  #  #  #  #  #  #  #  
        10 #  #  .  .  .  .  .  #  #  #  .  .  .  .  .  #  #  #  #  #  #  #  #  #  #  #  #  #  #  #  
        11 #  #  .  .  .  .  .  #  #  #  #  #  .  .  .  .  .  #  #  #  #  #  #  #  #  #  #  #  #  #  
        12 #  .  .  .  .  .  #  #  #  #  #  #  #  .  .  .  .  .  #  #  #  #  #  #  #  #  #  #  #  #  
        13 #  .  .  .  .  .  #  #  #  #  #  #  #  #  .  .  .  .  .  #  #  #  #  #  #  #  #  #  #  #  
        14 #  .  .  .  .  .  #  #  #  #  #  #  #  #  #  #  .  .  .  .  .  #  #  #  #  #  #  #  #  #  
        15 #  .  .  .  .  .  #  #  #  #  #  #  #  #  #  #  #  #  #  .  .  .  .  .  #  #  #  #  #  #  
        16 #  #  .  .  .  .  .  #  #  #  #  #  #  #  #  #  #  #  #  #  #  .  .  .  .  .  .  .  #  #  
        17 #  #  .  .  .  .  .  #  #  #  #  #  #  #  #  #  #  #  #  #  #  #  #  .  .  .  .  .  #  #  
        18 #  #  .  .  .  .  .  #  #  #  #  #  #  #  #  #  #  #  #  #  #  #  #  .  .  .  .  .  #  #  
        19 #  #  .  .  .  .  .  #  #  #  #  #  #  #  #  #  #  #  #  #  #  #  #  .  .  .  .  .  #  #  
        20 #  #  .  .  .  .  .  #  #  #  #  #  #  #  #  #  #  #  #  #  #  #  #  .  .  .  .  .  #  #  
        21 #  .  .  .  .  .  #  #  #  #  #  #  #  #  #  #  #  #  #  #  #  #  #  .  .  .  .  .  #  #  
        22 #  .  .  .  .  .  #  #  #  #  #  #  #  #  #  #  #  #  #  #  #  #  #  .  .  .  .  .  #  #  
        23 #  .  .  .  .  .  #  #  #  #  #  #  #  #  #  #  #  #  #  #  #  #  #  .  .  .  .  .  #  #  
        24 #  .  .  .  .  .  #  #  #  #  #  #  #  #  #  #  #  #  #  #  #  #  #  #  .  .  .  .  .  #  
        25 #  .  .  .  .  .  #  #  #  #  #  #  #  #  #  #  #  #  #  #  #  #  #  #  .  .  .  .  .  #  
        26 #  S  S  X  S  S  #  #  #  #  #  #  #  #  #  #  #  #  #  #  #  #  #  #  F  F  F  F  F  #  
        27 #  #  #  #  #  #  #  #  #  #  #  #  #  #  #  #  #  #  #  #  #  #  #  #  #  #  #  #  #  #  

        # moves taken:  499
        trial runtime:  0.23s

        trial 1
           0  1  2  3  4  5  6  7  8  9  10 11 12 13 14 15 16 17 18 19 20 21 22 23 24 25 26 27 28 29 
        0  #  #  #  #  #  #  #  #  #  #  #  #  #  #  #  #  #  #  #  #  #  #  #  #  #  #  #  #  #  #  
        1  #  #  #  #  #  #  #  #  #  .  .  .  .  .  .  .  .  .  .  .  .  .  #  #  #  #  #  #  #  #  
        2  #  #  #  #  #  .  .  .  .  .  .  .  .  .  .  .  .  .  .  .  .  .  .  .  .  .  #  #  #  #  
        3  #  #  #  .  .  .  .  .  .  .  .  .  .  .  .  .  .  .  .  .  .  .  .  .  .  .  .  #  #  #  
        4  #  #  .  .  .  .  .  .  #  #  #  #  #  #  #  #  #  #  .  .  .  .  .  .  .  #  #  #  #  #  
        5  #  #  .  .  .  .  .  #  #  #  #  #  #  #  #  #  #  #  #  .  .  .  .  .  #  #  #  #  #  #  
        6  #  #  .  .  .  .  .  #  #  #  #  #  #  #  #  #  #  .  .  .  .  .  #  #  #  #  #  #  #  #  
        7  #  #  .  .  .  .  .  #  #  #  #  #  #  #  #  .  .  .  .  .  #  #  #  #  #  #  #  #  #  #  
        8  #  #  .  .  .  .  .  #  #  #  #  #  #  #  .  .  .  .  .  #  #  #  #  #  #  #  #  #  #  #  
        9  #  #  .  .  .  .  .  #  #  #  #  #  .  .  .  .  .  #  #  #  #  #  #  #  #  #  #  #  #  #  
        10 #  #  .  .  .  .  .  #  #  #  .  .  .  .  .  #  #  #  #  #  #  #  #  #  #  #  #  #  #  #  
        11 #  #  .  .  .  .  .  #  #  #  #  #  .  .  .  .  .  #  #  #  #  #  #  #  #  #  #  #  #  #  
        12 #  .  .  .  .  .  #  #  #  #  #  #  #  .  .  .  .  .  #  #  #  #  #  #  #  #  #  #  #  #  
        13 #  .  .  .  .  .  #  #  #  #  #  #  #  #  .  .  .  .  .  #  #  #  #  #  #  #  #  #  #  #  
        14 #  .  .  .  .  .  #  #  #  #  #  #  #  #  #  #  .  .  .  .  .  #  #  #  #  #  #  #  #  #  
        15 #  .  .  .  .  .  #  #  #  #  #  #  #  #  #  #  #  #  #  .  .  .  .  .  #  #  #  #  #  #  
        16 #  #  .  .  .  .  .  #  #  #  #  #  #  #  #  #  #  #  #  #  #  .  .  .  .  .  .  .  #  #  
        17 #  #  .  .  .  .  .  #  #  #  #  #  #  #  #  #  #  #  #  #  #  #  #  .  .  .  .  .  #  #  
        18 #  #  .  .  .  .  .  #  #  #  #  #  #  #  #  #  #  #  #  #  #  #  #  .  .  .  .  .  #  #  
        19 #  #  .  .  .  .  .  #  #  #  #  #  #  #  #  #  #  #  #  #  #  #  #  .  .  .  .  .  #  #  
        20 #  #  .  .  .  .  .  #  #  #  #  #  #  #  #  #  #  #  #  #  #  #  #  .  .  .  .  .  #  #  
        21 #  .  .  .  .  .  #  #  #  #  #  #  #  #  #  #  #  #  #  #  #  #  #  .  .  .  .  .  #  #  
        22 #  .  .  .  .  .  #  #  #  #  #  #  #  #  #  #  #  #  #  #  #  #  #  .  .  .  .  .  #  #  
        23 #  .  .  .  .  .  #  #  #  #  #  #  #  #  #  #  #  #  #  #  #  #  #  .  .  .  .  .  #  #  
        24 #  .  .  .  .  .  #  #  #  #  #  #  #  #  #  #  #  #  #  #  #  #  #  #  .  .  .  .  .  #  
        25 #  .  .  .  .  .  #  #  #  #  #  #  #  #  #  #  #  #  #  #  #  #  #  #  .  .  .  .  .  #  
        26 #  S  S  X  S  S  #  #  #  #  #  #  #  #  #  #  #  #  #  #  #  #  #  #  F  F  F  F  F  #  
        27 #  #  #  #  #  #  #  #  #  #  #  #  #  #  #  #  #  #  #  #  #  #  #  #  #  #  #  #  #  #  

        # moves taken:  499
        trial runtime:  0.23s

        trial 2
           0  1  2  3  4  5  6  7  8  9  10 11 12 13 14 15 16 17 18 19 20 21 22 23 24 25 26 27 28 29 
        0  #  #  #  #  #  #  #  #  #  #  #  #  #  #  #  #  #  #  #  #  #  #  #  #  #  #  #  #  #  #  
        1  #  #  #  #  #  #  #  #  #  .  .  .  .  .  .  .  .  .  .  .  .  .  #  #  #  #  #  #  #  #  
        2  #  #  #  #  #  .  .  .  .  .  .  .  .  .  .  .  .  .  .  .  .  .  .  .  .  .  #  #  #  #  
        3  #  #  #  .  .  .  .  .  .  .  .  .  .  .  .  .  .  .  .  .  .  .  .  .  .  .  .  #  #  #  
        4  #  #  .  .  .  .  .  .  #  #  #  #  #  #  #  #  #  #  .  .  .  .  .  .  .  #  #  #  #  #  
        5  #  #  .  .  .  .  .  #  #  #  #  #  #  #  #  #  #  #  #  .  .  .  .  .  #  #  #  #  #  #  
        6  #  #  .  .  .  .  .  #  #  #  #  #  #  #  #  #  #  .  .  .  .  .  #  #  #  #  #  #  #  #  
        7  #  #  .  .  .  .  .  #  #  #  #  #  #  #  #  .  .  .  .  .  #  #  #  #  #  #  #  #  #  #  
        8  #  #  .  .  .  .  .  #  #  #  #  #  #  #  .  .  .  .  .  #  #  #  #  #  #  #  #  #  #  #  
        9  #  #  .  .  .  .  .  #  #  #  #  #  .  .  .  .  .  #  #  #  #  #  #  #  #  #  #  #  #  #  
        10 #  #  .  .  .  .  .  #  #  #  .  .  .  .  .  #  #  #  #  #  #  #  #  #  #  #  #  #  #  #  
        11 #  #  .  .  .  .  .  #  #  #  #  #  .  .  .  .  .  #  #  #  #  #  #  #  #  #  #  #  #  #  
        12 #  .  .  .  .  .  #  #  #  #  #  #  #  .  .  .  .  .  #  #  #  #  #  #  #  #  #  #  #  #  
        13 #  .  .  .  .  .  #  #  #  #  #  #  #  #  .  .  .  .  .  #  #  #  #  #  #  #  #  #  #  #  
        14 #  .  .  .  .  .  #  #  #  #  #  #  #  #  #  #  .  .  .  .  .  #  #  #  #  #  #  #  #  #  
        15 #  .  .  .  .  .  #  #  #  #  #  #  #  #  #  #  #  #  #  .  .  .  .  .  #  #  #  #  #  #  
        16 #  #  .  .  .  .  .  #  #  #  #  #  #  #  #  #  #  #  #  #  #  .  .  .  .  .  .  .  #  #  
        17 #  #  .  .  .  .  .  #  #  #  #  #  #  #  #  #  #  #  #  #  #  #  #  .  .  .  .  .  #  #  
        18 #  #  .  .  .  .  .  #  #  #  #  #  #  #  #  #  #  #  #  #  #  #  #  .  .  .  .  .  #  #  
        19 #  #  .  .  .  .  .  #  #  #  #  #  #  #  #  #  #  #  #  #  #  #  #  .  .  .  .  .  #  #  
        20 #  #  .  .  .  .  .  #  #  #  #  #  #  #  #  #  #  #  #  #  #  #  #  .  .  .  .  .  #  #  
        21 #  .  .  .  .  .  #  #  #  #  #  #  #  #  #  #  #  #  #  #  #  #  #  .  .  .  .  .  #  #  
        22 #  .  .  .  .  .  #  #  #  #  #  #  #  #  #  #  #  #  #  #  #  #  #  .  .  .  .  .  #  #  
        23 #  .  .  .  .  .  #  #  #  #  #  #  #  #  #  #  #  #  #  #  #  #  #  .  .  .  .  .  #  #  
        24 #  .  .  .  .  .  #  #  #  #  #  #  #  #  #  #  #  #  #  #  #  #  #  #  .  .  .  .  .  #  
        25 #  .  .  .  .  .  #  #  #  #  #  #  #  #  #  #  #  #  #  #  #  #  #  #  .  .  .  .  .  #  
        26 #  X  S  S  S  S  #  #  #  #  #  #  #  #  #  #  #  #  #  #  #  #  #  #  F  F  F  F  F  #  
        27 #  #  #  #  #  #  #  #  #  #  #  #  #  #  #  #  #  #  #  #  #  #  #  #  #  #  #  #  #  #  

        # moves taken:  499
        trial runtime:  0.22s

        trial 3
           0  1  2  3  4  5  6  7  8  9  10 11 12 13 14 15 16 17 18 19 20 21 22 23 24 25 26 27 28 29 
        0  #  #  #  #  #  #  #  #  #  #  #  #  #  #  #  #  #  #  #  #  #  #  #  #  #  #  #  #  #  #  
        1  #  #  #  #  #  #  #  #  #  .  .  .  .  .  .  .  .  .  .  .  .  .  #  #  #  #  #  #  #  #  
        2  #  #  #  #  #  .  .  .  .  .  .  .  .  .  .  .  .  .  .  .  .  .  .  .  .  .  #  #  #  #  
        3  #  #  #  .  .  .  .  .  .  .  .  .  .  .  .  .  .  .  .  .  .  .  .  .  .  .  .  #  #  #  
        4  #  #  .  .  .  .  .  .  #  #  #  #  #  #  #  #  #  #  .  .  .  .  .  .  .  #  #  #  #  #  
        5  #  #  .  .  .  .  .  #  #  #  #  #  #  #  #  #  #  #  #  .  .  .  .  .  #  #  #  #  #  #  
        6  #  #  .  .  .  .  .  #  #  #  #  #  #  #  #  #  #  .  .  .  .  .  #  #  #  #  #  #  #  #  
        7  #  #  .  .  .  .  .  #  #  #  #  #  #  #  #  .  .  .  .  .  #  #  #  #  #  #  #  #  #  #  
        8  #  #  .  .  .  .  .  #  #  #  #  #  #  #  .  .  .  .  .  #  #  #  #  #  #  #  #  #  #  #  
        9  #  #  .  .  .  .  .  #  #  #  #  #  .  .  .  .  .  #  #  #  #  #  #  #  #  #  #  #  #  #  
        10 #  #  .  .  .  .  .  #  #  #  .  .  .  .  .  #  #  #  #  #  #  #  #  #  #  #  #  #  #  #  
        11 #  #  .  .  .  .  .  #  #  #  #  #  .  .  .  .  .  #  #  #  #  #  #  #  #  #  #  #  #  #  
        12 #  .  .  .  .  .  #  #  #  #  #  #  #  .  .  .  .  .  #  #  #  #  #  #  #  #  #  #  #  #  
        13 #  .  .  .  .  .  #  #  #  #  #  #  #  #  .  .  .  .  .  #  #  #  #  #  #  #  #  #  #  #  
        14 #  .  .  .  .  .  #  #  #  #  #  #  #  #  #  #  .  .  .  .  .  #  #  #  #  #  #  #  #  #  
        15 #  .  .  .  .  .  #  #  #  #  #  #  #  #  #  #  #  #  #  .  .  .  .  .  #  #  #  #  #  #  
        16 #  #  .  .  .  .  .  #  #  #  #  #  #  #  #  #  #  #  #  #  #  .  .  .  .  .  .  .  #  #  
        17 #  #  .  .  .  .  .  #  #  #  #  #  #  #  #  #  #  #  #  #  #  #  #  .  .  .  .  .  #  #  
        18 #  #  .  .  .  .  .  #  #  #  #  #  #  #  #  #  #  #  #  #  #  #  #  .  .  .  .  .  #  #  
        19 #  #  .  .  .  .  .  #  #  #  #  #  #  #  #  #  #  #  #  #  #  #  #  .  .  .  .  .  #  #  
        20 #  #  .  .  .  .  .  #  #  #  #  #  #  #  #  #  #  #  #  #  #  #  #  .  .  .  .  .  #  #  
        21 #  .  .  .  .  .  #  #  #  #  #  #  #  #  #  #  #  #  #  #  #  #  #  .  .  .  .  .  #  #  
        22 #  .  .  .  .  .  #  #  #  #  #  #  #  #  #  #  #  #  #  #  #  #  #  .  .  .  .  .  #  #  
        23 #  .  .  .  .  .  #  #  #  #  #  #  #  #  #  #  #  #  #  #  #  #  #  .  .  .  .  .  #  #  
        24 #  .  .  .  .  .  #  #  #  #  #  #  #  #  #  #  #  #  #  #  #  #  #  #  .  .  .  .  .  #  
        25 #  .  .  .  .  .  #  #  #  #  #  #  #  #  #  #  #  #  #  #  #  #  #  #  .  .  .  .  .  #  
        26 #  S  S  X  S  S  #  #  #  #  #  #  #  #  #  #  #  #  #  #  #  #  #  #  F  F  F  F  F  #  
        27 #  #  #  #  #  #  #  #  #  #  #  #  #  #  #  #  #  #  #  #  #  #  #  #  #  #  #  #  #  #  

        # moves taken:  499
        trial runtime:  0.23s

        trial 4
           0  1  2  3  4  5  6  7  8  9  10 11 12 13 14 15 16 17 18 19 20 21 22 23 24 25 26 27 28 29 
        0  #  #  #  #  #  #  #  #  #  #  #  #  #  #  #  #  #  #  #  #  #  #  #  #  #  #  #  #  #  #  
        1  #  #  #  #  #  #  #  #  #  .  .  .  .  .  .  .  .  .  .  .  .  .  #  #  #  #  #  #  #  #  
        2  #  #  #  #  #  .  .  .  .  .  .  .  .  .  .  .  .  .  .  .  .  .  .  .  .  .  #  #  #  #  
        3  #  #  #  .  .  .  .  .  .  .  .  .  .  .  .  .  .  .  .  .  .  .  .  .  .  .  .  #  #  #  
        4  #  #  .  .  .  .  .  .  #  #  #  #  #  #  #  #  #  #  .  .  .  .  .  .  .  #  #  #  #  #  
        5  #  #  .  .  .  .  .  #  #  #  #  #  #  #  #  #  #  #  #  .  .  .  .  .  #  #  #  #  #  #  
        6  #  #  .  .  .  .  .  #  #  #  #  #  #  #  #  #  #  .  .  .  .  .  #  #  #  #  #  #  #  #  
        7  #  #  .  .  .  .  .  #  #  #  #  #  #  #  #  .  .  .  .  .  #  #  #  #  #  #  #  #  #  #  
        8  #  #  .  .  .  .  .  #  #  #  #  #  #  #  .  .  .  .  .  #  #  #  #  #  #  #  #  #  #  #  
        9  #  #  .  .  .  .  .  #  #  #  #  #  .  .  .  .  .  #  #  #  #  #  #  #  #  #  #  #  #  #  
        10 #  #  .  .  .  .  .  #  #  #  .  .  .  .  .  #  #  #  #  #  #  #  #  #  #  #  #  #  #  #  
        11 #  #  .  .  .  .  .  #  #  #  #  #  .  .  .  .  .  #  #  #  #  #  #  #  #  #  #  #  #  #  
        12 #  .  .  .  .  .  #  #  #  #  #  #  #  .  .  .  .  .  #  #  #  #  #  #  #  #  #  #  #  #  
        13 #  .  .  .  .  .  #  #  #  #  #  #  #  #  .  .  .  .  .  #  #  #  #  #  #  #  #  #  #  #  
        14 #  .  .  .  .  .  #  #  #  #  #  #  #  #  #  #  .  .  .  .  .  #  #  #  #  #  #  #  #  #  
        15 #  .  .  .  .  .  #  #  #  #  #  #  #  #  #  #  #  #  #  .  .  .  .  .  #  #  #  #  #  #  
        16 #  #  .  .  .  .  .  #  #  #  #  #  #  #  #  #  #  #  #  #  #  .  .  .  .  .  .  .  #  #  
        17 #  #  .  .  .  .  .  #  #  #  #  #  #  #  #  #  #  #  #  #  #  #  #  .  .  .  .  .  #  #  
        18 #  #  .  .  .  .  .  #  #  #  #  #  #  #  #  #  #  #  #  #  #  #  #  .  .  .  .  .  #  #  
        19 #  #  .  .  .  .  .  #  #  #  #  #  #  #  #  #  #  #  #  #  #  #  #  .  .  .  .  .  #  #  
        20 #  #  .  .  .  .  .  #  #  #  #  #  #  #  #  #  #  #  #  #  #  #  #  .  .  .  .  .  #  #  
        21 #  .  .  .  .  .  #  #  #  #  #  #  #  #  #  #  #  #  #  #  #  #  #  .  .  .  .  .  #  #  
        22 #  .  .  .  .  .  #  #  #  #  #  #  #  #  #  #  #  #  #  #  #  #  #  .  .  .  .  .  #  #  
        23 #  .  .  .  .  .  #  #  #  #  #  #  #  #  #  #  #  #  #  #  #  #  #  .  .  .  .  .  #  #  
        24 #  .  .  .  .  .  #  #  #  #  #  #  #  #  #  #  #  #  #  #  #  #  #  #  .  .  .  .  .  #  
        25 #  .  .  .  .  .  #  #  #  #  #  #  #  #  #  #  #  #  #  #  #  #  #  #  .  .  .  .  .  #  
        26 #  S  S  S  X  S  #  #  #  #  #  #  #  #  #  #  #  #  #  #  #  #  #  #  F  F  F  F  F  #  
        27 #  #  #  #  #  #  #  #  #  #  #  #  #  #  #  #  #  #  #  #  #  #  #  #  #  #  #  #  #  #  

        # moves taken:  499
        trial runtime:  0.24s

        trial 5
           0  1  2  3  4  5  6  7  8  9  10 11 12 13 14 15 16 17 18 19 20 21 22 23 24 25 26 27 28 29 
        0  #  #  #  #  #  #  #  #  #  #  #  #  #  #  #  #  #  #  #  #  #  #  #  #  #  #  #  #  #  #  
        1  #  #  #  #  #  #  #  #  #  .  .  .  .  .  .  .  .  .  .  .  .  .  #  #  #  #  #  #  #  #  
        2  #  #  #  #  #  .  .  .  .  .  .  .  .  .  .  .  .  .  .  .  .  .  .  .  .  .  #  #  #  #  
        3  #  #  #  .  .  .  .  .  .  .  .  .  .  .  .  .  .  .  .  .  .  .  .  .  .  .  .  #  #  #  
        4  #  #  .  .  .  .  .  .  #  #  #  #  #  #  #  #  #  #  .  .  .  .  .  .  .  #  #  #  #  #  
        5  #  #  .  .  .  .  .  #  #  #  #  #  #  #  #  #  #  #  #  .  .  .  .  .  #  #  #  #  #  #  
        6  #  #  .  .  .  .  .  #  #  #  #  #  #  #  #  #  #  .  .  .  .  .  #  #  #  #  #  #  #  #  
        7  #  #  .  .  .  .  .  #  #  #  #  #  #  #  #  .  .  .  .  .  #  #  #  #  #  #  #  #  #  #  
        8  #  #  .  .  .  .  .  #  #  #  #  #  #  #  .  .  .  .  .  #  #  #  #  #  #  #  #  #  #  #  
        9  #  #  .  .  .  .  .  #  #  #  #  #  .  .  .  .  .  #  #  #  #  #  #  #  #  #  #  #  #  #  
        10 #  #  .  .  .  .  .  #  #  #  .  .  .  .  .  #  #  #  #  #  #  #  #  #  #  #  #  #  #  #  
        11 #  #  .  .  .  .  .  #  #  #  #  #  .  .  .  .  .  #  #  #  #  #  #  #  #  #  #  #  #  #  
        12 #  .  .  .  .  .  #  #  #  #  #  #  #  .  .  .  .  .  #  #  #  #  #  #  #  #  #  #  #  #  
        13 #  .  .  .  .  .  #  #  #  #  #  #  #  #  .  .  .  .  .  #  #  #  #  #  #  #  #  #  #  #  
        14 #  .  .  .  .  .  #  #  #  #  #  #  #  #  #  #  .  .  .  .  .  #  #  #  #  #  #  #  #  #  
        15 #  .  .  .  .  .  #  #  #  #  #  #  #  #  #  #  #  #  #  .  .  .  .  .  #  #  #  #  #  #  
        16 #  #  .  .  .  .  .  #  #  #  #  #  #  #  #  #  #  #  #  #  #  .  .  .  .  .  .  .  #  #  
        17 #  #  .  .  .  .  .  #  #  #  #  #  #  #  #  #  #  #  #  #  #  #  #  .  .  .  .  .  #  #  
        18 #  #  .  .  .  .  .  #  #  #  #  #  #  #  #  #  #  #  #  #  #  #  #  .  .  .  .  .  #  #  
        19 #  #  .  .  .  .  .  #  #  #  #  #  #  #  #  #  #  #  #  #  #  #  #  .  .  .  .  .  #  #  
        20 #  #  .  .  .  .  .  #  #  #  #  #  #  #  #  #  #  #  #  #  #  #  #  .  .  .  .  .  #  #  
        21 #  .  .  .  .  .  #  #  #  #  #  #  #  #  #  #  #  #  #  #  #  #  #  .  .  .  .  .  #  #  
        22 #  .  .  .  .  .  #  #  #  #  #  #  #  #  #  #  #  #  #  #  #  #  #  .  .  .  .  .  #  #  
        23 #  .  .  .  .  .  #  #  #  #  #  #  #  #  #  #  #  #  #  #  #  #  #  .  .  .  .  .  #  #  
        24 #  .  .  .  .  .  #  #  #  #  #  #  #  #  #  #  #  #  #  #  #  #  #  #  .  .  .  .  .  #  
        25 #  .  .  .  .  .  #  #  #  #  #  #  #  #  #  #  #  #  #  #  #  #  #  #  .  .  .  .  .  #  
        26 #  S  S  S  S  X  #  #  #  #  #  #  #  #  #  #  #  #  #  #  #  #  #  #  F  F  F  F  F  #  
        27 #  #  #  #  #  #  #  #  #  #  #  #  #  #  #  #  #  #  #  #  #  #  #  #  #  #  #  #  #  #  

        # moves taken:  499
        trial runtime:  0.23s

        trial 6
           0  1  2  3  4  5  6  7  8  9  10 11 12 13 14 15 16 17 18 19 20 21 22 23 24 25 26 27 28 29 
        0  #  #  #  #  #  #  #  #  #  #  #  #  #  #  #  #  #  #  #  #  #  #  #  #  #  #  #  #  #  #  
        1  #  #  #  #  #  #  #  #  #  .  .  .  .  .  .  .  .  .  .  .  .  .  #  #  #  #  #  #  #  #  
        2  #  #  #  #  #  .  .  .  .  .  .  .  .  .  .  .  .  .  .  .  .  .  .  .  .  .  #  #  #  #  
        3  #  #  #  .  .  .  .  .  .  .  .  .  .  .  .  .  .  .  .  .  .  .  .  .  .  .  .  #  #  #  
        4  #  #  .  .  .  .  .  .  #  #  #  #  #  #  #  #  #  #  .  .  .  .  .  .  .  #  #  #  #  #  
        5  #  #  .  .  .  .  .  #  #  #  #  #  #  #  #  #  #  #  #  .  .  .  .  .  #  #  #  #  #  #  
        6  #  #  .  .  .  .  .  #  #  #  #  #  #  #  #  #  #  .  .  .  .  .  #  #  #  #  #  #  #  #  
        7  #  #  .  .  .  .  .  #  #  #  #  #  #  #  #  .  .  .  .  .  #  #  #  #  #  #  #  #  #  #  
        8  #  #  .  .  .  .  .  #  #  #  #  #  #  #  .  .  .  .  .  #  #  #  #  #  #  #  #  #  #  #  
        9  #  #  .  .  .  .  .  #  #  #  #  #  .  .  .  .  .  #  #  #  #  #  #  #  #  #  #  #  #  #  
        10 #  #  .  .  .  .  .  #  #  #  .  .  .  .  .  #  #  #  #  #  #  #  #  #  #  #  #  #  #  #  
        11 #  #  .  .  .  .  .  #  #  #  #  #  .  .  .  .  .  #  #  #  #  #  #  #  #  #  #  #  #  #  
        12 #  .  .  .  .  .  #  #  #  #  #  #  #  .  .  .  .  .  #  #  #  #  #  #  #  #  #  #  #  #  
        13 #  .  .  .  .  .  #  #  #  #  #  #  #  #  .  .  .  .  .  #  #  #  #  #  #  #  #  #  #  #  
        14 #  .  .  .  .  .  #  #  #  #  #  #  #  #  #  #  .  .  .  .  .  #  #  #  #  #  #  #  #  #  
        15 #  .  .  .  .  .  #  #  #  #  #  #  #  #  #  #  #  #  #  .  .  .  .  .  #  #  #  #  #  #  
        16 #  #  .  .  .  .  .  #  #  #  #  #  #  #  #  #  #  #  #  #  #  .  .  .  .  .  .  .  #  #  
        17 #  #  .  .  .  .  .  #  #  #  #  #  #  #  #  #  #  #  #  #  #  #  #  .  .  .  .  .  #  #  
        18 #  #  .  .  .  .  .  #  #  #  #  #  #  #  #  #  #  #  #  #  #  #  #  .  .  .  .  .  #  #  
        19 #  #  .  .  .  .  .  #  #  #  #  #  #  #  #  #  #  #  #  #  #  #  #  .  .  .  .  .  #  #  
        20 #  #  .  .  .  .  .  #  #  #  #  #  #  #  #  #  #  #  #  #  #  #  #  .  .  .  .  .  #  #  
        21 #  .  .  .  .  .  #  #  #  #  #  #  #  #  #  #  #  #  #  #  #  #  #  .  .  .  .  .  #  #  
        22 #  .  .  .  .  .  #  #  #  #  #  #  #  #  #  #  #  #  #  #  #  #  #  .  .  .  .  .  #  #  
        23 #  .  .  .  .  .  #  #  #  #  #  #  #  #  #  #  #  #  #  #  #  #  #  .  .  .  .  .  #  #  
        24 #  .  .  .  .  .  #  #  #  #  #  #  #  #  #  #  #  #  #  #  #  #  #  #  .  .  .  .  .  #  
        25 #  .  .  .  .  .  #  #  #  #  #  #  #  #  #  #  #  #  #  #  #  #  #  #  .  .  .  .  .  #  
        26 #  S  X  S  S  S  #  #  #  #  #  #  #  #  #  #  #  #  #  #  #  #  #  #  F  F  F  F  F  #  
        27 #  #  #  #  #  #  #  #  #  #  #  #  #  #  #  #  #  #  #  #  #  #  #  #  #  #  #  #  #  #  

        # moves taken:  499
        trial runtime:  0.25s

        trial 7
           0  1  2  3  4  5  6  7  8  9  10 11 12 13 14 15 16 17 18 19 20 21 22 23 24 25 26 27 28 29 
        0  #  #  #  #  #  #  #  #  #  #  #  #  #  #  #  #  #  #  #  #  #  #  #  #  #  #  #  #  #  #  
        1  #  #  #  #  #  #  #  #  #  .  .  .  .  .  .  .  .  .  .  .  .  .  #  #  #  #  #  #  #  #  
        2  #  #  #  #  #  .  .  .  .  .  .  .  .  .  .  .  .  .  .  .  .  .  .  .  .  .  #  #  #  #  
        3  #  #  #  .  .  .  .  .  .  .  .  .  .  .  .  .  .  .  .  .  .  .  .  .  .  .  .  #  #  #  
        4  #  #  .  .  .  .  .  .  #  #  #  #  #  #  #  #  #  #  .  .  .  .  .  .  .  #  #  #  #  #  
        5  #  #  .  .  .  .  .  #  #  #  #  #  #  #  #  #  #  #  #  .  .  .  .  .  #  #  #  #  #  #  
        6  #  #  .  .  .  .  .  #  #  #  #  #  #  #  #  #  #  .  .  .  .  .  #  #  #  #  #  #  #  #  
        7  #  #  .  .  .  .  .  #  #  #  #  #  #  #  #  .  .  .  .  .  #  #  #  #  #  #  #  #  #  #  
        8  #  #  .  .  .  .  .  #  #  #  #  #  #  #  .  .  .  .  .  #  #  #  #  #  #  #  #  #  #  #  
        9  #  #  .  .  .  .  .  #  #  #  #  #  .  .  .  .  .  #  #  #  #  #  #  #  #  #  #  #  #  #  
        10 #  #  .  .  .  .  .  #  #  #  .  .  .  .  .  #  #  #  #  #  #  #  #  #  #  #  #  #  #  #  
        11 #  #  .  .  .  .  .  #  #  #  #  #  .  .  .  .  .  #  #  #  #  #  #  #  #  #  #  #  #  #  
        12 #  .  .  .  .  .  #  #  #  #  #  #  #  .  .  .  .  .  #  #  #  #  #  #  #  #  #  #  #  #  
        13 #  .  .  .  .  .  #  #  #  #  #  #  #  #  .  .  .  .  .  #  #  #  #  #  #  #  #  #  #  #  
        14 #  .  .  .  .  .  #  #  #  #  #  #  #  #  #  #  .  .  .  .  .  #  #  #  #  #  #  #  #  #  
        15 #  .  .  .  .  .  #  #  #  #  #  #  #  #  #  #  #  #  #  .  .  .  .  .  #  #  #  #  #  #  
        16 #  #  .  .  .  .  .  #  #  #  #  #  #  #  #  #  #  #  #  #  #  .  .  .  .  .  .  .  #  #  
        17 #  #  .  .  .  .  .  #  #  #  #  #  #  #  #  #  #  #  #  #  #  #  #  .  .  .  .  .  #  #  
        18 #  #  .  .  .  .  .  #  #  #  #  #  #  #  #  #  #  #  #  #  #  #  #  .  .  .  .  .  #  #  
        19 #  #  .  .  .  .  .  #  #  #  #  #  #  #  #  #  #  #  #  #  #  #  #  .  .  .  .  .  #  #  
        20 #  #  .  .  .  .  .  #  #  #  #  #  #  #  #  #  #  #  #  #  #  #  #  .  .  .  .  .  #  #  
        21 #  .  .  .  .  .  #  #  #  #  #  #  #  #  #  #  #  #  #  #  #  #  #  .  .  .  .  .  #  #  
        22 #  .  .  .  .  .  #  #  #  #  #  #  #  #  #  #  #  #  #  #  #  #  #  .  .  .  .  .  #  #  
        23 #  .  .  .  .  .  #  #  #  #  #  #  #  #  #  #  #  #  #  #  #  #  #  .  .  .  .  .  #  #  
        24 #  .  .  .  .  .  #  #  #  #  #  #  #  #  #  #  #  #  #  #  #  #  #  #  .  .  .  .  .  #  
        25 #  .  .  .  .  .  #  #  #  #  #  #  #  #  #  #  #  #  #  #  #  #  #  #  .  .  .  .  .  #  
        26 #  S  S  X  S  S  #  #  #  #  #  #  #  #  #  #  #  #  #  #  #  #  #  #  F  F  F  F  F  #  
        27 #  #  #  #  #  #  #  #  #  #  #  #  #  #  #  #  #  #  #  #  #  #  #  #  #  #  #  #  #  #  

        # moves taken:  499
        trial runtime:  0.23s

        trial 8
           0  1  2  3  4  5  6  7  8  9  10 11 12 13 14 15 16 17 18 19 20 21 22 23 24 25 26 27 28 29 
        0  #  #  #  #  #  #  #  #  #  #  #  #  #  #  #  #  #  #  #  #  #  #  #  #  #  #  #  #  #  #  
        1  #  #  #  #  #  #  #  #  #  .  .  .  .  .  .  .  .  .  .  .  .  .  #  #  #  #  #  #  #  #  
        2  #  #  #  #  #  .  .  .  .  .  .  .  .  .  .  .  .  .  .  .  .  .  .  .  .  .  #  #  #  #  
        3  #  #  #  .  .  .  .  .  .  .  .  .  .  .  .  .  .  .  .  .  .  .  .  .  .  .  .  #  #  #  
        4  #  #  .  .  .  .  .  .  #  #  #  #  #  #  #  #  #  #  .  .  .  .  .  .  .  #  #  #  #  #  
        5  #  #  .  .  .  .  .  #  #  #  #  #  #  #  #  #  #  #  #  .  .  .  .  .  #  #  #  #  #  #  
        6  #  #  .  .  .  .  .  #  #  #  #  #  #  #  #  #  #  .  .  .  .  .  #  #  #  #  #  #  #  #  
        7  #  #  .  .  .  .  .  #  #  #  #  #  #  #  #  .  .  .  .  .  #  #  #  #  #  #  #  #  #  #  
        8  #  #  .  .  .  .  .  #  #  #  #  #  #  #  .  .  .  .  .  #  #  #  #  #  #  #  #  #  #  #  
        9  #  #  .  .  .  .  .  #  #  #  #  #  .  .  .  .  .  #  #  #  #  #  #  #  #  #  #  #  #  #  
        10 #  #  .  .  .  .  .  #  #  #  .  .  .  .  .  #  #  #  #  #  #  #  #  #  #  #  #  #  #  #  
        11 #  #  .  .  .  .  .  #  #  #  #  #  .  .  .  .  .  #  #  #  #  #  #  #  #  #  #  #  #  #  
        12 #  .  .  .  .  .  #  #  #  #  #  #  #  .  .  .  .  .  #  #  #  #  #  #  #  #  #  #  #  #  
        13 #  .  .  .  .  .  #  #  #  #  #  #  #  #  .  .  .  .  .  #  #  #  #  #  #  #  #  #  #  #  
        14 #  .  .  .  .  .  #  #  #  #  #  #  #  #  #  #  .  .  .  .  .  #  #  #  #  #  #  #  #  #  
        15 #  .  .  .  .  .  #  #  #  #  #  #  #  #  #  #  #  #  #  .  .  .  .  .  #  #  #  #  #  #  
        16 #  #  .  .  .  .  .  #  #  #  #  #  #  #  #  #  #  #  #  #  #  .  .  .  .  .  .  .  #  #  
        17 #  #  .  .  .  .  .  #  #  #  #  #  #  #  #  #  #  #  #  #  #  #  #  .  .  .  .  .  #  #  
        18 #  #  .  .  .  .  .  #  #  #  #  #  #  #  #  #  #  #  #  #  #  #  #  .  .  .  .  .  #  #  
        19 #  #  .  .  .  .  .  #  #  #  #  #  #  #  #  #  #  #  #  #  #  #  #  .  .  .  .  .  #  #  
        20 #  #  .  .  .  .  .  #  #  #  #  #  #  #  #  #  #  #  #  #  #  #  #  .  .  .  .  .  #  #  
        21 #  .  .  .  .  .  #  #  #  #  #  #  #  #  #  #  #  #  #  #  #  #  #  .  .  .  .  .  #  #  
        22 #  .  .  .  .  .  #  #  #  #  #  #  #  #  #  #  #  #  #  #  #  #  #  .  .  .  .  .  #  #  
        23 #  .  .  .  .  .  #  #  #  #  #  #  #  #  #  #  #  #  #  #  #  #  #  .  .  .  .  .  #  #  
        24 #  .  .  .  .  .  #  #  #  #  #  #  #  #  #  #  #  #  #  #  #  #  #  #  .  .  .  .  .  #  
        25 #  .  .  .  .  .  #  #  #  #  #  #  #  #  #  #  #  #  #  #  #  #  #  #  .  .  .  .  .  #  
        26 #  X  S  S  S  S  #  #  #  #  #  #  #  #  #  #  #  #  #  #  #  #  #  #  F  F  F  F  F  #  
        27 #  #  #  #  #  #  #  #  #  #  #  #  #  #  #  #  #  #  #  #  #  #  #  #  #  #  #  #  #  #  

        # moves taken:  499
        trial runtime:  0.24s

        trial 9
           0  1  2  3  4  5  6  7  8  9  10 11 12 13 14 15 16 17 18 19 20 21 22 23 24 25 26 27 28 29 
        0  #  #  #  #  #  #  #  #  #  #  #  #  #  #  #  #  #  #  #  #  #  #  #  #  #  #  #  #  #  #  
        1  #  #  #  #  #  #  #  #  #  .  .  .  .  .  .  .  .  .  .  .  .  .  #  #  #  #  #  #  #  #  
        2  #  #  #  #  #  .  .  .  .  .  .  .  .  .  .  .  .  .  .  .  .  .  .  .  .  .  #  #  #  #  
        3  #  #  #  .  .  .  .  .  .  .  .  .  .  .  .  .  .  .  .  .  .  .  .  .  .  .  .  #  #  #  
        4  #  #  .  .  .  .  .  .  #  #  #  #  #  #  #  #  #  #  .  .  .  .  .  .  .  #  #  #  #  #  
        5  #  #  .  .  .  .  .  #  #  #  #  #  #  #  #  #  #  #  #  .  .  .  .  .  #  #  #  #  #  #  
        6  #  #  .  .  .  .  .  #  #  #  #  #  #  #  #  #  #  .  .  .  .  .  #  #  #  #  #  #  #  #  
        7  #  #  .  .  .  .  .  #  #  #  #  #  #  #  #  .  .  .  .  .  #  #  #  #  #  #  #  #  #  #  
        8  #  #  .  .  .  .  .  #  #  #  #  #  #  #  .  .  .  .  .  #  #  #  #  #  #  #  #  #  #  #  
        9  #  #  .  .  .  .  .  #  #  #  #  #  .  .  .  .  .  #  #  #  #  #  #  #  #  #  #  #  #  #  
        10 #  #  .  .  .  .  .  #  #  #  .  .  .  .  .  #  #  #  #  #  #  #  #  #  #  #  #  #  #  #  
        11 #  #  .  .  .  .  .  #  #  #  #  #  .  .  .  .  .  #  #  #  #  #  #  #  #  #  #  #  #  #  
        12 #  .  .  .  .  .  #  #  #  #  #  #  #  .  .  .  .  .  #  #  #  #  #  #  #  #  #  #  #  #  
        13 #  .  .  .  .  .  #  #  #  #  #  #  #  #  .  .  .  .  .  #  #  #  #  #  #  #  #  #  #  #  
        14 #  .  .  .  .  .  #  #  #  #  #  #  #  #  #  #  .  .  .  .  .  #  #  #  #  #  #  #  #  #  
        15 #  .  .  .  .  .  #  #  #  #  #  #  #  #  #  #  #  #  #  .  .  .  .  .  #  #  #  #  #  #  
        16 #  #  .  .  .  .  .  #  #  #  #  #  #  #  #  #  #  #  #  #  #  .  .  .  .  .  .  .  #  #  
        17 #  #  .  .  .  .  .  #  #  #  #  #  #  #  #  #  #  #  #  #  #  #  #  .  .  .  .  .  #  #  
        18 #  #  .  .  .  .  .  #  #  #  #  #  #  #  #  #  #  #  #  #  #  #  #  .  .  .  .  .  #  #  
        19 #  #  .  .  .  .  .  #  #  #  #  #  #  #  #  #  #  #  #  #  #  #  #  .  .  .  .  .  #  #  
        20 #  #  .  .  .  .  .  #  #  #  #  #  #  #  #  #  #  #  #  #  #  #  #  .  .  .  .  .  #  #  
        21 #  .  .  .  .  .  #  #  #  #  #  #  #  #  #  #  #  #  #  #  #  #  #  .  .  .  .  .  #  #  
        22 #  .  .  .  .  .  #  #  #  #  #  #  #  #  #  #  #  #  #  #  #  #  #  .  .  .  .  .  #  #  
        23 #  .  .  .  .  .  #  #  #  #  #  #  #  #  #  #  #  #  #  #  #  #  #  .  .  .  .  .  #  #  
        24 #  .  .  .  .  .  #  #  #  #  #  #  #  #  #  #  #  #  #  #  #  #  #  #  .  .  .  .  .  #  
        25 #  .  .  .  .  .  #  #  #  #  #  #  #  #  #  #  #  #  #  #  #  #  #  #  .  .  .  .  .  #  
        26 #  X  S  S  S  S  #  #  #  #  #  #  #  #  #  #  #  #  #  #  #  #  #  #  F  F  F  F  F  #  
        27 #  #  #  #  #  #  #  #  #  #  #  #  #  #  #  #  #  #  #  #  #  #  #  #  #  #  #  #  #  #  

        # moves taken:  499
        trial runtime:  0.25s

====================================================================================================
