~/_/2/d/project6 ❯❯❯ ./main.py                                                             master ✱ ◼
track simulator initialized
restart upon crash = False


====================================================================================================
RUNNING L TRACK
track simulator initialized
restart upon crash = False

           0  1  2  3  4  5  6  7  8  9  10 11 12 13 14 15 16 17 18 19 20 21 22 23 24 25 26 27 28 29 30 31 32 33 34 35 36 
        0  X  #  #  #  #  #  #  #  #  #  #  #  #  #  #  #  #  #  #  #  #  #  #  #  #  #  #  #  #  #  #  #  #  #  #  #  #  
        1  #  #  #  #  #  #  #  #  #  #  #  #  #  #  #  #  #  #  #  #  #  #  #  #  #  #  #  #  #  #  #  #  F  F  F  F  #  
        2  #  #  #  #  #  #  #  #  #  #  #  #  #  #  #  #  #  #  #  #  #  #  #  #  #  #  #  #  #  #  #  #  .  .  .  .  #  
        3  #  #  #  #  #  #  #  #  #  #  #  #  #  #  #  #  #  #  #  #  #  #  #  #  #  #  #  #  #  #  #  #  .  .  .  .  #  
        4  #  #  #  #  #  #  #  #  #  #  #  #  #  #  #  #  #  #  #  #  #  #  #  #  #  #  #  #  #  #  #  #  .  .  .  .  #  
        5  #  #  #  #  #  #  #  #  #  #  #  #  #  #  #  #  #  #  #  #  #  #  #  #  #  #  #  #  #  #  #  #  .  .  .  .  #  
        6  #  S  .  .  .  .  .  .  .  .  .  .  .  .  .  .  .  .  .  .  .  .  .  .  .  .  .  .  .  .  .  .  .  .  .  .  #  
        7  #  S  .  .  .  .  .  .  .  .  .  .  .  .  .  .  .  .  .  .  .  .  .  .  .  .  .  .  .  .  .  .  .  .  .  .  #  
        8  #  S  .  .  .  .  .  .  .  .  .  .  .  .  .  .  .  .  .  .  .  .  .  .  .  .  .  .  .  .  .  .  .  .  .  .  #  
        9  #  S  .  .  .  .  .  .  .  .  .  .  .  .  .  .  .  .  .  .  .  .  .  .  .  .  .  .  .  .  .  .  .  .  .  .  #  
        10 #  #  #  #  #  #  #  #  #  #  #  #  #  #  #  #  #  #  #  #  #  #  #  #  #  #  #  #  #  #  #  #  #  #  #  #  #  


====================================================================================================
RUNNING R TRACK
track simulator initialized
restart upon crash = False

           0  1  2  3  4  5  6  7  8  9  10 11 12 13 14 15 16 17 18 19 20 21 22 23 24 25 26 27 28 29 
        0  X  #  #  #  #  #  #  #  #  #  #  #  #  #  #  #  #  #  #  #  #  #  #  #  #  #  #  #  #  #  
        1  #  #  #  #  #  #  #  #  #  .  .  .  .  .  .  .  .  .  .  .  .  .  #  #  #  #  #  #  #  #  
        2  #  #  #  #  #  .  .  .  .  .  .  .  .  .  .  .  .  .  .  .  .  .  .  .  .  .  #  #  #  #  
        3  #  #  #  .  .  .  .  .  .  .  .  .  .  .  .  .  .  .  .  .  .  .  .  .  .  .  .  #  #  #  
        4  #  #  .  .  .  .  .  .  #  #  #  #  #  #  #  #  #  #  .  .  .  .  .  .  .  #  #  #  #  #  
        5  #  #  .  .  .  .  .  #  #  #  #  #  #  #  #  #  #  #  #  .  .  .  .  .  #  #  #  #  #  #  
        6  #  #  .  .  .  .  .  #  #  #  #  #  #  #  #  #  #  .  .  .  .  .  #  #  #  #  #  #  #  #  
        7  #  #  .  .  .  .  .  #  #  #  #  #  #  #  #  .  .  .  .  .  #  #  #  #  #  #  #  #  #  #  
        8  #  #  .  .  .  .  .  #  #  #  #  #  #  #  .  .  .  .  .  #  #  #  #  #  #  #  #  #  #  #  
        9  #  #  .  .  .  .  .  #  #  #  #  #  .  .  .  .  .  #  #  #  #  #  #  #  #  #  #  #  #  #  
        10 #  #  .  .  .  .  .  #  #  #  .  .  .  .  .  #  #  #  #  #  #  #  #  #  #  #  #  #  #  #  
        11 #  #  .  .  .  .  .  #  #  #  #  #  .  .  .  .  .  #  #  #  #  #  #  #  #  #  #  #  #  #  
        12 #  .  .  .  .  .  #  #  #  #  #  #  #  .  .  .  .  .  #  #  #  #  #  #  #  #  #  #  #  #  
        13 #  .  .  .  .  .  #  #  #  #  #  #  #  #  .  .  .  .  .  #  #  #  #  #  #  #  #  #  #  #  
        14 #  .  .  .  .  .  #  #  #  #  #  #  #  #  #  #  .  .  .  .  .  #  #  #  #  #  #  #  #  #  
        15 #  .  .  .  .  .  #  #  #  #  #  #  #  #  #  #  #  #  #  .  .  .  .  .  #  #  #  #  #  #  
        16 #  #  .  .  .  .  .  #  #  #  #  #  #  #  #  #  #  #  #  #  #  .  .  .  .  .  .  .  #  #  
        17 #  #  .  .  .  .  .  #  #  #  #  #  #  #  #  #  #  #  #  #  #  #  #  .  .  .  .  .  #  #  
        18 #  #  .  .  .  .  .  #  #  #  #  #  #  #  #  #  #  #  #  #  #  #  #  .  .  .  .  .  #  #  
        19 #  #  .  .  .  .  .  #  #  #  #  #  #  #  #  #  #  #  #  #  #  #  #  .  .  .  .  .  #  #  
        20 #  #  .  .  .  .  .  #  #  #  #  #  #  #  #  #  #  #  #  #  #  #  #  .  .  .  .  .  #  #  
        21 #  .  .  .  .  .  #  #  #  #  #  #  #  #  #  #  #  #  #  #  #  #  #  .  .  .  .  .  #  #  
        22 #  .  .  .  .  .  #  #  #  #  #  #  #  #  #  #  #  #  #  #  #  #  #  .  .  .  .  .  #  #  
        23 #  .  .  .  .  .  #  #  #  #  #  #  #  #  #  #  #  #  #  #  #  #  #  .  .  .  .  .  #  #  
        24 #  .  .  .  .  .  #  #  #  #  #  #  #  #  #  #  #  #  #  #  #  #  #  #  .  .  .  .  .  #  
        25 #  .  .  .  .  .  #  #  #  #  #  #  #  #  #  #  #  #  #  #  #  #  #  #  .  .  .  .  .  #  
        26 #  S  S  S  S  S  #  #  #  #  #  #  #  #  #  #  #  #  #  #  #  #  #  #  F  F  F  F  F  #  
        27 #  #  #  #  #  #  #  #  #  #  #  #  #  #  #  #  #  #  #  #  #  #  #  #  #  #  #  #  #  #  

====================================================================================================
-- SARSA --

====================================================================================================
RUNNING O TRACK
track simulator initialized
restart upon crash = False

           0  1  2  3  4  5  6  7  8  9  10 11 12 13 14 15 16 17 18 19 20 21 22 23 24 
        0  X  #  #  #  #  #  #  #  #  #  #  #  #  #  #  #  #  #  #  #  #  #  #  #  #  
        1  #  #  #  #  .  .  .  .  .  .  .  .  .  .  .  .  .  .  .  .  .  #  #  #  #  
        2  #  #  #  .  .  .  .  .  .  .  .  .  .  .  .  .  .  .  .  .  .  .  #  #  #  
        3  #  #  #  .  .  .  .  #  #  #  #  #  #  #  #  #  #  #  .  .  .  .  #  #  #  
        4  #  #  .  .  .  .  #  #  #  #  #  #  #  #  #  #  #  #  #  .  .  .  .  #  #  
        5  #  .  .  .  .  #  #  #  #  #  #  #  #  #  #  #  #  #  #  #  .  .  .  .  #  
        6  #  .  .  .  .  #  #  #  #  #  #  #  #  #  #  #  #  #  #  #  .  .  .  .  #  
        7  #  .  .  .  .  #  #  #  #  #  #  #  #  #  #  #  #  #  #  #  .  .  .  .  #  
        8  #  .  .  .  .  #  #  #  #  #  #  #  #  #  #  #  #  #  #  #  .  .  .  .  #  
        9  #  .  .  .  .  #  #  #  #  #  #  #  #  #  #  #  #  #  #  #  .  .  .  .  #  
        10 #  S  S  S  S  #  #  #  #  #  #  #  #  #  #  #  #  #  #  #  .  .  .  .  #  
        11 #  #  #  #  #  #  #  #  #  #  #  #  #  #  #  #  #  #  #  #  .  .  .  .  #  
        12 #  F  F  F  F  #  #  #  #  #  #  #  #  #  #  #  #  #  #  #  .  .  .  .  #  
        13 #  .  .  .  .  #  #  #  #  #  #  #  #  #  #  #  #  #  #  #  .  .  .  .  #  
        14 #  .  .  .  .  #  #  #  #  #  #  #  #  #  #  #  #  #  #  #  .  .  .  .  #  
        15 #  .  .  .  .  #  #  #  #  #  #  #  #  #  #  #  #  #  #  #  .  .  .  .  #  
        16 #  .  .  .  .  #  #  #  #  #  #  #  #  #  #  #  #  #  #  #  .  .  .  .  #  
        17 #  .  .  .  .  #  #  #  #  #  #  #  #  #  #  #  #  #  #  #  .  .  .  .  #  
        18 #  .  .  .  .  #  #  #  #  #  #  #  #  #  #  #  #  #  #  #  .  .  .  .  #  
        19 #  .  .  .  .  #  #  #  #  #  #  #  #  #  #  #  #  #  #  #  .  .  .  .  #  
        20 #  #  .  .  .  .  #  #  #  #  #  #  #  #  #  #  #  #  #  .  .  .  .  #  #  
        21 #  #  #  .  .  .  .  #  #  #  #  #  #  #  #  #  #  #  .  .  .  .  #  #  #  
        22 #  #  #  .  .  .  .  .  .  .  .  .  .  .  .  .  .  .  .  .  .  .  #  #  #  
        23 #  #  #  #  .  .  .  .  .  .  .  .  .  .  .  .  .  .  .  .  .  #  #  #  #  
        24 #  #  #  #  #  #  #  #  #  #  #  #  #  #  #  #  #  #  #  #  #  #  #  #  #  

====================================================================================================
-- SARSA --

start of training, for 1000000 total iterations
policy backtrack took:  0.20s

policy finalized after 1539.49s

# time trials to run:  10

        trial 0
           0  1  2  3  4  5  6  7  8  9  10 11 12 13 14 15 16 17 18 19 20 21 22 23 24 
        0  #  #  #  #  #  #  #  #  #  #  #  #  #  #  #  #  #  #  #  #  #  #  #  #  #  
        1  #  #  #  #  .  .  .  .  .  .  .  .  .  .  .  .  .  .  .  .  .  #  #  #  #  
        2  #  #  #  .  .  .  .  .  .  .  .  .  .  .  .  .  .  .  .  .  .  .  #  #  #  
        3  #  #  #  .  .  .  .  #  #  #  #  #  #  #  #  #  #  #  .  .  .  .  #  #  #  
        4  #  #  .  .  .  .  #  #  #  #  #  #  #  #  #  #  #  #  #  .  .  .  .  #  #  
        5  #  .  .  .  .  #  #  #  #  #  #  #  #  #  #  #  #  #  #  #  .  .  .  .  #  
        6  #  .  .  .  .  #  #  #  #  #  #  #  #  #  #  #  #  #  #  #  .  .  .  .  #  
        7  #  .  .  .  .  #  #  #  #  #  #  #  #  #  #  #  #  #  #  #  .  .  .  .  #  
        8  #  .  .  .  .  #  #  #  #  #  #  #  #  #  #  #  #  #  #  #  .  .  .  .  #  
        9  #  .  .  .  .  #  #  #  #  #  #  #  #  #  #  #  #  #  #  #  .  .  .  .  #  
        10 #  S  S  S  X  #  #  #  #  #  #  #  #  #  #  #  #  #  #  #  .  .  .  .  #  
        11 #  #  #  #  #  #  #  #  #  #  #  #  #  #  #  #  #  #  #  #  .  .  .  .  #  
        12 #  F  F  F  F  #  #  #  #  #  #  #  #  #  #  #  #  #  #  #  .  .  .  .  #  
        13 #  .  .  .  .  #  #  #  #  #  #  #  #  #  #  #  #  #  #  #  .  .  .  .  #  
        14 #  .  .  .  .  #  #  #  #  #  #  #  #  #  #  #  #  #  #  #  .  .  .  .  #  
        15 #  .  .  .  .  #  #  #  #  #  #  #  #  #  #  #  #  #  #  #  .  .  .  .  #  
        16 #  .  .  .  .  #  #  #  #  #  #  #  #  #  #  #  #  #  #  #  .  .  .  .  #  
        17 #  .  .  .  .  #  #  #  #  #  #  #  #  #  #  #  #  #  #  #  .  .  .  .  #  
        18 #  .  .  .  .  #  #  #  #  #  #  #  #  #  #  #  #  #  #  #  .  .  .  .  #  
        19 #  .  .  .  .  #  #  #  #  #  #  #  #  #  #  #  #  #  #  #  .  .  .  .  #  
        20 #  #  .  .  .  .  #  #  #  #  #  #  #  #  #  #  #  #  #  .  .  .  .  #  #  
        21 #  #  #  .  .  .  .  #  #  #  #  #  #  #  #  #  #  #  .  .  .  .  #  #  #  
        22 #  #  #  .  .  .  .  .  .  .  .  .  .  .  .  .  .  .  .  .  .  .  #  #  #  
        23 #  #  #  #  .  .  .  .  .  .  .  .  .  .  .  .  .  .  .  .  .  #  #  #  #  
        24 #  #  #  #  #  #  #  #  #  #  #  #  #  #  #  #  #  #  #  #  #  #  #  #  #  

        # moves taken:  499
        trial runtime:  0.19s

        trial 1
           0  1  2  3  4  5  6  7  8  9  10 11 12 13 14 15 16 17 18 19 20 21 22 23 24 
        0  #  #  #  #  #  #  #  #  #  #  #  #  #  #  #  #  #  #  #  #  #  #  #  #  #  
        1  #  #  #  #  .  .  .  .  .  .  .  .  .  .  .  .  .  .  .  .  .  #  #  #  #  
        2  #  #  #  .  .  .  .  .  .  .  .  .  .  .  .  .  .  .  .  .  .  .  #  #  #  
        3  #  #  #  .  .  .  .  #  #  #  #  #  #  #  #  #  #  #  .  .  .  .  #  #  #  
        4  #  #  .  .  .  .  #  #  #  #  #  #  #  #  #  #  #  #  #  .  .  .  .  #  #  
        5  #  .  .  .  .  #  #  #  #  #  #  #  #  #  #  #  #  #  #  #  .  .  .  .  #  
        6  #  .  .  .  .  #  #  #  #  #  #  #  #  #  #  #  #  #  #  #  .  .  .  .  #  
        7  #  .  .  .  .  #  #  #  #  #  #  #  #  #  #  #  #  #  #  #  .  .  .  .  #  
        8  #  .  .  .  .  #  #  #  #  #  #  #  #  #  #  #  #  #  #  #  .  .  .  .  #  
        9  #  .  .  .  .  #  #  #  #  #  #  #  #  #  #  #  #  #  #  #  .  .  .  .  #  
        10 #  S  S  X  S  #  #  #  #  #  #  #  #  #  #  #  #  #  #  #  .  .  .  .  #  
        11 #  #  #  #  #  #  #  #  #  #  #  #  #  #  #  #  #  #  #  #  .  .  .  .  #  
        12 #  F  F  F  F  #  #  #  #  #  #  #  #  #  #  #  #  #  #  #  .  .  .  .  #  
        13 #  .  .  .  .  #  #  #  #  #  #  #  #  #  #  #  #  #  #  #  .  .  .  .  #  
        14 #  .  .  .  .  #  #  #  #  #  #  #  #  #  #  #  #  #  #  #  .  .  .  .  #  
        15 #  .  .  .  .  #  #  #  #  #  #  #  #  #  #  #  #  #  #  #  .  .  .  .  #  
        16 #  .  .  .  .  #  #  #  #  #  #  #  #  #  #  #  #  #  #  #  .  .  .  .  #  
        17 #  .  .  .  .  #  #  #  #  #  #  #  #  #  #  #  #  #  #  #  .  .  .  .  #  
        18 #  .  .  .  .  #  #  #  #  #  #  #  #  #  #  #  #  #  #  #  .  .  .  .  #  
        19 #  .  .  .  .  #  #  #  #  #  #  #  #  #  #  #  #  #  #  #  .  .  .  .  #  
        20 #  #  .  .  .  .  #  #  #  #  #  #  #  #  #  #  #  #  #  .  .  .  .  #  #  
        21 #  #  #  .  .  .  .  #  #  #  #  #  #  #  #  #  #  #  .  .  .  .  #  #  #  
        22 #  #  #  .  .  .  .  .  .  .  .  .  .  .  .  .  .  .  .  .  .  .  #  #  #  
        23 #  #  #  #  .  .  .  .  .  .  .  .  .  .  .  .  .  .  .  .  .  #  #  #  #  
        24 #  #  #  #  #  #  #  #  #  #  #  #  #  #  #  #  #  #  #  #  #  #  #  #  #  

        # moves taken:  499
        trial runtime:  0.17s

        trial 2
           0  1  2  3  4  5  6  7  8  9  10 11 12 13 14 15 16 17 18 19 20 21 22 23 24 
        0  #  #  #  #  #  #  #  #  #  #  #  #  #  #  #  #  #  #  #  #  #  #  #  #  #  
        1  #  #  #  #  .  .  .  .  .  .  .  .  .  .  .  .  .  .  .  .  .  #  #  #  #  
        2  #  #  #  .  .  .  .  .  .  .  .  .  .  .  .  .  .  .  .  .  .  .  #  #  #  
        3  #  #  #  .  .  .  .  #  #  #  #  #  #  #  #  #  #  #  .  .  .  .  #  #  #  
        4  #  #  .  .  .  .  #  #  #  #  #  #  #  #  #  #  #  #  #  .  .  .  .  #  #  
        5  #  .  .  .  .  #  #  #  #  #  #  #  #  #  #  #  #  #  #  #  .  .  .  .  #  
        6  #  .  .  .  .  #  #  #  #  #  #  #  #  #  #  #  #  #  #  #  .  .  .  .  #  
        7  #  .  .  .  .  #  #  #  #  #  #  #  #  #  #  #  #  #  #  #  .  .  .  .  #  
        8  #  .  .  .  .  #  #  #  #  #  #  #  #  #  #  #  #  #  #  #  .  .  .  .  #  
        9  #  .  .  .  .  #  #  #  #  #  #  #  #  #  #  #  #  #  #  #  .  .  .  .  #  
        10 #  S  S  X  S  #  #  #  #  #  #  #  #  #  #  #  #  #  #  #  .  .  .  .  #  
        11 #  #  #  #  #  #  #  #  #  #  #  #  #  #  #  #  #  #  #  #  .  .  .  .  #  
        12 #  F  F  F  F  #  #  #  #  #  #  #  #  #  #  #  #  #  #  #  .  .  .  .  #  
        13 #  .  .  .  .  #  #  #  #  #  #  #  #  #  #  #  #  #  #  #  .  .  .  .  #  
        14 #  .  .  .  .  #  #  #  #  #  #  #  #  #  #  #  #  #  #  #  .  .  .  .  #  
        15 #  .  .  .  .  #  #  #  #  #  #  #  #  #  #  #  #  #  #  #  .  .  .  .  #  
        16 #  .  .  .  .  #  #  #  #  #  #  #  #  #  #  #  #  #  #  #  .  .  .  .  #  
        17 #  .  .  .  .  #  #  #  #  #  #  #  #  #  #  #  #  #  #  #  .  .  .  .  #  
        18 #  .  .  .  .  #  #  #  #  #  #  #  #  #  #  #  #  #  #  #  .  .  .  .  #  
        19 #  .  .  .  .  #  #  #  #  #  #  #  #  #  #  #  #  #  #  #  .  .  .  .  #  
        20 #  #  .  .  .  .  #  #  #  #  #  #  #  #  #  #  #  #  #  .  .  .  .  #  #  
        21 #  #  #  .  .  .  .  #  #  #  #  #  #  #  #  #  #  #  .  .  .  .  #  #  #  
        22 #  #  #  .  .  .  .  .  .  .  .  .  .  .  .  .  .  .  .  .  .  .  #  #  #  
        23 #  #  #  #  .  .  .  .  .  .  .  .  .  .  .  .  .  .  .  .  .  #  #  #  #  
        24 #  #  #  #  #  #  #  #  #  #  #  #  #  #  #  #  #  #  #  #  #  #  #  #  #  

        # moves taken:  499
        trial runtime:  0.18s

        trial 3
           0  1  2  3  4  5  6  7  8  9  10 11 12 13 14 15 16 17 18 19 20 21 22 23 24 
        0  #  #  #  #  #  #  #  #  #  #  #  #  #  #  #  #  #  #  #  #  #  #  #  #  #  
        1  #  #  #  #  .  .  .  .  .  .  .  .  .  .  .  .  .  .  .  .  .  #  #  #  #  
        2  #  #  #  .  .  .  .  .  .  .  .  .  .  .  .  .  .  .  .  .  .  .  #  #  #  
        3  #  #  #  .  .  .  .  #  #  #  #  #  #  #  #  #  #  #  .  .  .  .  #  #  #  
        4  #  #  .  .  .  .  #  #  #  #  #  #  #  #  #  #  #  #  #  .  .  .  .  #  #  
        5  #  .  .  .  .  #  #  #  #  #  #  #  #  #  #  #  #  #  #  #  .  .  .  .  #  
        6  #  .  .  .  .  #  #  #  #  #  #  #  #  #  #  #  #  #  #  #  .  .  .  .  #  
        7  #  .  .  .  .  #  #  #  #  #  #  #  #  #  #  #  #  #  #  #  .  .  .  .  #  
        8  #  .  .  .  .  #  #  #  #  #  #  #  #  #  #  #  #  #  #  #  .  .  .  .  #  
        9  #  .  .  .  .  #  #  #  #  #  #  #  #  #  #  #  #  #  #  #  .  .  .  .  #  
        10 #  S  S  S  X  #  #  #  #  #  #  #  #  #  #  #  #  #  #  #  .  .  .  .  #  
        11 #  #  #  #  #  #  #  #  #  #  #  #  #  #  #  #  #  #  #  #  .  .  .  .  #  
        12 #  F  F  F  F  #  #  #  #  #  #  #  #  #  #  #  #  #  #  #  .  .  .  .  #  
        13 #  .  .  .  .  #  #  #  #  #  #  #  #  #  #  #  #  #  #  #  .  .  .  .  #  
        14 #  .  .  .  .  #  #  #  #  #  #  #  #  #  #  #  #  #  #  #  .  .  .  .  #  
        15 #  .  .  .  .  #  #  #  #  #  #  #  #  #  #  #  #  #  #  #  .  .  .  .  #  
        16 #  .  .  .  .  #  #  #  #  #  #  #  #  #  #  #  #  #  #  #  .  .  .  .  #  
        17 #  .  .  .  .  #  #  #  #  #  #  #  #  #  #  #  #  #  #  #  .  .  .  .  #  
        18 #  .  .  .  .  #  #  #  #  #  #  #  #  #  #  #  #  #  #  #  .  .  .  .  #  
        19 #  .  .  .  .  #  #  #  #  #  #  #  #  #  #  #  #  #  #  #  .  .  .  .  #  
        20 #  #  .  .  .  .  #  #  #  #  #  #  #  #  #  #  #  #  #  .  .  .  .  #  #  
        21 #  #  #  .  .  .  .  #  #  #  #  #  #  #  #  #  #  #  .  .  .  .  #  #  #  
        22 #  #  #  .  .  .  .  .  .  .  .  .  .  .  .  .  .  .  .  .  .  .  #  #  #  
        23 #  #  #  #  .  .  .  .  .  .  .  .  .  .  .  .  .  .  .  .  .  #  #  #  #  
        24 #  #  #  #  #  #  #  #  #  #  #  #  #  #  #  #  #  #  #  #  #  #  #  #  #  

        # moves taken:  499
        trial runtime:  0.17s

        trial 4
           0  1  2  3  4  5  6  7  8  9  10 11 12 13 14 15 16 17 18 19 20 21 22 23 24 
        0  #  #  #  #  #  #  #  #  #  #  #  #  #  #  #  #  #  #  #  #  #  #  #  #  #  
        1  #  #  #  #  .  .  .  .  .  .  .  .  .  .  .  .  .  .  .  .  .  #  #  #  #  
        2  #  #  #  .  .  .  .  .  .  .  .  .  .  .  .  .  .  .  .  .  .  .  #  #  #  
        3  #  #  #  .  .  .  .  #  #  #  #  #  #  #  #  #  #  #  .  .  .  .  #  #  #  
        4  #  #  .  .  .  .  #  #  #  #  #  #  #  #  #  #  #  #  #  .  .  .  .  #  #  
        5  #  .  .  .  .  #  #  #  #  #  #  #  #  #  #  #  #  #  #  #  .  .  .  .  #  
        6  #  .  .  .  .  #  #  #  #  #  #  #  #  #  #  #  #  #  #  #  .  .  .  .  #  
        7  #  .  .  .  .  #  #  #  #  #  #  #  #  #  #  #  #  #  #  #  .  .  .  .  #  
        8  #  .  .  .  .  #  #  #  #  #  #  #  #  #  #  #  #  #  #  #  .  .  .  .  #  
        9  #  .  .  .  .  #  #  #  #  #  #  #  #  #  #  #  #  #  #  #  .  .  .  .  #  
        10 #  S  X  S  S  #  #  #  #  #  #  #  #  #  #  #  #  #  #  #  .  .  .  .  #  
        11 #  #  #  #  #  #  #  #  #  #  #  #  #  #  #  #  #  #  #  #  .  .  .  .  #  
        12 #  F  F  F  F  #  #  #  #  #  #  #  #  #  #  #  #  #  #  #  .  .  .  .  #  
        13 #  .  .  .  .  #  #  #  #  #  #  #  #  #  #  #  #  #  #  #  .  .  .  .  #  
        14 #  .  .  .  .  #  #  #  #  #  #  #  #  #  #  #  #  #  #  #  .  .  .  .  #  
        15 #  .  .  .  .  #  #  #  #  #  #  #  #  #  #  #  #  #  #  #  .  .  .  .  #  
        16 #  .  .  .  .  #  #  #  #  #  #  #  #  #  #  #  #  #  #  #  .  .  .  .  #  
        17 #  .  .  .  .  #  #  #  #  #  #  #  #  #  #  #  #  #  #  #  .  .  .  .  #  
        18 #  .  .  .  .  #  #  #  #  #  #  #  #  #  #  #  #  #  #  #  .  .  .  .  #  
        19 #  .  .  .  .  #  #  #  #  #  #  #  #  #  #  #  #  #  #  #  .  .  .  .  #  
        20 #  #  .  .  .  .  #  #  #  #  #  #  #  #  #  #  #  #  #  .  .  .  .  #  #  
        21 #  #  #  .  .  .  .  #  #  #  #  #  #  #  #  #  #  #  .  .  .  .  #  #  #  
        22 #  #  #  .  .  .  .  .  .  .  .  .  .  .  .  .  .  .  .  .  .  .  #  #  #  
        23 #  #  #  #  .  .  .  .  .  .  .  .  .  .  .  .  .  .  .  .  .  #  #  #  #  
        24 #  #  #  #  #  #  #  #  #  #  #  #  #  #  #  #  #  #  #  #  #  #  #  #  #  

        # moves taken:  499
        trial runtime:  0.17s

        trial 5
           0  1  2  3  4  5  6  7  8  9  10 11 12 13 14 15 16 17 18 19 20 21 22 23 24 
        0  #  #  #  #  #  #  #  #  #  #  #  #  #  #  #  #  #  #  #  #  #  #  #  #  #  
        1  #  #  #  #  .  .  .  .  .  .  .  .  .  .  .  .  .  .  .  .  .  #  #  #  #  
        2  #  #  #  .  .  .  .  .  .  .  .  .  .  .  .  .  .  .  .  .  .  .  #  #  #  
        3  #  #  #  .  .  .  .  #  #  #  #  #  #  #  #  #  #  #  .  .  .  .  #  #  #  
        4  #  #  .  .  .  .  #  #  #  #  #  #  #  #  #  #  #  #  #  .  .  .  .  #  #  
        5  #  .  .  .  .  #  #  #  #  #  #  #  #  #  #  #  #  #  #  #  .  .  .  .  #  
        6  #  .  .  .  .  #  #  #  #  #  #  #  #  #  #  #  #  #  #  #  .  .  .  .  #  
        7  #  .  .  .  .  #  #  #  #  #  #  #  #  #  #  #  #  #  #  #  .  .  .  .  #  
        8  #  .  .  .  .  #  #  #  #  #  #  #  #  #  #  #  #  #  #  #  .  .  .  .  #  
        9  #  .  .  .  .  #  #  #  #  #  #  #  #  #  #  #  #  #  #  #  .  .  .  .  #  
        10 #  X  S  S  S  #  #  #  #  #  #  #  #  #  #  #  #  #  #  #  .  .  .  .  #  
        11 #  #  #  #  #  #  #  #  #  #  #  #  #  #  #  #  #  #  #  #  .  .  .  .  #  
        12 #  F  F  F  F  #  #  #  #  #  #  #  #  #  #  #  #  #  #  #  .  .  .  .  #  
        13 #  .  .  .  .  #  #  #  #  #  #  #  #  #  #  #  #  #  #  #  .  .  .  .  #  
        14 #  .  .  .  .  #  #  #  #  #  #  #  #  #  #  #  #  #  #  #  .  .  .  .  #  
        15 #  .  .  .  .  #  #  #  #  #  #  #  #  #  #  #  #  #  #  #  .  .  .  .  #  
        16 #  .  .  .  .  #  #  #  #  #  #  #  #  #  #  #  #  #  #  #  .  .  .  .  #  
        17 #  .  .  .  .  #  #  #  #  #  #  #  #  #  #  #  #  #  #  #  .  .  .  .  #  
        18 #  .  .  .  .  #  #  #  #  #  #  #  #  #  #  #  #  #  #  #  .  .  .  .  #  
        19 #  .  .  .  .  #  #  #  #  #  #  #  #  #  #  #  #  #  #  #  .  .  .  .  #  
        20 #  #  .  .  .  .  #  #  #  #  #  #  #  #  #  #  #  #  #  .  .  .  .  #  #  
        21 #  #  #  .  .  .  .  #  #  #  #  #  #  #  #  #  #  #  .  .  .  .  #  #  #  
        22 #  #  #  .  .  .  .  .  .  .  .  .  .  .  .  .  .  .  .  .  .  .  #  #  #  
        23 #  #  #  #  .  .  .  .  .  .  .  .  .  .  .  .  .  .  .  .  .  #  #  #  #  
        24 #  #  #  #  #  #  #  #  #  #  #  #  #  #  #  #  #  #  #  #  #  #  #  #  #  

        # moves taken:  499
        trial runtime:  0.17s

        trial 6
           0  1  2  3  4  5  6  7  8  9  10 11 12 13 14 15 16 17 18 19 20 21 22 23 24 
        0  #  #  #  #  #  #  #  #  #  #  #  #  #  #  #  #  #  #  #  #  #  #  #  #  #  
        1  #  #  #  #  .  .  .  .  .  .  .  .  .  .  .  .  .  .  .  .  .  #  #  #  #  
        2  #  #  #  .  .  .  .  .  .  .  .  .  .  .  .  .  .  .  .  .  .  .  #  #  #  
        3  #  #  #  .  .  .  .  #  #  #  #  #  #  #  #  #  #  #  .  .  .  .  #  #  #  
        4  #  #  .  .  .  .  #  #  #  #  #  #  #  #  #  #  #  #  #  .  .  .  .  #  #  
        5  #  .  .  .  .  #  #  #  #  #  #  #  #  #  #  #  #  #  #  #  .  .  .  .  #  
        6  #  .  .  .  .  #  #  #  #  #  #  #  #  #  #  #  #  #  #  #  .  .  .  .  #  
        7  #  .  .  .  .  #  #  #  #  #  #  #  #  #  #  #  #  #  #  #  .  .  .  .  #  
        8  #  .  .  .  .  #  #  #  #  #  #  #  #  #  #  #  #  #  #  #  .  .  .  .  #  
        9  #  .  .  .  .  #  #  #  #  #  #  #  #  #  #  #  #  #  #  #  .  .  .  .  #  
        10 #  S  X  S  S  #  #  #  #  #  #  #  #  #  #  #  #  #  #  #  .  .  .  .  #  
        11 #  #  #  #  #  #  #  #  #  #  #  #  #  #  #  #  #  #  #  #  .  .  .  .  #  
        12 #  F  F  F  F  #  #  #  #  #  #  #  #  #  #  #  #  #  #  #  .  .  .  .  #  
        13 #  .  .  .  .  #  #  #  #  #  #  #  #  #  #  #  #  #  #  #  .  .  .  .  #  
        14 #  .  .  .  .  #  #  #  #  #  #  #  #  #  #  #  #  #  #  #  .  .  .  .  #  
        15 #  .  .  .  .  #  #  #  #  #  #  #  #  #  #  #  #  #  #  #  .  .  .  .  #  
        16 #  .  .  .  .  #  #  #  #  #  #  #  #  #  #  #  #  #  #  #  .  .  .  .  #  
        17 #  .  .  .  .  #  #  #  #  #  #  #  #  #  #  #  #  #  #  #  .  .  .  .  #  
        18 #  .  .  .  .  #  #  #  #  #  #  #  #  #  #  #  #  #  #  #  .  .  .  .  #  
        19 #  .  .  .  .  #  #  #  #  #  #  #  #  #  #  #  #  #  #  #  .  .  .  .  #  
        20 #  #  .  .  .  .  #  #  #  #  #  #  #  #  #  #  #  #  #  .  .  .  .  #  #  
        21 #  #  #  .  .  .  .  #  #  #  #  #  #  #  #  #  #  #  .  .  .  .  #  #  #  
        22 #  #  #  .  .  .  .  .  .  .  .  .  .  .  .  .  .  .  .  .  .  .  #  #  #  
        23 #  #  #  #  .  .  .  .  .  .  .  .  .  .  .  .  .  .  .  .  .  #  #  #  #  
        24 #  #  #  #  #  #  #  #  #  #  #  #  #  #  #  #  #  #  #  #  #  #  #  #  #  

        # moves taken:  499
        trial runtime:  0.19s

        trial 7
           0  1  2  3  4  5  6  7  8  9  10 11 12 13 14 15 16 17 18 19 20 21 22 23 24 
        0  #  #  #  #  #  #  #  #  #  #  #  #  #  #  #  #  #  #  #  #  #  #  #  #  #  
        1  #  #  #  #  .  .  .  .  .  .  .  .  .  .  .  .  .  .  .  .  .  #  #  #  #  
        2  #  #  #  .  .  .  .  .  .  .  .  .  .  .  .  .  .  .  .  .  .  .  #  #  #  
        3  #  #  #  .  .  .  .  #  #  #  #  #  #  #  #  #  #  #  .  .  .  .  #  #  #  
        4  #  #  .  .  .  .  #  #  #  #  #  #  #  #  #  #  #  #  #  .  .  .  .  #  #  
        5  #  .  .  .  .  #  #  #  #  #  #  #  #  #  #  #  #  #  #  #  .  .  .  .  #  
        6  #  .  .  .  .  #  #  #  #  #  #  #  #  #  #  #  #  #  #  #  .  .  .  .  #  
        7  #  .  .  .  .  #  #  #  #  #  #  #  #  #  #  #  #  #  #  #  .  .  .  .  #  
        8  #  .  .  .  .  #  #  #  #  #  #  #  #  #  #  #  #  #  #  #  .  .  .  .  #  
        9  #  .  .  .  .  #  #  #  #  #  #  #  #  #  #  #  #  #  #  #  .  .  .  .  #  
        10 #  S  X  S  S  #  #  #  #  #  #  #  #  #  #  #  #  #  #  #  .  .  .  .  #  
        11 #  #  #  #  #  #  #  #  #  #  #  #  #  #  #  #  #  #  #  #  .  .  .  .  #  
        12 #  F  F  F  F  #  #  #  #  #  #  #  #  #  #  #  #  #  #  #  .  .  .  .  #  
        13 #  .  .  .  .  #  #  #  #  #  #  #  #  #  #  #  #  #  #  #  .  .  .  .  #  
        14 #  .  .  .  .  #  #  #  #  #  #  #  #  #  #  #  #  #  #  #  .  .  .  .  #  
        15 #  .  .  .  .  #  #  #  #  #  #  #  #  #  #  #  #  #  #  #  .  .  .  .  #  
        16 #  .  .  .  .  #  #  #  #  #  #  #  #  #  #  #  #  #  #  #  .  .  .  .  #  
        17 #  .  .  .  .  #  #  #  #  #  #  #  #  #  #  #  #  #  #  #  .  .  .  .  #  
        18 #  .  .  .  .  #  #  #  #  #  #  #  #  #  #  #  #  #  #  #  .  .  .  .  #  
        19 #  .  .  .  .  #  #  #  #  #  #  #  #  #  #  #  #  #  #  #  .  .  .  .  #  
        20 #  #  .  .  .  .  #  #  #  #  #  #  #  #  #  #  #  #  #  .  .  .  .  #  #  
        21 #  #  #  .  .  .  .  #  #  #  #  #  #  #  #  #  #  #  .  .  .  .  #  #  #  
        22 #  #  #  .  .  .  .  .  .  .  .  .  .  .  .  .  .  .  .  .  .  .  #  #  #  
        23 #  #  #  #  .  .  .  .  .  .  .  .  .  .  .  .  .  .  .  .  .  #  #  #  #  
        24 #  #  #  #  #  #  #  #  #  #  #  #  #  #  #  #  #  #  #  #  #  #  #  #  #  

        # moves taken:  499
        trial runtime:  0.17s

        trial 8
           0  1  2  3  4  5  6  7  8  9  10 11 12 13 14 15 16 17 18 19 20 21 22 23 24 
        0  #  #  #  #  #  #  #  #  #  #  #  #  #  #  #  #  #  #  #  #  #  #  #  #  #  
        1  #  #  #  #  .  .  .  .  .  .  .  .  .  .  .  .  .  .  .  .  .  #  #  #  #  
        2  #  #  #  .  .  .  .  .  .  .  .  .  .  .  .  .  .  .  .  .  .  .  #  #  #  
        3  #  #  #  .  .  .  .  #  #  #  #  #  #  #  #  #  #  #  .  .  .  .  #  #  #  
        4  #  #  .  .  .  .  #  #  #  #  #  #  #  #  #  #  #  #  #  .  .  .  .  #  #  
        5  #  .  .  .  .  #  #  #  #  #  #  #  #  #  #  #  #  #  #  #  .  .  .  .  #  
        6  #  .  .  .  .  #  #  #  #  #  #  #  #  #  #  #  #  #  #  #  .  .  .  .  #  
        7  #  .  .  .  .  #  #  #  #  #  #  #  #  #  #  #  #  #  #  #  .  .  .  .  #  
        8  #  .  .  .  .  #  #  #  #  #  #  #  #  #  #  #  #  #  #  #  .  .  .  .  #  
        9  #  .  .  .  .  #  #  #  #  #  #  #  #  #  #  #  #  #  #  #  .  .  .  .  #  
        10 #  S  X  S  S  #  #  #  #  #  #  #  #  #  #  #  #  #  #  #  .  .  .  .  #  
        11 #  #  #  #  #  #  #  #  #  #  #  #  #  #  #  #  #  #  #  #  .  .  .  .  #  
        12 #  F  F  F  F  #  #  #  #  #  #  #  #  #  #  #  #  #  #  #  .  .  .  .  #  
        13 #  .  .  .  .  #  #  #  #  #  #  #  #  #  #  #  #  #  #  #  .  .  .  .  #  
        14 #  .  .  .  .  #  #  #  #  #  #  #  #  #  #  #  #  #  #  #  .  .  .  .  #  
        15 #  .  .  .  .  #  #  #  #  #  #  #  #  #  #  #  #  #  #  #  .  .  .  .  #  
        16 #  .  .  .  .  #  #  #  #  #  #  #  #  #  #  #  #  #  #  #  .  .  .  .  #  
        17 #  .  .  .  .  #  #  #  #  #  #  #  #  #  #  #  #  #  #  #  .  .  .  .  #  
        18 #  .  .  .  .  #  #  #  #  #  #  #  #  #  #  #  #  #  #  #  .  .  .  .  #  
        19 #  .  .  .  .  #  #  #  #  #  #  #  #  #  #  #  #  #  #  #  .  .  .  .  #  
        20 #  #  .  .  .  .  #  #  #  #  #  #  #  #  #  #  #  #  #  .  .  .  .  #  #  
        21 #  #  #  .  .  .  .  #  #  #  #  #  #  #  #  #  #  #  .  .  .  .  #  #  #  
        22 #  #  #  .  .  .  .  .  .  .  .  .  .  .  .  .  .  .  .  .  .  .  #  #  #  
        23 #  #  #  #  .  .  .  .  .  .  .  .  .  .  .  .  .  .  .  .  .  #  #  #  #  
        24 #  #  #  #  #  #  #  #  #  #  #  #  #  #  #  #  #  #  #  #  #  #  #  #  #  

        # moves taken:  499
        trial runtime:  0.16s

        trial 9
           0  1  2  3  4  5  6  7  8  9  10 11 12 13 14 15 16 17 18 19 20 21 22 23 24 
        0  #  #  #  #  #  #  #  #  #  #  #  #  #  #  #  #  #  #  #  #  #  #  #  #  #  
        1  #  #  #  #  .  .  .  .  .  .  .  .  .  .  .  .  .  .  .  .  .  #  #  #  #  
        2  #  #  #  .  .  .  .  .  .  .  .  .  .  .  .  .  .  .  .  .  .  .  #  #  #  
        3  #  #  #  .  .  .  .  #  #  #  #  #  #  #  #  #  #  #  .  .  .  .  #  #  #  
        4  #  #  .  .  .  .  #  #  #  #  #  #  #  #  #  #  #  #  #  .  .  .  .  #  #  
        5  #  .  .  .  .  #  #  #  #  #  #  #  #  #  #  #  #  #  #  #  .  .  .  .  #  
        6  #  .  .  .  .  #  #  #  #  #  #  #  #  #  #  #  #  #  #  #  .  .  .  .  #  
        7  #  .  .  .  .  #  #  #  #  #  #  #  #  #  #  #  #  #  #  #  .  .  .  .  #  
        8  #  .  .  .  .  #  #  #  #  #  #  #  #  #  #  #  #  #  #  #  .  .  .  .  #  
        9  #  .  .  .  .  #  #  #  #  #  #  #  #  #  #  #  #  #  #  #  .  .  .  .  #  
        10 #  X  S  S  S  #  #  #  #  #  #  #  #  #  #  #  #  #  #  #  .  .  .  .  #  
        11 #  #  #  #  #  #  #  #  #  #  #  #  #  #  #  #  #  #  #  #  .  .  .  .  #  
        12 #  F  F  F  F  #  #  #  #  #  #  #  #  #  #  #  #  #  #  #  .  .  .  .  #  
        13 #  .  .  .  .  #  #  #  #  #  #  #  #  #  #  #  #  #  #  #  .  .  .  .  #  
        14 #  .  .  .  .  #  #  #  #  #  #  #  #  #  #  #  #  #  #  #  .  .  .  .  #  
        15 #  .  .  .  .  #  #  #  #  #  #  #  #  #  #  #  #  #  #  #  .  .  .  .  #  
        16 #  .  .  .  .  #  #  #  #  #  #  #  #  #  #  #  #  #  #  #  .  .  .  .  #  
        17 #  .  .  .  .  #  #  #  #  #  #  #  #  #  #  #  #  #  #  #  .  .  .  .  #  
        18 #  .  .  .  .  #  #  #  #  #  #  #  #  #  #  #  #  #  #  #  .  .  .  .  #  
        19 #  .  .  .  .  #  #  #  #  #  #  #  #  #  #  #  #  #  #  #  .  .  .  .  #  
        20 #  #  .  .  .  .  #  #  #  #  #  #  #  #  #  #  #  #  #  .  .  .  .  #  #  
        21 #  #  #  .  .  .  .  #  #  #  #  #  #  #  #  #  #  #  .  .  .  .  #  #  #  
        22 #  #  #  .  .  .  .  .  .  .  .  .  .  .  .  .  .  .  .  .  .  .  #  #  #  
        23 #  #  #  #  .  .  .  .  .  .  .  .  .  .  .  .  .  .  .  .  .  #  #  #  #  
        24 #  #  #  #  #  #  #  #  #  #  #  #  #  #  #  #  #  #  #  #  #  #  #  #  #  

        # moves taken:  499
        trial runtime:  0.16s

====================================================================================================
~/_/2/d/project6 ❯❯❯ ./main.py                                                             master ✱ ◼
track simulator initialized
restart upon crash = False


====================================================================================================
RUNNING L TRACK
track simulator initialized
restart upon crash = False

           0  1  2  3  4  5  6  7  8  9  10 11 12 13 14 15 16 17 18 19 20 21 22 23 24 25 26 27 28 29 30 31 32 33 34 35 36 
        0  X  #  #  #  #  #  #  #  #  #  #  #  #  #  #  #  #  #  #  #  #  #  #  #  #  #  #  #  #  #  #  #  #  #  #  #  #  
        1  #  #  #  #  #  #  #  #  #  #  #  #  #  #  #  #  #  #  #  #  #  #  #  #  #  #  #  #  #  #  #  #  F  F  F  F  #  
        2  #  #  #  #  #  #  #  #  #  #  #  #  #  #  #  #  #  #  #  #  #  #  #  #  #  #  #  #  #  #  #  #  .  .  .  .  #  
        3  #  #  #  #  #  #  #  #  #  #  #  #  #  #  #  #  #  #  #  #  #  #  #  #  #  #  #  #  #  #  #  #  .  .  .  .  #  
        4  #  #  #  #  #  #  #  #  #  #  #  #  #  #  #  #  #  #  #  #  #  #  #  #  #  #  #  #  #  #  #  #  .  .  .  .  #  
        5  #  #  #  #  #  #  #  #  #  #  #  #  #  #  #  #  #  #  #  #  #  #  #  #  #  #  #  #  #  #  #  #  .  .  .  .  #  
        6  #  S  .  .  .  .  .  .  .  .  .  .  .  .  .  .  .  .  .  .  .  .  .  .  .  .  .  .  .  .  .  .  .  .  .  .  #  
        7  #  S  .  .  .  .  .  .  .  .  .  .  .  .  .  .  .  .  .  .  .  .  .  .  .  .  .  .  .  .  .  .  .  .  .  .  #  
        8  #  S  .  .  .  .  .  .  .  .  .  .  .  .  .  .  .  .  .  .  .  .  .  .  .  .  .  .  .  .  .  .  .  .  .  .  #  
        9  #  S  .  .  .  .  .  .  .  .  .  .  .  .  .  .  .  .  .  .  .  .  .  .  .  .  .  .  .  .  .  .  .  .  .  .  #  
        10 #  #  #  #  #  #  #  #  #  #  #  #  #  #  #  #  #  #  #  #  #  #  #  #  #  #  #  #  #  #  #  #  #  #  #  #  #  


====================================================================================================
RUNNING R TRACK
track simulator initialized
restart upon crash = False

           0  1  2  3  4  5  6  7  8  9  10 11 12 13 14 15 16 17 18 19 20 21 22 23 24 25 26 27 28 29 
        0  X  #  #  #  #  #  #  #  #  #  #  #  #  #  #  #  #  #  #  #  #  #  #  #  #  #  #  #  #  #  
        1  #  #  #  #  #  #  #  #  #  .  .  .  .  .  .  .  .  .  .  .  .  .  #  #  #  #  #  #  #  #  
        2  #  #  #  #  #  .  .  .  .  .  .  .  .  .  .  .  .  .  .  .  .  .  .  .  .  .  #  #  #  #  
        3  #  #  #  .  .  .  .  .  .  .  .  .  .  .  .  .  .  .  .  .  .  .  .  .  .  .  .  #  #  #  
        4  #  #  .  .  .  .  .  .  #  #  #  #  #  #  #  #  #  #  .  .  .  .  .  .  .  #  #  #  #  #  
        5  #  #  .  .  .  .  .  #  #  #  #  #  #  #  #  #  #  #  #  .  .  .  .  .  #  #  #  #  #  #  
        6  #  #  .  .  .  .  .  #  #  #  #  #  #  #  #  #  #  .  .  .  .  .  #  #  #  #  #  #  #  #  
        7  #  #  .  .  .  .  .  #  #  #  #  #  #  #  #  .  .  .  .  .  #  #  #  #  #  #  #  #  #  #  
        8  #  #  .  .  .  .  .  #  #  #  #  #  #  #  .  .  .  .  .  #  #  #  #  #  #  #  #  #  #  #  
        9  #  #  .  .  .  .  .  #  #  #  #  #  .  .  .  .  .  #  #  #  #  #  #  #  #  #  #  #  #  #  
        10 #  #  .  .  .  .  .  #  #  #  .  .  .  .  .  #  #  #  #  #  #  #  #  #  #  #  #  #  #  #  
        11 #  #  .  .  .  .  .  #  #  #  #  #  .  .  .  .  .  #  #  #  #  #  #  #  #  #  #  #  #  #  
        12 #  .  .  .  .  .  #  #  #  #  #  #  #  .  .  .  .  .  #  #  #  #  #  #  #  #  #  #  #  #  
        13 #  .  .  .  .  .  #  #  #  #  #  #  #  #  .  .  .  .  .  #  #  #  #  #  #  #  #  #  #  #  
        14 #  .  .  .  .  .  #  #  #  #  #  #  #  #  #  #  .  .  .  .  .  #  #  #  #  #  #  #  #  #  
        15 #  .  .  .  .  .  #  #  #  #  #  #  #  #  #  #  #  #  #  .  .  .  .  .  #  #  #  #  #  #  
        16 #  #  .  .  .  .  .  #  #  #  #  #  #  #  #  #  #  #  #  #  #  .  .  .  .  .  .  .  #  #  
        17 #  #  .  .  .  .  .  #  #  #  #  #  #  #  #  #  #  #  #  #  #  #  #  .  .  .  .  .  #  #  
        18 #  #  .  .  .  .  .  #  #  #  #  #  #  #  #  #  #  #  #  #  #  #  #  .  .  .  .  .  #  #  
        19 #  #  .  .  .  .  .  #  #  #  #  #  #  #  #  #  #  #  #  #  #  #  #  .  .  .  .  .  #  #  
        20 #  #  .  .  .  .  .  #  #  #  #  #  #  #  #  #  #  #  #  #  #  #  #  .  .  .  .  .  #  #  
        21 #  .  .  .  .  .  #  #  #  #  #  #  #  #  #  #  #  #  #  #  #  #  #  .  .  .  .  .  #  #  
        22 #  .  .  .  .  .  #  #  #  #  #  #  #  #  #  #  #  #  #  #  #  #  #  .  .  .  .  .  #  #  
        23 #  .  .  .  .  .  #  #  #  #  #  #  #  #  #  #  #  #  #  #  #  #  #  .  .  .  .  .  #  #  
        24 #  .  .  .  .  .  #  #  #  #  #  #  #  #  #  #  #  #  #  #  #  #  #  #  .  .  .  .  .  #  
        25 #  .  .  .  .  .  #  #  #  #  #  #  #  #  #  #  #  #  #  #  #  #  #  #  .  .  .  .  .  #  
        26 #  S  S  S  S  S  #  #  #  #  #  #  #  #  #  #  #  #  #  #  #  #  #  #  F  F  F  F  F  #  
        27 #  #  #  #  #  #  #  #  #  #  #  #  #  #  #  #  #  #  #  #  #  #  #  #  #  #  #  #  #  #  

====================================================================================================
-- SARSA --

====================================================================================================
RUNNING O TRACK
track simulator initialized
restart upon crash = False

           0  1  2  3  4  5  6  7  8  9  10 11 12 13 14 15 16 17 18 19 20 21 22 23 24 
        0  X  #  #  #  #  #  #  #  #  #  #  #  #  #  #  #  #  #  #  #  #  #  #  #  #  
        1  #  #  #  #  .  .  .  .  .  .  .  .  .  .  .  .  .  .  .  .  .  #  #  #  #  
        2  #  #  #  .  .  .  .  .  .  .  .  .  .  .  .  .  .  .  .  .  .  .  #  #  #  
        3  #  #  #  .  .  .  .  #  #  #  #  #  #  #  #  #  #  #  .  .  .  .  #  #  #  
        4  #  #  .  .  .  .  #  #  #  #  #  #  #  #  #  #  #  #  #  .  .  .  .  #  #  
        5  #  .  .  .  .  #  #  #  #  #  #  #  #  #  #  #  #  #  #  #  .  .  .  .  #  
        6  #  .  .  .  .  #  #  #  #  #  #  #  #  #  #  #  #  #  #  #  .  .  .  .  #  
        7  #  .  .  .  .  #  #  #  #  #  #  #  #  #  #  #  #  #  #  #  .  .  .  .  #  
        8  #  .  .  .  .  #  #  #  #  #  #  #  #  #  #  #  #  #  #  #  .  .  .  .  #  
        9  #  .  .  .  .  #  #  #  #  #  #  #  #  #  #  #  #  #  #  #  .  .  .  .  #  
        10 #  S  S  S  S  #  #  #  #  #  #  #  #  #  #  #  #  #  #  #  .  .  .  .  #  
        11 #  #  #  #  #  #  #  #  #  #  #  #  #  #  #  #  #  #  #  #  .  .  .  .  #  
        12 #  F  F  F  F  #  #  #  #  #  #  #  #  #  #  #  #  #  #  #  .  .  .  .  #  
        13 #  .  .  .  .  #  #  #  #  #  #  #  #  #  #  #  #  #  #  #  .  .  .  .  #  
        14 #  .  .  .  .  #  #  #  #  #  #  #  #  #  #  #  #  #  #  #  .  .  .  .  #  
        15 #  .  .  .  .  #  #  #  #  #  #  #  #  #  #  #  #  #  #  #  .  .  .  .  #  
        16 #  .  .  .  .  #  #  #  #  #  #  #  #  #  #  #  #  #  #  #  .  .  .  .  #  
        17 #  .  .  .  .  #  #  #  #  #  #  #  #  #  #  #  #  #  #  #  .  .  .  .  #  
        18 #  .  .  .  .  #  #  #  #  #  #  #  #  #  #  #  #  #  #  #  .  .  .  .  #  
        19 #  .  .  .  .  #  #  #  #  #  #  #  #  #  #  #  #  #  #  #  .  .  .  .  #  
        20 #  #  .  .  .  .  #  #  #  #  #  #  #  #  #  #  #  #  #  .  .  .  .  #  #  
        21 #  #  #  .  .  .  .  #  #  #  #  #  #  #  #  #  #  #  .  .  .  .  #  #  #  
        22 #  #  #  .  .  .  .  .  .  .  .  .  .  .  .  .  .  .  .  .  .  .  #  #  #  
        23 #  #  #  #  .  .  .  .  .  .  .  .  .  .  .  .  .  .  .  .  .  #  #  #  #  
        24 #  #  #  #  #  #  #  #  #  #  #  #  #  #  #  #  #  #  #  #  #  #  #  #  #  

====================================================================================================
-- SARSA --

start of training, for 500000 total iterations
policy backtrack took:  0.20s

policy finalized after 811.82s

# time trials to run:  10

        trial 0
           0  1  2  3  4  5  6  7  8  9  10 11 12 13 14 15 16 17 18 19 20 21 22 23 24 
        0  #  #  #  #  #  #  #  #  #  #  #  #  #  #  #  #  #  #  #  #  #  #  #  #  #  
        1  #  #  #  #  .  .  .  .  .  .  .  .  .  .  .  .  .  .  .  .  .  #  #  #  #  
        2  #  #  #  .  .  .  .  .  .  .  .  .  .  .  .  .  .  .  .  .  .  .  #  #  #  
        3  #  #  #  .  .  .  .  #  #  #  #  #  #  #  #  #  #  #  .  .  .  .  #  #  #  
        4  #  #  .  .  .  .  #  #  #  #  #  #  #  #  #  #  #  #  #  .  .  .  .  #  #  
        5  #  .  .  .  .  #  #  #  #  #  #  #  #  #  #  #  #  #  #  #  .  .  .  .  #  
        6  #  .  .  .  .  #  #  #  #  #  #  #  #  #  #  #  #  #  #  #  .  .  .  .  #  
        7  #  .  .  .  .  #  #  #  #  #  #  #  #  #  #  #  #  #  #  #  .  .  .  .  #  
        8  #  .  .  .  .  #  #  #  #  #  #  #  #  #  #  #  #  #  #  #  .  .  .  .  #  
        9  #  .  .  .  .  #  #  #  #  #  #  #  #  #  #  #  #  #  #  #  .  .  .  .  #  
        10 #  X  S  S  S  #  #  #  #  #  #  #  #  #  #  #  #  #  #  #  .  .  .  .  #  
        11 #  #  #  #  #  #  #  #  #  #  #  #  #  #  #  #  #  #  #  #  .  .  .  .  #  
        12 #  F  F  F  F  #  #  #  #  #  #  #  #  #  #  #  #  #  #  #  .  .  .  .  #  
        13 #  .  .  .  .  #  #  #  #  #  #  #  #  #  #  #  #  #  #  #  .  .  .  .  #  
        14 #  .  .  .  .  #  #  #  #  #  #  #  #  #  #  #  #  #  #  #  .  .  .  .  #  
        15 #  .  .  .  .  #  #  #  #  #  #  #  #  #  #  #  #  #  #  #  .  .  .  .  #  
        16 #  .  .  .  .  #  #  #  #  #  #  #  #  #  #  #  #  #  #  #  .  .  .  .  #  
        17 #  .  .  .  .  #  #  #  #  #  #  #  #  #  #  #  #  #  #  #  .  .  .  .  #  
        18 #  .  .  .  .  #  #  #  #  #  #  #  #  #  #  #  #  #  #  #  .  .  .  .  #  
        19 #  .  .  .  .  #  #  #  #  #  #  #  #  #  #  #  #  #  #  #  .  .  .  .  #  
        20 #  #  .  .  .  .  #  #  #  #  #  #  #  #  #  #  #  #  #  .  .  .  .  #  #  
        21 #  #  #  .  .  .  .  #  #  #  #  #  #  #  #  #  #  #  .  .  .  .  #  #  #  
        22 #  #  #  .  .  .  .  .  .  .  .  .  .  .  .  .  .  .  .  .  .  .  #  #  #  
        23 #  #  #  #  .  .  .  .  .  .  .  .  .  .  .  .  .  .  .  .  .  #  #  #  #  
        24 #  #  #  #  #  #  #  #  #  #  #  #  #  #  #  #  #  #  #  #  #  #  #  #  #  

        # moves taken:  499
        trial runtime:  0.18s

        trial 1
           0  1  2  3  4  5  6  7  8  9  10 11 12 13 14 15 16 17 18 19 20 21 22 23 24 
        0  #  #  #  #  #  #  #  #  #  #  #  #  #  #  #  #  #  #  #  #  #  #  #  #  #  
        1  #  #  #  #  .  .  .  .  .  .  .  .  .  .  .  .  .  .  .  .  .  #  #  #  #  
        2  #  #  #  .  .  .  .  .  .  .  .  .  .  .  .  .  .  .  .  .  .  .  #  #  #  
        3  #  #  #  .  .  .  .  #  #  #  #  #  #  #  #  #  #  #  .  .  .  .  #  #  #  
        4  #  #  .  .  .  .  #  #  #  #  #  #  #  #  #  #  #  #  #  .  .  .  .  #  #  
        5  #  .  .  .  .  #  #  #  #  #  #  #  #  #  #  #  #  #  #  #  .  .  .  .  #  
        6  #  .  .  .  .  #  #  #  #  #  #  #  #  #  #  #  #  #  #  #  .  .  .  .  #  
        7  #  .  .  .  .  #  #  #  #  #  #  #  #  #  #  #  #  #  #  #  .  .  .  .  #  
        8  #  .  .  .  .  #  #  #  #  #  #  #  #  #  #  #  #  #  #  #  .  .  .  .  #  
        9  #  .  .  .  .  #  #  #  #  #  #  #  #  #  #  #  #  #  #  #  .  .  .  .  #  
        10 #  S  S  S  X  #  #  #  #  #  #  #  #  #  #  #  #  #  #  #  .  .  .  .  #  
        11 #  #  #  #  #  #  #  #  #  #  #  #  #  #  #  #  #  #  #  #  .  .  .  .  #  
        12 #  F  F  F  F  #  #  #  #  #  #  #  #  #  #  #  #  #  #  #  .  .  .  .  #  
        13 #  .  .  .  .  #  #  #  #  #  #  #  #  #  #  #  #  #  #  #  .  .  .  .  #  
        14 #  .  .  .  .  #  #  #  #  #  #  #  #  #  #  #  #  #  #  #  .  .  .  .  #  
        15 #  .  .  .  .  #  #  #  #  #  #  #  #  #  #  #  #  #  #  #  .  .  .  .  #  
        16 #  .  .  .  .  #  #  #  #  #  #  #  #  #  #  #  #  #  #  #  .  .  .  .  #  
        17 #  .  .  .  .  #  #  #  #  #  #  #  #  #  #  #  #  #  #  #  .  .  .  .  #  
        18 #  .  .  .  .  #  #  #  #  #  #  #  #  #  #  #  #  #  #  #  .  .  .  .  #  
        19 #  .  .  .  .  #  #  #  #  #  #  #  #  #  #  #  #  #  #  #  .  .  .  .  #  
        20 #  #  .  .  .  .  #  #  #  #  #  #  #  #  #  #  #  #  #  .  .  .  .  #  #  
        21 #  #  #  .  .  .  .  #  #  #  #  #  #  #  #  #  #  #  .  .  .  .  #  #  #  
        22 #  #  #  .  .  .  .  .  .  .  .  .  .  .  .  .  .  .  .  .  .  .  #  #  #  
        23 #  #  #  #  .  .  .  .  .  .  .  .  .  .  .  .  .  .  .  .  .  #  #  #  #  
        24 #  #  #  #  #  #  #  #  #  #  #  #  #  #  #  #  #  #  #  #  #  #  #  #  #  

        # moves taken:  499
        trial runtime:  0.15s

        trial 2
           0  1  2  3  4  5  6  7  8  9  10 11 12 13 14 15 16 17 18 19 20 21 22 23 24 
        0  #  #  #  #  #  #  #  #  #  #  #  #  #  #  #  #  #  #  #  #  #  #  #  #  #  
        1  #  #  #  #  .  .  .  .  .  .  .  .  .  .  .  .  .  .  .  .  .  #  #  #  #  
        2  #  #  #  .  .  .  .  .  .  .  .  .  .  .  .  .  .  .  .  .  .  .  #  #  #  
        3  #  #  #  .  .  .  .  #  #  #  #  #  #  #  #  #  #  #  .  .  .  .  #  #  #  
        4  #  #  .  .  .  .  #  #  #  #  #  #  #  #  #  #  #  #  #  .  .  .  .  #  #  
        5  #  .  .  .  .  #  #  #  #  #  #  #  #  #  #  #  #  #  #  #  .  .  .  .  #  
        6  #  .  .  .  .  #  #  #  #  #  #  #  #  #  #  #  #  #  #  #  .  .  .  .  #  
        7  #  .  .  .  .  #  #  #  #  #  #  #  #  #  #  #  #  #  #  #  .  .  .  .  #  
        8  #  .  .  .  .  #  #  #  #  #  #  #  #  #  #  #  #  #  #  #  .  .  .  .  #  
        9  #  .  .  .  .  #  #  #  #  #  #  #  #  #  #  #  #  #  #  #  .  .  .  .  #  
        10 #  S  S  X  S  #  #  #  #  #  #  #  #  #  #  #  #  #  #  #  .  .  .  .  #  
        11 #  #  #  #  #  #  #  #  #  #  #  #  #  #  #  #  #  #  #  #  .  .  .  .  #  
        12 #  F  F  F  F  #  #  #  #  #  #  #  #  #  #  #  #  #  #  #  .  .  .  .  #  
        13 #  .  .  .  .  #  #  #  #  #  #  #  #  #  #  #  #  #  #  #  .  .  .  .  #  
        14 #  .  .  .  .  #  #  #  #  #  #  #  #  #  #  #  #  #  #  #  .  .  .  .  #  
        15 #  .  .  .  .  #  #  #  #  #  #  #  #  #  #  #  #  #  #  #  .  .  .  .  #  
        16 #  .  .  .  .  #  #  #  #  #  #  #  #  #  #  #  #  #  #  #  .  .  .  .  #  
        17 #  .  .  .  .  #  #  #  #  #  #  #  #  #  #  #  #  #  #  #  .  .  .  .  #  
        18 #  .  .  .  .  #  #  #  #  #  #  #  #  #  #  #  #  #  #  #  .  .  .  .  #  
        19 #  .  .  .  .  #  #  #  #  #  #  #  #  #  #  #  #  #  #  #  .  .  .  .  #  
        20 #  #  .  .  .  .  #  #  #  #  #  #  #  #  #  #  #  #  #  .  .  .  .  #  #  
        21 #  #  #  .  .  .  .  #  #  #  #  #  #  #  #  #  #  #  .  .  .  .  #  #  #  
        22 #  #  #  .  .  .  .  .  .  .  .  .  .  .  .  .  .  .  .  .  .  .  #  #  #  
        23 #  #  #  #  .  .  .  .  .  .  .  .  .  .  .  .  .  .  .  .  .  #  #  #  #  
        24 #  #  #  #  #  #  #  #  #  #  #  #  #  #  #  #  #  #  #  #  #  #  #  #  #  

        # moves taken:  499
        trial runtime:  0.16s

        trial 3
           0  1  2  3  4  5  6  7  8  9  10 11 12 13 14 15 16 17 18 19 20 21 22 23 24 
        0  #  #  #  #  #  #  #  #  #  #  #  #  #  #  #  #  #  #  #  #  #  #  #  #  #  
        1  #  #  #  #  .  .  .  .  .  .  .  .  .  .  .  .  .  .  .  .  .  #  #  #  #  
        2  #  #  #  .  .  .  .  .  .  .  .  .  .  .  .  .  .  .  .  .  .  .  #  #  #  
        3  #  #  #  .  .  .  .  #  #  #  #  #  #  #  #  #  #  #  .  .  .  .  #  #  #  
        4  #  #  .  .  .  .  #  #  #  #  #  #  #  #  #  #  #  #  #  .  .  .  .  #  #  
        5  #  .  .  .  .  #  #  #  #  #  #  #  #  #  #  #  #  #  #  #  .  .  .  .  #  
        6  #  .  .  .  .  #  #  #  #  #  #  #  #  #  #  #  #  #  #  #  .  .  .  .  #  
        7  #  .  .  .  .  #  #  #  #  #  #  #  #  #  #  #  #  #  #  #  .  .  .  .  #  
        8  #  .  .  .  .  #  #  #  #  #  #  #  #  #  #  #  #  #  #  #  .  .  .  .  #  
        9  #  .  .  .  .  #  #  #  #  #  #  #  #  #  #  #  #  #  #  #  .  .  .  .  #  
        10 #  X  S  S  S  #  #  #  #  #  #  #  #  #  #  #  #  #  #  #  .  .  .  .  #  
        11 #  #  #  #  #  #  #  #  #  #  #  #  #  #  #  #  #  #  #  #  .  .  .  .  #  
        12 #  F  F  F  F  #  #  #  #  #  #  #  #  #  #  #  #  #  #  #  .  .  .  .  #  
        13 #  .  .  .  .  #  #  #  #  #  #  #  #  #  #  #  #  #  #  #  .  .  .  .  #  
        14 #  .  .  .  .  #  #  #  #  #  #  #  #  #  #  #  #  #  #  #  .  .  .  .  #  
        15 #  .  .  .  .  #  #  #  #  #  #  #  #  #  #  #  #  #  #  #  .  .  .  .  #  
        16 #  .  .  .  .  #  #  #  #  #  #  #  #  #  #  #  #  #  #  #  .  .  .  .  #  
        17 #  .  .  .  .  #  #  #  #  #  #  #  #  #  #  #  #  #  #  #  .  .  .  .  #  
        18 #  .  .  .  .  #  #  #  #  #  #  #  #  #  #  #  #  #  #  #  .  .  .  .  #  
        19 #  .  .  .  .  #  #  #  #  #  #  #  #  #  #  #  #  #  #  #  .  .  .  .  #  
        20 #  #  .  .  .  .  #  #  #  #  #  #  #  #  #  #  #  #  #  .  .  .  .  #  #  
        21 #  #  #  .  .  .  .  #  #  #  #  #  #  #  #  #  #  #  .  .  .  .  #  #  #  
        22 #  #  #  .  .  .  .  .  .  .  .  .  .  .  .  .  .  .  .  .  .  .  #  #  #  
        23 #  #  #  #  .  .  .  .  .  .  .  .  .  .  .  .  .  .  .  .  .  #  #  #  #  
        24 #  #  #  #  #  #  #  #  #  #  #  #  #  #  #  #  #  #  #  #  #  #  #  #  #  

        # moves taken:  499
        trial runtime:  0.15s

        trial 4
           0  1  2  3  4  5  6  7  8  9  10 11 12 13 14 15 16 17 18 19 20 21 22 23 24 
        0  #  #  #  #  #  #  #  #  #  #  #  #  #  #  #  #  #  #  #  #  #  #  #  #  #  
        1  #  #  #  #  .  .  .  .  .  .  .  .  .  .  .  .  .  .  .  .  .  #  #  #  #  
        2  #  #  #  .  .  .  .  .  .  .  .  .  .  .  .  .  .  .  .  .  .  .  #  #  #  
        3  #  #  #  .  .  .  .  #  #  #  #  #  #  #  #  #  #  #  .  .  .  .  #  #  #  
        4  #  #  .  .  .  .  #  #  #  #  #  #  #  #  #  #  #  #  #  .  .  .  .  #  #  
        5  #  .  .  .  .  #  #  #  #  #  #  #  #  #  #  #  #  #  #  #  .  .  .  .  #  
        6  #  .  .  .  .  #  #  #  #  #  #  #  #  #  #  #  #  #  #  #  .  .  .  .  #  
        7  #  .  .  .  .  #  #  #  #  #  #  #  #  #  #  #  #  #  #  #  .  .  .  .  #  
        8  #  .  .  .  .  #  #  #  #  #  #  #  #  #  #  #  #  #  #  #  .  .  .  .  #  
        9  #  .  .  .  .  #  #  #  #  #  #  #  #  #  #  #  #  #  #  #  .  .  .  .  #  
        10 #  S  S  S  X  #  #  #  #  #  #  #  #  #  #  #  #  #  #  #  .  .  .  .  #  
        11 #  #  #  #  #  #  #  #  #  #  #  #  #  #  #  #  #  #  #  #  .  .  .  .  #  
        12 #  F  F  F  F  #  #  #  #  #  #  #  #  #  #  #  #  #  #  #  .  .  .  .  #  
        13 #  .  .  .  .  #  #  #  #  #  #  #  #  #  #  #  #  #  #  #  .  .  .  .  #  
        14 #  .  .  .  .  #  #  #  #  #  #  #  #  #  #  #  #  #  #  #  .  .  .  .  #  
        15 #  .  .  .  .  #  #  #  #  #  #  #  #  #  #  #  #  #  #  #  .  .  .  .  #  
        16 #  .  .  .  .  #  #  #  #  #  #  #  #  #  #  #  #  #  #  #  .  .  .  .  #  
        17 #  .  .  .  .  #  #  #  #  #  #  #  #  #  #  #  #  #  #  #  .  .  .  .  #  
        18 #  .  .  .  .  #  #  #  #  #  #  #  #  #  #  #  #  #  #  #  .  .  .  .  #  
        19 #  .  .  .  .  #  #  #  #  #  #  #  #  #  #  #  #  #  #  #  .  .  .  .  #  
        20 #  #  .  .  .  .  #  #  #  #  #  #  #  #  #  #  #  #  #  .  .  .  .  #  #  
        21 #  #  #  .  .  .  .  #  #  #  #  #  #  #  #  #  #  #  .  .  .  .  #  #  #  
        22 #  #  #  .  .  .  .  .  .  .  .  .  .  .  .  .  .  .  .  .  .  .  #  #  #  
        23 #  #  #  #  .  .  .  .  .  .  .  .  .  .  .  .  .  .  .  .  .  #  #  #  #  
        24 #  #  #  #  #  #  #  #  #  #  #  #  #  #  #  #  #  #  #  #  #  #  #  #  #  

        trial ended on position 12 1
        # moves taken:  4
        trial runtime:  0.15s

        trial 5
           0  1  2  3  4  5  6  7  8  9  10 11 12 13 14 15 16 17 18 19 20 21 22 23 24 
        0  #  #  #  #  #  #  #  #  #  #  #  #  #  #  #  #  #  #  #  #  #  #  #  #  #  
        1  #  #  #  #  .  .  .  .  .  .  .  .  .  .  .  .  .  .  .  .  .  #  #  #  #  
        2  #  #  #  .  .  .  .  .  .  .  .  .  .  .  .  .  .  .  .  .  .  .  #  #  #  
        3  #  #  #  .  .  .  .  #  #  #  #  #  #  #  #  #  #  #  .  .  .  .  #  #  #  
        4  #  #  .  .  .  .  #  #  #  #  #  #  #  #  #  #  #  #  #  .  .  .  .  #  #  
        5  #  .  .  .  .  #  #  #  #  #  #  #  #  #  #  #  #  #  #  #  .  .  .  .  #  
        6  #  .  .  .  .  #  #  #  #  #  #  #  #  #  #  #  #  #  #  #  .  .  .  .  #  
        7  #  .  .  .  .  #  #  #  #  #  #  #  #  #  #  #  #  #  #  #  .  .  .  .  #  
        8  #  .  .  .  .  #  #  #  #  #  #  #  #  #  #  #  #  #  #  #  .  .  .  .  #  
        9  #  .  .  .  .  #  #  #  #  #  #  #  #  #  #  #  #  #  #  #  .  .  .  .  #  
        10 #  X  S  S  S  #  #  #  #  #  #  #  #  #  #  #  #  #  #  #  .  .  .  .  #  
        11 #  #  #  #  #  #  #  #  #  #  #  #  #  #  #  #  #  #  #  #  .  .  .  .  #  
        12 #  F  F  F  F  #  #  #  #  #  #  #  #  #  #  #  #  #  #  #  .  .  .  .  #  
        13 #  .  .  .  .  #  #  #  #  #  #  #  #  #  #  #  #  #  #  #  .  .  .  .  #  
        14 #  .  .  .  .  #  #  #  #  #  #  #  #  #  #  #  #  #  #  #  .  .  .  .  #  
        15 #  .  .  .  .  #  #  #  #  #  #  #  #  #  #  #  #  #  #  #  .  .  .  .  #  
        16 #  .  .  .  .  #  #  #  #  #  #  #  #  #  #  #  #  #  #  #  .  .  .  .  #  
        17 #  .  .  .  .  #  #  #  #  #  #  #  #  #  #  #  #  #  #  #  .  .  .  .  #  
        18 #  .  .  .  .  #  #  #  #  #  #  #  #  #  #  #  #  #  #  #  .  .  .  .  #  
        19 #  .  .  .  .  #  #  #  #  #  #  #  #  #  #  #  #  #  #  #  .  .  .  .  #  
        20 #  #  .  .  .  .  #  #  #  #  #  #  #  #  #  #  #  #  #  .  .  .  .  #  #  
        21 #  #  #  .  .  .  .  #  #  #  #  #  #  #  #  #  #  #  .  .  .  .  #  #  #  
        22 #  #  #  .  .  .  .  .  .  .  .  .  .  .  .  .  .  .  .  .  .  .  #  #  #  
        23 #  #  #  #  .  .  .  .  .  .  .  .  .  .  .  .  .  .  .  .  .  #  #  #  #  
        24 #  #  #  #  #  #  #  #  #  #  #  #  #  #  #  #  #  #  #  #  #  #  #  #  #  

        trial ended on position 12 1
        # moves taken:  1
        trial runtime:  0.15s

        trial 6
           0  1  2  3  4  5  6  7  8  9  10 11 12 13 14 15 16 17 18 19 20 21 22 23 24 
        0  #  #  #  #  #  #  #  #  #  #  #  #  #  #  #  #  #  #  #  #  #  #  #  #  #  
        1  #  #  #  #  .  .  .  .  .  .  .  .  .  .  .  .  .  .  .  .  .  #  #  #  #  
        2  #  #  #  .  .  .  .  .  .  .  .  .  .  .  .  .  .  .  .  .  .  .  #  #  #  
        3  #  #  #  .  .  .  .  #  #  #  #  #  #  #  #  #  #  #  .  .  .  .  #  #  #  
        4  #  #  .  .  .  .  #  #  #  #  #  #  #  #  #  #  #  #  #  .  .  .  .  #  #  
        5  #  .  .  .  .  #  #  #  #  #  #  #  #  #  #  #  #  #  #  #  .  .  .  .  #  
        6  #  .  .  .  .  #  #  #  #  #  #  #  #  #  #  #  #  #  #  #  .  .  .  .  #  
        7  #  .  .  .  .  #  #  #  #  #  #  #  #  #  #  #  #  #  #  #  .  .  .  .  #  
        8  #  .  .  .  .  #  #  #  #  #  #  #  #  #  #  #  #  #  #  #  .  .  .  .  #  
        9  #  .  .  .  .  #  #  #  #  #  #  #  #  #  #  #  #  #  #  #  .  .  .  .  #  
        10 #  S  S  X  S  #  #  #  #  #  #  #  #  #  #  #  #  #  #  #  .  .  .  .  #  
        11 #  #  #  #  #  #  #  #  #  #  #  #  #  #  #  #  #  #  #  #  .  .  .  .  #  
        12 #  F  F  F  F  #  #  #  #  #  #  #  #  #  #  #  #  #  #  #  .  .  .  .  #  
        13 #  .  .  .  .  #  #  #  #  #  #  #  #  #  #  #  #  #  #  #  .  .  .  .  #  
        14 #  .  .  .  .  #  #  #  #  #  #  #  #  #  #  #  #  #  #  #  .  .  .  .  #  
        15 #  .  .  .  .  #  #  #  #  #  #  #  #  #  #  #  #  #  #  #  .  .  .  .  #  
        16 #  .  .  .  .  #  #  #  #  #  #  #  #  #  #  #  #  #  #  #  .  .  .  .  #  
        17 #  .  .  .  .  #  #  #  #  #  #  #  #  #  #  #  #  #  #  #  .  .  .  .  #  
        18 #  .  .  .  .  #  #  #  #  #  #  #  #  #  #  #  #  #  #  #  .  .  .  .  #  
        19 #  .  .  .  .  #  #  #  #  #  #  #  #  #  #  #  #  #  #  #  .  .  .  .  #  
        20 #  #  .  .  .  .  #  #  #  #  #  #  #  #  #  #  #  #  #  .  .  .  .  #  #  
        21 #  #  #  .  .  .  .  #  #  #  #  #  #  #  #  #  #  #  .  .  .  .  #  #  #  
        22 #  #  #  .  .  .  .  .  .  .  .  .  .  .  .  .  .  .  .  .  .  .  #  #  #  
        23 #  #  #  #  .  .  .  .  .  .  .  .  .  .  .  .  .  .  .  .  .  #  #  #  #  
        24 #  #  #  #  #  #  #  #  #  #  #  #  #  #  #  #  #  #  #  #  #  #  #  #  #  

        # moves taken:  499
        trial runtime:  0.15s

        trial 7
           0  1  2  3  4  5  6  7  8  9  10 11 12 13 14 15 16 17 18 19 20 21 22 23 24 
        0  #  #  #  #  #  #  #  #  #  #  #  #  #  #  #  #  #  #  #  #  #  #  #  #  #  
        1  #  #  #  #  .  .  .  .  .  .  .  .  .  .  .  .  .  .  .  .  .  #  #  #  #  
        2  #  #  #  .  .  .  .  .  .  .  .  .  .  .  .  .  .  .  .  .  .  .  #  #  #  
        3  #  #  #  .  .  .  .  #  #  #  #  #  #  #  #  #  #  #  .  .  .  .  #  #  #  
        4  #  #  .  .  .  .  #  #  #  #  #  #  #  #  #  #  #  #  #  .  .  .  .  #  #  
        5  #  .  .  .  .  #  #  #  #  #  #  #  #  #  #  #  #  #  #  #  .  .  .  .  #  
        6  #  .  .  .  .  #  #  #  #  #  #  #  #  #  #  #  #  #  #  #  .  .  .  .  #  
        7  #  .  .  .  .  #  #  #  #  #  #  #  #  #  #  #  #  #  #  #  .  .  .  .  #  
        8  #  .  .  .  .  #  #  #  #  #  #  #  #  #  #  #  #  #  #  #  .  .  .  .  #  
        9  #  .  .  .  .  #  #  #  #  #  #  #  #  #  #  #  #  #  #  #  .  .  .  .  #  
        10 #  S  X  S  S  #  #  #  #  #  #  #  #  #  #  #  #  #  #  #  .  .  .  .  #  
        11 #  #  #  #  #  #  #  #  #  #  #  #  #  #  #  #  #  #  #  #  .  .  .  .  #  
        12 #  F  F  F  F  #  #  #  #  #  #  #  #  #  #  #  #  #  #  #  .  .  .  .  #  
        13 #  .  .  .  .  #  #  #  #  #  #  #  #  #  #  #  #  #  #  #  .  .  .  .  #  
        14 #  .  .  .  .  #  #  #  #  #  #  #  #  #  #  #  #  #  #  #  .  .  .  .  #  
        15 #  .  .  .  .  #  #  #  #  #  #  #  #  #  #  #  #  #  #  #  .  .  .  .  #  
        16 #  .  .  .  .  #  #  #  #  #  #  #  #  #  #  #  #  #  #  #  .  .  .  .  #  
        17 #  .  .  .  .  #  #  #  #  #  #  #  #  #  #  #  #  #  #  #  .  .  .  .  #  
        18 #  .  .  .  .  #  #  #  #  #  #  #  #  #  #  #  #  #  #  #  .  .  .  .  #  
        19 #  .  .  .  .  #  #  #  #  #  #  #  #  #  #  #  #  #  #  #  .  .  .  .  #  
        20 #  #  .  .  .  .  #  #  #  #  #  #  #  #  #  #  #  #  #  .  .  .  .  #  #  
        21 #  #  #  .  .  .  .  #  #  #  #  #  #  #  #  #  #  #  .  .  .  .  #  #  #  
        22 #  #  #  .  .  .  .  .  .  .  .  .  .  .  .  .  .  .  .  .  .  .  #  #  #  
        23 #  #  #  #  .  .  .  .  .  .  .  .  .  .  .  .  .  .  .  .  .  #  #  #  #  
        24 #  #  #  #  #  #  #  #  #  #  #  #  #  #  #  #  #  #  #  #  #  #  #  #  #  

        # moves taken:  499
        trial runtime:  0.15s

        trial 8
           0  1  2  3  4  5  6  7  8  9  10 11 12 13 14 15 16 17 18 19 20 21 22 23 24 
        0  #  #  #  #  #  #  #  #  #  #  #  #  #  #  #  #  #  #  #  #  #  #  #  #  #  
        1  #  #  #  #  .  .  .  .  .  .  .  .  .  .  .  .  .  .  .  .  .  #  #  #  #  
        2  #  #  #  .  .  .  .  .  .  .  .  .  .  .  .  .  .  .  .  .  .  .  #  #  #  
        3  #  #  #  .  .  .  .  #  #  #  #  #  #  #  #  #  #  #  .  .  .  .  #  #  #  
        4  #  #  .  .  .  .  #  #  #  #  #  #  #  #  #  #  #  #  #  .  .  .  .  #  #  
        5  #  .  .  .  .  #  #  #  #  #  #  #  #  #  #  #  #  #  #  #  .  .  .  .  #  
        6  #  .  .  .  .  #  #  #  #  #  #  #  #  #  #  #  #  #  #  #  .  .  .  .  #  
        7  #  .  .  .  .  #  #  #  #  #  #  #  #  #  #  #  #  #  #  #  .  .  .  .  #  
        8  #  .  .  .  .  #  #  #  #  #  #  #  #  #  #  #  #  #  #  #  .  .  .  .  #  
        9  #  .  .  .  .  #  #  #  #  #  #  #  #  #  #  #  #  #  #  #  .  .  .  .  #  
        10 #  S  S  S  X  #  #  #  #  #  #  #  #  #  #  #  #  #  #  #  .  .  .  .  #  
        11 #  #  #  #  #  #  #  #  #  #  #  #  #  #  #  #  #  #  #  #  .  .  .  .  #  
        12 #  F  F  F  F  #  #  #  #  #  #  #  #  #  #  #  #  #  #  #  .  .  .  .  #  
        13 #  .  .  .  .  #  #  #  #  #  #  #  #  #  #  #  #  #  #  #  .  .  .  .  #  
        14 #  .  .  .  .  #  #  #  #  #  #  #  #  #  #  #  #  #  #  #  .  .  .  .  #  
        15 #  .  .  .  .  #  #  #  #  #  #  #  #  #  #  #  #  #  #  #  .  .  .  .  #  
        16 #  .  .  .  .  #  #  #  #  #  #  #  #  #  #  #  #  #  #  #  .  .  .  .  #  
        17 #  .  .  .  .  #  #  #  #  #  #  #  #  #  #  #  #  #  #  #  .  .  .  .  #  
        18 #  .  .  .  .  #  #  #  #  #  #  #  #  #  #  #  #  #  #  #  .  .  .  .  #  
        19 #  .  .  .  .  #  #  #  #  #  #  #  #  #  #  #  #  #  #  #  .  .  .  .  #  
        20 #  #  .  .  .  .  #  #  #  #  #  #  #  #  #  #  #  #  #  .  .  .  .  #  #  
        21 #  #  #  .  .  .  .  #  #  #  #  #  #  #  #  #  #  #  .  .  .  .  #  #  #  
        22 #  #  #  .  .  .  .  .  .  .  .  .  .  .  .  .  .  .  .  .  .  .  #  #  #  
        23 #  #  #  #  .  .  .  .  .  .  .  .  .  .  .  .  .  .  .  .  .  #  #  #  #  
        24 #  #  #  #  #  #  #  #  #  #  #  #  #  #  #  #  #  #  #  #  #  #  #  #  #  

        trial ended on position 12 1
        # moves taken:  4
        trial runtime:  0.15s

        trial 9
           0  1  2  3  4  5  6  7  8  9  10 11 12 13 14 15 16 17 18 19 20 21 22 23 24 
        0  #  #  #  #  #  #  #  #  #  #  #  #  #  #  #  #  #  #  #  #  #  #  #  #  #  
        1  #  #  #  #  .  .  .  .  .  .  .  .  .  .  .  .  .  .  .  .  .  #  #  #  #  
        2  #  #  #  .  .  .  .  .  .  .  .  .  .  .  .  .  .  .  .  .  .  .  #  #  #  
        3  #  #  #  .  .  .  .  #  #  #  #  #  #  #  #  #  #  #  .  .  .  .  #  #  #  
        4  #  #  .  .  .  .  #  #  #  #  #  #  #  #  #  #  #  #  #  .  .  .  .  #  #  
        5  #  .  .  .  .  #  #  #  #  #  #  #  #  #  #  #  #  #  #  #  .  .  .  .  #  
        6  #  .  .  .  .  #  #  #  #  #  #  #  #  #  #  #  #  #  #  #  .  .  .  .  #  
        7  #  .  .  .  .  #  #  #  #  #  #  #  #  #  #  #  #  #  #  #  .  .  .  .  #  
        8  #  .  .  .  .  #  #  #  #  #  #  #  #  #  #  #  #  #  #  #  .  .  .  .  #  
        9  #  .  .  .  .  #  #  #  #  #  #  #  #  #  #  #  #  #  #  #  .  .  .  .  #  
        10 #  X  S  S  S  #  #  #  #  #  #  #  #  #  #  #  #  #  #  #  .  .  .  .  #  
        11 #  #  #  #  #  #  #  #  #  #  #  #  #  #  #  #  #  #  #  #  .  .  .  .  #  
        12 #  F  F  F  F  #  #  #  #  #  #  #  #  #  #  #  #  #  #  #  .  .  .  .  #  
        13 #  .  .  .  .  #  #  #  #  #  #  #  #  #  #  #  #  #  #  #  .  .  .  .  #  
        14 #  .  .  .  .  #  #  #  #  #  #  #  #  #  #  #  #  #  #  #  .  .  .  .  #  
        15 #  .  .  .  .  #  #  #  #  #  #  #  #  #  #  #  #  #  #  #  .  .  .  .  #  
        16 #  .  .  .  .  #  #  #  #  #  #  #  #  #  #  #  #  #  #  #  .  .  .  .  #  
        17 #  .  .  .  .  #  #  #  #  #  #  #  #  #  #  #  #  #  #  #  .  .  .  .  #  
        18 #  .  .  .  .  #  #  #  #  #  #  #  #  #  #  #  #  #  #  #  .  .  .  .  #  
        19 #  .  .  .  .  #  #  #  #  #  #  #  #  #  #  #  #  #  #  #  .  .  .  .  #  
        20 #  #  .  .  .  .  #  #  #  #  #  #  #  #  #  #  #  #  #  .  .  .  .  #  #  
        21 #  #  #  .  .  .  .  #  #  #  #  #  #  #  #  #  #  #  .  .  .  .  #  #  #  
        22 #  #  #  .  .  .  .  .  .  .  .  .  .  .  .  .  .  .  .  .  .  .  #  #  #  
        23 #  #  #  #  .  .  .  .  .  .  .  .  .  .  .  .  .  .  .  .  .  #  #  #  #  
        24 #  #  #  #  #  #  #  #  #  #  #  #  #  #  #  #  #  #  #  #  #  #  #  #  #  

        trial ended on position 12 1
        # moves taken:  1
        trial runtime:  0.16s

====================================================================================================
~/_/2/d/project6 ❯❯❯ ./main.py                                                                                                master ✱ ◼
track simulator initialized
restart upon crash = False


====================================================================================================
RUNNING L TRACK
track simulator initialized
restart upon crash = False

           0  1  2  3  4  5  6  7  8  9  10 11 12 13 14 15 16 17 18 19 20 21 22 23 24 25 26 27 28 29 30 31 32 33 34 35 36 
        0  X  #  #  #  #  #  #  #  #  #  #  #  #  #  #  #  #  #  #  #  #  #  #  #  #  #  #  #  #  #  #  #  #  #  #  #  #  
        1  #  #  #  #  #  #  #  #  #  #  #  #  #  #  #  #  #  #  #  #  #  #  #  #  #  #  #  #  #  #  #  #  F  F  F  F  #  
        2  #  #  #  #  #  #  #  #  #  #  #  #  #  #  #  #  #  #  #  #  #  #  #  #  #  #  #  #  #  #  #  #  .  .  .  .  #  
        3  #  #  #  #  #  #  #  #  #  #  #  #  #  #  #  #  #  #  #  #  #  #  #  #  #  #  #  #  #  #  #  #  .  .  .  .  #  
        4  #  #  #  #  #  #  #  #  #  #  #  #  #  #  #  #  #  #  #  #  #  #  #  #  #  #  #  #  #  #  #  #  .  .  .  .  #  
        5  #  #  #  #  #  #  #  #  #  #  #  #  #  #  #  #  #  #  #  #  #  #  #  #  #  #  #  #  #  #  #  #  .  .  .  .  #  
        6  #  S  .  .  .  .  .  .  .  .  .  .  .  .  .  .  .  .  .  .  .  .  .  .  .  .  .  .  .  .  .  .  .  .  .  .  #  
        7  #  S  .  .  .  .  .  .  .  .  .  .  .  .  .  .  .  .  .  .  .  .  .  .  .  .  .  .  .  .  .  .  .  .  .  .  #  
        8  #  S  .  .  .  .  .  .  .  .  .  .  .  .  .  .  .  .  .  .  .  .  .  .  .  .  .  .  .  .  .  .  .  .  .  .  #  
        9  #  S  .  .  .  .  .  .  .  .  .  .  .  .  .  .  .  .  .  .  .  .  .  .  .  .  .  .  .  .  .  .  .  .  .  .  #  
        10 #  #  #  #  #  #  #  #  #  #  #  #  #  #  #  #  #  #  #  #  #  #  #  #  #  #  #  #  #  #  #  #  #  #  #  #  #  


====================================================================================================
RUNNING R TRACK
track simulator initialized
restart upon crash = False

           0  1  2  3  4  5  6  7  8  9  10 11 12 13 14 15 16 17 18 19 20 21 22 23 24 25 26 27 28 29 
        0  X  #  #  #  #  #  #  #  #  #  #  #  #  #  #  #  #  #  #  #  #  #  #  #  #  #  #  #  #  #  
        1  #  #  #  #  #  #  #  #  #  .  .  .  .  .  .  .  .  .  .  .  .  .  #  #  #  #  #  #  #  #  
        2  #  #  #  #  #  .  .  .  .  .  .  .  .  .  .  .  .  .  .  .  .  .  .  .  .  .  #  #  #  #  
        3  #  #  #  .  .  .  .  .  .  .  .  .  .  .  .  .  .  .  .  .  .  .  .  .  .  .  .  #  #  #  
        4  #  #  .  .  .  .  .  .  #  #  #  #  #  #  #  #  #  #  .  .  .  .  .  .  .  #  #  #  #  #  
        5  #  #  .  .  .  .  .  #  #  #  #  #  #  #  #  #  #  #  #  .  .  .  .  .  #  #  #  #  #  #  
        6  #  #  .  .  .  .  .  #  #  #  #  #  #  #  #  #  #  .  .  .  .  .  #  #  #  #  #  #  #  #  
        7  #  #  .  .  .  .  .  #  #  #  #  #  #  #  #  .  .  .  .  .  #  #  #  #  #  #  #  #  #  #  
        8  #  #  .  .  .  .  .  #  #  #  #  #  #  #  .  .  .  .  .  #  #  #  #  #  #  #  #  #  #  #  
        9  #  #  .  .  .  .  .  #  #  #  #  #  .  .  .  .  .  #  #  #  #  #  #  #  #  #  #  #  #  #  
        10 #  #  .  .  .  .  .  #  #  #  .  .  .  .  .  #  #  #  #  #  #  #  #  #  #  #  #  #  #  #  
        11 #  #  .  .  .  .  .  #  #  #  #  #  .  .  .  .  .  #  #  #  #  #  #  #  #  #  #  #  #  #  
        12 #  .  .  .  .  .  #  #  #  #  #  #  #  .  .  .  .  .  #  #  #  #  #  #  #  #  #  #  #  #  
        13 #  .  .  .  .  .  #  #  #  #  #  #  #  #  .  .  .  .  .  #  #  #  #  #  #  #  #  #  #  #  
        14 #  .  .  .  .  .  #  #  #  #  #  #  #  #  #  #  .  .  .  .  .  #  #  #  #  #  #  #  #  #  
        15 #  .  .  .  .  .  #  #  #  #  #  #  #  #  #  #  #  #  #  .  .  .  .  .  #  #  #  #  #  #  
        16 #  #  .  .  .  .  .  #  #  #  #  #  #  #  #  #  #  #  #  #  #  .  .  .  .  .  .  .  #  #  
        17 #  #  .  .  .  .  .  #  #  #  #  #  #  #  #  #  #  #  #  #  #  #  #  .  .  .  .  .  #  #  
        18 #  #  .  .  .  .  .  #  #  #  #  #  #  #  #  #  #  #  #  #  #  #  #  .  .  .  .  .  #  #  
        19 #  #  .  .  .  .  .  #  #  #  #  #  #  #  #  #  #  #  #  #  #  #  #  .  .  .  .  .  #  #  
        20 #  #  .  .  .  .  .  #  #  #  #  #  #  #  #  #  #  #  #  #  #  #  #  .  .  .  .  .  #  #  
        21 #  .  .  .  .  .  #  #  #  #  #  #  #  #  #  #  #  #  #  #  #  #  #  .  .  .  .  .  #  #  
        22 #  .  .  .  .  .  #  #  #  #  #  #  #  #  #  #  #  #  #  #  #  #  #  .  .  .  .  .  #  #  
        23 #  .  .  .  .  .  #  #  #  #  #  #  #  #  #  #  #  #  #  #  #  #  #  .  .  .  .  .  #  #  
        24 #  .  .  .  .  .  #  #  #  #  #  #  #  #  #  #  #  #  #  #  #  #  #  #  .  .  .  .  .  #  
        25 #  .  .  .  .  .  #  #  #  #  #  #  #  #  #  #  #  #  #  #  #  #  #  #  .  .  .  .  .  #  
        26 #  S  S  S  S  S  #  #  #  #  #  #  #  #  #  #  #  #  #  #  #  #  #  #  F  F  F  F  F  #  
        27 #  #  #  #  #  #  #  #  #  #  #  #  #  #  #  #  #  #  #  #  #  #  #  #  #  #  #  #  #  #  

====================================================================================================
-- SARSA --

====================================================================================================
RUNNING O TRACK
track simulator initialized
restart upon crash = False

           0  1  2  3  4  5  6  7  8  9  10 11 12 13 14 15 16 17 18 19 20 21 22 23 24 
        0  X  #  #  #  #  #  #  #  #  #  #  #  #  #  #  #  #  #  #  #  #  #  #  #  #  
        1  #  #  #  #  .  .  .  .  .  .  .  .  .  .  .  .  .  .  .  .  .  #  #  #  #  
        2  #  #  #  .  .  .  .  .  .  .  .  .  .  .  .  .  .  .  .  .  .  .  #  #  #  
        3  #  #  #  .  .  .  .  #  #  #  #  #  #  #  #  #  #  #  .  .  .  .  #  #  #  
        4  #  #  .  .  .  .  #  #  #  #  #  #  #  #  #  #  #  #  #  .  .  .  .  #  #  
        5  #  .  .  .  .  #  #  #  #  #  #  #  #  #  #  #  #  #  #  #  .  .  .  .  #  
        6  #  .  .  .  .  #  #  #  #  #  #  #  #  #  #  #  #  #  #  #  .  .  .  .  #  
        7  #  .  .  .  .  #  #  #  #  #  #  #  #  #  #  #  #  #  #  #  .  .  .  .  #  
        8  #  .  .  .  .  #  #  #  #  #  #  #  #  #  #  #  #  #  #  #  .  .  .  .  #  
        9  #  .  .  .  .  #  #  #  #  #  #  #  #  #  #  #  #  #  #  #  .  .  .  .  #  
        10 #  S  S  S  S  #  #  #  #  #  #  #  #  #  #  #  #  #  #  #  .  .  .  .  #  
        11 #  #  #  #  #  #  #  #  #  #  #  #  #  #  #  #  #  #  #  #  .  .  .  .  #  
        12 #  F  F  F  F  #  #  #  #  #  #  #  #  #  #  #  #  #  #  #  .  .  .  .  #  
        13 #  .  .  .  .  #  #  #  #  #  #  #  #  #  #  #  #  #  #  #  .  .  .  .  #  
        14 #  .  .  .  .  #  #  #  #  #  #  #  #  #  #  #  #  #  #  #  .  .  .  .  #  
        15 #  .  .  .  .  #  #  #  #  #  #  #  #  #  #  #  #  #  #  #  .  .  .  .  #  
        16 #  .  .  .  .  #  #  #  #  #  #  #  #  #  #  #  #  #  #  #  .  .  .  .  #  
        17 #  .  .  .  .  #  #  #  #  #  #  #  #  #  #  #  #  #  #  #  .  .  .  .  #  
        18 #  .  .  .  .  #  #  #  #  #  #  #  #  #  #  #  #  #  #  #  .  .  .  .  #  
        19 #  .  .  .  .  #  #  #  #  #  #  #  #  #  #  #  #  #  #  #  .  .  .  .  #  
        20 #  #  .  .  .  .  #  #  #  #  #  #  #  #  #  #  #  #  #  .  .  .  .  #  #  
        21 #  #  #  .  .  .  .  #  #  #  #  #  #  #  #  #  #  #  .  .  .  .  #  #  #  
        22 #  #  #  .  .  .  .  .  .  .  .  .  .  .  .  .  .  .  .  .  .  .  #  #  #  
        23 #  #  #  #  .  .  .  .  .  .  .  .  .  .  .  .  .  .  .  .  .  #  #  #  #  
        24 #  #  #  #  #  #  #  #  #  #  #  #  #  #  #  #  #  #  #  #  #  #  #  #  #  

====================================================================================================
-- SARSA --

start of training, for 1000000 total iterations
policy backtrack took:  0.20s

policy finalized after 1650.30s

# time trials to run:  10

        trial 0
           0  1  2  3  4  5  6  7  8  9  10 11 12 13 14 15 16 17 18 19 20 21 22 23 24 
        0  #  #  #  #  #  #  #  #  #  #  #  #  #  #  #  #  #  #  #  #  #  #  #  #  #  
        1  #  #  #  #  .  .  .  .  .  .  .  .  .  .  .  .  .  .  .  .  .  #  #  #  #  
        2  #  #  #  .  .  .  .  .  .  .  .  .  .  .  .  .  .  .  .  .  .  .  #  #  #  
        3  #  #  #  .  .  .  .  #  #  #  #  #  #  #  #  #  #  #  .  .  .  .  #  #  #  
        4  #  #  .  .  .  .  #  #  #  #  #  #  #  #  #  #  #  #  #  .  .  .  .  #  #  
        5  #  .  .  .  .  #  #  #  #  #  #  #  #  #  #  #  #  #  #  #  .  .  .  .  #  
        6  #  .  .  .  .  #  #  #  #  #  #  #  #  #  #  #  #  #  #  #  .  .  .  .  #  
        7  #  .  .  .  .  #  #  #  #  #  #  #  #  #  #  #  #  #  #  #  .  .  .  .  #  
        8  #  .  .  .  .  #  #  #  #  #  #  #  #  #  #  #  #  #  #  #  .  .  .  .  #  
        9  #  .  .  .  .  #  #  #  #  #  #  #  #  #  #  #  #  #  #  #  .  .  .  .  #  
        10 #  X  S  S  S  #  #  #  #  #  #  #  #  #  #  #  #  #  #  #  .  .  .  .  #  
        11 #  #  #  #  #  #  #  #  #  #  #  #  #  #  #  #  #  #  #  #  .  .  .  .  #  
        12 #  F  F  F  F  #  #  #  #  #  #  #  #  #  #  #  #  #  #  #  .  .  .  .  #  
        13 #  .  .  .  .  #  #  #  #  #  #  #  #  #  #  #  #  #  #  #  .  .  .  .  #  
        14 #  .  .  .  .  #  #  #  #  #  #  #  #  #  #  #  #  #  #  #  .  .  .  .  #  
        15 #  .  .  .  .  #  #  #  #  #  #  #  #  #  #  #  #  #  #  #  .  .  .  .  #  
        16 #  .  .  .  .  #  #  #  #  #  #  #  #  #  #  #  #  #  #  #  .  .  .  .  #  
        17 #  .  .  .  .  #  #  #  #  #  #  #  #  #  #  #  #  #  #  #  .  .  .  .  #  
        18 #  .  .  .  .  #  #  #  #  #  #  #  #  #  #  #  #  #  #  #  .  .  .  .  #  
        19 #  .  .  .  .  #  #  #  #  #  #  #  #  #  #  #  #  #  #  #  .  .  .  .  #  
        20 #  #  .  .  .  .  #  #  #  #  #  #  #  #  #  #  #  #  #  .  .  .  .  #  #  
        21 #  #  #  .  .  .  .  #  #  #  #  #  #  #  #  #  #  #  .  .  .  .  #  #  #  
        22 #  #  #  .  .  .  .  .  .  .  .  .  .  .  .  .  .  .  .  .  .  .  #  #  #  
        23 #  #  #  #  .  .  .  .  .  .  .  .  .  .  .  .  .  .  .  .  .  #  #  #  #  
        24 #  #  #  #  #  #  #  #  #  #  #  #  #  #  #  #  #  #  #  #  #  #  #  #  #  

        # moves taken:  499
        trial runtime:  0.16s

        trial 1
           0  1  2  3  4  5  6  7  8  9  10 11 12 13 14 15 16 17 18 19 20 21 22 23 24 
        0  #  #  #  #  #  #  #  #  #  #  #  #  #  #  #  #  #  #  #  #  #  #  #  #  #  
        1  #  #  #  #  .  .  .  .  .  .  .  .  .  .  .  .  .  .  .  .  .  #  #  #  #  
        2  #  #  #  .  .  .  .  .  .  .  .  .  .  .  .  .  .  .  .  .  .  .  #  #  #  
        3  #  #  #  .  .  .  .  #  #  #  #  #  #  #  #  #  #  #  .  .  .  .  #  #  #  
        4  #  #  .  .  .  .  #  #  #  #  #  #  #  #  #  #  #  #  #  .  .  .  .  #  #  
        5  #  .  .  .  .  #  #  #  #  #  #  #  #  #  #  #  #  #  #  #  .  .  .  .  #  
        6  #  .  .  .  .  #  #  #  #  #  #  #  #  #  #  #  #  #  #  #  .  .  .  .  #  
        7  #  .  .  .  .  #  #  #  #  #  #  #  #  #  #  #  #  #  #  #  .  .  .  .  #  
        8  #  .  .  .  .  #  #  #  #  #  #  #  #  #  #  #  #  #  #  #  .  .  .  .  #  
        9  #  .  .  .  .  #  #  #  #  #  #  #  #  #  #  #  #  #  #  #  .  .  .  .  #  
        10 #  S  S  S  X  #  #  #  #  #  #  #  #  #  #  #  #  #  #  #  .  .  .  .  #  
        11 #  #  #  #  #  #  #  #  #  #  #  #  #  #  #  #  #  #  #  #  .  .  .  .  #  
        12 #  F  F  F  F  #  #  #  #  #  #  #  #  #  #  #  #  #  #  #  .  .  .  .  #  
        13 #  .  .  .  .  #  #  #  #  #  #  #  #  #  #  #  #  #  #  #  .  .  .  .  #  
        14 #  .  .  .  .  #  #  #  #  #  #  #  #  #  #  #  #  #  #  #  .  .  .  .  #  
        15 #  .  .  .  .  #  #  #  #  #  #  #  #  #  #  #  #  #  #  #  .  .  .  .  #  
        16 #  .  .  .  .  #  #  #  #  #  #  #  #  #  #  #  #  #  #  #  .  .  .  .  #  
        17 #  .  .  .  .  #  #  #  #  #  #  #  #  #  #  #  #  #  #  #  .  .  .  .  #  
        18 #  .  .  .  .  #  #  #  #  #  #  #  #  #  #  #  #  #  #  #  .  .  .  .  #  
        19 #  .  .  .  .  #  #  #  #  #  #  #  #  #  #  #  #  #  #  #  .  .  .  .  #  
        20 #  #  .  .  .  .  #  #  #  #  #  #  #  #  #  #  #  #  #  .  .  .  .  #  #  
        21 #  #  #  .  .  .  .  #  #  #  #  #  #  #  #  #  #  #  .  .  .  .  #  #  #  
        22 #  #  #  .  .  .  .  .  .  .  .  .  .  .  .  .  .  .  .  .  .  .  #  #  #  
        23 #  #  #  #  .  .  .  .  .  .  .  .  .  .  .  .  .  .  .  .  .  #  #  #  #  
        24 #  #  #  #  #  #  #  #  #  #  #  #  #  #  #  #  #  #  #  #  #  #  #  #  #  

        # moves taken:  499
        trial runtime:  0.15s

        trial 2
           0  1  2  3  4  5  6  7  8  9  10 11 12 13 14 15 16 17 18 19 20 21 22 23 24 
        0  #  #  #  #  #  #  #  #  #  #  #  #  #  #  #  #  #  #  #  #  #  #  #  #  #  
        1  #  #  #  #  .  .  .  .  .  .  .  .  .  .  .  .  .  .  .  .  .  #  #  #  #  
        2  #  #  #  .  .  .  .  .  .  .  .  .  .  .  .  .  .  .  .  .  .  .  #  #  #  
        3  #  #  #  .  .  .  .  #  #  #  #  #  #  #  #  #  #  #  .  .  .  .  #  #  #  
        4  #  #  .  .  .  .  #  #  #  #  #  #  #  #  #  #  #  #  #  .  .  .  .  #  #  
        5  #  .  .  .  .  #  #  #  #  #  #  #  #  #  #  #  #  #  #  #  .  .  .  .  #  
        6  #  .  .  .  .  #  #  #  #  #  #  #  #  #  #  #  #  #  #  #  .  .  .  .  #  
        7  #  .  .  .  .  #  #  #  #  #  #  #  #  #  #  #  #  #  #  #  .  .  .  .  #  
        8  #  .  .  .  .  #  #  #  #  #  #  #  #  #  #  #  #  #  #  #  .  .  .  .  #  
        9  #  .  .  .  .  #  #  #  #  #  #  #  #  #  #  #  #  #  #  #  .  .  .  .  #  
        10 #  S  X  S  S  #  #  #  #  #  #  #  #  #  #  #  #  #  #  #  .  .  .  .  #  
        11 #  #  #  #  #  #  #  #  #  #  #  #  #  #  #  #  #  #  #  #  .  .  .  .  #  
        12 #  F  F  F  F  #  #  #  #  #  #  #  #  #  #  #  #  #  #  #  .  .  .  .  #  
        13 #  .  .  .  .  #  #  #  #  #  #  #  #  #  #  #  #  #  #  #  .  .  .  .  #  
        14 #  .  .  .  .  #  #  #  #  #  #  #  #  #  #  #  #  #  #  #  .  .  .  .  #  
        15 #  .  .  .  .  #  #  #  #  #  #  #  #  #  #  #  #  #  #  #  .  .  .  .  #  
        16 #  .  .  .  .  #  #  #  #  #  #  #  #  #  #  #  #  #  #  #  .  .  .  .  #  
        17 #  .  .  .  .  #  #  #  #  #  #  #  #  #  #  #  #  #  #  #  .  .  .  .  #  
        18 #  .  .  .  .  #  #  #  #  #  #  #  #  #  #  #  #  #  #  #  .  .  .  .  #  
        19 #  .  .  .  .  #  #  #  #  #  #  #  #  #  #  #  #  #  #  #  .  .  .  .  #  
        20 #  #  .  .  .  .  #  #  #  #  #  #  #  #  #  #  #  #  #  .  .  .  .  #  #  
        21 #  #  #  .  .  .  .  #  #  #  #  #  #  #  #  #  #  #  .  .  .  .  #  #  #  
        22 #  #  #  .  .  .  .  .  .  .  .  .  .  .  .  .  .  .  .  .  .  .  #  #  #  
        23 #  #  #  #  .  .  .  .  .  .  .  .  .  .  .  .  .  .  .  .  .  #  #  #  #  
        24 #  #  #  #  #  #  #  #  #  #  #  #  #  #  #  #  #  #  #  #  #  #  #  #  #  

        # moves taken:  499
        trial runtime:  0.15s

        trial 3
           0  1  2  3  4  5  6  7  8  9  10 11 12 13 14 15 16 17 18 19 20 21 22 23 24 
        0  #  #  #  #  #  #  #  #  #  #  #  #  #  #  #  #  #  #  #  #  #  #  #  #  #  
        1  #  #  #  #  .  .  .  .  .  .  .  .  .  .  .  .  .  .  .  .  .  #  #  #  #  
        2  #  #  #  .  .  .  .  .  .  .  .  .  .  .  .  .  .  .  .  .  .  .  #  #  #  
        3  #  #  #  .  .  .  .  #  #  #  #  #  #  #  #  #  #  #  .  .  .  .  #  #  #  
        4  #  #  .  .  .  .  #  #  #  #  #  #  #  #  #  #  #  #  #  .  .  .  .  #  #  
        5  #  .  .  .  .  #  #  #  #  #  #  #  #  #  #  #  #  #  #  #  .  .  .  .  #  
        6  #  .  .  .  .  #  #  #  #  #  #  #  #  #  #  #  #  #  #  #  .  .  .  .  #  
        7  #  .  .  .  .  #  #  #  #  #  #  #  #  #  #  #  #  #  #  #  .  .  .  .  #  
        8  #  .  .  .  .  #  #  #  #  #  #  #  #  #  #  #  #  #  #  #  .  .  .  .  #  
        9  #  .  .  .  .  #  #  #  #  #  #  #  #  #  #  #  #  #  #  #  .  .  .  .  #  
        10 #  X  S  S  S  #  #  #  #  #  #  #  #  #  #  #  #  #  #  #  .  .  .  .  #  
        11 #  #  #  #  #  #  #  #  #  #  #  #  #  #  #  #  #  #  #  #  .  .  .  .  #  
        12 #  F  F  F  F  #  #  #  #  #  #  #  #  #  #  #  #  #  #  #  .  .  .  .  #  
        13 #  .  .  .  .  #  #  #  #  #  #  #  #  #  #  #  #  #  #  #  .  .  .  .  #  
        14 #  .  .  .  .  #  #  #  #  #  #  #  #  #  #  #  #  #  #  #  .  .  .  .  #  
        15 #  .  .  .  .  #  #  #  #  #  #  #  #  #  #  #  #  #  #  #  .  .  .  .  #  
        16 #  .  .  .  .  #  #  #  #  #  #  #  #  #  #  #  #  #  #  #  .  .  .  .  #  
        17 #  .  .  .  .  #  #  #  #  #  #  #  #  #  #  #  #  #  #  #  .  .  .  .  #  
        18 #  .  .  .  .  #  #  #  #  #  #  #  #  #  #  #  #  #  #  #  .  .  .  .  #  
        19 #  .  .  .  .  #  #  #  #  #  #  #  #  #  #  #  #  #  #  #  .  .  .  .  #  
        20 #  #  .  .  .  .  #  #  #  #  #  #  #  #  #  #  #  #  #  .  .  .  .  #  #  
        21 #  #  #  .  .  .  .  #  #  #  #  #  #  #  #  #  #  #  .  .  .  .  #  #  #  
        22 #  #  #  .  .  .  .  .  .  .  .  .  .  .  .  .  .  .  .  .  .  .  #  #  #  
        23 #  #  #  #  .  .  .  .  .  .  .  .  .  .  .  .  .  .  .  .  .  #  #  #  #  
        24 #  #  #  #  #  #  #  #  #  #  #  #  #  #  #  #  #  #  #  #  #  #  #  #  #  

        # moves taken:  499
        trial runtime:  0.15s

        trial 4
           0  1  2  3  4  5  6  7  8  9  10 11 12 13 14 15 16 17 18 19 20 21 22 23 24 
        0  #  #  #  #  #  #  #  #  #  #  #  #  #  #  #  #  #  #  #  #  #  #  #  #  #  
        1  #  #  #  #  .  .  .  .  .  .  .  .  .  .  .  .  .  .  .  .  .  #  #  #  #  
        2  #  #  #  .  .  .  .  .  .  .  .  .  .  .  .  .  .  .  .  .  .  .  #  #  #  
        3  #  #  #  .  .  .  .  #  #  #  #  #  #  #  #  #  #  #  .  .  .  .  #  #  #  
        4  #  #  .  .  .  .  #  #  #  #  #  #  #  #  #  #  #  #  #  .  .  .  .  #  #  
        5  #  .  .  .  .  #  #  #  #  #  #  #  #  #  #  #  #  #  #  #  .  .  .  .  #  
        6  #  .  .  .  .  #  #  #  #  #  #  #  #  #  #  #  #  #  #  #  .  .  .  .  #  
        7  #  .  .  .  .  #  #  #  #  #  #  #  #  #  #  #  #  #  #  #  .  .  .  .  #  
        8  #  .  .  .  .  #  #  #  #  #  #  #  #  #  #  #  #  #  #  #  .  .  .  .  #  
        9  #  .  .  .  .  #  #  #  #  #  #  #  #  #  #  #  #  #  #  #  .  .  .  .  #  
        10 #  X  S  S  S  #  #  #  #  #  #  #  #  #  #  #  #  #  #  #  .  .  .  .  #  
        11 #  #  #  #  #  #  #  #  #  #  #  #  #  #  #  #  #  #  #  #  .  .  .  .  #  
        12 #  F  F  F  F  #  #  #  #  #  #  #  #  #  #  #  #  #  #  #  .  .  .  .  #  
        13 #  .  .  .  .  #  #  #  #  #  #  #  #  #  #  #  #  #  #  #  .  .  .  .  #  
        14 #  .  .  .  .  #  #  #  #  #  #  #  #  #  #  #  #  #  #  #  .  .  .  .  #  
        15 #  .  .  .  .  #  #  #  #  #  #  #  #  #  #  #  #  #  #  #  .  .  .  .  #  
        16 #  .  .  .  .  #  #  #  #  #  #  #  #  #  #  #  #  #  #  #  .  .  .  .  #  
        17 #  .  .  .  .  #  #  #  #  #  #  #  #  #  #  #  #  #  #  #  .  .  .  .  #  
        18 #  .  .  .  .  #  #  #  #  #  #  #  #  #  #  #  #  #  #  #  .  .  .  .  #  
        19 #  .  .  .  .  #  #  #  #  #  #  #  #  #  #  #  #  #  #  #  .  .  .  .  #  
        20 #  #  .  .  .  .  #  #  #  #  #  #  #  #  #  #  #  #  #  .  .  .  .  #  #  
        21 #  #  #  .  .  .  .  #  #  #  #  #  #  #  #  #  #  #  .  .  .  .  #  #  #  
        22 #  #  #  .  .  .  .  .  .  .  .  .  .  .  .  .  .  .  .  .  .  .  #  #  #  
        23 #  #  #  #  .  .  .  .  .  .  .  .  .  .  .  .  .  .  .  .  .  #  #  #  #  
        24 #  #  #  #  #  #  #  #  #  #  #  #  #  #  #  #  #  #  #  #  #  #  #  #  #  

        # moves taken:  499
        trial runtime:  0.15s

        trial 5
           0  1  2  3  4  5  6  7  8  9  10 11 12 13 14 15 16 17 18 19 20 21 22 23 24 
        0  #  #  #  #  #  #  #  #  #  #  #  #  #  #  #  #  #  #  #  #  #  #  #  #  #  
        1  #  #  #  #  .  .  .  .  .  .  .  .  .  .  .  .  .  .  .  .  .  #  #  #  #  
        2  #  #  #  .  .  .  .  .  .  .  .  .  .  .  .  .  .  .  .  .  .  .  #  #  #  
        3  #  #  #  .  .  .  .  #  #  #  #  #  #  #  #  #  #  #  .  .  .  .  #  #  #  
        4  #  #  .  .  .  .  #  #  #  #  #  #  #  #  #  #  #  #  #  .  .  .  .  #  #  
        5  #  .  .  .  .  #  #  #  #  #  #  #  #  #  #  #  #  #  #  #  .  .  .  .  #  
        6  #  .  .  .  .  #  #  #  #  #  #  #  #  #  #  #  #  #  #  #  .  .  .  .  #  
        7  #  .  .  .  .  #  #  #  #  #  #  #  #  #  #  #  #  #  #  #  .  .  .  .  #  
        8  #  .  .  .  .  #  #  #  #  #  #  #  #  #  #  #  #  #  #  #  .  .  .  .  #  
        9  #  .  .  .  .  #  #  #  #  #  #  #  #  #  #  #  #  #  #  #  .  .  .  .  #  
        10 #  S  S  S  X  #  #  #  #  #  #  #  #  #  #  #  #  #  #  #  .  .  .  .  #  
        11 #  #  #  #  #  #  #  #  #  #  #  #  #  #  #  #  #  #  #  #  .  .  .  .  #  
        12 #  F  F  F  F  #  #  #  #  #  #  #  #  #  #  #  #  #  #  #  .  .  .  .  #  
        13 #  .  .  .  .  #  #  #  #  #  #  #  #  #  #  #  #  #  #  #  .  .  .  .  #  
        14 #  .  .  .  .  #  #  #  #  #  #  #  #  #  #  #  #  #  #  #  .  .  .  .  #  
        15 #  .  .  .  .  #  #  #  #  #  #  #  #  #  #  #  #  #  #  #  .  .  .  .  #  
        16 #  .  .  .  .  #  #  #  #  #  #  #  #  #  #  #  #  #  #  #  .  .  .  .  #  
        17 #  .  .  .  .  #  #  #  #  #  #  #  #  #  #  #  #  #  #  #  .  .  .  .  #  
        18 #  .  .  .  .  #  #  #  #  #  #  #  #  #  #  #  #  #  #  #  .  .  .  .  #  
        19 #  .  .  .  .  #  #  #  #  #  #  #  #  #  #  #  #  #  #  #  .  .  .  .  #  
        20 #  #  .  .  .  .  #  #  #  #  #  #  #  #  #  #  #  #  #  .  .  .  .  #  #  
        21 #  #  #  .  .  .  .  #  #  #  #  #  #  #  #  #  #  #  .  .  .  .  #  #  #  
        22 #  #  #  .  .  .  .  .  .  .  .  .  .  .  .  .  .  .  .  .  .  .  #  #  #  
        23 #  #  #  #  .  .  .  .  .  .  .  .  .  .  .  .  .  .  .  .  .  #  #  #  #  
        24 #  #  #  #  #  #  #  #  #  #  #  #  #  #  #  #  #  #  #  #  #  #  #  #  #  

        # moves taken:  499
        trial runtime:  0.15s

        trial 6
           0  1  2  3  4  5  6  7  8  9  10 11 12 13 14 15 16 17 18 19 20 21 22 23 24 
        0  #  #  #  #  #  #  #  #  #  #  #  #  #  #  #  #  #  #  #  #  #  #  #  #  #  
        1  #  #  #  #  .  .  .  .  .  .  .  .  .  .  .  .  .  .  .  .  .  #  #  #  #  
        2  #  #  #  .  .  .  .  .  .  .  .  .  .  .  .  .  .  .  .  .  .  .  #  #  #  
        3  #  #  #  .  .  .  .  #  #  #  #  #  #  #  #  #  #  #  .  .  .  .  #  #  #  
        4  #  #  .  .  .  .  #  #  #  #  #  #  #  #  #  #  #  #  #  .  .  .  .  #  #  
        5  #  .  .  .  .  #  #  #  #  #  #  #  #  #  #  #  #  #  #  #  .  .  .  .  #  
        6  #  .  .  .  .  #  #  #  #  #  #  #  #  #  #  #  #  #  #  #  .  .  .  .  #  
        7  #  .  .  .  .  #  #  #  #  #  #  #  #  #  #  #  #  #  #  #  .  .  .  .  #  
        8  #  .  .  .  .  #  #  #  #  #  #  #  #  #  #  #  #  #  #  #  .  .  .  .  #  
        9  #  .  .  .  .  #  #  #  #  #  #  #  #  #  #  #  #  #  #  #  .  .  .  .  #  
        10 #  S  X  S  S  #  #  #  #  #  #  #  #  #  #  #  #  #  #  #  .  .  .  .  #  
        11 #  #  #  #  #  #  #  #  #  #  #  #  #  #  #  #  #  #  #  #  .  .  .  .  #  
        12 #  F  F  F  F  #  #  #  #  #  #  #  #  #  #  #  #  #  #  #  .  .  .  .  #  
        13 #  .  .  .  .  #  #  #  #  #  #  #  #  #  #  #  #  #  #  #  .  .  .  .  #  
        14 #  .  .  .  .  #  #  #  #  #  #  #  #  #  #  #  #  #  #  #  .  .  .  .  #  
        15 #  .  .  .  .  #  #  #  #  #  #  #  #  #  #  #  #  #  #  #  .  .  .  .  #  
        16 #  .  .  .  .  #  #  #  #  #  #  #  #  #  #  #  #  #  #  #  .  .  .  .  #  
        17 #  .  .  .  .  #  #  #  #  #  #  #  #  #  #  #  #  #  #  #  .  .  .  .  #  
        18 #  .  .  .  .  #  #  #  #  #  #  #  #  #  #  #  #  #  #  #  .  .  .  .  #  
        19 #  .  .  .  .  #  #  #  #  #  #  #  #  #  #  #  #  #  #  #  .  .  .  .  #  
        20 #  #  .  .  .  .  #  #  #  #  #  #  #  #  #  #  #  #  #  .  .  .  .  #  #  
        21 #  #  #  .  .  .  .  #  #  #  #  #  #  #  #  #  #  #  .  .  .  .  #  #  #  
        22 #  #  #  .  .  .  .  .  .  .  .  .  .  .  .  .  .  .  .  .  .  .  #  #  #  
        23 #  #  #  #  .  .  .  .  .  .  .  .  .  .  .  .  .  .  .  .  .  #  #  #  #  
        24 #  #  #  #  #  #  #  #  #  #  #  #  #  #  #  #  #  #  #  #  #  #  #  #  #  

        # moves taken:  499
        trial runtime:  0.15s

        trial 7
           0  1  2  3  4  5  6  7  8  9  10 11 12 13 14 15 16 17 18 19 20 21 22 23 24 
        0  #  #  #  #  #  #  #  #  #  #  #  #  #  #  #  #  #  #  #  #  #  #  #  #  #  
        1  #  #  #  #  .  .  .  .  .  .  .  .  .  .  .  .  .  .  .  .  .  #  #  #  #  
        2  #  #  #  .  .  .  .  .  .  .  .  .  .  .  .  .  .  .  .  .  .  .  #  #  #  
        3  #  #  #  .  .  .  .  #  #  #  #  #  #  #  #  #  #  #  .  .  .  .  #  #  #  
        4  #  #  .  .  .  .  #  #  #  #  #  #  #  #  #  #  #  #  #  .  .  .  .  #  #  
        5  #  .  .  .  .  #  #  #  #  #  #  #  #  #  #  #  #  #  #  #  .  .  .  .  #  
        6  #  .  .  .  .  #  #  #  #  #  #  #  #  #  #  #  #  #  #  #  .  .  .  .  #  
        7  #  .  .  .  .  #  #  #  #  #  #  #  #  #  #  #  #  #  #  #  .  .  .  .  #  
        8  #  .  .  .  .  #  #  #  #  #  #  #  #  #  #  #  #  #  #  #  .  .  .  .  #  
        9  #  .  .  .  .  #  #  #  #  #  #  #  #  #  #  #  #  #  #  #  .  .  .  .  #  
        10 #  S  X  S  S  #  #  #  #  #  #  #  #  #  #  #  #  #  #  #  .  .  .  .  #  
        11 #  #  #  #  #  #  #  #  #  #  #  #  #  #  #  #  #  #  #  #  .  .  .  .  #  
        12 #  F  F  F  F  #  #  #  #  #  #  #  #  #  #  #  #  #  #  #  .  .  .  .  #  
        13 #  .  .  .  .  #  #  #  #  #  #  #  #  #  #  #  #  #  #  #  .  .  .  .  #  
        14 #  .  .  .  .  #  #  #  #  #  #  #  #  #  #  #  #  #  #  #  .  .  .  .  #  
        15 #  .  .  .  .  #  #  #  #  #  #  #  #  #  #  #  #  #  #  #  .  .  .  .  #  
        16 #  .  .  .  .  #  #  #  #  #  #  #  #  #  #  #  #  #  #  #  .  .  .  .  #  
        17 #  .  .  .  .  #  #  #  #  #  #  #  #  #  #  #  #  #  #  #  .  .  .  .  #  
        18 #  .  .  .  .  #  #  #  #  #  #  #  #  #  #  #  #  #  #  #  .  .  .  .  #  
        19 #  .  .  .  .  #  #  #  #  #  #  #  #  #  #  #  #  #  #  #  .  .  .  .  #  
        20 #  #  .  .  .  .  #  #  #  #  #  #  #  #  #  #  #  #  #  .  .  .  .  #  #  
        21 #  #  #  .  .  .  .  #  #  #  #  #  #  #  #  #  #  #  .  .  .  .  #  #  #  
        22 #  #  #  .  .  .  .  .  .  .  .  .  .  .  .  .  .  .  .  .  .  .  #  #  #  
        23 #  #  #  #  .  .  .  .  .  .  .  .  .  .  .  .  .  .  .  .  .  #  #  #  #  
        24 #  #  #  #  #  #  #  #  #  #  #  #  #  #  #  #  #  #  #  #  #  #  #  #  #  

        # moves taken:  499
        trial runtime:  0.16s

        trial 8
           0  1  2  3  4  5  6  7  8  9  10 11 12 13 14 15 16 17 18 19 20 21 22 23 24 
        0  #  #  #  #  #  #  #  #  #  #  #  #  #  #  #  #  #  #  #  #  #  #  #  #  #  
        1  #  #  #  #  .  .  .  .  .  .  .  .  .  .  .  .  .  .  .  .  .  #  #  #  #  
        2  #  #  #  .  .  .  .  .  .  .  .  .  .  .  .  .  .  .  .  .  .  .  #  #  #  
        3  #  #  #  .  .  .  .  #  #  #  #  #  #  #  #  #  #  #  .  .  .  .  #  #  #  
        4  #  #  .  .  .  .  #  #  #  #  #  #  #  #  #  #  #  #  #  .  .  .  .  #  #  
        5  #  .  .  .  .  #  #  #  #  #  #  #  #  #  #  #  #  #  #  #  .  .  .  .  #  
        6  #  .  .  .  .  #  #  #  #  #  #  #  #  #  #  #  #  #  #  #  .  .  .  .  #  
        7  #  .  .  .  .  #  #  #  #  #  #  #  #  #  #  #  #  #  #  #  .  .  .  .  #  
        8  #  .  .  .  .  #  #  #  #  #  #  #  #  #  #  #  #  #  #  #  .  .  .  .  #  
        9  #  .  .  .  .  #  #  #  #  #  #  #  #  #  #  #  #  #  #  #  .  .  .  .  #  
        10 #  X  S  S  S  #  #  #  #  #  #  #  #  #  #  #  #  #  #  #  .  .  .  .  #  
        11 #  #  #  #  #  #  #  #  #  #  #  #  #  #  #  #  #  #  #  #  .  .  .  .  #  
        12 #  F  F  F  F  #  #  #  #  #  #  #  #  #  #  #  #  #  #  #  .  .  .  .  #  
        13 #  .  .  .  .  #  #  #  #  #  #  #  #  #  #  #  #  #  #  #  .  .  .  .  #  
        14 #  .  .  .  .  #  #  #  #  #  #  #  #  #  #  #  #  #  #  #  .  .  .  .  #  
        15 #  .  .  .  .  #  #  #  #  #  #  #  #  #  #  #  #  #  #  #  .  .  .  .  #  
        16 #  .  .  .  .  #  #  #  #  #  #  #  #  #  #  #  #  #  #  #  .  .  .  .  #  
        17 #  .  .  .  .  #  #  #  #  #  #  #  #  #  #  #  #  #  #  #  .  .  .  .  #  
        18 #  .  .  .  .  #  #  #  #  #  #  #  #  #  #  #  #  #  #  #  .  .  .  .  #  
        19 #  .  .  .  .  #  #  #  #  #  #  #  #  #  #  #  #  #  #  #  .  .  .  .  #  
        20 #  #  .  .  .  .  #  #  #  #  #  #  #  #  #  #  #  #  #  .  .  .  .  #  #  
        21 #  #  #  .  .  .  .  #  #  #  #  #  #  #  #  #  #  #  .  .  .  .  #  #  #  
        22 #  #  #  .  .  .  .  .  .  .  .  .  .  .  .  .  .  .  .  .  .  .  #  #  #  
        23 #  #  #  #  .  .  .  .  .  .  .  .  .  .  .  .  .  .  .  .  .  #  #  #  #  
        24 #  #  #  #  #  #  #  #  #  #  #  #  #  #  #  #  #  #  #  #  #  #  #  #  #  

        # moves taken:  499
        trial runtime:  0.15s

        trial 9
           0  1  2  3  4  5  6  7  8  9  10 11 12 13 14 15 16 17 18 19 20 21 22 23 24 
        0  #  #  #  #  #  #  #  #  #  #  #  #  #  #  #  #  #  #  #  #  #  #  #  #  #  
        1  #  #  #  #  .  .  .  .  .  .  .  .  .  .  .  .  .  .  .  .  .  #  #  #  #  
        2  #  #  #  .  .  .  .  .  .  .  .  .  .  .  .  .  .  .  .  .  .  .  #  #  #  
        3  #  #  #  .  .  .  .  #  #  #  #  #  #  #  #  #  #  #  .  .  .  .  #  #  #  
        4  #  #  .  .  .  .  #  #  #  #  #  #  #  #  #  #  #  #  #  .  .  .  .  #  #  
        5  #  .  .  .  .  #  #  #  #  #  #  #  #  #  #  #  #  #  #  #  .  .  .  .  #  
        6  #  .  .  .  .  #  #  #  #  #  #  #  #  #  #  #  #  #  #  #  .  .  .  .  #  
        7  #  .  .  .  .  #  #  #  #  #  #  #  #  #  #  #  #  #  #  #  .  .  .  .  #  
        8  #  .  .  .  .  #  #  #  #  #  #  #  #  #  #  #  #  #  #  #  .  .  .  .  #  
        9  #  .  .  .  .  #  #  #  #  #  #  #  #  #  #  #  #  #  #  #  .  .  .  .  #  
        10 #  X  S  S  S  #  #  #  #  #  #  #  #  #  #  #  #  #  #  #  .  .  .  .  #  
        11 #  #  #  #  #  #  #  #  #  #  #  #  #  #  #  #  #  #  #  #  .  .  .  .  #  
        12 #  F  F  F  F  #  #  #  #  #  #  #  #  #  #  #  #  #  #  #  .  .  .  .  #  
        13 #  .  .  .  .  #  #  #  #  #  #  #  #  #  #  #  #  #  #  #  .  .  .  .  #  
        14 #  .  .  .  .  #  #  #  #  #  #  #  #  #  #  #  #  #  #  #  .  .  .  .  #  
        15 #  .  .  .  .  #  #  #  #  #  #  #  #  #  #  #  #  #  #  #  .  .  .  .  #  
        16 #  .  .  .  .  #  #  #  #  #  #  #  #  #  #  #  #  #  #  #  .  .  .  .  #  
        17 #  .  .  .  .  #  #  #  #  #  #  #  #  #  #  #  #  #  #  #  .  .  .  .  #  
        18 #  .  .  .  .  #  #  #  #  #  #  #  #  #  #  #  #  #  #  #  .  .  .  .  #  
        19 #  .  .  .  .  #  #  #  #  #  #  #  #  #  #  #  #  #  #  #  .  .  .  .  #  
        20 #  #  .  .  .  .  #  #  #  #  #  #  #  #  #  #  #  #  #  .  .  .  .  #  #  
        21 #  #  #  .  .  .  .  #  #  #  #  #  #  #  #  #  #  #  .  .  .  .  #  #  #  
        22 #  #  #  .  .  .  .  .  .  .  .  .  .  .  .  .  .  .  .  .  .  .  #  #  #  
        23 #  #  #  #  .  .  .  .  .  .  .  .  .  .  .  .  .  .  .  .  .  #  #  #  #  
        24 #  #  #  #  #  #  #  #  #  #  #  #  #  #  #  #  #  #  #  #  #  #  #  #  #  

        # moves taken:  499
        trial runtime:  0.15s
