rack simulator initialized
restart upon crash = False


====================================================================================================
RUNNING L TRACK
track simulator initialized
restart upon crash = False

           0  1  2  3  4  5  6  7  8  9  10 11 12 13 14 15 16 17 18 19 20 21 22 23 24 25 26 27 28 29 30 31 32 33 34 35 36 
        0  X  #  #  #  #  #  #  #  #  #  #  #  #  #  #  #  #  #  #  #  #  #  #  #  #  #  #  #  #  #  #  #  #  #  #  #  #  
        1  #  #  #  #  #  #  #  #  #  #  #  #  #  #  #  #  #  #  #  #  #  #  #  #  #  #  #  #  #  #  #  #  F  F  F  F  #  
        2  #  #  #  #  #  #  #  #  #  #  #  #  #  #  #  #  #  #  #  #  #  #  #  #  #  #  #  #  #  #  #  #  .  .  .  .  #  
        3  #  #  #  #  #  #  #  #  #  #  #  #  #  #  #  #  #  #  #  #  #  #  #  #  #  #  #  #  #  #  #  #  .  .  .  .  #  
        4  #  #  #  #  #  #  #  #  #  #  #  #  #  #  #  #  #  #  #  #  #  #  #  #  #  #  #  #  #  #  #  #  .  .  .  .  #  
        5  #  #  #  #  #  #  #  #  #  #  #  #  #  #  #  #  #  #  #  #  #  #  #  #  #  #  #  #  #  #  #  #  .  .  .  .  #  
        6  #  S  .  .  .  .  .  .  .  .  .  .  .  .  .  .  .  .  .  .  .  .  .  .  .  .  .  .  .  .  .  .  .  .  .  .  #  
        7  #  S  .  .  .  .  .  .  .  .  .  .  .  .  .  .  .  .  .  .  .  .  .  .  .  .  .  .  .  .  .  .  .  .  .  .  #  
        8  #  S  .  .  .  .  .  .  .  .  .  .  .  .  .  .  .  .  .  .  .  .  .  .  .  .  .  .  .  .  .  .  .  .  .  .  #  
        9  #  S  .  .  .  .  .  .  .  .  .  .  .  .  .  .  .  .  .  .  .  .  .  .  .  .  .  .  .  .  .  .  .  .  .  .  #  
        10 #  #  #  #  #  #  #  #  #  #  #  #  #  #  #  #  #  #  #  #  #  #  #  #  #  #  #  #  #  #  #  #  #  #  #  #  #  

====================================================================================================
-- SARSA --

start of training, for 500000 total iterations
policy backtrack took:  0.23s

policy finalized after 1570.31s

# time trials to run:  10

        trial 0
           0  1  2  3  4  5  6  7  8  9  10 11 12 13 14 15 16 17 18 19 20 21 22 23 24 25 26 27 28 29 30 31 32 33 34 35 36 
        0  #  #  #  #  #  #  #  #  #  #  #  #  #  #  #  #  #  #  #  #  #  #  #  #  #  #  #  #  #  #  #  #  #  #  #  #  #  
        1  #  #  #  #  #  #  #  #  #  #  #  #  #  #  #  #  #  #  #  #  #  #  #  #  #  #  #  #  #  #  #  #  F  F  F  F  #  
        2  #  #  #  #  #  #  #  #  #  #  #  #  #  #  #  #  #  #  #  #  #  #  #  #  #  #  #  #  #  #  #  #  .  .  .  .  #  
        3  #  #  #  #  #  #  #  #  #  #  #  #  #  #  #  #  #  #  #  #  #  #  #  #  #  #  #  #  #  #  #  #  .  .  .  .  #  
        4  #  #  #  #  #  #  #  #  #  #  #  #  #  #  #  #  #  #  #  #  #  #  #  #  #  #  #  #  #  #  #  #  .  .  .  .  #  
        5  #  #  #  #  #  #  #  #  #  #  #  #  #  #  #  #  #  #  #  #  #  #  #  #  #  #  #  #  #  #  #  #  .  .  .  .  #  
        6  #  S  .  .  .  .  .  .  .  .  .  .  .  .  .  .  .  .  .  .  .  .  .  .  .  .  .  .  .  .  .  .  .  .  .  .  #  
        7  #  S  .  .  .  .  .  .  .  .  .  .  .  .  .  .  .  .  .  .  .  .  .  .  .  .  .  .  .  .  .  .  .  .  .  .  #  
        8  #  S  .  .  .  .  .  .  .  .  .  .  .  .  .  .  .  .  .  .  .  .  .  .  .  .  .  .  .  .  .  .  .  .  .  .  #  
        9  #  X  .  .  .  .  .  .  .  .  .  .  .  .  .  .  .  .  .  .  .  .  .  .  .  .  .  .  .  .  .  .  .  .  .  .  #  
        10 #  #  #  #  #  #  #  #  #  #  #  #  #  #  #  #  #  #  #  #  #  #  #  #  #  #  #  #  #  #  #  #  #  #  #  #  #  

        # moves taken:  499
        trial runtime:  0.19s

        trial 1
           0  1  2  3  4  5  6  7  8  9  10 11 12 13 14 15 16 17 18 19 20 21 22 23 24 25 26 27 28 29 30 31 32 33 34 35 36 
        0  #  #  #  #  #  #  #  #  #  #  #  #  #  #  #  #  #  #  #  #  #  #  #  #  #  #  #  #  #  #  #  #  #  #  #  #  #  
        1  #  #  #  #  #  #  #  #  #  #  #  #  #  #  #  #  #  #  #  #  #  #  #  #  #  #  #  #  #  #  #  #  F  F  F  F  #  
        2  #  #  #  #  #  #  #  #  #  #  #  #  #  #  #  #  #  #  #  #  #  #  #  #  #  #  #  #  #  #  #  #  .  .  .  .  #  
        3  #  #  #  #  #  #  #  #  #  #  #  #  #  #  #  #  #  #  #  #  #  #  #  #  #  #  #  #  #  #  #  #  .  .  .  .  #  
        4  #  #  #  #  #  #  #  #  #  #  #  #  #  #  #  #  #  #  #  #  #  #  #  #  #  #  #  #  #  #  #  #  .  .  .  .  #  
        5  #  #  #  #  #  #  #  #  #  #  #  #  #  #  #  #  #  #  #  #  #  #  #  #  #  #  #  #  #  #  #  #  .  .  .  .  #  
        6  #  S  .  .  .  .  .  .  .  .  .  .  .  .  .  .  .  .  .  .  .  .  .  .  .  .  .  .  .  .  .  .  .  .  .  .  #  
        7  #  S  .  .  .  .  .  .  .  .  .  .  .  .  .  .  .  .  .  .  .  .  .  .  .  .  .  .  .  .  .  .  .  .  .  .  #  
        8  #  S  .  .  .  .  .  .  .  .  .  .  .  .  .  .  .  .  .  .  .  .  .  .  .  .  .  .  .  .  .  .  .  .  .  .  #  
        9  #  X  .  .  .  .  .  .  .  .  .  .  .  .  .  .  .  .  .  .  .  .  .  .  .  .  .  .  .  .  .  .  .  .  .  .  #  
        10 #  #  #  #  #  #  #  #  #  #  #  #  #  #  #  #  #  #  #  #  #  #  #  #  #  #  #  #  #  #  #  #  #  #  #  #  #  

        trial ended on position 1 35
        # moves taken:  24
        trial runtime:  0.16s

        trial 2
           0  1  2  3  4  5  6  7  8  9  10 11 12 13 14 15 16 17 18 19 20 21 22 23 24 25 26 27 28 29 30 31 32 33 34 35 36 
        0  #  #  #  #  #  #  #  #  #  #  #  #  #  #  #  #  #  #  #  #  #  #  #  #  #  #  #  #  #  #  #  #  #  #  #  #  #  
        1  #  #  #  #  #  #  #  #  #  #  #  #  #  #  #  #  #  #  #  #  #  #  #  #  #  #  #  #  #  #  #  #  F  F  F  F  #  
        2  #  #  #  #  #  #  #  #  #  #  #  #  #  #  #  #  #  #  #  #  #  #  #  #  #  #  #  #  #  #  #  #  .  .  .  .  #  
        3  #  #  #  #  #  #  #  #  #  #  #  #  #  #  #  #  #  #  #  #  #  #  #  #  #  #  #  #  #  #  #  #  .  .  .  .  #  
        4  #  #  #  #  #  #  #  #  #  #  #  #  #  #  #  #  #  #  #  #  #  #  #  #  #  #  #  #  #  #  #  #  .  .  .  .  #  
        5  #  #  #  #  #  #  #  #  #  #  #  #  #  #  #  #  #  #  #  #  #  #  #  #  #  #  #  #  #  #  #  #  .  .  .  .  #  
        6  #  X  .  .  .  .  .  .  .  .  .  .  .  .  .  .  .  .  .  .  .  .  .  .  .  .  .  .  .  .  .  .  .  .  .  .  #  
        7  #  S  .  .  .  .  .  .  .  .  .  .  .  .  .  .  .  .  .  .  .  .  .  .  .  .  .  .  .  .  .  .  .  .  .  .  #  
        8  #  S  .  .  .  .  .  .  .  .  .  .  .  .  .  .  .  .  .  .  .  .  .  .  .  .  .  .  .  .  .  .  .  .  .  .  #  
        9  #  S  .  .  .  .  .  .  .  .  .  .  .  .  .  .  .  .  .  .  .  .  .  .  .  .  .  .  .  .  .  .  .  .  .  .  #  
        10 #  #  #  #  #  #  #  #  #  #  #  #  #  #  #  #  #  #  #  #  #  #  #  #  #  #  #  #  #  #  #  #  #  #  #  #  #  

        # moves taken:  499
        trial runtime:  0.16s

        trial 3
           0  1  2  3  4  5  6  7  8  9  10 11 12 13 14 15 16 17 18 19 20 21 22 23 24 25 26 27 28 29 30 31 32 33 34 35 36 
        0  #  #  #  #  #  #  #  #  #  #  #  #  #  #  #  #  #  #  #  #  #  #  #  #  #  #  #  #  #  #  #  #  #  #  #  #  #  
        1  #  #  #  #  #  #  #  #  #  #  #  #  #  #  #  #  #  #  #  #  #  #  #  #  #  #  #  #  #  #  #  #  F  F  F  F  #  
        2  #  #  #  #  #  #  #  #  #  #  #  #  #  #  #  #  #  #  #  #  #  #  #  #  #  #  #  #  #  #  #  #  .  .  .  .  #  
        3  #  #  #  #  #  #  #  #  #  #  #  #  #  #  #  #  #  #  #  #  #  #  #  #  #  #  #  #  #  #  #  #  .  .  .  .  #  
        4  #  #  #  #  #  #  #  #  #  #  #  #  #  #  #  #  #  #  #  #  #  #  #  #  #  #  #  #  #  #  #  #  .  .  .  .  #  
        5  #  #  #  #  #  #  #  #  #  #  #  #  #  #  #  #  #  #  #  #  #  #  #  #  #  #  #  #  #  #  #  #  .  .  .  .  #  
        6  #  S  .  .  .  .  .  .  .  .  .  .  .  .  .  .  .  .  .  .  .  .  .  .  .  .  .  .  .  .  .  .  .  .  .  .  #  
        7  #  X  .  .  .  .  .  .  .  .  .  .  .  .  .  .  .  .  .  .  .  .  .  .  .  .  .  .  .  .  .  .  .  .  .  .  #  
        8  #  S  .  .  .  .  .  .  .  .  .  .  .  .  .  .  .  .  .  .  .  .  .  .  .  .  .  .  .  .  .  .  .  .  .  .  #  
        9  #  S  .  .  .  .  .  .  .  .  .  .  .  .  .  .  .  .  .  .  .  .  .  .  .  .  .  .  .  .  .  .  .  .  .  .  #  
        10 #  #  #  #  #  #  #  #  #  #  #  #  #  #  #  #  #  #  #  #  #  #  #  #  #  #  #  #  #  #  #  #  #  #  #  #  #  

        # moves taken:  499
        trial runtime:  0.17s

        trial 4
           0  1  2  3  4  5  6  7  8  9  10 11 12 13 14 15 16 17 18 19 20 21 22 23 24 25 26 27 28 29 30 31 32 33 34 35 36 
        0  #  #  #  #  #  #  #  #  #  #  #  #  #  #  #  #  #  #  #  #  #  #  #  #  #  #  #  #  #  #  #  #  #  #  #  #  #  
        1  #  #  #  #  #  #  #  #  #  #  #  #  #  #  #  #  #  #  #  #  #  #  #  #  #  #  #  #  #  #  #  #  F  F  F  F  #  
        2  #  #  #  #  #  #  #  #  #  #  #  #  #  #  #  #  #  #  #  #  #  #  #  #  #  #  #  #  #  #  #  #  .  .  .  .  #  
        3  #  #  #  #  #  #  #  #  #  #  #  #  #  #  #  #  #  #  #  #  #  #  #  #  #  #  #  #  #  #  #  #  .  .  .  .  #  
        4  #  #  #  #  #  #  #  #  #  #  #  #  #  #  #  #  #  #  #  #  #  #  #  #  #  #  #  #  #  #  #  #  .  .  .  .  #  
        5  #  #  #  #  #  #  #  #  #  #  #  #  #  #  #  #  #  #  #  #  #  #  #  #  #  #  #  #  #  #  #  #  .  .  .  .  #  
        6  #  S  .  .  .  .  .  .  .  .  .  .  .  .  .  .  .  .  .  .  .  .  .  .  .  .  .  .  .  .  .  .  .  .  .  .  #  
        7  #  S  .  .  .  .  .  .  .  .  .  .  .  .  .  .  .  .  .  .  .  .  .  .  .  .  .  .  .  .  .  .  .  .  .  .  #  
        8  #  X  .  .  .  .  .  .  .  .  .  .  .  .  .  .  .  .  .  .  .  .  .  .  .  .  .  .  .  .  .  .  .  .  .  .  #  
        9  #  S  .  .  .  .  .  .  .  .  .  .  .  .  .  .  .  .  .  .  .  .  .  .  .  .  .  .  .  .  .  .  .  .  .  .  #  
        10 #  #  #  #  #  #  #  #  #  #  #  #  #  #  #  #  #  #  #  #  #  #  #  #  #  #  #  #  #  #  #  #  #  #  #  #  #  

        # moves taken:  499
        trial runtime:  0.21s

        trial 5
           0  1  2  3  4  5  6  7  8  9  10 11 12 13 14 15 16 17 18 19 20 21 22 23 24 25 26 27 28 29 30 31 32 33 34 35 36 
        0  #  #  #  #  #  #  #  #  #  #  #  #  #  #  #  #  #  #  #  #  #  #  #  #  #  #  #  #  #  #  #  #  #  #  #  #  #  
        1  #  #  #  #  #  #  #  #  #  #  #  #  #  #  #  #  #  #  #  #  #  #  #  #  #  #  #  #  #  #  #  #  F  F  F  F  #  
        2  #  #  #  #  #  #  #  #  #  #  #  #  #  #  #  #  #  #  #  #  #  #  #  #  #  #  #  #  #  #  #  #  .  .  .  .  #  
        3  #  #  #  #  #  #  #  #  #  #  #  #  #  #  #  #  #  #  #  #  #  #  #  #  #  #  #  #  #  #  #  #  .  .  .  .  #  
        4  #  #  #  #  #  #  #  #  #  #  #  #  #  #  #  #  #  #  #  #  #  #  #  #  #  #  #  #  #  #  #  #  .  .  .  .  #  
        5  #  #  #  #  #  #  #  #  #  #  #  #  #  #  #  #  #  #  #  #  #  #  #  #  #  #  #  #  #  #  #  #  .  .  .  .  #  
        6  #  S  .  .  .  .  .  .  .  .  .  .  .  .  .  .  .  .  .  .  .  .  .  .  .  .  .  .  .  .  .  .  .  .  .  .  #  
        7  #  S  .  .  .  .  .  .  .  .  .  .  .  .  .  .  .  .  .  .  .  .  .  .  .  .  .  .  .  .  .  .  .  .  .  .  #  
        8  #  X  .  .  .  .  .  .  .  .  .  .  .  .  .  .  .  .  .  .  .  .  .  .  .  .  .  .  .  .  .  .  .  .  .  .  #  
        9  #  S  .  .  .  .  .  .  .  .  .  .  .  .  .  .  .  .  .  .  .  .  .  .  .  .  .  .  .  .  .  .  .  .  .  .  #  
        10 #  #  #  #  #  #  #  #  #  #  #  #  #  #  #  #  #  #  #  #  #  #  #  #  #  #  #  #  #  #  #  #  #  #  #  #  #  

        trial ended on position 1 32
        # moves taken:  19
        trial runtime:  0.24s

        trial 6
           0  1  2  3  4  5  6  7  8  9  10 11 12 13 14 15 16 17 18 19 20 21 22 23 24 25 26 27 28 29 30 31 32 33 34 35 36 
        0  #  #  #  #  #  #  #  #  #  #  #  #  #  #  #  #  #  #  #  #  #  #  #  #  #  #  #  #  #  #  #  #  #  #  #  #  #  
        1  #  #  #  #  #  #  #  #  #  #  #  #  #  #  #  #  #  #  #  #  #  #  #  #  #  #  #  #  #  #  #  #  F  F  F  F  #  
        2  #  #  #  #  #  #  #  #  #  #  #  #  #  #  #  #  #  #  #  #  #  #  #  #  #  #  #  #  #  #  #  #  .  .  .  .  #  
        3  #  #  #  #  #  #  #  #  #  #  #  #  #  #  #  #  #  #  #  #  #  #  #  #  #  #  #  #  #  #  #  #  .  .  .  .  #  
        4  #  #  #  #  #  #  #  #  #  #  #  #  #  #  #  #  #  #  #  #  #  #  #  #  #  #  #  #  #  #  #  #  .  .  .  .  #  
        5  #  #  #  #  #  #  #  #  #  #  #  #  #  #  #  #  #  #  #  #  #  #  #  #  #  #  #  #  #  #  #  #  .  .  .  .  #  
        6  #  S  .  .  .  .  .  .  .  .  .  .  .  .  .  .  .  .  .  .  .  .  .  .  .  .  .  .  .  .  .  .  .  .  .  .  #  
        7  #  S  .  .  .  .  .  .  .  .  .  .  .  .  .  .  .  .  .  .  .  .  .  .  .  .  .  .  .  .  .  .  .  .  .  .  #  
        8  #  X  .  .  .  .  .  .  .  .  .  .  .  .  .  .  .  .  .  .  .  .  .  .  .  .  .  .  .  .  .  .  .  .  .  .  #  
        9  #  S  .  .  .  .  .  .  .  .  .  .  .  .  .  .  .  .  .  .  .  .  .  .  .  .  .  .  .  .  .  .  .  .  .  .  #  
        10 #  #  #  #  #  #  #  #  #  #  #  #  #  #  #  #  #  #  #  #  #  #  #  #  #  #  #  #  #  #  #  #  #  #  #  #  #  

        trial ended on position 1 32
        # moves taken:  28
        trial runtime:  0.18s

        trial 7
           0  1  2  3  4  5  6  7  8  9  10 11 12 13 14 15 16 17 18 19 20 21 22 23 24 25 26 27 28 29 30 31 32 33 34 35 36 
        0  #  #  #  #  #  #  #  #  #  #  #  #  #  #  #  #  #  #  #  #  #  #  #  #  #  #  #  #  #  #  #  #  #  #  #  #  #  
        1  #  #  #  #  #  #  #  #  #  #  #  #  #  #  #  #  #  #  #  #  #  #  #  #  #  #  #  #  #  #  #  #  F  F  F  F  #  
        2  #  #  #  #  #  #  #  #  #  #  #  #  #  #  #  #  #  #  #  #  #  #  #  #  #  #  #  #  #  #  #  #  .  .  .  .  #  
        3  #  #  #  #  #  #  #  #  #  #  #  #  #  #  #  #  #  #  #  #  #  #  #  #  #  #  #  #  #  #  #  #  .  .  .  .  #  
        4  #  #  #  #  #  #  #  #  #  #  #  #  #  #  #  #  #  #  #  #  #  #  #  #  #  #  #  #  #  #  #  #  .  .  .  .  #  
        5  #  #  #  #  #  #  #  #  #  #  #  #  #  #  #  #  #  #  #  #  #  #  #  #  #  #  #  #  #  #  #  #  .  .  .  .  #  
        6  #  X  .  .  .  .  .  .  .  .  .  .  .  .  .  .  .  .  .  .  .  .  .  .  .  .  .  .  .  .  .  .  .  .  .  .  #  
        7  #  S  .  .  .  .  .  .  .  .  .  .  .  .  .  .  .  .  .  .  .  .  .  .  .  .  .  .  .  .  .  .  .  .  .  .  #  
        8  #  S  .  .  .  .  .  .  .  .  .  .  .  .  .  .  .  .  .  .  .  .  .  .  .  .  .  .  .  .  .  .  .  .  .  .  #  
        9  #  S  .  .  .  .  .  .  .  .  .  .  .  .  .  .  .  .  .  .  .  .  .  .  .  .  .  .  .  .  .  .  .  .  .  .  #  
        10 #  #  #  #  #  #  #  #  #  #  #  #  #  #  #  #  #  #  #  #  #  #  #  #  #  #  #  #  #  #  #  #  #  #  #  #  #  

        # moves taken:  499
        trial runtime:  0.15s

        trial 8
           0  1  2  3  4  5  6  7  8  9  10 11 12 13 14 15 16 17 18 19 20 21 22 23 24 25 26 27 28 29 30 31 32 33 34 35 36 
        0  #  #  #  #  #  #  #  #  #  #  #  #  #  #  #  #  #  #  #  #  #  #  #  #  #  #  #  #  #  #  #  #  #  #  #  #  #  
        1  #  #  #  #  #  #  #  #  #  #  #  #  #  #  #  #  #  #  #  #  #  #  #  #  #  #  #  #  #  #  #  #  F  F  F  F  #  
        2  #  #  #  #  #  #  #  #  #  #  #  #  #  #  #  #  #  #  #  #  #  #  #  #  #  #  #  #  #  #  #  #  .  .  .  .  #  
        3  #  #  #  #  #  #  #  #  #  #  #  #  #  #  #  #  #  #  #  #  #  #  #  #  #  #  #  #  #  #  #  #  .  .  .  .  #  
        4  #  #  #  #  #  #  #  #  #  #  #  #  #  #  #  #  #  #  #  #  #  #  #  #  #  #  #  #  #  #  #  #  .  .  .  .  #  
        5  #  #  #  #  #  #  #  #  #  #  #  #  #  #  #  #  #  #  #  #  #  #  #  #  #  #  #  #  #  #  #  #  .  .  .  .  #  
        6  #  S  .  .  .  .  .  .  .  .  .  .  .  .  .  .  .  .  .  .  .  .  .  .  .  .  .  .  .  .  .  .  .  .  .  .  #  
        7  #  X  .  .  .  .  .  .  .  .  .  .  .  .  .  .  .  .  .  .  .  .  .  .  .  .  .  .  .  .  .  .  .  .  .  .  #  
        8  #  S  .  .  .  .  .  .  .  .  .  .  .  .  .  .  .  .  .  .  .  .  .  .  .  .  .  .  .  .  .  .  .  .  .  .  #  
        9  #  S  .  .  .  .  .  .  .  .  .  .  .  .  .  .  .  .  .  .  .  .  .  .  .  .  .  .  .  .  .  .  .  .  .  .  #  
        10 #  #  #  #  #  #  #  #  #  #  #  #  #  #  #  #  #  #  #  #  #  #  #  #  #  #  #  #  #  #  #  #  #  #  #  #  #  

        trial ended on position 1 35
        # moves taken:  26
        trial runtime:  0.14s

        trial 9
           0  1  2  3  4  5  6  7  8  9  10 11 12 13 14 15 16 17 18 19 20 21 22 23 24 25 26 27 28 29 30 31 32 33 34 35 36 
        0  #  #  #  #  #  #  #  #  #  #  #  #  #  #  #  #  #  #  #  #  #  #  #  #  #  #  #  #  #  #  #  #  #  #  #  #  #  
        1  #  #  #  #  #  #  #  #  #  #  #  #  #  #  #  #  #  #  #  #  #  #  #  #  #  #  #  #  #  #  #  #  F  F  F  F  #  
        2  #  #  #  #  #  #  #  #  #  #  #  #  #  #  #  #  #  #  #  #  #  #  #  #  #  #  #  #  #  #  #  #  .  .  .  .  #  
        3  #  #  #  #  #  #  #  #  #  #  #  #  #  #  #  #  #  #  #  #  #  #  #  #  #  #  #  #  #  #  #  #  .  .  .  .  #  
        4  #  #  #  #  #  #  #  #  #  #  #  #  #  #  #  #  #  #  #  #  #  #  #  #  #  #  #  #  #  #  #  #  .  .  .  .  #  
        5  #  #  #  #  #  #  #  #  #  #  #  #  #  #  #  #  #  #  #  #  #  #  #  #  #  #  #  #  #  #  #  #  .  .  .  .  #  
        6  #  X  .  .  .  .  .  .  .  .  .  .  .  .  .  .  .  .  .  .  .  .  .  .  .  .  .  .  .  .  .  .  .  .  .  .  #  
        7  #  S  .  .  .  .  .  .  .  .  .  .  .  .  .  .  .  .  .  .  .  .  .  .  .  .  .  .  .  .  .  .  .  .  .  .  #  
        8  #  S  .  .  .  .  .  .  .  .  .  .  .  .  .  .  .  .  .  .  .  .  .  .  .  .  .  .  .  .  .  .  .  .  .  .  #  
        9  #  S  .  .  .  .  .  .  .  .  .  .  .  .  .  .  .  .  .  .  .  .  .  .  .  .  .  .  .  .  .  .  .  .  .  .  #  
        10 #  #  #  #  #  #  #  #  #  #  #  #  #  #  #  #  #  #  #  #  #  #  #  #  #  #  #  #  #  #  #  #  #  #  #  #  #  

        # moves taken:  499
        trial runtime:  0.19s

====================================================================================================

====================================================================================================
RUNNING R TRACK
track simulator initialized
restart upon crash = False

           0  1  2  3  4  5  6  7  8  9  10 11 12 13 14 15 16 17 18 19 20 21 22 23 24 25 26 27 28 29 
        0  X  #  #  #  #  #  #  #  #  #  #  #  #  #  #  #  #  #  #  #  #  #  #  #  #  #  #  #  #  #  
        1  #  #  #  #  #  #  #  #  #  .  .  .  .  .  .  .  .  .  .  .  .  .  #  #  #  #  #  #  #  #  
        2  #  #  #  #  #  .  .  .  .  .  .  .  .  .  .  .  .  .  .  .  .  .  .  .  .  .  #  #  #  #  
        3  #  #  #  .  .  .  .  .  .  .  .  .  .  .  .  .  .  .  .  .  .  .  .  .  .  .  .  #  #  #  
        4  #  #  .  .  .  .  .  .  #  #  #  #  #  #  #  #  #  #  .  .  .  .  .  .  .  #  #  #  #  #  
        5  #  #  .  .  .  .  .  #  #  #  #  #  #  #  #  #  #  #  #  .  .  .  .  .  #  #  #  #  #  #  
        6  #  #  .  .  .  .  .  #  #  #  #  #  #  #  #  #  #  .  .  .  .  .  #  #  #  #  #  #  #  #  
        7  #  #  .  .  .  .  .  #  #  #  #  #  #  #  #  .  .  .  .  .  #  #  #  #  #  #  #  #  #  #  
        8  #  #  .  .  .  .  .  #  #  #  #  #  #  #  .  .  .  .  .  #  #  #  #  #  #  #  #  #  #  #  
        9  #  #  .  .  .  .  .  #  #  #  #  #  .  .  .  .  .  #  #  #  #  #  #  #  #  #  #  #  #  #  
        10 #  #  .  .  .  .  .  #  #  #  .  .  .  .  .  #  #  #  #  #  #  #  #  #  #  #  #  #  #  #  
        11 #  #  .  .  .  .  .  #  #  #  #  #  .  .  .  .  .  #  #  #  #  #  #  #  #  #  #  #  #  #  
        12 #  .  .  .  .  .  #  #  #  #  #  #  #  .  .  .  .  .  #  #  #  #  #  #  #  #  #  #  #  #  
        13 #  .  .  .  .  .  #  #  #  #  #  #  #  #  .  .  .  .  .  #  #  #  #  #  #  #  #  #  #  #  
        14 #  .  .  .  .  .  #  #  #  #  #  #  #  #  #  #  .  .  .  .  .  #  #  #  #  #  #  #  #  #  
        15 #  .  .  .  .  .  #  #  #  #  #  #  #  #  #  #  #  #  #  .  .  .  .  .  #  #  #  #  #  #  
        16 #  #  .  .  .  .  .  #  #  #  #  #  #  #  #  #  #  #  #  #  #  .  .  .  .  .  .  .  #  #  
        17 #  #  .  .  .  .  .  #  #  #  #  #  #  #  #  #  #  #  #  #  #  #  #  .  .  .  .  .  #  #  
        18 #  #  .  .  .  .  .  #  #  #  #  #  #  #  #  #  #  #  #  #  #  #  #  .  .  .  .  .  #  #  
        19 #  #  .  .  .  .  .  #  #  #  #  #  #  #  #  #  #  #  #  #  #  #  #  .  .  .  .  .  #  #  
        20 #  #  .  .  .  .  .  #  #  #  #  #  #  #  #  #  #  #  #  #  #  #  #  .  .  .  .  .  #  #  
        21 #  .  .  .  .  .  #  #  #  #  #  #  #  #  #  #  #  #  #  #  #  #  #  .  .  .  .  .  #  #  
        22 #  .  .  .  .  .  #  #  #  #  #  #  #  #  #  #  #  #  #  #  #  #  #  .  .  .  .  .  #  #  
        23 #  .  .  .  .  .  #  #  #  #  #  #  #  #  #  #  #  #  #  #  #  #  #  .  .  .  .  .  #  #  
        24 #  .  .  .  .  .  #  #  #  #  #  #  #  #  #  #  #  #  #  #  #  #  #  #  .  .  .  .  .  #  
        25 #  .  .  .  .  .  #  #  #  #  #  #  #  #  #  #  #  #  #  #  #  #  #  #  .  .  .  .  .  #  
        26 #  S  S  S  S  S  #  #  #  #  #  #  #  #  #  #  #  #  #  #  #  #  #  #  F  F  F  F  F  #  
        27 #  #  #  #  #  #  #  #  #  #  #  #  #  #  #  #  #  #  #  #  #  #  #  #  #  #  #  #  #  #  

====================================================================================================
-- SARSA --

start of training, for 500000 total iterations
policy backtrack took:  0.42s

policy finalized after 1754.66s

# time trials to run:  10

        trial 0
           0  1  2  3  4  5  6  7  8  9  10 11 12 13 14 15 16 17 18 19 20 21 22 23 24 25 26 27 28 29 
        0  #  #  #  #  #  #  #  #  #  #  #  #  #  #  #  #  #  #  #  #  #  #  #  #  #  #  #  #  #  #  
        1  #  #  #  #  #  #  #  #  #  .  .  .  .  .  .  .  .  .  .  .  .  .  #  #  #  #  #  #  #  #  
        2  #  #  #  #  #  .  .  .  .  .  .  .  .  .  .  .  .  .  .  .  .  .  .  .  .  .  #  #  #  #  
        3  #  #  #  .  .  .  .  .  .  .  .  .  .  .  .  .  .  .  .  .  .  .  .  .  .  .  .  #  #  #  
        4  #  #  .  .  .  .  .  .  #  #  #  #  #  #  #  #  #  #  .  .  .  .  .  .  .  #  #  #  #  #  
        5  #  #  .  .  .  .  .  #  #  #  #  #  #  #  #  #  #  #  #  .  .  .  .  .  #  #  #  #  #  #  
        6  #  #  .  .  .  .  .  #  #  #  #  #  #  #  #  #  #  .  .  .  .  .  #  #  #  #  #  #  #  #  
        7  #  #  .  .  .  .  .  #  #  #  #  #  #  #  #  .  .  .  .  .  #  #  #  #  #  #  #  #  #  #  
        8  #  #  .  .  .  .  .  #  #  #  #  #  #  #  .  .  .  .  .  #  #  #  #  #  #  #  #  #  #  #  
        9  #  #  .  .  .  .  .  #  #  #  #  #  .  .  .  .  .  #  #  #  #  #  #  #  #  #  #  #  #  #  
        10 #  #  .  .  .  .  .  #  #  #  .  .  .  .  .  #  #  #  #  #  #  #  #  #  #  #  #  #  #  #  
        11 #  #  .  .  .  .  .  #  #  #  #  #  .  .  .  .  .  #  #  #  #  #  #  #  #  #  #  #  #  #  
        12 #  .  .  .  .  .  #  #  #  #  #  #  #  .  .  .  .  .  #  #  #  #  #  #  #  #  #  #  #  #  
        13 #  .  .  .  .  .  #  #  #  #  #  #  #  #  .  .  .  .  .  #  #  #  #  #  #  #  #  #  #  #  
        14 #  .  .  .  .  .  #  #  #  #  #  #  #  #  #  #  .  .  .  .  .  #  #  #  #  #  #  #  #  #  
        15 #  .  .  .  .  .  #  #  #  #  #  #  #  #  #  #  #  #  #  .  .  .  .  .  #  #  #  #  #  #  
        16 #  #  .  .  .  .  .  #  #  #  #  #  #  #  #  #  #  #  #  #  #  .  .  .  .  .  .  .  #  #  
        17 #  #  .  .  .  .  .  #  #  #  #  #  #  #  #  #  #  #  #  #  #  #  #  .  .  .  .  .  #  #  
        18 #  #  .  .  .  .  .  #  #  #  #  #  #  #  #  #  #  #  #  #  #  #  #  .  .  .  .  .  #  #  
        19 #  #  .  .  .  .  .  #  #  #  #  #  #  #  #  #  #  #  #  #  #  #  #  .  .  .  .  .  #  #  
        20 #  #  .  .  .  .  .  #  #  #  #  #  #  #  #  #  #  #  #  #  #  #  #  .  .  .  .  .  #  #  
        21 #  .  .  .  .  .  #  #  #  #  #  #  #  #  #  #  #  #  #  #  #  #  #  .  .  .  .  .  #  #  
        22 #  .  .  .  .  .  #  #  #  #  #  #  #  #  #  #  #  #  #  #  #  #  #  .  .  .  .  .  #  #  
        23 #  .  .  .  .  .  #  #  #  #  #  #  #  #  #  #  #  #  #  #  #  #  #  .  .  .  .  .  #  #  
        24 #  .  .  .  .  .  #  #  #  #  #  #  #  #  #  #  #  #  #  #  #  #  #  #  .  .  .  .  .  #  
        25 #  .  .  .  .  .  #  #  #  #  #  #  #  #  #  #  #  #  #  #  #  #  #  #  .  .  .  .  .  #  
        26 #  S  S  X  S  S  #  #  #  #  #  #  #  #  #  #  #  #  #  #  #  #  #  #  F  F  F  F  F  #  
        27 #  #  #  #  #  #  #  #  #  #  #  #  #  #  #  #  #  #  #  #  #  #  #  #  #  #  #  #  #  #  

        # moves taken:  499
        trial runtime:  0.28s

        trial 1
           0  1  2  3  4  5  6  7  8  9  10 11 12 13 14 15 16 17 18 19 20 21 22 23 24 25 26 27 28 29 
        0  #  #  #  #  #  #  #  #  #  #  #  #  #  #  #  #  #  #  #  #  #  #  #  #  #  #  #  #  #  #  
        1  #  #  #  #  #  #  #  #  #  .  .  .  .  .  .  .  .  .  .  .  .  .  #  #  #  #  #  #  #  #  
        2  #  #  #  #  #  .  .  .  .  .  .  .  .  .  .  .  .  .  .  .  .  .  .  .  .  .  #  #  #  #  
        3  #  #  #  .  .  .  .  .  .  .  .  .  .  .  .  .  .  .  .  .  .  .  .  .  .  .  .  #  #  #  
        4  #  #  .  .  .  .  .  .  #  #  #  #  #  #  #  #  #  #  .  .  .  .  .  .  .  #  #  #  #  #  
        5  #  #  .  .  .  .  .  #  #  #  #  #  #  #  #  #  #  #  #  .  .  .  .  .  #  #  #  #  #  #  
        6  #  #  .  .  .  .  .  #  #  #  #  #  #  #  #  #  #  .  .  .  .  .  #  #  #  #  #  #  #  #  
        7  #  #  .  .  .  .  .  #  #  #  #  #  #  #  #  .  .  .  .  .  #  #  #  #  #  #  #  #  #  #  
        8  #  #  .  .  .  .  .  #  #  #  #  #  #  #  .  .  .  .  .  #  #  #  #  #  #  #  #  #  #  #  
        9  #  #  .  .  .  .  .  #  #  #  #  #  .  .  .  .  .  #  #  #  #  #  #  #  #  #  #  #  #  #  
        10 #  #  .  .  .  .  .  #  #  #  .  .  .  .  .  #  #  #  #  #  #  #  #  #  #  #  #  #  #  #  
        11 #  #  .  .  .  .  .  #  #  #  #  #  .  .  .  .  .  #  #  #  #  #  #  #  #  #  #  #  #  #  
        12 #  .  .  .  .  .  #  #  #  #  #  #  #  .  .  .  .  .  #  #  #  #  #  #  #  #  #  #  #  #  
        13 #  .  .  .  .  .  #  #  #  #  #  #  #  #  .  .  .  .  .  #  #  #  #  #  #  #  #  #  #  #  
        14 #  .  .  .  .  .  #  #  #  #  #  #  #  #  #  #  .  .  .  .  .  #  #  #  #  #  #  #  #  #  
        15 #  .  .  .  .  .  #  #  #  #  #  #  #  #  #  #  #  #  #  .  .  .  .  .  #  #  #  #  #  #  
        16 #  #  .  .  .  .  .  #  #  #  #  #  #  #  #  #  #  #  #  #  #  .  .  .  .  .  .  .  #  #  
        17 #  #  .  .  .  .  .  #  #  #  #  #  #  #  #  #  #  #  #  #  #  #  #  .  .  .  .  .  #  #  
        18 #  #  .  .  .  .  .  #  #  #  #  #  #  #  #  #  #  #  #  #  #  #  #  .  .  .  .  .  #  #  
        19 #  #  .  .  .  .  .  #  #  #  #  #  #  #  #  #  #  #  #  #  #  #  #  .  .  .  .  .  #  #  
        20 #  #  .  .  .  .  .  #  #  #  #  #  #  #  #  #  #  #  #  #  #  #  #  .  .  .  .  .  #  #  
        21 #  .  .  .  .  .  #  #  #  #  #  #  #  #  #  #  #  #  #  #  #  #  #  .  .  .  .  .  #  #  
        22 #  .  .  .  .  .  #  #  #  #  #  #  #  #  #  #  #  #  #  #  #  #  #  .  .  .  .  .  #  #  
        23 #  .  .  .  .  .  #  #  #  #  #  #  #  #  #  #  #  #  #  #  #  #  #  .  .  .  .  .  #  #  
        24 #  .  .  .  .  .  #  #  #  #  #  #  #  #  #  #  #  #  #  #  #  #  #  #  .  .  .  .  .  #  
        25 #  .  .  .  .  .  #  #  #  #  #  #  #  #  #  #  #  #  #  #  #  #  #  #  .  .  .  .  .  #  
        26 #  S  S  S  S  X  #  #  #  #  #  #  #  #  #  #  #  #  #  #  #  #  #  #  F  F  F  F  F  #  
        27 #  #  #  #  #  #  #  #  #  #  #  #  #  #  #  #  #  #  #  #  #  #  #  #  #  #  #  #  #  #  

        # moves taken:  499
        trial runtime:  0.37s

        trial 2
           0  1  2  3  4  5  6  7  8  9  10 11 12 13 14 15 16 17 18 19 20 21 22 23 24 25 26 27 28 29 
        0  #  #  #  #  #  #  #  #  #  #  #  #  #  #  #  #  #  #  #  #  #  #  #  #  #  #  #  #  #  #  
        1  #  #  #  #  #  #  #  #  #  .  .  .  .  .  .  .  .  .  .  .  .  .  #  #  #  #  #  #  #  #  
        2  #  #  #  #  #  .  .  .  .  .  .  .  .  .  .  .  .  .  .  .  .  .  .  .  .  .  #  #  #  #  
        3  #  #  #  .  .  .  .  .  .  .  .  .  .  .  .  .  .  .  .  .  .  .  .  .  .  .  .  #  #  #  
        4  #  #  .  .  .  .  .  .  #  #  #  #  #  #  #  #  #  #  .  .  .  .  .  .  .  #  #  #  #  #  
        5  #  #  .  .  .  .  .  #  #  #  #  #  #  #  #  #  #  #  #  .  .  .  .  .  #  #  #  #  #  #  
        6  #  #  .  .  .  .  .  #  #  #  #  #  #  #  #  #  #  .  .  .  .  .  #  #  #  #  #  #  #  #  
        7  #  #  .  .  .  .  .  #  #  #  #  #  #  #  #  .  .  .  .  .  #  #  #  #  #  #  #  #  #  #  
        8  #  #  .  .  .  .  .  #  #  #  #  #  #  #  .  .  .  .  .  #  #  #  #  #  #  #  #  #  #  #  
        9  #  #  .  .  .  .  .  #  #  #  #  #  .  .  .  .  .  #  #  #  #  #  #  #  #  #  #  #  #  #  
        10 #  #  .  .  .  .  .  #  #  #  .  .  .  .  .  #  #  #  #  #  #  #  #  #  #  #  #  #  #  #  
        11 #  #  .  .  .  .  .  #  #  #  #  #  .  .  .  .  .  #  #  #  #  #  #  #  #  #  #  #  #  #  
        12 #  .  .  .  .  .  #  #  #  #  #  #  #  .  .  .  .  .  #  #  #  #  #  #  #  #  #  #  #  #  
        13 #  .  .  .  .  .  #  #  #  #  #  #  #  #  .  .  .  .  .  #  #  #  #  #  #  #  #  #  #  #  
        14 #  .  .  .  .  .  #  #  #  #  #  #  #  #  #  #  .  .  .  .  .  #  #  #  #  #  #  #  #  #  
        15 #  .  .  .  .  .  #  #  #  #  #  #  #  #  #  #  #  #  #  .  .  .  .  .  #  #  #  #  #  #  
        16 #  #  .  .  .  .  .  #  #  #  #  #  #  #  #  #  #  #  #  #  #  .  .  .  .  .  .  .  #  #  
        17 #  #  .  .  .  .  .  #  #  #  #  #  #  #  #  #  #  #  #  #  #  #  #  .  .  .  .  .  #  #  
        18 #  #  .  .  .  .  .  #  #  #  #  #  #  #  #  #  #  #  #  #  #  #  #  .  .  .  .  .  #  #  
        19 #  #  .  .  .  .  .  #  #  #  #  #  #  #  #  #  #  #  #  #  #  #  #  .  .  .  .  .  #  #  
        20 #  #  .  .  .  .  .  #  #  #  #  #  #  #  #  #  #  #  #  #  #  #  #  .  .  .  .  .  #  #  
        21 #  .  .  .  .  .  #  #  #  #  #  #  #  #  #  #  #  #  #  #  #  #  #  .  .  .  .  .  #  #  
        22 #  .  .  .  .  .  #  #  #  #  #  #  #  #  #  #  #  #  #  #  #  #  #  .  .  .  .  .  #  #  
        23 #  .  .  .  .  .  #  #  #  #  #  #  #  #  #  #  #  #  #  #  #  #  #  .  .  .  .  .  #  #  
        24 #  .  .  .  .  .  #  #  #  #  #  #  #  #  #  #  #  #  #  #  #  #  #  #  .  .  .  .  .  #  
        25 #  .  .  .  .  .  #  #  #  #  #  #  #  #  #  #  #  #  #  #  #  #  #  #  .  .  .  .  .  #  
        26 #  S  X  S  S  S  #  #  #  #  #  #  #  #  #  #  #  #  #  #  #  #  #  #  F  F  F  F  F  #  
        27 #  #  #  #  #  #  #  #  #  #  #  #  #  #  #  #  #  #  #  #  #  #  #  #  #  #  #  #  #  #  

        # moves taken:  499
        trial runtime:  0.41s

        trial 3
           0  1  2  3  4  5  6  7  8  9  10 11 12 13 14 15 16 17 18 19 20 21 22 23 24 25 26 27 28 29 
        0  #  #  #  #  #  #  #  #  #  #  #  #  #  #  #  #  #  #  #  #  #  #  #  #  #  #  #  #  #  #  
        1  #  #  #  #  #  #  #  #  #  .  .  .  .  .  .  .  .  .  .  .  .  .  #  #  #  #  #  #  #  #  
        2  #  #  #  #  #  .  .  .  .  .  .  .  .  .  .  .  .  .  .  .  .  .  .  .  .  .  #  #  #  #  
        3  #  #  #  .  .  .  .  .  .  .  .  .  .  .  .  .  .  .  .  .  .  .  .  .  .  .  .  #  #  #  
        4  #  #  .  .  .  .  .  .  #  #  #  #  #  #  #  #  #  #  .  .  .  .  .  .  .  #  #  #  #  #  
        5  #  #  .  .  .  .  .  #  #  #  #  #  #  #  #  #  #  #  #  .  .  .  .  .  #  #  #  #  #  #  
        6  #  #  .  .  .  .  .  #  #  #  #  #  #  #  #  #  #  .  .  .  .  .  #  #  #  #  #  #  #  #  
        7  #  #  .  .  .  .  .  #  #  #  #  #  #  #  #  .  .  .  .  .  #  #  #  #  #  #  #  #  #  #  
        8  #  #  .  .  .  .  .  #  #  #  #  #  #  #  .  .  .  .  .  #  #  #  #  #  #  #  #  #  #  #  
        9  #  #  .  .  .  .  .  #  #  #  #  #  .  .  .  .  .  #  #  #  #  #  #  #  #  #  #  #  #  #  
        10 #  #  .  .  .  .  .  #  #  #  .  .  .  .  .  #  #  #  #  #  #  #  #  #  #  #  #  #  #  #  
        11 #  #  .  .  .  .  .  #  #  #  #  #  .  .  .  .  .  #  #  #  #  #  #  #  #  #  #  #  #  #  
        12 #  .  .  .  .  .  #  #  #  #  #  #  #  .  .  .  .  .  #  #  #  #  #  #  #  #  #  #  #  #  
        13 #  .  .  .  .  .  #  #  #  #  #  #  #  #  .  .  .  .  .  #  #  #  #  #  #  #  #  #  #  #  
        14 #  .  .  .  .  .  #  #  #  #  #  #  #  #  #  #  .  .  .  .  .  #  #  #  #  #  #  #  #  #  
        15 #  .  .  .  .  .  #  #  #  #  #  #  #  #  #  #  #  #  #  .  .  .  .  .  #  #  #  #  #  #  
        16 #  #  .  .  .  .  .  #  #  #  #  #  #  #  #  #  #  #  #  #  #  .  .  .  .  .  .  .  #  #  
        17 #  #  .  .  .  .  .  #  #  #  #  #  #  #  #  #  #  #  #  #  #  #  #  .  .  .  .  .  #  #  
        18 #  #  .  .  .  .  .  #  #  #  #  #  #  #  #  #  #  #  #  #  #  #  #  .  .  .  .  .  #  #  
        19 #  #  .  .  .  .  .  #  #  #  #  #  #  #  #  #  #  #  #  #  #  #  #  .  .  .  .  .  #  #  
        20 #  #  .  .  .  .  .  #  #  #  #  #  #  #  #  #  #  #  #  #  #  #  #  .  .  .  .  .  #  #  
        21 #  .  .  .  .  .  #  #  #  #  #  #  #  #  #  #  #  #  #  #  #  #  #  .  .  .  .  .  #  #  
        22 #  .  .  .  .  .  #  #  #  #  #  #  #  #  #  #  #  #  #  #  #  #  #  .  .  .  .  .  #  #  
        23 #  .  .  .  .  .  #  #  #  #  #  #  #  #  #  #  #  #  #  #  #  #  #  .  .  .  .  .  #  #  
        24 #  .  .  .  .  .  #  #  #  #  #  #  #  #  #  #  #  #  #  #  #  #  #  #  .  .  .  .  .  #  
        25 #  .  .  .  .  .  #  #  #  #  #  #  #  #  #  #  #  #  #  #  #  #  #  #  .  .  .  .  .  #  
        26 #  X  S  S  S  S  #  #  #  #  #  #  #  #  #  #  #  #  #  #  #  #  #  #  F  F  F  F  F  #  
        27 #  #  #  #  #  #  #  #  #  #  #  #  #  #  #  #  #  #  #  #  #  #  #  #  #  #  #  #  #  #  

        # moves taken:  499
        trial runtime:  0.39s

        trial 4
           0  1  2  3  4  5  6  7  8  9  10 11 12 13 14 15 16 17 18 19 20 21 22 23 24 25 26 27 28 29 
        0  #  #  #  #  #  #  #  #  #  #  #  #  #  #  #  #  #  #  #  #  #  #  #  #  #  #  #  #  #  #  
        1  #  #  #  #  #  #  #  #  #  .  .  .  .  .  .  .  .  .  .  .  .  .  #  #  #  #  #  #  #  #  
        2  #  #  #  #  #  .  .  .  .  .  .  .  .  .  .  .  .  .  .  .  .  .  .  .  .  .  #  #  #  #  
        3  #  #  #  .  .  .  .  .  .  .  .  .  .  .  .  .  .  .  .  .  .  .  .  .  .  .  .  #  #  #  
        4  #  #  .  .  .  .  .  .  #  #  #  #  #  #  #  #  #  #  .  .  .  .  .  .  .  #  #  #  #  #  
        5  #  #  .  .  .  .  .  #  #  #  #  #  #  #  #  #  #  #  #  .  .  .  .  .  #  #  #  #  #  #  
        6  #  #  .  .  .  .  .  #  #  #  #  #  #  #  #  #  #  .  .  .  .  .  #  #  #  #  #  #  #  #  
        7  #  #  .  .  .  .  .  #  #  #  #  #  #  #  #  .  .  .  .  .  #  #  #  #  #  #  #  #  #  #  
        8  #  #  .  .  .  .  .  #  #  #  #  #  #  #  .  .  .  .  .  #  #  #  #  #  #  #  #  #  #  #  
        9  #  #  .  .  .  .  .  #  #  #  #  #  .  .  .  .  .  #  #  #  #  #  #  #  #  #  #  #  #  #  
        10 #  #  .  .  .  .  .  #  #  #  .  .  .  .  .  #  #  #  #  #  #  #  #  #  #  #  #  #  #  #  
        11 #  #  .  .  .  .  .  #  #  #  #  #  .  .  .  .  .  #  #  #  #  #  #  #  #  #  #  #  #  #  
        12 #  .  .  .  .  .  #  #  #  #  #  #  #  .  .  .  .  .  #  #  #  #  #  #  #  #  #  #  #  #  
        13 #  .  .  .  .  .  #  #  #  #  #  #  #  #  .  .  .  .  .  #  #  #  #  #  #  #  #  #  #  #  
        14 #  .  .  .  .  .  #  #  #  #  #  #  #  #  #  #  .  .  .  .  .  #  #  #  #  #  #  #  #  #  
        15 #  .  .  .  .  .  #  #  #  #  #  #  #  #  #  #  #  #  #  .  .  .  .  .  #  #  #  #  #  #  
        16 #  #  .  .  .  .  .  #  #  #  #  #  #  #  #  #  #  #  #  #  #  .  .  .  .  .  .  .  #  #  
        17 #  #  .  .  .  .  .  #  #  #  #  #  #  #  #  #  #  #  #  #  #  #  #  .  .  .  .  .  #  #  
        18 #  #  .  .  .  .  .  #  #  #  #  #  #  #  #  #  #  #  #  #  #  #  #  .  .  .  .  .  #  #  
        19 #  #  .  .  .  .  .  #  #  #  #  #  #  #  #  #  #  #  #  #  #  #  #  .  .  .  .  .  #  #  
        20 #  #  .  .  .  .  .  #  #  #  #  #  #  #  #  #  #  #  #  #  #  #  #  .  .  .  .  .  #  #  
        21 #  .  .  .  .  .  #  #  #  #  #  #  #  #  #  #  #  #  #  #  #  #  #  .  .  .  .  .  #  #  
        22 #  .  .  .  .  .  #  #  #  #  #  #  #  #  #  #  #  #  #  #  #  #  #  .  .  .  .  .  #  #  
        23 #  .  .  .  .  .  #  #  #  #  #  #  #  #  #  #  #  #  #  #  #  #  #  .  .  .  .  .  #  #  
        24 #  .  .  .  .  .  #  #  #  #  #  #  #  #  #  #  #  #  #  #  #  #  #  #  .  .  .  .  .  #  
        25 #  .  .  .  .  .  #  #  #  #  #  #  #  #  #  #  #  #  #  #  #  #  #  #  .  .  .  .  .  #  
        26 #  X  S  S  S  S  #  #  #  #  #  #  #  #  #  #  #  #  #  #  #  #  #  #  F  F  F  F  F  #  
        27 #  #  #  #  #  #  #  #  #  #  #  #  #  #  #  #  #  #  #  #  #  #  #  #  #  #  #  #  #  #  

        # moves taken:  499
        trial runtime:  0.34s

        trial 5
           0  1  2  3  4  5  6  7  8  9  10 11 12 13 14 15 16 17 18 19 20 21 22 23 24 25 26 27 28 29 
        0  #  #  #  #  #  #  #  #  #  #  #  #  #  #  #  #  #  #  #  #  #  #  #  #  #  #  #  #  #  #  
        1  #  #  #  #  #  #  #  #  #  .  .  .  .  .  .  .  .  .  .  .  .  .  #  #  #  #  #  #  #  #  
        2  #  #  #  #  #  .  .  .  .  .  .  .  .  .  .  .  .  .  .  .  .  .  .  .  .  .  #  #  #  #  
        3  #  #  #  .  .  .  .  .  .  .  .  .  .  .  .  .  .  .  .  .  .  .  .  .  .  .  .  #  #  #  
        4  #  #  .  .  .  .  .  .  #  #  #  #  #  #  #  #  #  #  .  .  .  .  .  .  .  #  #  #  #  #  
        5  #  #  .  .  .  .  .  #  #  #  #  #  #  #  #  #  #  #  #  .  .  .  .  .  #  #  #  #  #  #  
        6  #  #  .  .  .  .  .  #  #  #  #  #  #  #  #  #  #  .  .  .  .  .  #  #  #  #  #  #  #  #  
        7  #  #  .  .  .  .  .  #  #  #  #  #  #  #  #  .  .  .  .  .  #  #  #  #  #  #  #  #  #  #  
        8  #  #  .  .  .  .  .  #  #  #  #  #  #  #  .  .  .  .  .  #  #  #  #  #  #  #  #  #  #  #  
        9  #  #  .  .  .  .  .  #  #  #  #  #  .  .  .  .  .  #  #  #  #  #  #  #  #  #  #  #  #  #  
        10 #  #  .  .  .  .  .  #  #  #  .  .  .  .  .  #  #  #  #  #  #  #  #  #  #  #  #  #  #  #  
        11 #  #  .  .  .  .  .  #  #  #  #  #  .  .  .  .  .  #  #  #  #  #  #  #  #  #  #  #  #  #  
        12 #  .  .  .  .  .  #  #  #  #  #  #  #  .  .  .  .  .  #  #  #  #  #  #  #  #  #  #  #  #  
        13 #  .  .  .  .  .  #  #  #  #  #  #  #  #  .  .  .  .  .  #  #  #  #  #  #  #  #  #  #  #  
        14 #  .  .  .  .  .  #  #  #  #  #  #  #  #  #  #  .  .  .  .  .  #  #  #  #  #  #  #  #  #  
        15 #  .  .  .  .  .  #  #  #  #  #  #  #  #  #  #  #  #  #  .  .  .  .  .  #  #  #  #  #  #  
        16 #  #  .  .  .  .  .  #  #  #  #  #  #  #  #  #  #  #  #  #  #  .  .  .  .  .  .  .  #  #  
        17 #  #  .  .  .  .  .  #  #  #  #  #  #  #  #  #  #  #  #  #  #  #  #  .  .  .  .  .  #  #  
        18 #  #  .  .  .  .  .  #  #  #  #  #  #  #  #  #  #  #  #  #  #  #  #  .  .  .  .  .  #  #  
        19 #  #  .  .  .  .  .  #  #  #  #  #  #  #  #  #  #  #  #  #  #  #  #  .  .  .  .  .  #  #  
        20 #  #  .  .  .  .  .  #  #  #  #  #  #  #  #  #  #  #  #  #  #  #  #  .  .  .  .  .  #  #  
        21 #  .  .  .  .  .  #  #  #  #  #  #  #  #  #  #  #  #  #  #  #  #  #  .  .  .  .  .  #  #  
        22 #  .  .  .  .  .  #  #  #  #  #  #  #  #  #  #  #  #  #  #  #  #  #  .  .  .  .  .  #  #  
        23 #  .  .  .  .  .  #  #  #  #  #  #  #  #  #  #  #  #  #  #  #  #  #  .  .  .  .  .  #  #  
        24 #  .  .  .  .  .  #  #  #  #  #  #  #  #  #  #  #  #  #  #  #  #  #  #  .  .  .  .  .  #  
        25 #  .  .  .  .  .  #  #  #  #  #  #  #  #  #  #  #  #  #  #  #  #  #  #  .  .  .  .  .  #  
        26 #  S  X  S  S  S  #  #  #  #  #  #  #  #  #  #  #  #  #  #  #  #  #  #  F  F  F  F  F  #  
        27 #  #  #  #  #  #  #  #  #  #  #  #  #  #  #  #  #  #  #  #  #  #  #  #  #  #  #  #  #  #  

        # moves taken:  499
        trial runtime:  0.29s

        trial 6
           0  1  2  3  4  5  6  7  8  9  10 11 12 13 14 15 16 17 18 19 20 21 22 23 24 25 26 27 28 29 
        0  #  #  #  #  #  #  #  #  #  #  #  #  #  #  #  #  #  #  #  #  #  #  #  #  #  #  #  #  #  #  
        1  #  #  #  #  #  #  #  #  #  .  .  .  .  .  .  .  .  .  .  .  .  .  #  #  #  #  #  #  #  #  
        2  #  #  #  #  #  .  .  .  .  .  .  .  .  .  .  .  .  .  .  .  .  .  .  .  .  .  #  #  #  #  
        3  #  #  #  .  .  .  .  .  .  .  .  .  .  .  .  .  .  .  .  .  .  .  .  .  .  .  .  #  #  #  
        4  #  #  .  .  .  .  .  .  #  #  #  #  #  #  #  #  #  #  .  .  .  .  .  .  .  #  #  #  #  #  
        5  #  #  .  .  .  .  .  #  #  #  #  #  #  #  #  #  #  #  #  .  .  .  .  .  #  #  #  #  #  #  
        6  #  #  .  .  .  .  .  #  #  #  #  #  #  #  #  #  #  .  .  .  .  .  #  #  #  #  #  #  #  #  
        7  #  #  .  .  .  .  .  #  #  #  #  #  #  #  #  .  .  .  .  .  #  #  #  #  #  #  #  #  #  #  
        8  #  #  .  .  .  .  .  #  #  #  #  #  #  #  .  .  .  .  .  #  #  #  #  #  #  #  #  #  #  #  
        9  #  #  .  .  .  .  .  #  #  #  #  #  .  .  .  .  .  #  #  #  #  #  #  #  #  #  #  #  #  #  
        10 #  #  .  .  .  .  .  #  #  #  .  .  .  .  .  #  #  #  #  #  #  #  #  #  #  #  #  #  #  #  
        11 #  #  .  .  .  .  .  #  #  #  #  #  .  .  .  .  .  #  #  #  #  #  #  #  #  #  #  #  #  #  
        12 #  .  .  .  .  .  #  #  #  #  #  #  #  .  .  .  .  .  #  #  #  #  #  #  #  #  #  #  #  #  
        13 #  .  .  .  .  .  #  #  #  #  #  #  #  #  .  .  .  .  .  #  #  #  #  #  #  #  #  #  #  #  
        14 #  .  .  .  .  .  #  #  #  #  #  #  #  #  #  #  .  .  .  .  .  #  #  #  #  #  #  #  #  #  
        15 #  .  .  .  .  .  #  #  #  #  #  #  #  #  #  #  #  #  #  .  .  .  .  .  #  #  #  #  #  #  
        16 #  #  .  .  .  .  .  #  #  #  #  #  #  #  #  #  #  #  #  #  #  .  .  .  .  .  .  .  #  #  
        17 #  #  .  .  .  .  .  #  #  #  #  #  #  #  #  #  #  #  #  #  #  #  #  .  .  .  .  .  #  #  
        18 #  #  .  .  .  .  .  #  #  #  #  #  #  #  #  #  #  #  #  #  #  #  #  .  .  .  .  .  #  #  
        19 #  #  .  .  .  .  .  #  #  #  #  #  #  #  #  #  #  #  #  #  #  #  #  .  .  .  .  .  #  #  
        20 #  #  .  .  .  .  .  #  #  #  #  #  #  #  #  #  #  #  #  #  #  #  #  .  .  .  .  .  #  #  
        21 #  .  .  .  .  .  #  #  #  #  #  #  #  #  #  #  #  #  #  #  #  #  #  .  .  .  .  .  #  #  
        22 #  .  .  .  .  .  #  #  #  #  #  #  #  #  #  #  #  #  #  #  #  #  #  .  .  .  .  .  #  #  
        23 #  .  .  .  .  .  #  #  #  #  #  #  #  #  #  #  #  #  #  #  #  #  #  .  .  .  .  .  #  #  
        24 #  .  .  .  .  .  #  #  #  #  #  #  #  #  #  #  #  #  #  #  #  #  #  #  .  .  .  .  .  #  
        25 #  .  .  .  .  .  #  #  #  #  #  #  #  #  #  #  #  #  #  #  #  #  #  #  .  .  .  .  .  #  
        26 #  S  S  S  X  S  #  #  #  #  #  #  #  #  #  #  #  #  #  #  #  #  #  #  F  F  F  F  F  #  
        27 #  #  #  #  #  #  #  #  #  #  #  #  #  #  #  #  #  #  #  #  #  #  #  #  #  #  #  #  #  #  

        # moves taken:  499
        trial runtime:  0.40s

        trial 7
           0  1  2  3  4  5  6  7  8  9  10 11 12 13 14 15 16 17 18 19 20 21 22 23 24 25 26 27 28 29 
        0  #  #  #  #  #  #  #  #  #  #  #  #  #  #  #  #  #  #  #  #  #  #  #  #  #  #  #  #  #  #  
        1  #  #  #  #  #  #  #  #  #  .  .  .  .  .  .  .  .  .  .  .  .  .  #  #  #  #  #  #  #  #  
        2  #  #  #  #  #  .  .  .  .  .  .  .  .  .  .  .  .  .  .  .  .  .  .  .  .  .  #  #  #  #  
        3  #  #  #  .  .  .  .  .  .  .  .  .  .  .  .  .  .  .  .  .  .  .  .  .  .  .  .  #  #  #  
        4  #  #  .  .  .  .  .  .  #  #  #  #  #  #  #  #  #  #  .  .  .  .  .  .  .  #  #  #  #  #  
        5  #  #  .  .  .  .  .  #  #  #  #  #  #  #  #  #  #  #  #  .  .  .  .  .  #  #  #  #  #  #  
        6  #  #  .  .  .  .  .  #  #  #  #  #  #  #  #  #  #  .  .  .  .  .  #  #  #  #  #  #  #  #  
        7  #  #  .  .  .  .  .  #  #  #  #  #  #  #  #  .  .  .  .  .  #  #  #  #  #  #  #  #  #  #  
        8  #  #  .  .  .  .  .  #  #  #  #  #  #  #  .  .  .  .  .  #  #  #  #  #  #  #  #  #  #  #  
        9  #  #  .  .  .  .  .  #  #  #  #  #  .  .  .  .  .  #  #  #  #  #  #  #  #  #  #  #  #  #  
        10 #  #  .  .  .  .  .  #  #  #  .  .  .  .  .  #  #  #  #  #  #  #  #  #  #  #  #  #  #  #  
        11 #  #  .  .  .  .  .  #  #  #  #  #  .  .  .  .  .  #  #  #  #  #  #  #  #  #  #  #  #  #  
        12 #  .  .  .  .  .  #  #  #  #  #  #  #  .  .  .  .  .  #  #  #  #  #  #  #  #  #  #  #  #  
        13 #  .  .  .  .  .  #  #  #  #  #  #  #  #  .  .  .  .  .  #  #  #  #  #  #  #  #  #  #  #  
        14 #  .  .  .  .  .  #  #  #  #  #  #  #  #  #  #  .  .  .  .  .  #  #  #  #  #  #  #  #  #  
        15 #  .  .  .  .  .  #  #  #  #  #  #  #  #  #  #  #  #  #  .  .  .  .  .  #  #  #  #  #  #  
        16 #  #  .  .  .  .  .  #  #  #  #  #  #  #  #  #  #  #  #  #  #  .  .  .  .  .  .  .  #  #  
        17 #  #  .  .  .  .  .  #  #  #  #  #  #  #  #  #  #  #  #  #  #  #  #  .  .  .  .  .  #  #  
        18 #  #  .  .  .  .  .  #  #  #  #  #  #  #  #  #  #  #  #  #  #  #  #  .  .  .  .  .  #  #  
        19 #  #  .  .  .  .  .  #  #  #  #  #  #  #  #  #  #  #  #  #  #  #  #  .  .  .  .  .  #  #  
        20 #  #  .  .  .  .  .  #  #  #  #  #  #  #  #  #  #  #  #  #  #  #  #  .  .  .  .  .  #  #  
        21 #  .  .  .  .  .  #  #  #  #  #  #  #  #  #  #  #  #  #  #  #  #  #  .  .  .  .  .  #  #  
        22 #  .  .  .  .  .  #  #  #  #  #  #  #  #  #  #  #  #  #  #  #  #  #  .  .  .  .  .  #  #  
        23 #  .  .  .  .  .  #  #  #  #  #  #  #  #  #  #  #  #  #  #  #  #  #  .  .  .  .  .  #  #  
        24 #  .  .  .  .  .  #  #  #  #  #  #  #  #  #  #  #  #  #  #  #  #  #  #  .  .  .  .  .  #  
        25 #  .  .  .  .  .  #  #  #  #  #  #  #  #  #  #  #  #  #  #  #  #  #  #  .  .  .  .  .  #  
        26 #  S  X  S  S  S  #  #  #  #  #  #  #  #  #  #  #  #  #  #  #  #  #  #  F  F  F  F  F  #  
        27 #  #  #  #  #  #  #  #  #  #  #  #  #  #  #  #  #  #  #  #  #  #  #  #  #  #  #  #  #  #  

        # moves taken:  499
        trial runtime:  0.38s

        trial 8
           0  1  2  3  4  5  6  7  8  9  10 11 12 13 14 15 16 17 18 19 20 21 22 23 24 25 26 27 28 29 
        0  #  #  #  #  #  #  #  #  #  #  #  #  #  #  #  #  #  #  #  #  #  #  #  #  #  #  #  #  #  #  
        1  #  #  #  #  #  #  #  #  #  .  .  .  .  .  .  .  .  .  .  .  .  .  #  #  #  #  #  #  #  #  
        2  #  #  #  #  #  .  .  .  .  .  .  .  .  .  .  .  .  .  .  .  .  .  .  .  .  .  #  #  #  #  
        3  #  #  #  .  .  .  .  .  .  .  .  .  .  .  .  .  .  .  .  .  .  .  .  .  .  .  .  #  #  #  
        4  #  #  .  .  .  .  .  .  #  #  #  #  #  #  #  #  #  #  .  .  .  .  .  .  .  #  #  #  #  #  
        5  #  #  .  .  .  .  .  #  #  #  #  #  #  #  #  #  #  #  #  .  .  .  .  .  #  #  #  #  #  #  
        6  #  #  .  .  .  .  .  #  #  #  #  #  #  #  #  #  #  .  .  .  .  .  #  #  #  #  #  #  #  #  
        7  #  #  .  .  .  .  .  #  #  #  #  #  #  #  #  .  .  .  .  .  #  #  #  #  #  #  #  #  #  #  
        8  #  #  .  .  .  .  .  #  #  #  #  #  #  #  .  .  .  .  .  #  #  #  #  #  #  #  #  #  #  #  
        9  #  #  .  .  .  .  .  #  #  #  #  #  .  .  .  .  .  #  #  #  #  #  #  #  #  #  #  #  #  #  
        10 #  #  .  .  .  .  .  #  #  #  .  .  .  .  .  #  #  #  #  #  #  #  #  #  #  #  #  #  #  #  
        11 #  #  .  .  .  .  .  #  #  #  #  #  .  .  .  .  .  #  #  #  #  #  #  #  #  #  #  #  #  #  
        12 #  .  .  .  .  .  #  #  #  #  #  #  #  .  .  .  .  .  #  #  #  #  #  #  #  #  #  #  #  #  
        13 #  .  .  .  .  .  #  #  #  #  #  #  #  #  .  .  .  .  .  #  #  #  #  #  #  #  #  #  #  #  
        14 #  .  .  .  .  .  #  #  #  #  #  #  #  #  #  #  .  .  .  .  .  #  #  #  #  #  #  #  #  #  
        15 #  .  .  .  .  .  #  #  #  #  #  #  #  #  #  #  #  #  #  .  .  .  .  .  #  #  #  #  #  #  
        16 #  #  .  .  .  .  .  #  #  #  #  #  #  #  #  #  #  #  #  #  #  .  .  .  .  .  .  .  #  #  
        17 #  #  .  .  .  .  .  #  #  #  #  #  #  #  #  #  #  #  #  #  #  #  #  .  .  .  .  .  #  #  
        18 #  #  .  .  .  .  .  #  #  #  #  #  #  #  #  #  #  #  #  #  #  #  #  .  .  .  .  .  #  #  
        19 #  #  .  .  .  .  .  #  #  #  #  #  #  #  #  #  #  #  #  #  #  #  #  .  .  .  .  .  #  #  
        20 #  #  .  .  .  .  .  #  #  #  #  #  #  #  #  #  #  #  #  #  #  #  #  .  .  .  .  .  #  #  
        21 #  .  .  .  .  .  #  #  #  #  #  #  #  #  #  #  #  #  #  #  #  #  #  .  .  .  .  .  #  #  
        22 #  .  .  .  .  .  #  #  #  #  #  #  #  #  #  #  #  #  #  #  #  #  #  .  .  .  .  .  #  #  
        23 #  .  .  .  .  .  #  #  #  #  #  #  #  #  #  #  #  #  #  #  #  #  #  .  .  .  .  .  #  #  
        24 #  .  .  .  .  .  #  #  #  #  #  #  #  #  #  #  #  #  #  #  #  #  #  #  .  .  .  .  .  #  
        25 #  .  .  .  .  .  #  #  #  #  #  #  #  #  #  #  #  #  #  #  #  #  #  #  .  .  .  .  .  #  
        26 #  X  S  S  S  S  #  #  #  #  #  #  #  #  #  #  #  #  #  #  #  #  #  #  F  F  F  F  F  #  
        27 #  #  #  #  #  #  #  #  #  #  #  #  #  #  #  #  #  #  #  #  #  #  #  #  #  #  #  #  #  #  

        # moves taken:  499
        trial runtime:  0.28s

        trial 9
           0  1  2  3  4  5  6  7  8  9  10 11 12 13 14 15 16 17 18 19 20 21 22 23 24 25 26 27 28 29 
        0  #  #  #  #  #  #  #  #  #  #  #  #  #  #  #  #  #  #  #  #  #  #  #  #  #  #  #  #  #  #  
        1  #  #  #  #  #  #  #  #  #  .  .  .  .  .  .  .  .  .  .  .  .  .  #  #  #  #  #  #  #  #  
        2  #  #  #  #  #  .  .  .  .  .  .  .  .  .  .  .  .  .  .  .  .  .  .  .  .  .  #  #  #  #  
        3  #  #  #  .  .  .  .  .  .  .  .  .  .  .  .  .  .  .  .  .  .  .  .  .  .  .  .  #  #  #  
        4  #  #  .  .  .  .  .  .  #  #  #  #  #  #  #  #  #  #  .  .  .  .  .  .  .  #  #  #  #  #  
        5  #  #  .  .  .  .  .  #  #  #  #  #  #  #  #  #  #  #  #  .  .  .  .  .  #  #  #  #  #  #  
        6  #  #  .  .  .  .  .  #  #  #  #  #  #  #  #  #  #  .  .  .  .  .  #  #  #  #  #  #  #  #  
        7  #  #  .  .  .  .  .  #  #  #  #  #  #  #  #  .  .  .  .  .  #  #  #  #  #  #  #  #  #  #  
        8  #  #  .  .  .  .  .  #  #  #  #  #  #  #  .  .  .  .  .  #  #  #  #  #  #  #  #  #  #  #  
        9  #  #  .  .  .  .  .  #  #  #  #  #  .  .  .  .  .  #  #  #  #  #  #  #  #  #  #  #  #  #  
        10 #  #  .  .  .  .  .  #  #  #  .  .  .  .  .  #  #  #  #  #  #  #  #  #  #  #  #  #  #  #  
        11 #  #  .  .  .  .  .  #  #  #  #  #  .  .  .  .  .  #  #  #  #  #  #  #  #  #  #  #  #  #  
        12 #  .  .  .  .  .  #  #  #  #  #  #  #  .  .  .  .  .  #  #  #  #  #  #  #  #  #  #  #  #  
        13 #  .  .  .  .  .  #  #  #  #  #  #  #  #  .  .  .  .  .  #  #  #  #  #  #  #  #  #  #  #  
        14 #  .  .  .  .  .  #  #  #  #  #  #  #  #  #  #  .  .  .  .  .  #  #  #  #  #  #  #  #  #  
        15 #  .  .  .  .  .  #  #  #  #  #  #  #  #  #  #  #  #  #  .  .  .  .  .  #  #  #  #  #  #  
        16 #  #  .  .  .  .  .  #  #  #  #  #  #  #  #  #  #  #  #  #  #  .  .  .  .  .  .  .  #  #  
        17 #  #  .  .  .  .  .  #  #  #  #  #  #  #  #  #  #  #  #  #  #  #  #  .  .  .  .  .  #  #  
        18 #  #  .  .  .  .  .  #  #  #  #  #  #  #  #  #  #  #  #  #  #  #  #  .  .  .  .  .  #  #  
        19 #  #  .  .  .  .  .  #  #  #  #  #  #  #  #  #  #  #  #  #  #  #  #  .  .  .  .  .  #  #  
        20 #  #  .  .  .  .  .  #  #  #  #  #  #  #  #  #  #  #  #  #  #  #  #  .  .  .  .  .  #  #  
        21 #  .  .  .  .  .  #  #  #  #  #  #  #  #  #  #  #  #  #  #  #  #  #  .  .  .  .  .  #  #  
        22 #  .  .  .  .  .  #  #  #  #  #  #  #  #  #  #  #  #  #  #  #  #  #  .  .  .  .  .  #  #  
        23 #  .  .  .  .  .  #  #  #  #  #  #  #  #  #  #  #  #  #  #  #  #  #  .  .  .  .  .  #  #  
        24 #  .  .  .  .  .  #  #  #  #  #  #  #  #  #  #  #  #  #  #  #  #  #  #  .  .  .  .  .  #  
        25 #  .  .  .  .  .  #  #  #  #  #  #  #  #  #  #  #  #  #  #  #  #  #  #  .  .  .  .  .  #  
        26 #  S  S  X  S  S  #  #  #  #  #  #  #  #  #  #  #  #  #  #  #  #  #  #  F  F  F  F  F  #  
        27 #  #  #  #  #  #  #  #  #  #  #  #  #  #  #  #  #  #  #  #  #  #  #  #  #  #  #  #  #  #  

        # moves taken:  499
        trial runtime:  0.45s

====================================================================================================

====================================================================================================
RUNNING O TRACK
track simulator initialized
restart upon crash = False

           0  1  2  3  4  5  6  7  8  9  10 11 12 13 14 15 16 17 18 19 20 21 22 23 24 
        0  X  #  #  #  #  #  #  #  #  #  #  #  #  #  #  #  #  #  #  #  #  #  #  #  #  
        1  #  #  #  #  .  .  .  .  .  .  .  .  .  .  .  .  .  .  .  .  .  #  #  #  #  
        2  #  #  #  .  .  .  .  .  .  .  .  .  .  .  .  .  .  .  .  .  .  .  #  #  #  
        3  #  #  #  .  .  .  .  #  #  #  #  #  #  #  #  #  #  #  .  .  .  .  #  #  #  
        4  #  #  .  .  .  .  #  #  #  #  #  #  #  #  #  #  #  #  #  .  .  .  .  #  #  
        5  #  .  .  .  .  #  #  #  #  #  #  #  #  #  #  #  #  #  #  #  .  .  .  .  #  
        6  #  .  .  .  .  #  #  #  #  #  #  #  #  #  #  #  #  #  #  #  .  .  .  .  #  
        7  #  .  .  .  .  #  #  #  #  #  #  #  #  #  #  #  #  #  #  #  .  .  .  .  #  
        8  #  .  .  .  .  #  #  #  #  #  #  #  #  #  #  #  #  #  #  #  .  .  .  .  #  
        9  #  .  .  .  .  #  #  #  #  #  #  #  #  #  #  #  #  #  #  #  .  .  .  .  #  
        10 #  S  S  S  S  #  #  #  #  #  #  #  #  #  #  #  #  #  #  #  .  .  .  .  #  
        11 #  #  #  #  #  #  #  #  #  #  #  #  #  #  #  #  #  #  #  #  .  .  .  .  #  
        12 #  F  F  F  F  #  #  #  #  #  #  #  #  #  #  #  #  #  #  #  .  .  .  .  #  
        13 #  .  .  .  .  #  #  #  #  #  #  #  #  #  #  #  #  #  #  #  .  .  .  .  #  
        14 #  .  .  .  .  #  #  #  #  #  #  #  #  #  #  #  #  #  #  #  .  .  .  .  #  
        15 #  .  .  .  .  #  #  #  #  #  #  #  #  #  #  #  #  #  #  #  .  .  .  .  #  
        16 #  .  .  .  .  #  #  #  #  #  #  #  #  #  #  #  #  #  #  #  .  .  .  .  #  
        17 #  .  .  .  .  #  #  #  #  #  #  #  #  #  #  #  #  #  #  #  .  .  .  .  #  
        18 #  .  .  .  .  #  #  #  #  #  #  #  #  #  #  #  #  #  #  #  .  .  .  .  #  
        19 #  .  .  .  .  #  #  #  #  #  #  #  #  #  #  #  #  #  #  #  .  .  .  .  #  
        20 #  #  .  .  .  .  #  #  #  #  #  #  #  #  #  #  #  #  #  .  .  .  .  #  #  
        21 #  #  #  .  .  .  .  #  #  #  #  #  #  #  #  #  #  #  .  .  .  .  #  #  #  
        22 #  #  #  .  .  .  .  .  .  .  .  .  .  .  .  .  .  .  .  .  .  .  #  #  #  
        23 #  #  #  #  .  .  .  .  .  .  .  .  .  .  .  .  .  .  .  .  .  #  #  #  #  
        24 #  #  #  #  #  #  #  #  #  #  #  #  #  #  #  #  #  #  #  #  #  #  #  #  #  

====================================================================================================
-- SARSA --

start of training, for 500000 total iterations
policy backtrack took:  0.28s

policy finalized after 1207.35s

# time trials to run:  10

        trial 0
           0  1  2  3  4  5  6  7  8  9  10 11 12 13 14 15 16 17 18 19 20 21 22 23 24 
        0  #  #  #  #  #  #  #  #  #  #  #  #  #  #  #  #  #  #  #  #  #  #  #  #  #  
        1  #  #  #  #  .  .  .  .  .  .  .  .  .  .  .  .  .  .  .  .  .  #  #  #  #  
        2  #  #  #  .  .  .  .  .  .  .  .  .  .  .  .  .  .  .  .  .  .  .  #  #  #  
        3  #  #  #  .  .  .  .  #  #  #  #  #  #  #  #  #  #  #  .  .  .  .  #  #  #  
        4  #  #  .  .  .  .  #  #  #  #  #  #  #  #  #  #  #  #  #  .  .  .  .  #  #  
        5  #  .  .  .  .  #  #  #  #  #  #  #  #  #  #  #  #  #  #  #  .  .  .  .  #  
        6  #  .  .  .  .  #  #  #  #  #  #  #  #  #  #  #  #  #  #  #  .  .  .  .  #  
        7  #  .  .  .  .  #  #  #  #  #  #  #  #  #  #  #  #  #  #  #  .  .  .  .  #  
        8  #  .  .  .  .  #  #  #  #  #  #  #  #  #  #  #  #  #  #  #  .  .  .  .  #  
        9  #  .  .  .  .  #  #  #  #  #  #  #  #  #  #  #  #  #  #  #  .  .  .  .  #  
        10 #  S  S  X  S  #  #  #  #  #  #  #  #  #  #  #  #  #  #  #  .  .  .  .  #  
        11 #  #  #  #  #  #  #  #  #  #  #  #  #  #  #  #  #  #  #  #  .  .  .  .  #  
        12 #  F  F  F  F  #  #  #  #  #  #  #  #  #  #  #  #  #  #  #  .  .  .  .  #  
        13 #  .  .  .  .  #  #  #  #  #  #  #  #  #  #  #  #  #  #  #  .  .  .  .  #  
        14 #  .  .  .  .  #  #  #  #  #  #  #  #  #  #  #  #  #  #  #  .  .  .  .  #  
        15 #  .  .  .  .  #  #  #  #  #  #  #  #  #  #  #  #  #  #  #  .  .  .  .  #  
        16 #  .  .  .  .  #  #  #  #  #  #  #  #  #  #  #  #  #  #  #  .  .  .  .  #  
        17 #  .  .  .  .  #  #  #  #  #  #  #  #  #  #  #  #  #  #  #  .  .  .  .  #  
        18 #  .  .  .  .  #  #  #  #  #  #  #  #  #  #  #  #  #  #  #  .  .  .  .  #  
        19 #  .  .  .  .  #  #  #  #  #  #  #  #  #  #  #  #  #  #  #  .  .  .  .  #  
        20 #  #  .  .  .  .  #  #  #  #  #  #  #  #  #  #  #  #  #  .  .  .  .  #  #  
        21 #  #  #  .  .  .  .  #  #  #  #  #  #  #  #  #  #  #  .  .  .  .  #  #  #  
        22 #  #  #  .  .  .  .  .  .  .  .  .  .  .  .  .  .  .  .  .  .  .  #  #  #  
        23 #  #  #  #  .  .  .  .  .  .  .  .  .  .  .  .  .  .  .  .  .  #  #  #  #  
        24 #  #  #  #  #  #  #  #  #  #  #  #  #  #  #  #  #  #  #  #  #  #  #  #  #  

        # moves taken:  499
        trial runtime:  0.27s

        trial 1
           0  1  2  3  4  5  6  7  8  9  10 11 12 13 14 15 16 17 18 19 20 21 22 23 24 
        0  #  #  #  #  #  #  #  #  #  #  #  #  #  #  #  #  #  #  #  #  #  #  #  #  #  
        1  #  #  #  #  .  .  .  .  .  .  .  .  .  .  .  .  .  .  .  .  .  #  #  #  #  
        2  #  #  #  .  .  .  .  .  .  .  .  .  .  .  .  .  .  .  .  .  .  .  #  #  #  
        3  #  #  #  .  .  .  .  #  #  #  #  #  #  #  #  #  #  #  .  .  .  .  #  #  #  
        4  #  #  .  .  .  .  #  #  #  #  #  #  #  #  #  #  #  #  #  .  .  .  .  #  #  
        5  #  .  .  .  .  #  #  #  #  #  #  #  #  #  #  #  #  #  #  #  .  .  .  .  #  
        6  #  .  .  .  .  #  #  #  #  #  #  #  #  #  #  #  #  #  #  #  .  .  .  .  #  
        7  #  .  .  .  .  #  #  #  #  #  #  #  #  #  #  #  #  #  #  #  .  .  .  .  #  
        8  #  .  .  .  .  #  #  #  #  #  #  #  #  #  #  #  #  #  #  #  .  .  .  .  #  
        9  #  .  .  .  .  #  #  #  #  #  #  #  #  #  #  #  #  #  #  #  .  .  .  .  #  
        10 #  S  X  S  S  #  #  #  #  #  #  #  #  #  #  #  #  #  #  #  .  .  .  .  #  
        11 #  #  #  #  #  #  #  #  #  #  #  #  #  #  #  #  #  #  #  #  .  .  .  .  #  
        12 #  F  F  F  F  #  #  #  #  #  #  #  #  #  #  #  #  #  #  #  .  .  .  .  #  
        13 #  .  .  .  .  #  #  #  #  #  #  #  #  #  #  #  #  #  #  #  .  .  .  .  #  
        14 #  .  .  .  .  #  #  #  #  #  #  #  #  #  #  #  #  #  #  #  .  .  .  .  #  
        15 #  .  .  .  .  #  #  #  #  #  #  #  #  #  #  #  #  #  #  #  .  .  .  .  #  
        16 #  .  .  .  .  #  #  #  #  #  #  #  #  #  #  #  #  #  #  #  .  .  .  .  #  
        17 #  .  .  .  .  #  #  #  #  #  #  #  #  #  #  #  #  #  #  #  .  .  .  .  #  
        18 #  .  .  .  .  #  #  #  #  #  #  #  #  #  #  #  #  #  #  #  .  .  .  .  #  
        19 #  .  .  .  .  #  #  #  #  #  #  #  #  #  #  #  #  #  #  #  .  .  .  .  #  
        20 #  #  .  .  .  .  #  #  #  #  #  #  #  #  #  #  #  #  #  .  .  .  .  #  #  
        21 #  #  #  .  .  .  .  #  #  #  #  #  #  #  #  #  #  #  .  .  .  .  #  #  #  
        22 #  #  #  .  .  .  .  .  .  .  .  .  .  .  .  .  .  .  .  .  .  .  #  #  #  
        23 #  #  #  #  .  .  .  .  .  .  .  .  .  .  .  .  .  .  .  .  .  #  #  #  #  
        24 #  #  #  #  #  #  #  #  #  #  #  #  #  #  #  #  #  #  #  #  #  #  #  #  #  

        # moves taken:  499
        trial runtime:  0.27s

        trial 2
           0  1  2  3  4  5  6  7  8  9  10 11 12 13 14 15 16 17 18 19 20 21 22 23 24 
        0  #  #  #  #  #  #  #  #  #  #  #  #  #  #  #  #  #  #  #  #  #  #  #  #  #  
        1  #  #  #  #  .  .  .  .  .  .  .  .  .  .  .  .  .  .  .  .  .  #  #  #  #  
        2  #  #  #  .  .  .  .  .  .  .  .  .  .  .  .  .  .  .  .  .  .  .  #  #  #  
        3  #  #  #  .  .  .  .  #  #  #  #  #  #  #  #  #  #  #  .  .  .  .  #  #  #  
        4  #  #  .  .  .  .  #  #  #  #  #  #  #  #  #  #  #  #  #  .  .  .  .  #  #  
        5  #  .  .  .  .  #  #  #  #  #  #  #  #  #  #  #  #  #  #  #  .  .  .  .  #  
        6  #  .  .  .  .  #  #  #  #  #  #  #  #  #  #  #  #  #  #  #  .  .  .  .  #  
        7  #  .  .  .  .  #  #  #  #  #  #  #  #  #  #  #  #  #  #  #  .  .  .  .  #  
        8  #  .  .  .  .  #  #  #  #  #  #  #  #  #  #  #  #  #  #  #  .  .  .  .  #  
        9  #  .  .  .  .  #  #  #  #  #  #  #  #  #  #  #  #  #  #  #  .  .  .  .  #  
        10 #  S  X  S  S  #  #  #  #  #  #  #  #  #  #  #  #  #  #  #  .  .  .  .  #  
        11 #  #  #  #  #  #  #  #  #  #  #  #  #  #  #  #  #  #  #  #  .  .  .  .  #  
        12 #  F  F  F  F  #  #  #  #  #  #  #  #  #  #  #  #  #  #  #  .  .  .  .  #  
        13 #  .  .  .  .  #  #  #  #  #  #  #  #  #  #  #  #  #  #  #  .  .  .  .  #  
        14 #  .  .  .  .  #  #  #  #  #  #  #  #  #  #  #  #  #  #  #  .  .  .  .  #  
        15 #  .  .  .  .  #  #  #  #  #  #  #  #  #  #  #  #  #  #  #  .  .  .  .  #  
        16 #  .  .  .  .  #  #  #  #  #  #  #  #  #  #  #  #  #  #  #  .  .  .  .  #  
        17 #  .  .  .  .  #  #  #  #  #  #  #  #  #  #  #  #  #  #  #  .  .  .  .  #  
        18 #  .  .  .  .  #  #  #  #  #  #  #  #  #  #  #  #  #  #  #  .  .  .  .  #  
        19 #  .  .  .  .  #  #  #  #  #  #  #  #  #  #  #  #  #  #  #  .  .  .  .  #  
        20 #  #  .  .  .  .  #  #  #  #  #  #  #  #  #  #  #  #  #  .  .  .  .  #  #  
        21 #  #  #  .  .  .  .  #  #  #  #  #  #  #  #  #  #  #  .  .  .  .  #  #  #  
        22 #  #  #  .  .  .  .  .  .  .  .  .  .  .  .  .  .  .  .  .  .  .  #  #  #  
        23 #  #  #  #  .  .  .  .  .  .  .  .  .  .  .  .  .  .  .  .  .  #  #  #  #  
        24 #  #  #  #  #  #  #  #  #  #  #  #  #  #  #  #  #  #  #  #  #  #  #  #  #  

        # moves taken:  499
        trial runtime:  0.30s

        trial 3
           0  1  2  3  4  5  6  7  8  9  10 11 12 13 14 15 16 17 18 19 20 21 22 23 24 
        0  #  #  #  #  #  #  #  #  #  #  #  #  #  #  #  #  #  #  #  #  #  #  #  #  #  
        1  #  #  #  #  .  .  .  .  .  .  .  .  .  .  .  .  .  .  .  .  .  #  #  #  #  
        2  #  #  #  .  .  .  .  .  .  .  .  .  .  .  .  .  .  .  .  .  .  .  #  #  #  
        3  #  #  #  .  .  .  .  #  #  #  #  #  #  #  #  #  #  #  .  .  .  .  #  #  #  
        4  #  #  .  .  .  .  #  #  #  #  #  #  #  #  #  #  #  #  #  .  .  .  .  #  #  
        5  #  .  .  .  .  #  #  #  #  #  #  #  #  #  #  #  #  #  #  #  .  .  .  .  #  
        6  #  .  .  .  .  #  #  #  #  #  #  #  #  #  #  #  #  #  #  #  .  .  .  .  #  
        7  #  .  .  .  .  #  #  #  #  #  #  #  #  #  #  #  #  #  #  #  .  .  .  .  #  
        8  #  .  .  .  .  #  #  #  #  #  #  #  #  #  #  #  #  #  #  #  .  .  .  .  #  
        9  #  .  .  .  .  #  #  #  #  #  #  #  #  #  #  #  #  #  #  #  .  .  .  .  #  
        10 #  S  S  X  S  #  #  #  #  #  #  #  #  #  #  #  #  #  #  #  .  .  .  .  #  
        11 #  #  #  #  #  #  #  #  #  #  #  #  #  #  #  #  #  #  #  #  .  .  .  .  #  
        12 #  F  F  F  F  #  #  #  #  #  #  #  #  #  #  #  #  #  #  #  .  .  .  .  #  
        13 #  .  .  .  .  #  #  #  #  #  #  #  #  #  #  #  #  #  #  #  .  .  .  .  #  
        14 #  .  .  .  .  #  #  #  #  #  #  #  #  #  #  #  #  #  #  #  .  .  .  .  #  
        15 #  .  .  .  .  #  #  #  #  #  #  #  #  #  #  #  #  #  #  #  .  .  .  .  #  
        16 #  .  .  .  .  #  #  #  #  #  #  #  #  #  #  #  #  #  #  #  .  .  .  .  #  
        17 #  .  .  .  .  #  #  #  #  #  #  #  #  #  #  #  #  #  #  #  .  .  .  .  #  
        18 #  .  .  .  .  #  #  #  #  #  #  #  #  #  #  #  #  #  #  #  .  .  .  .  #  
        19 #  .  .  .  .  #  #  #  #  #  #  #  #  #  #  #  #  #  #  #  .  .  .  .  #  
        20 #  #  .  .  .  .  #  #  #  #  #  #  #  #  #  #  #  #  #  .  .  .  .  #  #  
        21 #  #  #  .  .  .  .  #  #  #  #  #  #  #  #  #  #  #  .  .  .  .  #  #  #  
        22 #  #  #  .  .  .  .  .  .  .  .  .  .  .  .  .  .  .  .  .  .  .  #  #  #  
        23 #  #  #  #  .  .  .  .  .  .  .  .  .  .  .  .  .  .  .  .  .  #  #  #  #  
        24 #  #  #  #  #  #  #  #  #  #  #  #  #  #  #  #  #  #  #  #  #  #  #  #  #  

        # moves taken:  499
        trial runtime:  0.26s

        trial 4
           0  1  2  3  4  5  6  7  8  9  10 11 12 13 14 15 16 17 18 19 20 21 22 23 24 
        0  #  #  #  #  #  #  #  #  #  #  #  #  #  #  #  #  #  #  #  #  #  #  #  #  #  
        1  #  #  #  #  .  .  .  .  .  .  .  .  .  .  .  .  .  .  .  .  .  #  #  #  #  
        2  #  #  #  .  .  .  .  .  .  .  .  .  .  .  .  .  .  .  .  .  .  .  #  #  #  
        3  #  #  #  .  .  .  .  #  #  #  #  #  #  #  #  #  #  #  .  .  .  .  #  #  #  
        4  #  #  .  .  .  .  #  #  #  #  #  #  #  #  #  #  #  #  #  .  .  .  .  #  #  
        5  #  .  .  .  .  #  #  #  #  #  #  #  #  #  #  #  #  #  #  #  .  .  .  .  #  
        6  #  .  .  .  .  #  #  #  #  #  #  #  #  #  #  #  #  #  #  #  .  .  .  .  #  
        7  #  .  .  .  .  #  #  #  #  #  #  #  #  #  #  #  #  #  #  #  .  .  .  .  #  
        8  #  .  .  .  .  #  #  #  #  #  #  #  #  #  #  #  #  #  #  #  .  .  .  .  #  
        9  #  .  .  .  .  #  #  #  #  #  #  #  #  #  #  #  #  #  #  #  .  .  .  .  #  
        10 #  X  S  S  S  #  #  #  #  #  #  #  #  #  #  #  #  #  #  #  .  .  .  .  #  
        11 #  #  #  #  #  #  #  #  #  #  #  #  #  #  #  #  #  #  #  #  .  .  .  .  #  
        12 #  F  F  F  F  #  #  #  #  #  #  #  #  #  #  #  #  #  #  #  .  .  .  .  #  
        13 #  .  .  .  .  #  #  #  #  #  #  #  #  #  #  #  #  #  #  #  .  .  .  .  #  
        14 #  .  .  .  .  #  #  #  #  #  #  #  #  #  #  #  #  #  #  #  .  .  .  .  #  
        15 #  .  .  .  .  #  #  #  #  #  #  #  #  #  #  #  #  #  #  #  .  .  .  .  #  
        16 #  .  .  .  .  #  #  #  #  #  #  #  #  #  #  #  #  #  #  #  .  .  .  .  #  
        17 #  .  .  .  .  #  #  #  #  #  #  #  #  #  #  #  #  #  #  #  .  .  .  .  #  
        18 #  .  .  .  .  #  #  #  #  #  #  #  #  #  #  #  #  #  #  #  .  .  .  .  #  
        19 #  .  .  .  .  #  #  #  #  #  #  #  #  #  #  #  #  #  #  #  .  .  .  .  #  
        20 #  #  .  .  .  .  #  #  #  #  #  #  #  #  #  #  #  #  #  .  .  .  .  #  #  
        21 #  #  #  .  .  .  .  #  #  #  #  #  #  #  #  #  #  #  .  .  .  .  #  #  #  
        22 #  #  #  .  .  .  .  .  .  .  .  .  .  .  .  .  .  .  .  .  .  .  #  #  #  
        23 #  #  #  #  .  .  .  .  .  .  .  .  .  .  .  .  .  .  .  .  .  #  #  #  #  
        24 #  #  #  #  #  #  #  #  #  #  #  #  #  #  #  #  #  #  #  #  #  #  #  #  #  

        # moves taken:  499
        trial runtime:  0.29s

        trial 5
           0  1  2  3  4  5  6  7  8  9  10 11 12 13 14 15 16 17 18 19 20 21 22 23 24 
        0  #  #  #  #  #  #  #  #  #  #  #  #  #  #  #  #  #  #  #  #  #  #  #  #  #  
        1  #  #  #  #  .  .  .  .  .  .  .  .  .  .  .  .  .  .  .  .  .  #  #  #  #  
        2  #  #  #  .  .  .  .  .  .  .  .  .  .  .  .  .  .  .  .  .  .  .  #  #  #  
        3  #  #  #  .  .  .  .  #  #  #  #  #  #  #  #  #  #  #  .  .  .  .  #  #  #  
        4  #  #  .  .  .  .  #  #  #  #  #  #  #  #  #  #  #  #  #  .  .  .  .  #  #  
        5  #  .  .  .  .  #  #  #  #  #  #  #  #  #  #  #  #  #  #  #  .  .  .  .  #  
        6  #  .  .  .  .  #  #  #  #  #  #  #  #  #  #  #  #  #  #  #  .  .  .  .  #  
        7  #  .  .  .  .  #  #  #  #  #  #  #  #  #  #  #  #  #  #  #  .  .  .  .  #  
        8  #  .  .  .  .  #  #  #  #  #  #  #  #  #  #  #  #  #  #  #  .  .  .  .  #  
        9  #  .  .  .  .  #  #  #  #  #  #  #  #  #  #  #  #  #  #  #  .  .  .  .  #  
        10 #  X  S  S  S  #  #  #  #  #  #  #  #  #  #  #  #  #  #  #  .  .  .  .  #  
        11 #  #  #  #  #  #  #  #  #  #  #  #  #  #  #  #  #  #  #  #  .  .  .  .  #  
        12 #  F  F  F  F  #  #  #  #  #  #  #  #  #  #  #  #  #  #  #  .  .  .  .  #  
        13 #  .  .  .  .  #  #  #  #  #  #  #  #  #  #  #  #  #  #  #  .  .  .  .  #  
        14 #  .  .  .  .  #  #  #  #  #  #  #  #  #  #  #  #  #  #  #  .  .  .  .  #  
        15 #  .  .  .  .  #  #  #  #  #  #  #  #  #  #  #  #  #  #  #  .  .  .  .  #  
        16 #  .  .  .  .  #  #  #  #  #  #  #  #  #  #  #  #  #  #  #  .  .  .  .  #  
        17 #  .  .  .  .  #  #  #  #  #  #  #  #  #  #  #  #  #  #  #  .  .  .  .  #  
        18 #  .  .  .  .  #  #  #  #  #  #  #  #  #  #  #  #  #  #  #  .  .  .  .  #  
        19 #  .  .  .  .  #  #  #  #  #  #  #  #  #  #  #  #  #  #  #  .  .  .  .  #  
        20 #  #  .  .  .  .  #  #  #  #  #  #  #  #  #  #  #  #  #  .  .  .  .  #  #  
        21 #  #  #  .  .  .  .  #  #  #  #  #  #  #  #  #  #  #  .  .  .  .  #  #  #  
        22 #  #  #  .  .  .  .  .  .  .  .  .  .  .  .  .  .  .  .  .  .  .  #  #  #  
        23 #  #  #  #  .  .  .  .  .  .  .  .  .  .  .  .  .  .  .  .  .  #  #  #  #  
        24 #  #  #  #  #  #  #  #  #  #  #  #  #  #  #  #  #  #  #  #  #  #  #  #  #  

        # moves taken:  499
        trial runtime:  0.29s

        trial 6
           0  1  2  3  4  5  6  7  8  9  10 11 12 13 14 15 16 17 18 19 20 21 22 23 24 
        0  #  #  #  #  #  #  #  #  #  #  #  #  #  #  #  #  #  #  #  #  #  #  #  #  #  
        1  #  #  #  #  .  .  .  .  .  .  .  .  .  .  .  .  .  .  .  .  .  #  #  #  #  
        2  #  #  #  .  .  .  .  .  .  .  .  .  .  .  .  .  .  .  .  .  .  .  #  #  #  
        3  #  #  #  .  .  .  .  #  #  #  #  #  #  #  #  #  #  #  .  .  .  .  #  #  #  
        4  #  #  .  .  .  .  #  #  #  #  #  #  #  #  #  #  #  #  #  .  .  .  .  #  #  
        5  #  .  .  .  .  #  #  #  #  #  #  #  #  #  #  #  #  #  #  #  .  .  .  .  #  
        6  #  .  .  .  .  #  #  #  #  #  #  #  #  #  #  #  #  #  #  #  .  .  .  .  #  
        7  #  .  .  .  .  #  #  #  #  #  #  #  #  #  #  #  #  #  #  #  .  .  .  .  #  
        8  #  .  .  .  .  #  #  #  #  #  #  #  #  #  #  #  #  #  #  #  .  .  .  .  #  
        9  #  .  .  .  .  #  #  #  #  #  #  #  #  #  #  #  #  #  #  #  .  .  .  .  #  
        10 #  S  S  S  X  #  #  #  #  #  #  #  #  #  #  #  #  #  #  #  .  .  .  .  #  
        11 #  #  #  #  #  #  #  #  #  #  #  #  #  #  #  #  #  #  #  #  .  .  .  .  #  
        12 #  F  F  F  F  #  #  #  #  #  #  #  #  #  #  #  #  #  #  #  .  .  .  .  #  
        13 #  .  .  .  .  #  #  #  #  #  #  #  #  #  #  #  #  #  #  #  .  .  .  .  #  
        14 #  .  .  .  .  #  #  #  #  #  #  #  #  #  #  #  #  #  #  #  .  .  .  .  #  
        15 #  .  .  .  .  #  #  #  #  #  #  #  #  #  #  #  #  #  #  #  .  .  .  .  #  
        16 #  .  .  .  .  #  #  #  #  #  #  #  #  #  #  #  #  #  #  #  .  .  .  .  #  
        17 #  .  .  .  .  #  #  #  #  #  #  #  #  #  #  #  #  #  #  #  .  .  .  .  #  
        18 #  .  .  .  .  #  #  #  #  #  #  #  #  #  #  #  #  #  #  #  .  .  .  .  #  
        19 #  .  .  .  .  #  #  #  #  #  #  #  #  #  #  #  #  #  #  #  .  .  .  .  #  
        20 #  #  .  .  .  .  #  #  #  #  #  #  #  #  #  #  #  #  #  .  .  .  .  #  #  
        21 #  #  #  .  .  .  .  #  #  #  #  #  #  #  #  #  #  #  .  .  .  .  #  #  #  
        22 #  #  #  .  .  .  .  .  .  .  .  .  .  .  .  .  .  .  .  .  .  .  #  #  #  
        23 #  #  #  #  .  .  .  .  .  .  .  .  .  .  .  .  .  .  .  .  .  #  #  #  #  
        24 #  #  #  #  #  #  #  #  #  #  #  #  #  #  #  #  #  #  #  #  #  #  #  #  #  

        # moves taken:  499
        trial runtime:  0.30s

        trial 7
           0  1  2  3  4  5  6  7  8  9  10 11 12 13 14 15 16 17 18 19 20 21 22 23 24 
        0  #  #  #  #  #  #  #  #  #  #  #  #  #  #  #  #  #  #  #  #  #  #  #  #  #  
        1  #  #  #  #  .  .  .  .  .  .  .  .  .  .  .  .  .  .  .  .  .  #  #  #  #  
        2  #  #  #  .  .  .  .  .  .  .  .  .  .  .  .  .  .  .  .  .  .  .  #  #  #  
        3  #  #  #  .  .  .  .  #  #  #  #  #  #  #  #  #  #  #  .  .  .  .  #  #  #  
        4  #  #  .  .  .  .  #  #  #  #  #  #  #  #  #  #  #  #  #  .  .  .  .  #  #  
        5  #  .  .  .  .  #  #  #  #  #  #  #  #  #  #  #  #  #  #  #  .  .  .  .  #  
        6  #  .  .  .  .  #  #  #  #  #  #  #  #  #  #  #  #  #  #  #  .  .  .  .  #  
        7  #  .  .  .  .  #  #  #  #  #  #  #  #  #  #  #  #  #  #  #  .  .  .  .  #  
        8  #  .  .  .  .  #  #  #  #  #  #  #  #  #  #  #  #  #  #  #  .  .  .  .  #  
        9  #  .  .  .  .  #  #  #  #  #  #  #  #  #  #  #  #  #  #  #  .  .  .  .  #  
        10 #  S  S  S  X  #  #  #  #  #  #  #  #  #  #  #  #  #  #  #  .  .  .  .  #  
        11 #  #  #  #  #  #  #  #  #  #  #  #  #  #  #  #  #  #  #  #  .  .  .  .  #  
        12 #  F  F  F  F  #  #  #  #  #  #  #  #  #  #  #  #  #  #  #  .  .  .  .  #  
        13 #  .  .  .  .  #  #  #  #  #  #  #  #  #  #  #  #  #  #  #  .  .  .  .  #  
        14 #  .  .  .  .  #  #  #  #  #  #  #  #  #  #  #  #  #  #  #  .  .  .  .  #  
        15 #  .  .  .  .  #  #  #  #  #  #  #  #  #  #  #  #  #  #  #  .  .  .  .  #  
        16 #  .  .  .  .  #  #  #  #  #  #  #  #  #  #  #  #  #  #  #  .  .  .  .  #  
        17 #  .  .  .  .  #  #  #  #  #  #  #  #  #  #  #  #  #  #  #  .  .  .  .  #  
        18 #  .  .  .  .  #  #  #  #  #  #  #  #  #  #  #  #  #  #  #  .  .  .  .  #  
        19 #  .  .  .  .  #  #  #  #  #  #  #  #  #  #  #  #  #  #  #  .  .  .  .  #  
        20 #  #  .  .  .  .  #  #  #  #  #  #  #  #  #  #  #  #  #  .  .  .  .  #  #  
        21 #  #  #  .  .  .  .  #  #  #  #  #  #  #  #  #  #  #  .  .  .  .  #  #  #  
        22 #  #  #  .  .  .  .  .  .  .  .  .  .  .  .  .  .  .  .  .  .  .  #  #  #  
        23 #  #  #  #  .  .  .  .  .  .  .  .  .  .  .  .  .  .  .  .  .  #  #  #  #  
        24 #  #  #  #  #  #  #  #  #  #  #  #  #  #  #  #  #  #  #  #  #  #  #  #  #  

        # moves taken:  499
        trial runtime:  0.26s

        trial 8
           0  1  2  3  4  5  6  7  8  9  10 11 12 13 14 15 16 17 18 19 20 21 22 23 24 
        0  #  #  #  #  #  #  #  #  #  #  #  #  #  #  #  #  #  #  #  #  #  #  #  #  #  
        1  #  #  #  #  .  .  .  .  .  .  .  .  .  .  .  .  .  .  .  .  .  #  #  #  #  
        2  #  #  #  .  .  .  .  .  .  .  .  .  .  .  .  .  .  .  .  .  .  .  #  #  #  
        3  #  #  #  .  .  .  .  #  #  #  #  #  #  #  #  #  #  #  .  .  .  .  #  #  #  
        4  #  #  .  .  .  .  #  #  #  #  #  #  #  #  #  #  #  #  #  .  .  .  .  #  #  
        5  #  .  .  .  .  #  #  #  #  #  #  #  #  #  #  #  #  #  #  #  .  .  .  .  #  
        6  #  .  .  .  .  #  #  #  #  #  #  #  #  #  #  #  #  #  #  #  .  .  .  .  #  
        7  #  .  .  .  .  #  #  #  #  #  #  #  #  #  #  #  #  #  #  #  .  .  .  .  #  
        8  #  .  .  .  .  #  #  #  #  #  #  #  #  #  #  #  #  #  #  #  .  .  .  .  #  
        9  #  .  .  .  .  #  #  #  #  #  #  #  #  #  #  #  #  #  #  #  .  .  .  .  #  
        10 #  X  S  S  S  #  #  #  #  #  #  #  #  #  #  #  #  #  #  #  .  .  .  .  #  
        11 #  #  #  #  #  #  #  #  #  #  #  #  #  #  #  #  #  #  #  #  .  .  .  .  #  
        12 #  F  F  F  F  #  #  #  #  #  #  #  #  #  #  #  #  #  #  #  .  .  .  .  #  
        13 #  .  .  .  .  #  #  #  #  #  #  #  #  #  #  #  #  #  #  #  .  .  .  .  #  
        14 #  .  .  .  .  #  #  #  #  #  #  #  #  #  #  #  #  #  #  #  .  .  .  .  #  
        15 #  .  .  .  .  #  #  #  #  #  #  #  #  #  #  #  #  #  #  #  .  .  .  .  #  
        16 #  .  .  .  .  #  #  #  #  #  #  #  #  #  #  #  #  #  #  #  .  .  .  .  #  
        17 #  .  .  .  .  #  #  #  #  #  #  #  #  #  #  #  #  #  #  #  .  .  .  .  #  
        18 #  .  .  .  .  #  #  #  #  #  #  #  #  #  #  #  #  #  #  #  .  .  .  .  #  
        19 #  .  .  .  .  #  #  #  #  #  #  #  #  #  #  #  #  #  #  #  .  .  .  .  #  
        20 #  #  .  .  .  .  #  #  #  #  #  #  #  #  #  #  #  #  #  .  .  .  .  #  #  
        21 #  #  #  .  .  .  .  #  #  #  #  #  #  #  #  #  #  #  .  .  .  .  #  #  #  
        22 #  #  #  .  .  .  .  .  .  .  .  .  .  .  .  .  .  .  .  .  .  .  #  #  #  
        23 #  #  #  #  .  .  .  .  .  .  .  .  .  .  .  .  .  .  .  .  .  #  #  #  #  
        24 #  #  #  #  #  #  #  #  #  #  #  #  #  #  #  #  #  #  #  #  #  #  #  #  #  

        # moves taken:  499
        trial runtime:  0.31s

        trial 9
           0  1  2  3  4  5  6  7  8  9  10 11 12 13 14 15 16 17 18 19 20 21 22 23 24 
        0  #  #  #  #  #  #  #  #  #  #  #  #  #  #  #  #  #  #  #  #  #  #  #  #  #  
        1  #  #  #  #  .  .  .  .  .  .  .  .  .  .  .  .  .  .  .  .  .  #  #  #  #  
        2  #  #  #  .  .  .  .  .  .  .  .  .  .  .  .  .  .  .  .  .  .  .  #  #  #  
        3  #  #  #  .  .  .  .  #  #  #  #  #  #  #  #  #  #  #  .  .  .  .  #  #  #  
        4  #  #  .  .  .  .  #  #  #  #  #  #  #  #  #  #  #  #  #  .  .  .  .  #  #  
        5  #  .  .  .  .  #  #  #  #  #  #  #  #  #  #  #  #  #  #  #  .  .  .  .  #  
        6  #  .  .  .  .  #  #  #  #  #  #  #  #  #  #  #  #  #  #  #  .  .  .  .  #  
        7  #  .  .  .  .  #  #  #  #  #  #  #  #  #  #  #  #  #  #  #  .  .  .  .  #  
        8  #  .  .  .  .  #  #  #  #  #  #  #  #  #  #  #  #  #  #  #  .  .  .  .  #  
        9  #  .  .  .  .  #  #  #  #  #  #  #  #  #  #  #  #  #  #  #  .  .  .  .  #  
        10 #  S  S  X  S  #  #  #  #  #  #  #  #  #  #  #  #  #  #  #  .  .  .  .  #  
        11 #  #  #  #  #  #  #  #  #  #  #  #  #  #  #  #  #  #  #  #  .  .  .  .  #  
        12 #  F  F  F  F  #  #  #  #  #  #  #  #  #  #  #  #  #  #  #  .  .  .  .  #  
        13 #  .  .  .  .  #  #  #  #  #  #  #  #  #  #  #  #  #  #  #  .  .  .  .  #  
        14 #  .  .  .  .  #  #  #  #  #  #  #  #  #  #  #  #  #  #  #  .  .  .  .  #  
        15 #  .  .  .  .  #  #  #  #  #  #  #  #  #  #  #  #  #  #  #  .  .  .  .  #  
        16 #  .  .  .  .  #  #  #  #  #  #  #  #  #  #  #  #  #  #  #  .  .  .  .  #  
        17 #  .  .  .  .  #  #  #  #  #  #  #  #  #  #  #  #  #  #  #  .  .  .  .  #  
        18 #  .  .  .  .  #  #  #  #  #  #  #  #  #  #  #  #  #  #  #  .  .  .  .  #  
        19 #  .  .  .  .  #  #  #  #  #  #  #  #  #  #  #  #  #  #  #  .  .  .  .  #  
        20 #  #  .  .  .  .  #  #  #  #  #  #  #  #  #  #  #  #  #  .  .  .  .  #  #  
        21 #  #  #  .  .  .  .  #  #  #  #  #  #  #  #  #  #  #  .  .  .  .  #  #  #  
        22 #  #  #  .  .  .  .  .  .  .  .  .  .  .  .  .  .  .  .  .  .  .  #  #  #  
        23 #  #  #  #  .  .  .  .  .  .  .  .  .  .  .  .  .  .  .  .  .  #  #  #  #  
        24 #  #  #  #  #  #  #  #  #  #  #  #  #  #  #  #  #  #  #  #  #  #  #  #  #  

        # moves taken:  499
        trial runtime:  0.29s

====================================================================================================