
====================================================================================================
====================================================================================================
RUNNING L TRACK
track simulator initialized
restart upon crash = False

           0  1  2  3  4  5  6  7  8  9  10 11 12 13 14 15 16 17 18 19 20 21 22 23 24 25 26 27 28 29 30 31 32 33 34 35 36 
        0  X  #  #  #  #  #  #  #  #  #  #  #  #  #  #  #  #  #  #  #  #  #  #  #  #  #  #  #  #  #  #  #  #  #  #  #  #  
        1  #  #  #  #  #  #  #  #  #  #  #  #  #  #  #  #  #  #  #  #  #  #  #  #  #  #  #  #  #  #  #  #  F  F  F  F  #  
        2  #  #  #  #  #  #  #  #  #  #  #  #  #  #  #  #  #  #  #  #  #  #  #  #  #  #  #  #  #  #  #  #  .  .  .  .  #  
        3  #  #  #  #  #  #  #  #  #  #  #  #  #  #  #  #  #  #  #  #  #  #  #  #  #  #  #  #  #  #  #  #  .  .  .  .  #  
        4  #  #  #  #  #  #  #  #  #  #  #  #  #  #  #  #  #  #  #  #  #  #  #  #  #  #  #  #  #  #  #  #  .  .  .  .  #  
        5  #  #  #  #  #  #  #  #  #  #  #  #  #  #  #  #  #  #  #  #  #  #  #  #  #  #  #  #  #  #  #  #  .  .  .  .  #  
        6  #  S  .  .  .  .  .  .  .  .  .  .  .  .  .  .  .  .  .  .  .  .  .  .  .  .  .  .  .  .  .  .  .  .  .  .  #  
        7  #  S  .  .  .  .  .  .  .  .  .  .  .  .  .  .  .  .  .  .  .  .  .  .  .  .  .  .  .  .  .  .  .  .  .  .  #  
        8  #  S  .  .  .  .  .  .  .  .  .  .  .  .  .  .  .  .  .  .  .  .  .  .  .  .  .  .  .  .  .  .  .  .  .  .  #  
        9  #  S  .  .  .  .  .  .  .  .  .  .  .  .  .  .  .  .  .  .  .  .  .  .  .  .  .  .  .  .  .  .  .  .  .  .  #  
        10 #  #  #  #  #  #  #  #  #  #  #  #  #  #  #  #  #  #  #  #  #  #  #  #  #  #  #  #  #  #  #  #  #  #  #  #  #  


start of training, for 500000 total iterations
policy backtrack took:  0.19s

policy finalized after 1439.98s

# time trials to run:  10

        trial 0
           0  1  2  3  4  5  6  7  8  9  10 11 12 13 14 15 16 17 18 19 20 21 22 23 24 25 26 27 28 29 30 31 32 33 34 35 36 
        0  #  #  #  #  #  #  #  #  #  #  #  #  #  #  #  #  #  #  #  #  #  #  #  #  #  #  #  #  #  #  #  #  #  #  #  #  #  
        1  #  #  #  #  #  #  #  #  #  #  #  #  #  #  #  #  #  #  #  #  #  #  #  #  #  #  #  #  #  #  #  #  F  F  F  F  #  
        2  #  #  #  #  #  #  #  #  #  #  #  #  #  #  #  #  #  #  #  #  #  #  #  #  #  #  #  #  #  #  #  #  .  .  .  .  #  
        3  #  #  #  #  #  #  #  #  #  #  #  #  #  #  #  #  #  #  #  #  #  #  #  #  #  #  #  #  #  #  #  #  .  .  .  .  #  
        4  #  #  #  #  #  #  #  #  #  #  #  #  #  #  #  #  #  #  #  #  #  #  #  #  #  #  #  #  #  #  #  #  .  .  .  .  #  
        5  #  #  #  #  #  #  #  #  #  #  #  #  #  #  #  #  #  #  #  #  #  #  #  #  #  #  #  #  #  #  #  #  .  .  .  .  #  
        6  #  S  .  .  .  .  .  .  .  .  .  .  .  .  .  .  .  .  .  .  .  .  .  .  .  .  .  .  .  .  .  .  .  .  .  .  #  
        7  #  S  .  .  .  .  .  .  .  .  .  .  .  .  .  .  .  .  .  .  .  .  .  .  .  .  .  .  .  .  .  .  .  .  .  .  #  
        8  #  X  .  .  .  .  .  .  .  .  .  .  .  .  .  .  .  .  .  .  .  .  .  .  .  .  .  .  .  .  .  .  .  .  .  .  #  
        9  #  S  .  .  .  .  .  .  .  .  .  .  .  .  .  .  .  .  .  .  .  .  .  .  .  .  .  .  .  .  .  .  .  .  .  .  #  
        10 #  #  #  #  #  #  #  #  #  #  #  #  #  #  #  #  #  #  #  #  #  #  #  #  #  #  #  #  #  #  #  #  #  #  #  #  #  

        trial ended on position 1 35
        # moves taken:  15
        trial runtime:  0.14s

        trial 1
           0  1  2  3  4  5  6  7  8  9  10 11 12 13 14 15 16 17 18 19 20 21 22 23 24 25 26 27 28 29 30 31 32 33 34 35 36 
        0  #  #  #  #  #  #  #  #  #  #  #  #  #  #  #  #  #  #  #  #  #  #  #  #  #  #  #  #  #  #  #  #  #  #  #  #  #  
        1  #  #  #  #  #  #  #  #  #  #  #  #  #  #  #  #  #  #  #  #  #  #  #  #  #  #  #  #  #  #  #  #  F  F  F  F  #  
        2  #  #  #  #  #  #  #  #  #  #  #  #  #  #  #  #  #  #  #  #  #  #  #  #  #  #  #  #  #  #  #  #  .  .  .  .  #  
        3  #  #  #  #  #  #  #  #  #  #  #  #  #  #  #  #  #  #  #  #  #  #  #  #  #  #  #  #  #  #  #  #  .  .  .  .  #  
        4  #  #  #  #  #  #  #  #  #  #  #  #  #  #  #  #  #  #  #  #  #  #  #  #  #  #  #  #  #  #  #  #  .  .  .  .  #  
        5  #  #  #  #  #  #  #  #  #  #  #  #  #  #  #  #  #  #  #  #  #  #  #  #  #  #  #  #  #  #  #  #  .  .  .  .  #  
        6  #  S  .  .  .  .  .  .  .  .  .  .  .  .  .  .  .  .  .  .  .  .  .  .  .  .  .  .  .  .  .  .  .  .  .  .  #  
        7  #  S  .  .  .  .  .  .  .  .  .  .  .  .  .  .  .  .  .  .  .  .  .  .  .  .  .  .  .  .  .  .  .  .  .  .  #  
        8  #  S  .  .  .  .  .  .  .  .  .  .  .  .  .  .  .  .  .  .  .  .  .  .  .  .  .  .  .  .  .  .  .  .  .  .  #  
        9  #  X  .  .  .  .  .  .  .  .  .  .  .  .  .  .  .  .  .  .  .  .  .  .  .  .  .  .  .  .  .  .  .  .  .  .  #  
        10 #  #  #  #  #  #  #  #  #  #  #  #  #  #  #  #  #  #  #  #  #  #  #  #  #  #  #  #  #  #  #  #  #  #  #  #  #  

        trial ended on position 1 35
        # moves taken:  39
        trial runtime:  0.14s

        trial 2
           0  1  2  3  4  5  6  7  8  9  10 11 12 13 14 15 16 17 18 19 20 21 22 23 24 25 26 27 28 29 30 31 32 33 34 35 36 
        0  #  #  #  #  #  #  #  #  #  #  #  #  #  #  #  #  #  #  #  #  #  #  #  #  #  #  #  #  #  #  #  #  #  #  #  #  #  
        1  #  #  #  #  #  #  #  #  #  #  #  #  #  #  #  #  #  #  #  #  #  #  #  #  #  #  #  #  #  #  #  #  F  F  F  F  #  
        2  #  #  #  #  #  #  #  #  #  #  #  #  #  #  #  #  #  #  #  #  #  #  #  #  #  #  #  #  #  #  #  #  .  .  .  .  #  
        3  #  #  #  #  #  #  #  #  #  #  #  #  #  #  #  #  #  #  #  #  #  #  #  #  #  #  #  #  #  #  #  #  .  .  .  .  #  
        4  #  #  #  #  #  #  #  #  #  #  #  #  #  #  #  #  #  #  #  #  #  #  #  #  #  #  #  #  #  #  #  #  .  .  .  .  #  
        5  #  #  #  #  #  #  #  #  #  #  #  #  #  #  #  #  #  #  #  #  #  #  #  #  #  #  #  #  #  #  #  #  .  .  .  .  #  
        6  #  X  .  .  .  .  .  .  .  .  .  .  .  .  .  .  .  .  .  .  .  .  .  .  .  .  .  .  .  .  .  .  .  .  .  .  #  
        7  #  S  .  .  .  .  .  .  .  .  .  .  .  .  .  .  .  .  .  .  .  .  .  .  .  .  .  .  .  .  .  .  .  .  .  .  #  
        8  #  S  .  .  .  .  .  .  .  .  .  .  .  .  .  .  .  .  .  .  .  .  .  .  .  .  .  .  .  .  .  .  .  .  .  .  #  
        9  #  S  .  .  .  .  .  .  .  .  .  .  .  .  .  .  .  .  .  .  .  .  .  .  .  .  .  .  .  .  .  .  .  .  .  .  #  
        10 #  #  #  #  #  #  #  #  #  #  #  #  #  #  #  #  #  #  #  #  #  #  #  #  #  #  #  #  #  #  #  #  #  #  #  #  #  

        trial ended on position 1 35
        # moves taken:  11
        trial runtime:  0.19s

        trial 3
           0  1  2  3  4  5  6  7  8  9  10 11 12 13 14 15 16 17 18 19 20 21 22 23 24 25 26 27 28 29 30 31 32 33 34 35 36 
        0  #  #  #  #  #  #  #  #  #  #  #  #  #  #  #  #  #  #  #  #  #  #  #  #  #  #  #  #  #  #  #  #  #  #  #  #  #  
        1  #  #  #  #  #  #  #  #  #  #  #  #  #  #  #  #  #  #  #  #  #  #  #  #  #  #  #  #  #  #  #  #  F  F  F  F  #  
        2  #  #  #  #  #  #  #  #  #  #  #  #  #  #  #  #  #  #  #  #  #  #  #  #  #  #  #  #  #  #  #  #  .  .  .  .  #  
        3  #  #  #  #  #  #  #  #  #  #  #  #  #  #  #  #  #  #  #  #  #  #  #  #  #  #  #  #  #  #  #  #  .  .  .  .  #  
        4  #  #  #  #  #  #  #  #  #  #  #  #  #  #  #  #  #  #  #  #  #  #  #  #  #  #  #  #  #  #  #  #  .  .  .  .  #  
        5  #  #  #  #  #  #  #  #  #  #  #  #  #  #  #  #  #  #  #  #  #  #  #  #  #  #  #  #  #  #  #  #  .  .  .  .  #  
        6  #  S  .  .  .  .  .  .  .  .  .  .  .  .  .  .  .  .  .  .  .  .  .  .  .  .  .  .  .  .  .  .  .  .  .  .  #  
        7  #  S  .  .  .  .  .  .  .  .  .  .  .  .  .  .  .  .  .  .  .  .  .  .  .  .  .  .  .  .  .  .  .  .  .  .  #  
        8  #  X  .  .  .  .  .  .  .  .  .  .  .  .  .  .  .  .  .  .  .  .  .  .  .  .  .  .  .  .  .  .  .  .  .  .  #  
        9  #  S  .  .  .  .  .  .  .  .  .  .  .  .  .  .  .  .  .  .  .  .  .  .  .  .  .  .  .  .  .  .  .  .  .  .  #  
        10 #  #  #  #  #  #  #  #  #  #  #  #  #  #  #  #  #  #  #  #  #  #  #  #  #  #  #  #  #  #  #  #  #  #  #  #  #  

        trial ended on position 1 32
        # moves taken:  16
        trial runtime:  0.19s

        trial 4
           0  1  2  3  4  5  6  7  8  9  10 11 12 13 14 15 16 17 18 19 20 21 22 23 24 25 26 27 28 29 30 31 32 33 34 35 36 
        0  #  #  #  #  #  #  #  #  #  #  #  #  #  #  #  #  #  #  #  #  #  #  #  #  #  #  #  #  #  #  #  #  #  #  #  #  #  
        1  #  #  #  #  #  #  #  #  #  #  #  #  #  #  #  #  #  #  #  #  #  #  #  #  #  #  #  #  #  #  #  #  F  F  F  F  #  
        2  #  #  #  #  #  #  #  #  #  #  #  #  #  #  #  #  #  #  #  #  #  #  #  #  #  #  #  #  #  #  #  #  .  .  .  .  #  
        3  #  #  #  #  #  #  #  #  #  #  #  #  #  #  #  #  #  #  #  #  #  #  #  #  #  #  #  #  #  #  #  #  .  .  .  .  #  
        4  #  #  #  #  #  #  #  #  #  #  #  #  #  #  #  #  #  #  #  #  #  #  #  #  #  #  #  #  #  #  #  #  .  .  .  .  #  
        5  #  #  #  #  #  #  #  #  #  #  #  #  #  #  #  #  #  #  #  #  #  #  #  #  #  #  #  #  #  #  #  #  .  .  .  .  #  
        6  #  S  .  .  .  .  .  .  .  .  .  .  .  .  .  .  .  .  .  .  .  .  .  .  .  .  .  .  .  .  .  .  .  .  .  .  #  
        7  #  S  .  .  .  .  .  .  .  .  .  .  .  .  .  .  .  .  .  .  .  .  .  .  .  .  .  .  .  .  .  .  .  .  .  .  #  
        8  #  S  .  .  .  .  .  .  .  .  .  .  .  .  .  .  .  .  .  .  .  .  .  .  .  .  .  .  .  .  .  .  .  .  .  .  #  
        9  #  X  .  .  .  .  .  .  .  .  .  .  .  .  .  .  .  .  .  .  .  .  .  .  .  .  .  .  .  .  .  .  .  .  .  .  #  
        10 #  #  #  #  #  #  #  #  #  #  #  #  #  #  #  #  #  #  #  #  #  #  #  #  #  #  #  #  #  #  #  #  #  #  #  #  #  

        trial ended on position 1 35
        # moves taken:  44
        trial runtime:  0.16s

        trial 5
           0  1  2  3  4  5  6  7  8  9  10 11 12 13 14 15 16 17 18 19 20 21 22 23 24 25 26 27 28 29 30 31 32 33 34 35 36 
        0  #  #  #  #  #  #  #  #  #  #  #  #  #  #  #  #  #  #  #  #  #  #  #  #  #  #  #  #  #  #  #  #  #  #  #  #  #  
        1  #  #  #  #  #  #  #  #  #  #  #  #  #  #  #  #  #  #  #  #  #  #  #  #  #  #  #  #  #  #  #  #  F  F  F  F  #  
        2  #  #  #  #  #  #  #  #  #  #  #  #  #  #  #  #  #  #  #  #  #  #  #  #  #  #  #  #  #  #  #  #  .  .  .  .  #  
        3  #  #  #  #  #  #  #  #  #  #  #  #  #  #  #  #  #  #  #  #  #  #  #  #  #  #  #  #  #  #  #  #  .  .  .  .  #  
        4  #  #  #  #  #  #  #  #  #  #  #  #  #  #  #  #  #  #  #  #  #  #  #  #  #  #  #  #  #  #  #  #  .  .  .  .  #  
        5  #  #  #  #  #  #  #  #  #  #  #  #  #  #  #  #  #  #  #  #  #  #  #  #  #  #  #  #  #  #  #  #  .  .  .  .  #  
        6  #  S  .  .  .  .  .  .  .  .  .  .  .  .  .  .  .  .  .  .  .  .  .  .  .  .  .  .  .  .  .  .  .  .  .  .  #  
        7  #  S  .  .  .  .  .  .  .  .  .  .  .  .  .  .  .  .  .  .  .  .  .  .  .  .  .  .  .  .  .  .  .  .  .  .  #  
        8  #  S  .  .  .  .  .  .  .  .  .  .  .  .  .  .  .  .  .  .  .  .  .  .  .  .  .  .  .  .  .  .  .  .  .  .  #  
        9  #  X  .  .  .  .  .  .  .  .  .  .  .  .  .  .  .  .  .  .  .  .  .  .  .  .  .  .  .  .  .  .  .  .  .  .  #  
        10 #  #  #  #  #  #  #  #  #  #  #  #  #  #  #  #  #  #  #  #  #  #  #  #  #  #  #  #  #  #  #  #  #  #  #  #  #  

        # moves taken:  499
        trial runtime:  0.15s

        trial 6
           0  1  2  3  4  5  6  7  8  9  10 11 12 13 14 15 16 17 18 19 20 21 22 23 24 25 26 27 28 29 30 31 32 33 34 35 36 
        0  #  #  #  #  #  #  #  #  #  #  #  #  #  #  #  #  #  #  #  #  #  #  #  #  #  #  #  #  #  #  #  #  #  #  #  #  #  
        1  #  #  #  #  #  #  #  #  #  #  #  #  #  #  #  #  #  #  #  #  #  #  #  #  #  #  #  #  #  #  #  #  F  F  F  F  #  
        2  #  #  #  #  #  #  #  #  #  #  #  #  #  #  #  #  #  #  #  #  #  #  #  #  #  #  #  #  #  #  #  #  .  .  .  .  #  
        3  #  #  #  #  #  #  #  #  #  #  #  #  #  #  #  #  #  #  #  #  #  #  #  #  #  #  #  #  #  #  #  #  .  .  .  .  #  
        4  #  #  #  #  #  #  #  #  #  #  #  #  #  #  #  #  #  #  #  #  #  #  #  #  #  #  #  #  #  #  #  #  .  .  .  .  #  
        5  #  #  #  #  #  #  #  #  #  #  #  #  #  #  #  #  #  #  #  #  #  #  #  #  #  #  #  #  #  #  #  #  .  .  .  .  #  
        6  #  S  .  .  .  .  .  .  .  .  .  .  .  .  .  .  .  .  .  .  .  .  .  .  .  .  .  .  .  .  .  .  .  .  .  .  #  
        7  #  X  .  .  .  .  .  .  .  .  .  .  .  .  .  .  .  .  .  .  .  .  .  .  .  .  .  .  .  .  .  .  .  .  .  .  #  
        8  #  S  .  .  .  .  .  .  .  .  .  .  .  .  .  .  .  .  .  .  .  .  .  .  .  .  .  .  .  .  .  .  .  .  .  .  #  
        9  #  S  .  .  .  .  .  .  .  .  .  .  .  .  .  .  .  .  .  .  .  .  .  .  .  .  .  .  .  .  .  .  .  .  .  .  #  
        10 #  #  #  #  #  #  #  #  #  #  #  #  #  #  #  #  #  #  #  #  #  #  #  #  #  #  #  #  #  #  #  #  #  #  #  #  #  

        # moves taken:  499
        trial runtime:  0.15s

        trial 7
           0  1  2  3  4  5  6  7  8  9  10 11 12 13 14 15 16 17 18 19 20 21 22 23 24 25 26 27 28 29 30 31 32 33 34 35 36 
        0  #  #  #  #  #  #  #  #  #  #  #  #  #  #  #  #  #  #  #  #  #  #  #  #  #  #  #  #  #  #  #  #  #  #  #  #  #  
        1  #  #  #  #  #  #  #  #  #  #  #  #  #  #  #  #  #  #  #  #  #  #  #  #  #  #  #  #  #  #  #  #  F  F  F  F  #  
        2  #  #  #  #  #  #  #  #  #  #  #  #  #  #  #  #  #  #  #  #  #  #  #  #  #  #  #  #  #  #  #  #  .  .  .  .  #  
        3  #  #  #  #  #  #  #  #  #  #  #  #  #  #  #  #  #  #  #  #  #  #  #  #  #  #  #  #  #  #  #  #  .  .  .  .  #  
        4  #  #  #  #  #  #  #  #  #  #  #  #  #  #  #  #  #  #  #  #  #  #  #  #  #  #  #  #  #  #  #  #  .  .  .  .  #  
        5  #  #  #  #  #  #  #  #  #  #  #  #  #  #  #  #  #  #  #  #  #  #  #  #  #  #  #  #  #  #  #  #  .  .  .  .  #  
        6  #  S  .  .  .  .  .  .  .  .  .  .  .  .  .  .  .  .  .  .  .  .  .  .  .  .  .  .  .  .  .  .  .  .  .  .  #  
        7  #  S  .  .  .  .  .  .  .  .  .  .  .  .  .  .  .  .  .  .  .  .  .  .  .  .  .  .  .  .  .  .  .  .  .  .  #  
        8  #  X  .  .  .  .  .  .  .  .  .  .  .  .  .  .  .  .  .  .  .  .  .  .  .  .  .  .  .  .  .  .  .  .  .  .  #  
        9  #  S  .  .  .  .  .  .  .  .  .  .  .  .  .  .  .  .  .  .  .  .  .  .  .  .  .  .  .  .  .  .  .  .  .  .  #  
        10 #  #  #  #  #  #  #  #  #  #  #  #  #  #  #  #  #  #  #  #  #  #  #  #  #  #  #  #  #  #  #  #  #  #  #  #  #  

        trial ended on position 1 32
        # moves taken:  17
        trial runtime:  0.16s

        trial 8
           0  1  2  3  4  5  6  7  8  9  10 11 12 13 14 15 16 17 18 19 20 21 22 23 24 25 26 27 28 29 30 31 32 33 34 35 36 
        0  #  #  #  #  #  #  #  #  #  #  #  #  #  #  #  #  #  #  #  #  #  #  #  #  #  #  #  #  #  #  #  #  #  #  #  #  #  
        1  #  #  #  #  #  #  #  #  #  #  #  #  #  #  #  #  #  #  #  #  #  #  #  #  #  #  #  #  #  #  #  #  F  F  F  F  #  
        2  #  #  #  #  #  #  #  #  #  #  #  #  #  #  #  #  #  #  #  #  #  #  #  #  #  #  #  #  #  #  #  #  .  .  .  .  #  
        3  #  #  #  #  #  #  #  #  #  #  #  #  #  #  #  #  #  #  #  #  #  #  #  #  #  #  #  #  #  #  #  #  .  .  .  .  #  
        4  #  #  #  #  #  #  #  #  #  #  #  #  #  #  #  #  #  #  #  #  #  #  #  #  #  #  #  #  #  #  #  #  .  .  .  .  #  
        5  #  #  #  #  #  #  #  #  #  #  #  #  #  #  #  #  #  #  #  #  #  #  #  #  #  #  #  #  #  #  #  #  .  .  .  .  #  
        6  #  S  .  .  .  .  .  .  .  .  .  .  .  .  .  .  .  .  .  .  .  .  .  .  .  .  .  .  .  .  .  .  .  .  .  .  #  
        7  #  X  .  .  .  .  .  .  .  .  .  .  .  .  .  .  .  .  .  .  .  .  .  .  .  .  .  .  .  .  .  .  .  .  .  .  #  
        8  #  S  .  .  .  .  .  .  .  .  .  .  .  .  .  .  .  .  .  .  .  .  .  .  .  .  .  .  .  .  .  .  .  .  .  .  #  
        9  #  S  .  .  .  .  .  .  .  .  .  .  .  .  .  .  .  .  .  .  .  .  .  .  .  .  .  .  .  .  .  .  .  .  .  .  #  
        10 #  #  #  #  #  #  #  #  #  #  #  #  #  #  #  #  #  #  #  #  #  #  #  #  #  #  #  #  #  #  #  #  #  #  #  #  #  

        # moves taken:  499
        trial runtime:  0.15s

        trial 9
           0  1  2  3  4  5  6  7  8  9  10 11 12 13 14 15 16 17 18 19 20 21 22 23 24 25 26 27 28 29 30 31 32 33 34 35 36 
        0  #  #  #  #  #  #  #  #  #  #  #  #  #  #  #  #  #  #  #  #  #  #  #  #  #  #  #  #  #  #  #  #  #  #  #  #  #  
        1  #  #  #  #  #  #  #  #  #  #  #  #  #  #  #  #  #  #  #  #  #  #  #  #  #  #  #  #  #  #  #  #  F  F  F  F  #  
        2  #  #  #  #  #  #  #  #  #  #  #  #  #  #  #  #  #  #  #  #  #  #  #  #  #  #  #  #  #  #  #  #  .  .  .  .  #  
        3  #  #  #  #  #  #  #  #  #  #  #  #  #  #  #  #  #  #  #  #  #  #  #  #  #  #  #  #  #  #  #  #  .  .  .  .  #  
        4  #  #  #  #  #  #  #  #  #  #  #  #  #  #  #  #  #  #  #  #  #  #  #  #  #  #  #  #  #  #  #  #  .  .  .  .  #  
        5  #  #  #  #  #  #  #  #  #  #  #  #  #  #  #  #  #  #  #  #  #  #  #  #  #  #  #  #  #  #  #  #  .  .  .  .  #  
        6  #  S  .  .  .  .  .  .  .  .  .  .  .  .  .  .  .  .  .  .  .  .  .  .  .  .  .  .  .  .  .  .  .  .  .  .  #  
        7  #  X  .  .  .  .  .  .  .  .  .  .  .  .  .  .  .  .  .  .  .  .  .  .  .  .  .  .  .  .  .  .  .  .  .  .  #  
        8  #  S  .  .  .  .  .  .  .  .  .  .  .  .  .  .  .  .  .  .  .  .  .  .  .  .  .  .  .  .  .  .  .  .  .  .  #  
        9  #  S  .  .  .  .  .  .  .  .  .  .  .  .  .  .  .  .  .  .  .  .  .  .  .  .  .  .  .  .  .  .  .  .  .  .  #  
        10 #  #  #  #  #  #  #  #  #  #  #  #  #  #  #  #  #  #  #  #  #  #  #  #  #  #  #  #  #  #  #  #  #  #  #  #  #  

        # moves taken:  499
        trial runtime:  0.18s

====================================================================================================

====================================================================================================
RUNNING R TRACK
track simulator initialized
restart upon crash = False

           0  1  2  3  4  5  6  7  8  9  10 11 12 13 14 15 16 17 18 19 20 21 22 23 24 25 26 27 28 29 
        0  X  #  #  #  #  #  #  #  #  #  #  #  #  #  #  #  #  #  #  #  #  #  #  #  #  #  #  #  #  #  
        1  #  #  #  #  #  #  #  #  #  .  .  .  .  .  .  .  .  .  .  .  .  .  #  #  #  #  #  #  #  #  
        2  #  #  #  #  #  .  .  .  .  .  .  .  .  .  .  .  .  .  .  .  .  .  .  .  .  .  #  #  #  #  
        3  #  #  #  .  .  .  .  .  .  .  .  .  .  .  .  .  .  .  .  .  .  .  .  .  .  .  .  #  #  #  
        4  #  #  .  .  .  .  .  .  #  #  #  #  #  #  #  #  #  #  .  .  .  .  .  .  .  #  #  #  #  #  
        5  #  #  .  .  .  .  .  #  #  #  #  #  #  #  #  #  #  #  #  .  .  .  .  .  #  #  #  #  #  #  
        6  #  #  .  .  .  .  .  #  #  #  #  #  #  #  #  #  #  .  .  .  .  .  #  #  #  #  #  #  #  #  
        7  #  #  .  .  .  .  .  #  #  #  #  #  #  #  #  .  .  .  .  .  #  #  #  #  #  #  #  #  #  #  
        8  #  #  .  .  .  .  .  #  #  #  #  #  #  #  .  .  .  .  .  #  #  #  #  #  #  #  #  #  #  #  
        9  #  #  .  .  .  .  .  #  #  #  #  #  .  .  .  .  .  #  #  #  #  #  #  #  #  #  #  #  #  #  
        10 #  #  .  .  .  .  .  #  #  #  .  .  .  .  .  #  #  #  #  #  #  #  #  #  #  #  #  #  #  #  
        11 #  #  .  .  .  .  .  #  #  #  #  #  .  .  .  .  .  #  #  #  #  #  #  #  #  #  #  #  #  #  
        12 #  .  .  .  .  .  #  #  #  #  #  #  #  .  .  .  .  .  #  #  #  #  #  #  #  #  #  #  #  #  
        13 #  .  .  .  .  .  #  #  #  #  #  #  #  #  .  .  .  .  .  #  #  #  #  #  #  #  #  #  #  #  
        14 #  .  .  .  .  .  #  #  #  #  #  #  #  #  #  #  .  .  .  .  .  #  #  #  #  #  #  #  #  #  
        15 #  .  .  .  .  .  #  #  #  #  #  #  #  #  #  #  #  #  #  .  .  .  .  .  #  #  #  #  #  #  
        16 #  #  .  .  .  .  .  #  #  #  #  #  #  #  #  #  #  #  #  #  #  .  .  .  .  .  .  .  #  #  
        17 #  #  .  .  .  .  .  #  #  #  #  #  #  #  #  #  #  #  #  #  #  #  #  .  .  .  .  .  #  #  
        18 #  #  .  .  .  .  .  #  #  #  #  #  #  #  #  #  #  #  #  #  #  #  #  .  .  .  .  .  #  #  
        19 #  #  .  .  .  .  .  #  #  #  #  #  #  #  #  #  #  #  #  #  #  #  #  .  .  .  .  .  #  #  
        20 #  #  .  .  .  .  .  #  #  #  #  #  #  #  #  #  #  #  #  #  #  #  #  .  .  .  .  .  #  #  
        21 #  .  .  .  .  .  #  #  #  #  #  #  #  #  #  #  #  #  #  #  #  #  #  .  .  .  .  .  #  #  
        22 #  .  .  .  .  .  #  #  #  #  #  #  #  #  #  #  #  #  #  #  #  #  #  .  .  .  .  .  #  #  
        23 #  .  .  .  .  .  #  #  #  #  #  #  #  #  #  #  #  #  #  #  #  #  #  .  .  .  .  .  #  #  
        24 #  .  .  .  .  .  #  #  #  #  #  #  #  #  #  #  #  #  #  #  #  #  #  #  .  .  .  .  .  #  
        25 #  .  .  .  .  .  #  #  #  #  #  #  #  #  #  #  #  #  #  #  #  #  #  #  .  .  .  .  .  #  
        26 #  S  S  S  S  S  #  #  #  #  #  #  #  #  #  #  #  #  #  #  #  #  #  #  F  F  F  F  F  #  
        27 #  #  #  #  #  #  #  #  #  #  #  #  #  #  #  #  #  #  #  #  #  #  #  #  #  #  #  #  #  #  


start of training, for 500000 total iterations
policy backtrack took:  0.96s

policy finalized after 1825.81s

# time trials to run:  10

        trial 0
           0  1  2  3  4  5  6  7  8  9  10 11 12 13 14 15 16 17 18 19 20 21 22 23 24 25 26 27 28 29 
        0  #  #  #  #  #  #  #  #  #  #  #  #  #  #  #  #  #  #  #  #  #  #  #  #  #  #  #  #  #  #  
        1  #  #  #  #  #  #  #  #  #  .  .  .  .  .  .  .  .  .  .  .  .  .  #  #  #  #  #  #  #  #  
        2  #  #  #  #  #  .  .  .  .  .  .  .  .  .  .  .  .  .  .  .  .  .  .  .  .  .  #  #  #  #  
        3  #  #  #  .  .  .  .  .  .  .  .  .  .  .  .  .  .  .  .  .  .  .  .  .  .  .  .  #  #  #  
        4  #  #  .  .  .  .  .  .  #  #  #  #  #  #  #  #  #  #  .  .  .  .  .  .  .  #  #  #  #  #  
        5  #  #  .  .  .  .  .  #  #  #  #  #  #  #  #  #  #  #  #  .  .  .  .  .  #  #  #  #  #  #  
        6  #  #  .  .  .  .  .  #  #  #  #  #  #  #  #  #  #  .  .  .  .  .  #  #  #  #  #  #  #  #  
        7  #  #  .  .  .  .  .  #  #  #  #  #  #  #  #  .  .  .  .  .  #  #  #  #  #  #  #  #  #  #  
        8  #  #  .  .  .  .  .  #  #  #  #  #  #  #  .  .  .  .  .  #  #  #  #  #  #  #  #  #  #  #  
        9  #  #  .  .  .  .  .  #  #  #  #  #  .  .  .  .  .  #  #  #  #  #  #  #  #  #  #  #  #  #  
        10 #  #  .  .  .  .  .  #  #  #  .  .  .  .  .  #  #  #  #  #  #  #  #  #  #  #  #  #  #  #  
        11 #  #  .  .  .  .  .  #  #  #  #  #  .  .  .  .  .  #  #  #  #  #  #  #  #  #  #  #  #  #  
        12 #  .  .  .  .  .  #  #  #  #  #  #  #  .  .  .  .  .  #  #  #  #  #  #  #  #  #  #  #  #  
        13 #  .  .  .  .  .  #  #  #  #  #  #  #  #  .  .  .  .  .  #  #  #  #  #  #  #  #  #  #  #  
        14 #  .  .  .  .  .  #  #  #  #  #  #  #  #  #  #  .  .  .  .  .  #  #  #  #  #  #  #  #  #  
        15 #  .  .  .  .  .  #  #  #  #  #  #  #  #  #  #  #  #  #  .  .  .  .  .  #  #  #  #  #  #  
        16 #  #  .  .  .  .  .  #  #  #  #  #  #  #  #  #  #  #  #  #  #  .  .  .  .  .  .  .  #  #  
        17 #  #  .  .  .  .  .  #  #  #  #  #  #  #  #  #  #  #  #  #  #  #  #  .  .  .  .  .  #  #  
        18 #  #  .  .  .  .  .  #  #  #  #  #  #  #  #  #  #  #  #  #  #  #  #  .  .  .  .  .  #  #  
        19 #  #  .  .  .  .  .  #  #  #  #  #  #  #  #  #  #  #  #  #  #  #  #  .  .  .  .  .  #  #  
        20 #  #  .  .  .  .  .  #  #  #  #  #  #  #  #  #  #  #  #  #  #  #  #  .  .  .  .  .  #  #  
        21 #  .  .  .  .  .  #  #  #  #  #  #  #  #  #  #  #  #  #  #  #  #  #  .  .  .  .  .  #  #  
        22 #  .  .  .  .  .  #  #  #  #  #  #  #  #  #  #  #  #  #  #  #  #  #  .  .  .  .  .  #  #  
        23 #  .  .  .  .  .  #  #  #  #  #  #  #  #  #  #  #  #  #  #  #  #  #  .  .  .  .  .  #  #  
        24 #  .  .  .  .  .  #  #  #  #  #  #  #  #  #  #  #  #  #  #  #  #  #  #  .  .  .  .  .  #  
        25 #  .  .  .  .  .  #  #  #  #  #  #  #  #  #  #  #  #  #  #  #  #  #  #  .  .  .  .  .  #  
        26 #  S  S  S  S  X  #  #  #  #  #  #  #  #  #  #  #  #  #  #  #  #  #  #  F  F  F  F  F  #  
        27 #  #  #  #  #  #  #  #  #  #  #  #  #  #  #  #  #  #  #  #  #  #  #  #  #  #  #  #  #  #  

        # moves taken:  499
        trial runtime:  0.74s

        trial 1
           0  1  2  3  4  5  6  7  8  9  10 11 12 13 14 15 16 17 18 19 20 21 22 23 24 25 26 27 28 29 
        0  #  #  #  #  #  #  #  #  #  #  #  #  #  #  #  #  #  #  #  #  #  #  #  #  #  #  #  #  #  #  
        1  #  #  #  #  #  #  #  #  #  .  .  .  .  .  .  .  .  .  .  .  .  .  #  #  #  #  #  #  #  #  
        2  #  #  #  #  #  .  .  .  .  .  .  .  .  .  .  .  .  .  .  .  .  .  .  .  .  .  #  #  #  #  
        3  #  #  #  .  .  .  .  .  .  .  .  .  .  .  .  .  .  .  .  .  .  .  .  .  .  .  .  #  #  #  
        4  #  #  .  .  .  .  .  .  #  #  #  #  #  #  #  #  #  #  .  .  .  .  .  .  .  #  #  #  #  #  
        5  #  #  .  .  .  .  .  #  #  #  #  #  #  #  #  #  #  #  #  .  .  .  .  .  #  #  #  #  #  #  
        6  #  #  .  .  .  .  .  #  #  #  #  #  #  #  #  #  #  .  .  .  .  .  #  #  #  #  #  #  #  #  
        7  #  #  .  .  .  .  .  #  #  #  #  #  #  #  #  .  .  .  .  .  #  #  #  #  #  #  #  #  #  #  
        8  #  #  .  .  .  .  .  #  #  #  #  #  #  #  .  .  .  .  .  #  #  #  #  #  #  #  #  #  #  #  
        9  #  #  .  .  .  .  .  #  #  #  #  #  .  .  .  .  .  #  #  #  #  #  #  #  #  #  #  #  #  #  
        10 #  #  .  .  .  .  .  #  #  #  .  .  .  .  .  #  #  #  #  #  #  #  #  #  #  #  #  #  #  #  
        11 #  #  .  .  .  .  .  #  #  #  #  #  .  .  .  .  .  #  #  #  #  #  #  #  #  #  #  #  #  #  
        12 #  .  .  .  .  .  #  #  #  #  #  #  #  .  .  .  .  .  #  #  #  #  #  #  #  #  #  #  #  #  
        13 #  .  .  .  .  .  #  #  #  #  #  #  #  #  .  .  .  .  .  #  #  #  #  #  #  #  #  #  #  #  
        14 #  .  .  .  .  .  #  #  #  #  #  #  #  #  #  #  .  .  .  .  .  #  #  #  #  #  #  #  #  #  
        15 #  .  .  .  .  .  #  #  #  #  #  #  #  #  #  #  #  #  #  .  .  .  .  .  #  #  #  #  #  #  
        16 #  #  .  .  .  .  .  #  #  #  #  #  #  #  #  #  #  #  #  #  #  .  .  .  .  .  .  .  #  #  
        17 #  #  .  .  .  .  .  #  #  #  #  #  #  #  #  #  #  #  #  #  #  #  #  .  .  .  .  .  #  #  
        18 #  #  .  .  .  .  .  #  #  #  #  #  #  #  #  #  #  #  #  #  #  #  #  .  .  .  .  .  #  #  
        19 #  #  .  .  .  .  .  #  #  #  #  #  #  #  #  #  #  #  #  #  #  #  #  .  .  .  .  .  #  #  
        20 #  #  .  .  .  .  .  #  #  #  #  #  #  #  #  #  #  #  #  #  #  #  #  .  .  .  .  .  #  #  
        21 #  .  .  .  .  .  #  #  #  #  #  #  #  #  #  #  #  #  #  #  #  #  #  .  .  .  .  .  #  #  
        22 #  .  .  .  .  .  #  #  #  #  #  #  #  #  #  #  #  #  #  #  #  #  #  .  .  .  .  .  #  #  
        23 #  .  .  .  .  .  #  #  #  #  #  #  #  #  #  #  #  #  #  #  #  #  #  .  .  .  .  .  #  #  
        24 #  .  .  .  .  .  #  #  #  #  #  #  #  #  #  #  #  #  #  #  #  #  #  #  .  .  .  .  .  #  
        25 #  .  .  .  .  .  #  #  #  #  #  #  #  #  #  #  #  #  #  #  #  #  #  #  .  .  .  .  .  #  
        26 #  S  S  X  S  S  #  #  #  #  #  #  #  #  #  #  #  #  #  #  #  #  #  #  F  F  F  F  F  #  
        27 #  #  #  #  #  #  #  #  #  #  #  #  #  #  #  #  #  #  #  #  #  #  #  #  #  #  #  #  #  #  

        trial ended on position 26 26
        # moves taken:  380
        trial runtime:  0.67s

        trial 2
           0  1  2  3  4  5  6  7  8  9  10 11 12 13 14 15 16 17 18 19 20 21 22 23 24 25 26 27 28 29 
        0  #  #  #  #  #  #  #  #  #  #  #  #  #  #  #  #  #  #  #  #  #  #  #  #  #  #  #  #  #  #  
        1  #  #  #  #  #  #  #  #  #  .  .  .  .  .  .  .  .  .  .  .  .  .  #  #  #  #  #  #  #  #  
        2  #  #  #  #  #  .  .  .  .  .  .  .  .  .  .  .  .  .  .  .  .  .  .  .  .  .  #  #  #  #  
        3  #  #  #  .  .  .  .  .  .  .  .  .  .  .  .  .  .  .  .  .  .  .  .  .  .  .  .  #  #  #  
        4  #  #  .  .  .  .  .  .  #  #  #  #  #  #  #  #  #  #  .  .  .  .  .  .  .  #  #  #  #  #  
        5  #  #  .  .  .  .  .  #  #  #  #  #  #  #  #  #  #  #  #  .  .  .  .  .  #  #  #  #  #  #  
        6  #  #  .  .  .  .  .  #  #  #  #  #  #  #  #  #  #  .  .  .  .  .  #  #  #  #  #  #  #  #  
        7  #  #  .  .  .  .  .  #  #  #  #  #  #  #  #  .  .  .  .  .  #  #  #  #  #  #  #  #  #  #  
        8  #  #  .  .  .  .  .  #  #  #  #  #  #  #  .  .  .  .  .  #  #  #  #  #  #  #  #  #  #  #  
        9  #  #  .  .  .  .  .  #  #  #  #  #  .  .  .  .  .  #  #  #  #  #  #  #  #  #  #  #  #  #  
        10 #  #  .  .  .  .  .  #  #  #  .  .  .  .  .  #  #  #  #  #  #  #  #  #  #  #  #  #  #  #  
        11 #  #  .  .  .  .  .  #  #  #  #  #  .  .  .  .  .  #  #  #  #  #  #  #  #  #  #  #  #  #  
        12 #  .  .  .  .  .  #  #  #  #  #  #  #  .  .  .  .  .  #  #  #  #  #  #  #  #  #  #  #  #  
        13 #  .  .  .  .  .  #  #  #  #  #  #  #  #  .  .  .  .  .  #  #  #  #  #  #  #  #  #  #  #  
        14 #  .  .  .  .  .  #  #  #  #  #  #  #  #  #  #  .  .  .  .  .  #  #  #  #  #  #  #  #  #  
        15 #  .  .  .  .  .  #  #  #  #  #  #  #  #  #  #  #  #  #  .  .  .  .  .  #  #  #  #  #  #  
        16 #  #  .  .  .  .  .  #  #  #  #  #  #  #  #  #  #  #  #  #  #  .  .  .  .  .  .  .  #  #  
        17 #  #  .  .  .  .  .  #  #  #  #  #  #  #  #  #  #  #  #  #  #  #  #  .  .  .  .  .  #  #  
        18 #  #  .  .  .  .  .  #  #  #  #  #  #  #  #  #  #  #  #  #  #  #  #  .  .  .  .  .  #  #  
        19 #  #  .  .  .  .  .  #  #  #  #  #  #  #  #  #  #  #  #  #  #  #  #  .  .  .  .  .  #  #  
        20 #  #  .  .  .  .  .  #  #  #  #  #  #  #  #  #  #  #  #  #  #  #  #  .  .  .  .  .  #  #  
        21 #  .  .  .  .  .  #  #  #  #  #  #  #  #  #  #  #  #  #  #  #  #  #  .  .  .  .  .  #  #  
        22 #  .  .  .  .  .  #  #  #  #  #  #  #  #  #  #  #  #  #  #  #  #  #  .  .  .  .  .  #  #  
        23 #  .  .  .  .  .  #  #  #  #  #  #  #  #  #  #  #  #  #  #  #  #  #  .  .  .  .  .  #  #  
        24 #  .  .  .  .  .  #  #  #  #  #  #  #  #  #  #  #  #  #  #  #  #  #  #  .  .  .  .  .  #  
        25 #  .  .  .  .  .  #  #  #  #  #  #  #  #  #  #  #  #  #  #  #  #  #  #  .  .  .  .  .  #  
        26 #  X  S  S  S  S  #  #  #  #  #  #  #  #  #  #  #  #  #  #  #  #  #  #  F  F  F  F  F  #  
        27 #  #  #  #  #  #  #  #  #  #  #  #  #  #  #  #  #  #  #  #  #  #  #  #  #  #  #  #  #  #  

        # moves taken:  499
        trial runtime:  0.69s

        trial 3
           0  1  2  3  4  5  6  7  8  9  10 11 12 13 14 15 16 17 18 19 20 21 22 23 24 25 26 27 28 29 
        0  #  #  #  #  #  #  #  #  #  #  #  #  #  #  #  #  #  #  #  #  #  #  #  #  #  #  #  #  #  #  
        1  #  #  #  #  #  #  #  #  #  .  .  .  .  .  .  .  .  .  .  .  .  .  #  #  #  #  #  #  #  #  
        2  #  #  #  #  #  .  .  .  .  .  .  .  .  .  .  .  .  .  .  .  .  .  .  .  .  .  #  #  #  #  
        3  #  #  #  .  .  .  .  .  .  .  .  .  .  .  .  .  .  .  .  .  .  .  .  .  .  .  .  #  #  #  
        4  #  #  .  .  .  .  .  .  #  #  #  #  #  #  #  #  #  #  .  .  .  .  .  .  .  #  #  #  #  #  
        5  #  #  .  .  .  .  .  #  #  #  #  #  #  #  #  #  #  #  #  .  .  .  .  .  #  #  #  #  #  #  
        6  #  #  .  .  .  .  .  #  #  #  #  #  #  #  #  #  #  .  .  .  .  .  #  #  #  #  #  #  #  #  
        7  #  #  .  .  .  .  .  #  #  #  #  #  #  #  #  .  .  .  .  .  #  #  #  #  #  #  #  #  #  #  
        8  #  #  .  .  .  .  .  #  #  #  #  #  #  #  .  .  .  .  .  #  #  #  #  #  #  #  #  #  #  #  
        9  #  #  .  .  .  .  .  #  #  #  #  #  .  .  .  .  .  #  #  #  #  #  #  #  #  #  #  #  #  #  
        10 #  #  .  .  .  .  .  #  #  #  .  .  .  .  .  #  #  #  #  #  #  #  #  #  #  #  #  #  #  #  
        11 #  #  .  .  .  .  .  #  #  #  #  #  .  .  .  .  .  #  #  #  #  #  #  #  #  #  #  #  #  #  
        12 #  .  .  .  .  .  #  #  #  #  #  #  #  .  .  .  .  .  #  #  #  #  #  #  #  #  #  #  #  #  
        13 #  .  .  .  .  .  #  #  #  #  #  #  #  #  .  .  .  .  .  #  #  #  #  #  #  #  #  #  #  #  
        14 #  .  .  .  .  .  #  #  #  #  #  #  #  #  #  #  .  .  .  .  .  #  #  #  #  #  #  #  #  #  
        15 #  .  .  .  .  .  #  #  #  #  #  #  #  #  #  #  #  #  #  .  .  .  .  .  #  #  #  #  #  #  
        16 #  #  .  .  .  .  .  #  #  #  #  #  #  #  #  #  #  #  #  #  #  .  .  .  .  .  .  .  #  #  
        17 #  #  .  .  .  .  .  #  #  #  #  #  #  #  #  #  #  #  #  #  #  #  #  .  .  .  .  .  #  #  
        18 #  #  .  .  .  .  .  #  #  #  #  #  #  #  #  #  #  #  #  #  #  #  #  .  .  .  .  .  #  #  
        19 #  #  .  .  .  .  .  #  #  #  #  #  #  #  #  #  #  #  #  #  #  #  #  .  .  .  .  .  #  #  
        20 #  #  .  .  .  .  .  #  #  #  #  #  #  #  #  #  #  #  #  #  #  #  #  .  .  .  .  .  #  #  
        21 #  .  .  .  .  .  #  #  #  #  #  #  #  #  #  #  #  #  #  #  #  #  #  .  .  .  .  .  #  #  
        22 #  .  .  .  .  .  #  #  #  #  #  #  #  #  #  #  #  #  #  #  #  #  #  .  .  .  .  .  #  #  
        23 #  .  .  .  .  .  #  #  #  #  #  #  #  #  #  #  #  #  #  #  #  #  #  .  .  .  .  .  #  #  
        24 #  .  .  .  .  .  #  #  #  #  #  #  #  #  #  #  #  #  #  #  #  #  #  #  .  .  .  .  .  #  
        25 #  .  .  .  .  .  #  #  #  #  #  #  #  #  #  #  #  #  #  #  #  #  #  #  .  .  .  .  .  #  
        26 #  S  X  S  S  S  #  #  #  #  #  #  #  #  #  #  #  #  #  #  #  #  #  #  F  F  F  F  F  #  
        27 #  #  #  #  #  #  #  #  #  #  #  #  #  #  #  #  #  #  #  #  #  #  #  #  #  #  #  #  #  #  

        # moves taken:  499
        trial runtime:  0.70s

        trial 4
           0  1  2  3  4  5  6  7  8  9  10 11 12 13 14 15 16 17 18 19 20 21 22 23 24 25 26 27 28 29 
        0  #  #  #  #  #  #  #  #  #  #  #  #  #  #  #  #  #  #  #  #  #  #  #  #  #  #  #  #  #  #  
        1  #  #  #  #  #  #  #  #  #  .  .  .  .  .  .  .  .  .  .  .  .  .  #  #  #  #  #  #  #  #  
        2  #  #  #  #  #  .  .  .  .  .  .  .  .  .  .  .  .  .  .  .  .  .  .  .  .  .  #  #  #  #  
        3  #  #  #  .  .  .  .  .  .  .  .  .  .  .  .  .  .  .  .  .  .  .  .  .  .  .  .  #  #  #  
        4  #  #  .  .  .  .  .  .  #  #  #  #  #  #  #  #  #  #  .  .  .  .  .  .  .  #  #  #  #  #  
        5  #  #  .  .  .  .  .  #  #  #  #  #  #  #  #  #  #  #  #  .  .  .  .  .  #  #  #  #  #  #  
        6  #  #  .  .  .  .  .  #  #  #  #  #  #  #  #  #  #  .  .  .  .  .  #  #  #  #  #  #  #  #  
        7  #  #  .  .  .  .  .  #  #  #  #  #  #  #  #  .  .  .  .  .  #  #  #  #  #  #  #  #  #  #  
        8  #  #  .  .  .  .  .  #  #  #  #  #  #  #  .  .  .  .  .  #  #  #  #  #  #  #  #  #  #  #  
        9  #  #  .  .  .  .  .  #  #  #  #  #  .  .  .  .  .  #  #  #  #  #  #  #  #  #  #  #  #  #  
        10 #  #  .  .  .  .  .  #  #  #  .  .  .  .  .  #  #  #  #  #  #  #  #  #  #  #  #  #  #  #  
        11 #  #  .  .  .  .  .  #  #  #  #  #  .  .  .  .  .  #  #  #  #  #  #  #  #  #  #  #  #  #  
        12 #  .  .  .  .  .  #  #  #  #  #  #  #  .  .  .  .  .  #  #  #  #  #  #  #  #  #  #  #  #  
        13 #  .  .  .  .  .  #  #  #  #  #  #  #  #  .  .  .  .  .  #  #  #  #  #  #  #  #  #  #  #  
        14 #  .  .  .  .  .  #  #  #  #  #  #  #  #  #  #  .  .  .  .  .  #  #  #  #  #  #  #  #  #  
        15 #  .  .  .  .  .  #  #  #  #  #  #  #  #  #  #  #  #  #  .  .  .  .  .  #  #  #  #  #  #  
        16 #  #  .  .  .  .  .  #  #  #  #  #  #  #  #  #  #  #  #  #  #  .  .  .  .  .  .  .  #  #  
        17 #  #  .  .  .  .  .  #  #  #  #  #  #  #  #  #  #  #  #  #  #  #  #  .  .  .  .  .  #  #  
        18 #  #  .  .  .  .  .  #  #  #  #  #  #  #  #  #  #  #  #  #  #  #  #  .  .  .  .  .  #  #  
        19 #  #  .  .  .  .  .  #  #  #  #  #  #  #  #  #  #  #  #  #  #  #  #  .  .  .  .  .  #  #  
        20 #  #  .  .  .  .  .  #  #  #  #  #  #  #  #  #  #  #  #  #  #  #  #  .  .  .  .  .  #  #  
        21 #  .  .  .  .  .  #  #  #  #  #  #  #  #  #  #  #  #  #  #  #  #  #  .  .  .  .  .  #  #  
        22 #  .  .  .  .  .  #  #  #  #  #  #  #  #  #  #  #  #  #  #  #  #  #  .  .  .  .  .  #  #  
        23 #  .  .  .  .  .  #  #  #  #  #  #  #  #  #  #  #  #  #  #  #  #  #  .  .  .  .  .  #  #  
        24 #  .  .  .  .  .  #  #  #  #  #  #  #  #  #  #  #  #  #  #  #  #  #  #  .  .  .  .  .  #  
        25 #  .  .  .  .  .  #  #  #  #  #  #  #  #  #  #  #  #  #  #  #  #  #  #  .  .  .  .  .  #  
        26 #  S  X  S  S  S  #  #  #  #  #  #  #  #  #  #  #  #  #  #  #  #  #  #  F  F  F  F  F  #  
        27 #  #  #  #  #  #  #  #  #  #  #  #  #  #  #  #  #  #  #  #  #  #  #  #  #  #  #  #  #  #  

        # moves taken:  499
        trial runtime:  0.77s

        trial 5
           0  1  2  3  4  5  6  7  8  9  10 11 12 13 14 15 16 17 18 19 20 21 22 23 24 25 26 27 28 29 
        0  #  #  #  #  #  #  #  #  #  #  #  #  #  #  #  #  #  #  #  #  #  #  #  #  #  #  #  #  #  #  
        1  #  #  #  #  #  #  #  #  #  .  .  .  .  .  .  .  .  .  .  .  .  .  #  #  #  #  #  #  #  #  
        2  #  #  #  #  #  .  .  .  .  .  .  .  .  .  .  .  .  .  .  .  .  .  .  .  .  .  #  #  #  #  
        3  #  #  #  .  .  .  .  .  .  .  .  .  .  .  .  .  .  .  .  .  .  .  .  .  .  .  .  #  #  #  
        4  #  #  .  .  .  .  .  .  #  #  #  #  #  #  #  #  #  #  .  .  .  .  .  .  .  #  #  #  #  #  
        5  #  #  .  .  .  .  .  #  #  #  #  #  #  #  #  #  #  #  #  .  .  .  .  .  #  #  #  #  #  #  
        6  #  #  .  .  .  .  .  #  #  #  #  #  #  #  #  #  #  .  .  .  .  .  #  #  #  #  #  #  #  #  
        7  #  #  .  .  .  .  .  #  #  #  #  #  #  #  #  .  .  .  .  .  #  #  #  #  #  #  #  #  #  #  
        8  #  #  .  .  .  .  .  #  #  #  #  #  #  #  .  .  .  .  .  #  #  #  #  #  #  #  #  #  #  #  
        9  #  #  .  .  .  .  .  #  #  #  #  #  .  .  .  .  .  #  #  #  #  #  #  #  #  #  #  #  #  #  
        10 #  #  .  .  .  .  .  #  #  #  .  .  .  .  .  #  #  #  #  #  #  #  #  #  #  #  #  #  #  #  
        11 #  #  .  .  .  .  .  #  #  #  #  #  .  .  .  .  .  #  #  #  #  #  #  #  #  #  #  #  #  #  
        12 #  .  .  .  .  .  #  #  #  #  #  #  #  .  .  .  .  .  #  #  #  #  #  #  #  #  #  #  #  #  
        13 #  .  .  .  .  .  #  #  #  #  #  #  #  #  .  .  .  .  .  #  #  #  #  #  #  #  #  #  #  #  
        14 #  .  .  .  .  .  #  #  #  #  #  #  #  #  #  #  .  .  .  .  .  #  #  #  #  #  #  #  #  #  
        15 #  .  .  .  .  .  #  #  #  #  #  #  #  #  #  #  #  #  #  .  .  .  .  .  #  #  #  #  #  #  
        16 #  #  .  .  .  .  .  #  #  #  #  #  #  #  #  #  #  #  #  #  #  .  .  .  .  .  .  .  #  #  
        17 #  #  .  .  .  .  .  #  #  #  #  #  #  #  #  #  #  #  #  #  #  #  #  .  .  .  .  .  #  #  
        18 #  #  .  .  .  .  .  #  #  #  #  #  #  #  #  #  #  #  #  #  #  #  #  .  .  .  .  .  #  #  
        19 #  #  .  .  .  .  .  #  #  #  #  #  #  #  #  #  #  #  #  #  #  #  #  .  .  .  .  .  #  #  
        20 #  #  .  .  .  .  .  #  #  #  #  #  #  #  #  #  #  #  #  #  #  #  #  .  .  .  .  .  #  #  
        21 #  .  .  .  .  .  #  #  #  #  #  #  #  #  #  #  #  #  #  #  #  #  #  .  .  .  .  .  #  #  
        22 #  .  .  .  .  .  #  #  #  #  #  #  #  #  #  #  #  #  #  #  #  #  #  .  .  .  .  .  #  #  
        23 #  .  .  .  .  .  #  #  #  #  #  #  #  #  #  #  #  #  #  #  #  #  #  .  .  .  .  .  #  #  
        24 #  .  .  .  .  .  #  #  #  #  #  #  #  #  #  #  #  #  #  #  #  #  #  #  .  .  .  .  .  #  
        25 #  .  .  .  .  .  #  #  #  #  #  #  #  #  #  #  #  #  #  #  #  #  #  #  .  .  .  .  .  #  
        26 #  S  S  S  S  X  #  #  #  #  #  #  #  #  #  #  #  #  #  #  #  #  #  #  F  F  F  F  F  #  
        27 #  #  #  #  #  #  #  #  #  #  #  #  #  #  #  #  #  #  #  #  #  #  #  #  #  #  #  #  #  #  

        # moves taken:  499
        trial runtime:  0.69s

        trial 6
           0  1  2  3  4  5  6  7  8  9  10 11 12 13 14 15 16 17 18 19 20 21 22 23 24 25 26 27 28 29 
        0  #  #  #  #  #  #  #  #  #  #  #  #  #  #  #  #  #  #  #  #  #  #  #  #  #  #  #  #  #  #  
        1  #  #  #  #  #  #  #  #  #  .  .  .  .  .  .  .  .  .  .  .  .  .  #  #  #  #  #  #  #  #  
        2  #  #  #  #  #  .  .  .  .  .  .  .  .  .  .  .  .  .  .  .  .  .  .  .  .  .  #  #  #  #  
        3  #  #  #  .  .  .  .  .  .  .  .  .  .  .  .  .  .  .  .  .  .  .  .  .  .  .  .  #  #  #  
        4  #  #  .  .  .  .  .  .  #  #  #  #  #  #  #  #  #  #  .  .  .  .  .  .  .  #  #  #  #  #  
        5  #  #  .  .  .  .  .  #  #  #  #  #  #  #  #  #  #  #  #  .  .  .  .  .  #  #  #  #  #  #  
        6  #  #  .  .  .  .  .  #  #  #  #  #  #  #  #  #  #  .  .  .  .  .  #  #  #  #  #  #  #  #  
        7  #  #  .  .  .  .  .  #  #  #  #  #  #  #  #  .  .  .  .  .  #  #  #  #  #  #  #  #  #  #  
        8  #  #  .  .  .  .  .  #  #  #  #  #  #  #  .  .  .  .  .  #  #  #  #  #  #  #  #  #  #  #  
        9  #  #  .  .  .  .  .  #  #  #  #  #  .  .  .  .  .  #  #  #  #  #  #  #  #  #  #  #  #  #  
        10 #  #  .  .  .  .  .  #  #  #  .  .  .  .  .  #  #  #  #  #  #  #  #  #  #  #  #  #  #  #  
        11 #  #  .  .  .  .  .  #  #  #  #  #  .  .  .  .  .  #  #  #  #  #  #  #  #  #  #  #  #  #  
        12 #  .  .  .  .  .  #  #  #  #  #  #  #  .  .  .  .  .  #  #  #  #  #  #  #  #  #  #  #  #  
        13 #  .  .  .  .  .  #  #  #  #  #  #  #  #  .  .  .  .  .  #  #  #  #  #  #  #  #  #  #  #  
        14 #  .  .  .  .  .  #  #  #  #  #  #  #  #  #  #  .  .  .  .  .  #  #  #  #  #  #  #  #  #  
        15 #  .  .  .  .  .  #  #  #  #  #  #  #  #  #  #  #  #  #  .  .  .  .  .  #  #  #  #  #  #  
        16 #  #  .  .  .  .  .  #  #  #  #  #  #  #  #  #  #  #  #  #  #  .  .  .  .  .  .  .  #  #  
        17 #  #  .  .  .  .  .  #  #  #  #  #  #  #  #  #  #  #  #  #  #  #  #  .  .  .  .  .  #  #  
        18 #  #  .  .  .  .  .  #  #  #  #  #  #  #  #  #  #  #  #  #  #  #  #  .  .  .  .  .  #  #  
        19 #  #  .  .  .  .  .  #  #  #  #  #  #  #  #  #  #  #  #  #  #  #  #  .  .  .  .  .  #  #  
        20 #  #  .  .  .  .  .  #  #  #  #  #  #  #  #  #  #  #  #  #  #  #  #  .  .  .  .  .  #  #  
        21 #  .  .  .  .  .  #  #  #  #  #  #  #  #  #  #  #  #  #  #  #  #  #  .  .  .  .  .  #  #  
        22 #  .  .  .  .  .  #  #  #  #  #  #  #  #  #  #  #  #  #  #  #  #  #  .  .  .  .  .  #  #  
        23 #  .  .  .  .  .  #  #  #  #  #  #  #  #  #  #  #  #  #  #  #  #  #  .  .  .  .  .  #  #  
        24 #  .  .  .  .  .  #  #  #  #  #  #  #  #  #  #  #  #  #  #  #  #  #  #  .  .  .  .  .  #  
        25 #  .  .  .  .  .  #  #  #  #  #  #  #  #  #  #  #  #  #  #  #  #  #  #  .  .  .  .  .  #  
        26 #  S  S  X  S  S  #  #  #  #  #  #  #  #  #  #  #  #  #  #  #  #  #  #  F  F  F  F  F  #  
        27 #  #  #  #  #  #  #  #  #  #  #  #  #  #  #  #  #  #  #  #  #  #  #  #  #  #  #  #  #  #  

        # moves taken:  499
        trial runtime:  1.40s

        trial 7
           0  1  2  3  4  5  6  7  8  9  10 11 12 13 14 15 16 17 18 19 20 21 22 23 24 25 26 27 28 29 
        0  #  #  #  #  #  #  #  #  #  #  #  #  #  #  #  #  #  #  #  #  #  #  #  #  #  #  #  #  #  #  
        1  #  #  #  #  #  #  #  #  #  .  .  .  .  .  .  .  .  .  .  .  .  .  #  #  #  #  #  #  #  #  
        2  #  #  #  #  #  .  .  .  .  .  .  .  .  .  .  .  .  .  .  .  .  .  .  .  .  .  #  #  #  #  
        3  #  #  #  .  .  .  .  .  .  .  .  .  .  .  .  .  .  .  .  .  .  .  .  .  .  .  .  #  #  #  
        4  #  #  .  .  .  .  .  .  #  #  #  #  #  #  #  #  #  #  .  .  .  .  .  .  .  #  #  #  #  #  
        5  #  #  .  .  .  .  .  #  #  #  #  #  #  #  #  #  #  #  #  .  .  .  .  .  #  #  #  #  #  #  
        6  #  #  .  .  .  .  .  #  #  #  #  #  #  #  #  #  #  .  .  .  .  .  #  #  #  #  #  #  #  #  
        7  #  #  .  .  .  .  .  #  #  #  #  #  #  #  #  .  .  .  .  .  #  #  #  #  #  #  #  #  #  #  
        8  #  #  .  .  .  .  .  #  #  #  #  #  #  #  .  .  .  .  .  #  #  #  #  #  #  #  #  #  #  #  
        9  #  #  .  .  .  .  .  #  #  #  #  #  .  .  .  .  .  #  #  #  #  #  #  #  #  #  #  #  #  #  
        10 #  #  .  .  .  .  .  #  #  #  .  .  .  .  .  #  #  #  #  #  #  #  #  #  #  #  #  #  #  #  
        11 #  #  .  .  .  .  .  #  #  #  #  #  .  .  .  .  .  #  #  #  #  #  #  #  #  #  #  #  #  #  
        12 #  .  .  .  .  .  #  #  #  #  #  #  #  .  .  .  .  .  #  #  #  #  #  #  #  #  #  #  #  #  
        13 #  .  .  .  .  .  #  #  #  #  #  #  #  #  .  .  .  .  .  #  #  #  #  #  #  #  #  #  #  #  
        14 #  .  .  .  .  .  #  #  #  #  #  #  #  #  #  #  .  .  .  .  .  #  #  #  #  #  #  #  #  #  
        15 #  .  .  .  .  .  #  #  #  #  #  #  #  #  #  #  #  #  #  .  .  .  .  .  #  #  #  #  #  #  
        16 #  #  .  .  .  .  .  #  #  #  #  #  #  #  #  #  #  #  #  #  #  .  .  .  .  .  .  .  #  #  
        17 #  #  .  .  .  .  .  #  #  #  #  #  #  #  #  #  #  #  #  #  #  #  #  .  .  .  .  .  #  #  
        18 #  #  .  .  .  .  .  #  #  #  #  #  #  #  #  #  #  #  #  #  #  #  #  .  .  .  .  .  #  #  
        19 #  #  .  .  .  .  .  #  #  #  #  #  #  #  #  #  #  #  #  #  #  #  #  .  .  .  .  .  #  #  
        20 #  #  .  .  .  .  .  #  #  #  #  #  #  #  #  #  #  #  #  #  #  #  #  .  .  .  .  .  #  #  
        21 #  .  .  .  .  .  #  #  #  #  #  #  #  #  #  #  #  #  #  #  #  #  #  .  .  .  .  .  #  #  
        22 #  .  .  .  .  .  #  #  #  #  #  #  #  #  #  #  #  #  #  #  #  #  #  .  .  .  .  .  #  #  
        23 #  .  .  .  .  .  #  #  #  #  #  #  #  #  #  #  #  #  #  #  #  #  #  .  .  .  .  .  #  #  
        24 #  .  .  .  .  .  #  #  #  #  #  #  #  #  #  #  #  #  #  #  #  #  #  #  .  .  .  .  .  #  
        25 #  .  .  .  .  .  #  #  #  #  #  #  #  #  #  #  #  #  #  #  #  #  #  #  .  .  .  .  .  #  
        26 #  S  S  S  S  X  #  #  #  #  #  #  #  #  #  #  #  #  #  #  #  #  #  #  F  F  F  F  F  #  
        27 #  #  #  #  #  #  #  #  #  #  #  #  #  #  #  #  #  #  #  #  #  #  #  #  #  #  #  #  #  #  

        # moves taken:  499
        trial runtime:  1.18s

        trial 8
           0  1  2  3  4  5  6  7  8  9  10 11 12 13 14 15 16 17 18 19 20 21 22 23 24 25 26 27 28 29 
        0  #  #  #  #  #  #  #  #  #  #  #  #  #  #  #  #  #  #  #  #  #  #  #  #  #  #  #  #  #  #  
        1  #  #  #  #  #  #  #  #  #  .  .  .  .  .  .  .  .  .  .  .  .  .  #  #  #  #  #  #  #  #  
        2  #  #  #  #  #  .  .  .  .  .  .  .  .  .  .  .  .  .  .  .  .  .  .  .  .  .  #  #  #  #  
        3  #  #  #  .  .  .  .  .  .  .  .  .  .  .  .  .  .  .  .  .  .  .  .  .  .  .  .  #  #  #  
        4  #  #  .  .  .  .  .  .  #  #  #  #  #  #  #  #  #  #  .  .  .  .  .  .  .  #  #  #  #  #  
        5  #  #  .  .  .  .  .  #  #  #  #  #  #  #  #  #  #  #  #  .  .  .  .  .  #  #  #  #  #  #  
        6  #  #  .  .  .  .  .  #  #  #  #  #  #  #  #  #  #  .  .  .  .  .  #  #  #  #  #  #  #  #  
        7  #  #  .  .  .  .  .  #  #  #  #  #  #  #  #  .  .  .  .  .  #  #  #  #  #  #  #  #  #  #  
        8  #  #  .  .  .  .  .  #  #  #  #  #  #  #  .  .  .  .  .  #  #  #  #  #  #  #  #  #  #  #  
        9  #  #  .  .  .  .  .  #  #  #  #  #  .  .  .  .  .  #  #  #  #  #  #  #  #  #  #  #  #  #  
        10 #  #  .  .  .  .  .  #  #  #  .  .  .  .  .  #  #  #  #  #  #  #  #  #  #  #  #  #  #  #  
        11 #  #  .  .  .  .  .  #  #  #  #  #  .  .  .  .  .  #  #  #  #  #  #  #  #  #  #  #  #  #  
        12 #  .  .  .  .  .  #  #  #  #  #  #  #  .  .  .  .  .  #  #  #  #  #  #  #  #  #  #  #  #  
        13 #  .  .  .  .  .  #  #  #  #  #  #  #  #  .  .  .  .  .  #  #  #  #  #  #  #  #  #  #  #  
        14 #  .  .  .  .  .  #  #  #  #  #  #  #  #  #  #  .  .  .  .  .  #  #  #  #  #  #  #  #  #  
        15 #  .  .  .  .  .  #  #  #  #  #  #  #  #  #  #  #  #  #  .  .  .  .  .  #  #  #  #  #  #  
        16 #  #  .  .  .  .  .  #  #  #  #  #  #  #  #  #  #  #  #  #  #  .  .  .  .  .  .  .  #  #  
        17 #  #  .  .  .  .  .  #  #  #  #  #  #  #  #  #  #  #  #  #  #  #  #  .  .  .  .  .  #  #  
        18 #  #  .  .  .  .  .  #  #  #  #  #  #  #  #  #  #  #  #  #  #  #  #  .  .  .  .  .  #  #  
        19 #  #  .  .  .  .  .  #  #  #  #  #  #  #  #  #  #  #  #  #  #  #  #  .  .  .  .  .  #  #  
        20 #  #  .  .  .  .  .  #  #  #  #  #  #  #  #  #  #  #  #  #  #  #  #  .  .  .  .  .  #  #  
        21 #  .  .  .  .  .  #  #  #  #  #  #  #  #  #  #  #  #  #  #  #  #  #  .  .  .  .  .  #  #  
        22 #  .  .  .  .  .  #  #  #  #  #  #  #  #  #  #  #  #  #  #  #  #  #  .  .  .  .  .  #  #  
        23 #  .  .  .  .  .  #  #  #  #  #  #  #  #  #  #  #  #  #  #  #  #  #  .  .  .  .  .  #  #  
        24 #  .  .  .  .  .  #  #  #  #  #  #  #  #  #  #  #  #  #  #  #  #  #  #  .  .  .  .  .  #  
        25 #  .  .  .  .  .  #  #  #  #  #  #  #  #  #  #  #  #  #  #  #  #  #  #  .  .  .  .  .  #  
        26 #  S  X  S  S  S  #  #  #  #  #  #  #  #  #  #  #  #  #  #  #  #  #  #  F  F  F  F  F  #  
        27 #  #  #  #  #  #  #  #  #  #  #  #  #  #  #  #  #  #  #  #  #  #  #  #  #  #  #  #  #  #  

        # moves taken:  499
        trial runtime:  0.79s

        trial 9
           0  1  2  3  4  5  6  7  8  9  10 11 12 13 14 15 16 17 18 19 20 21 22 23 24 25 26 27 28 29 
        0  #  #  #  #  #  #  #  #  #  #  #  #  #  #  #  #  #  #  #  #  #  #  #  #  #  #  #  #  #  #  
        1  #  #  #  #  #  #  #  #  #  .  .  .  .  .  .  .  .  .  .  .  .  .  #  #  #  #  #  #  #  #  
        2  #  #  #  #  #  .  .  .  .  .  .  .  .  .  .  .  .  .  .  .  .  .  .  .  .  .  #  #  #  #  
        3  #  #  #  .  .  .  .  .  .  .  .  .  .  .  .  .  .  .  .  .  .  .  .  .  .  .  .  #  #  #  
        4  #  #  .  .  .  .  .  .  #  #  #  #  #  #  #  #  #  #  .  .  .  .  .  .  .  #  #  #  #  #  
        5  #  #  .  .  .  .  .  #  #  #  #  #  #  #  #  #  #  #  #  .  .  .  .  .  #  #  #  #  #  #  
        6  #  #  .  .  .  .  .  #  #  #  #  #  #  #  #  #  #  .  .  .  .  .  #  #  #  #  #  #  #  #  
        7  #  #  .  .  .  .  .  #  #  #  #  #  #  #  #  .  .  .  .  .  #  #  #  #  #  #  #  #  #  #  
        8  #  #  .  .  .  .  .  #  #  #  #  #  #  #  .  .  .  .  .  #  #  #  #  #  #  #  #  #  #  #  
        9  #  #  .  .  .  .  .  #  #  #  #  #  .  .  .  .  .  #  #  #  #  #  #  #  #  #  #  #  #  #  
        10 #  #  .  .  .  .  .  #  #  #  .  .  .  .  .  #  #  #  #  #  #  #  #  #  #  #  #  #  #  #  
        11 #  #  .  .  .  .  .  #  #  #  #  #  .  .  .  .  .  #  #  #  #  #  #  #  #  #  #  #  #  #  
        12 #  .  .  .  .  .  #  #  #  #  #  #  #  .  .  .  .  .  #  #  #  #  #  #  #  #  #  #  #  #  
        13 #  .  .  .  .  .  #  #  #  #  #  #  #  #  .  .  .  .  .  #  #  #  #  #  #  #  #  #  #  #  
        14 #  .  .  .  .  .  #  #  #  #  #  #  #  #  #  #  .  .  .  .  .  #  #  #  #  #  #  #  #  #  
        15 #  .  .  .  .  .  #  #  #  #  #  #  #  #  #  #  #  #  #  .  .  .  .  .  #  #  #  #  #  #  
        16 #  #  .  .  .  .  .  #  #  #  #  #  #  #  #  #  #  #  #  #  #  .  .  .  .  .  .  .  #  #  
        17 #  #  .  .  .  .  .  #  #  #  #  #  #  #  #  #  #  #  #  #  #  #  #  .  .  .  .  .  #  #  
        18 #  #  .  .  .  .  .  #  #  #  #  #  #  #  #  #  #  #  #  #  #  #  #  .  .  .  .  .  #  #  
        19 #  #  .  .  .  .  .  #  #  #  #  #  #  #  #  #  #  #  #  #  #  #  #  .  .  .  .  .  #  #  
        20 #  #  .  .  .  .  .  #  #  #  #  #  #  #  #  #  #  #  #  #  #  #  #  .  .  .  .  .  #  #  
        21 #  .  .  .  .  .  #  #  #  #  #  #  #  #  #  #  #  #  #  #  #  #  #  .  .  .  .  .  #  #  
        22 #  .  .  .  .  .  #  #  #  #  #  #  #  #  #  #  #  #  #  #  #  #  #  .  .  .  .  .  #  #  
        23 #  .  .  .  .  .  #  #  #  #  #  #  #  #  #  #  #  #  #  #  #  #  #  .  .  .  .  .  #  #  
        24 #  .  .  .  .  .  #  #  #  #  #  #  #  #  #  #  #  #  #  #  #  #  #  #  .  .  .  .  .  #  
        25 #  .  .  .  .  .  #  #  #  #  #  #  #  #  #  #  #  #  #  #  #  #  #  #  .  .  .  .  .  #  
        26 #  S  X  S  S  S  #  #  #  #  #  #  #  #  #  #  #  #  #  #  #  #  #  #  F  F  F  F  F  #  
        27 #  #  #  #  #  #  #  #  #  #  #  #  #  #  #  #  #  #  #  #  #  #  #  #  #  #  #  #  #  #  

        # moves taken:  499
        trial runtime:  0.77s

====================================================================================================

====================================================================================================
RUNNING O TRACK
track simulator initialized
restart upon crash = False

           0  1  2  3  4  5  6  7  8  9  10 11 12 13 14 15 16 17 18 19 20 21 22 23 24 
        0  X  #  #  #  #  #  #  #  #  #  #  #  #  #  #  #  #  #  #  #  #  #  #  #  #  
        1  #  #  #  #  .  .  .  .  .  .  .  .  .  .  .  .  .  .  .  .  .  #  #  #  #  
        2  #  #  #  .  .  .  .  .  .  .  .  .  .  .  .  .  .  .  .  .  .  .  #  #  #  
        3  #  #  #  .  .  .  .  #  #  #  #  #  #  #  #  #  #  #  .  .  .  .  #  #  #  
        4  #  #  .  .  .  .  #  #  #  #  #  #  #  #  #  #  #  #  #  .  .  .  .  #  #  
        5  #  .  .  .  .  #  #  #  #  #  #  #  #  #  #  #  #  #  #  #  .  .  .  .  #  
        6  #  .  .  .  .  #  #  #  #  #  #  #  #  #  #  #  #  #  #  #  .  .  .  .  #  
        7  #  .  .  .  .  #  #  #  #  #  #  #  #  #  #  #  #  #  #  #  .  .  .  .  #  
        8  #  .  .  .  .  #  #  #  #  #  #  #  #  #  #  #  #  #  #  #  .  .  .  .  #  
        9  #  .  .  .  .  #  #  #  #  #  #  #  #  #  #  #  #  #  #  #  .  .  .  .  #  
        10 #  S  S  S  S  #  #  #  #  #  #  #  #  #  #  #  #  #  #  #  .  .  .  .  #  
        11 #  #  #  #  #  #  #  #  #  #  #  #  #  #  #  #  #  #  #  #  .  .  .  .  #  
        12 #  F  F  F  F  #  #  #  #  #  #  #  #  #  #  #  #  #  #  #  .  .  .  .  #  
        13 #  .  .  .  .  #  #  #  #  #  #  #  #  #  #  #  #  #  #  #  .  .  .  .  #  
        14 #  .  .  .  .  #  #  #  #  #  #  #  #  #  #  #  #  #  #  #  .  .  .  .  #  
        15 #  .  .  .  .  #  #  #  #  #  #  #  #  #  #  #  #  #  #  #  .  .  .  .  #  
        16 #  .  .  .  .  #  #  #  #  #  #  #  #  #  #  #  #  #  #  #  .  .  .  .  #  
        17 #  .  .  .  .  #  #  #  #  #  #  #  #  #  #  #  #  #  #  #  .  .  .  .  #  
        18 #  .  .  .  .  #  #  #  #  #  #  #  #  #  #  #  #  #  #  #  .  .  .  .  #  
        19 #  .  .  .  .  #  #  #  #  #  #  #  #  #  #  #  #  #  #  #  .  .  .  .  #  
        20 #  #  .  .  .  .  #  #  #  #  #  #  #  #  #  #  #  #  #  .  .  .  .  #  #  
        21 #  #  #  .  .  .  .  #  #  #  #  #  #  #  #  #  #  #  .  .  .  .  #  #  #  
        22 #  #  #  .  .  .  .  .  .  .  .  .  .  .  .  .  .  .  .  .  .  .  #  #  #  
        23 #  #  #  #  .  .  .  .  .  .  .  .  .  .  .  .  .  .  .  .  .  #  #  #  #  
        24 #  #  #  #  #  #  #  #  #  #  #  #  #  #  #  #  #  #  #  #  #  #  #  #  #  


start of training, for 500000 total iterations
policy backtrack took:  0.40s

policy finalized after 2380.74s

# time trials to run:  10

        trial 0
           0  1  2  3  4  5  6  7  8  9  10 11 12 13 14 15 16 17 18 19 20 21 22 23 24 
        0  #  #  #  #  #  #  #  #  #  #  #  #  #  #  #  #  #  #  #  #  #  #  #  #  #  
        1  #  #  #  #  .  .  .  .  .  .  .  .  .  .  .  .  .  .  .  .  .  #  #  #  #  
        2  #  #  #  .  .  .  .  .  .  .  .  .  .  .  .  .  .  .  .  .  .  .  #  #  #  
        3  #  #  #  .  .  .  .  #  #  #  #  #  #  #  #  #  #  #  .  .  .  .  #  #  #  
        4  #  #  .  .  .  .  #  #  #  #  #  #  #  #  #  #  #  #  #  .  .  .  .  #  #  
        5  #  .  .  .  .  #  #  #  #  #  #  #  #  #  #  #  #  #  #  #  .  .  .  .  #  
        6  #  .  .  .  .  #  #  #  #  #  #  #  #  #  #  #  #  #  #  #  .  .  .  .  #  
        7  #  .  .  .  .  #  #  #  #  #  #  #  #  #  #  #  #  #  #  #  .  .  .  .  #  
        8  #  .  .  .  .  #  #  #  #  #  #  #  #  #  #  #  #  #  #  #  .  .  .  .  #  
        9  #  .  .  .  .  #  #  #  #  #  #  #  #  #  #  #  #  #  #  #  .  .  .  .  #  
        10 #  S  X  S  S  #  #  #  #  #  #  #  #  #  #  #  #  #  #  #  .  .  .  .  #  
        11 #  #  #  #  #  #  #  #  #  #  #  #  #  #  #  #  #  #  #  #  .  .  .  .  #  
        12 #  F  F  F  F  #  #  #  #  #  #  #  #  #  #  #  #  #  #  #  .  .  .  .  #  
        13 #  .  .  .  .  #  #  #  #  #  #  #  #  #  #  #  #  #  #  #  .  .  .  .  #  
        14 #  .  .  .  .  #  #  #  #  #  #  #  #  #  #  #  #  #  #  #  .  .  .  .  #  
        15 #  .  .  .  .  #  #  #  #  #  #  #  #  #  #  #  #  #  #  #  .  .  .  .  #  
        16 #  .  .  .  .  #  #  #  #  #  #  #  #  #  #  #  #  #  #  #  .  .  .  .  #  
        17 #  .  .  .  .  #  #  #  #  #  #  #  #  #  #  #  #  #  #  #  .  .  .  .  #  
        18 #  .  .  .  .  #  #  #  #  #  #  #  #  #  #  #  #  #  #  #  .  .  .  .  #  
        19 #  .  .  .  .  #  #  #  #  #  #  #  #  #  #  #  #  #  #  #  .  .  .  .  #  
        20 #  #  .  .  .  .  #  #  #  #  #  #  #  #  #  #  #  #  #  .  .  .  .  #  #  
        21 #  #  #  .  .  .  .  #  #  #  #  #  #  #  #  #  #  #  .  .  .  .  #  #  #  
        22 #  #  #  .  .  .  .  .  .  .  .  .  .  .  .  .  .  .  .  .  .  .  #  #  #  
        23 #  #  #  #  .  .  .  .  .  .  .  .  .  .  .  .  .  .  .  .  .  #  #  #  #  
        24 #  #  #  #  #  #  #  #  #  #  #  #  #  #  #  #  #  #  #  #  #  #  #  #  #  

        trial ended on position 12 2
        # moves taken:  11
        trial runtime:  0.49s

        trial 1
           0  1  2  3  4  5  6  7  8  9  10 11 12 13 14 15 16 17 18 19 20 21 22 23 24 
        0  #  #  #  #  #  #  #  #  #  #  #  #  #  #  #  #  #  #  #  #  #  #  #  #  #  
        1  #  #  #  #  .  .  .  .  .  .  .  .  .  .  .  .  .  .  .  .  .  #  #  #  #  
        2  #  #  #  .  .  .  .  .  .  .  .  .  .  .  .  .  .  .  .  .  .  .  #  #  #  
        3  #  #  #  .  .  .  .  #  #  #  #  #  #  #  #  #  #  #  .  .  .  .  #  #  #  
        4  #  #  .  .  .  .  #  #  #  #  #  #  #  #  #  #  #  #  #  .  .  .  .  #  #  
        5  #  .  .  .  .  #  #  #  #  #  #  #  #  #  #  #  #  #  #  #  .  .  .  .  #  
        6  #  .  .  .  .  #  #  #  #  #  #  #  #  #  #  #  #  #  #  #  .  .  .  .  #  
        7  #  .  .  .  .  #  #  #  #  #  #  #  #  #  #  #  #  #  #  #  .  .  .  .  #  
        8  #  .  .  .  .  #  #  #  #  #  #  #  #  #  #  #  #  #  #  #  .  .  .  .  #  
        9  #  .  .  .  .  #  #  #  #  #  #  #  #  #  #  #  #  #  #  #  .  .  .  .  #  
        10 #  X  S  S  S  #  #  #  #  #  #  #  #  #  #  #  #  #  #  #  .  .  .  .  #  
        11 #  #  #  #  #  #  #  #  #  #  #  #  #  #  #  #  #  #  #  #  .  .  .  .  #  
        12 #  F  F  F  F  #  #  #  #  #  #  #  #  #  #  #  #  #  #  #  .  .  .  .  #  
        13 #  .  .  .  .  #  #  #  #  #  #  #  #  #  #  #  #  #  #  #  .  .  .  .  #  
        14 #  .  .  .  .  #  #  #  #  #  #  #  #  #  #  #  #  #  #  #  .  .  .  .  #  
        15 #  .  .  .  .  #  #  #  #  #  #  #  #  #  #  #  #  #  #  #  .  .  .  .  #  
        16 #  .  .  .  .  #  #  #  #  #  #  #  #  #  #  #  #  #  #  #  .  .  .  .  #  
        17 #  .  .  .  .  #  #  #  #  #  #  #  #  #  #  #  #  #  #  #  .  .  .  .  #  
        18 #  .  .  .  .  #  #  #  #  #  #  #  #  #  #  #  #  #  #  #  .  .  .  .  #  
        19 #  .  .  .  .  #  #  #  #  #  #  #  #  #  #  #  #  #  #  #  .  .  .  .  #  
        20 #  #  .  .  .  .  #  #  #  #  #  #  #  #  #  #  #  #  #  .  .  .  .  #  #  
        21 #  #  #  .  .  .  .  #  #  #  #  #  #  #  #  #  #  #  .  .  .  .  #  #  #  
        22 #  #  #  .  .  .  .  .  .  .  .  .  .  .  .  .  .  .  .  .  .  .  #  #  #  
        23 #  #  #  #  .  .  .  .  .  .  .  .  .  .  .  .  .  .  .  .  .  #  #  #  #  
        24 #  #  #  #  #  #  #  #  #  #  #  #  #  #  #  #  #  #  #  #  #  #  #  #  #  

        trial ended on position 12 1
        # moves taken:  1
        trial runtime:  0.44s

        trial 2
           0  1  2  3  4  5  6  7  8  9  10 11 12 13 14 15 16 17 18 19 20 21 22 23 24 
        0  #  #  #  #  #  #  #  #  #  #  #  #  #  #  #  #  #  #  #  #  #  #  #  #  #  
        1  #  #  #  #  .  .  .  .  .  .  .  .  .  .  .  .  .  .  .  .  .  #  #  #  #  
        2  #  #  #  .  .  .  .  .  .  .  .  .  .  .  .  .  .  .  .  .  .  .  #  #  #  
        3  #  #  #  .  .  .  .  #  #  #  #  #  #  #  #  #  #  #  .  .  .  .  #  #  #  
        4  #  #  .  .  .  .  #  #  #  #  #  #  #  #  #  #  #  #  #  .  .  .  .  #  #  
        5  #  .  .  .  .  #  #  #  #  #  #  #  #  #  #  #  #  #  #  #  .  .  .  .  #  
        6  #  .  .  .  .  #  #  #  #  #  #  #  #  #  #  #  #  #  #  #  .  .  .  .  #  
        7  #  .  .  .  .  #  #  #  #  #  #  #  #  #  #  #  #  #  #  #  .  .  .  .  #  
        8  #  .  .  .  .  #  #  #  #  #  #  #  #  #  #  #  #  #  #  #  .  .  .  .  #  
        9  #  .  .  .  .  #  #  #  #  #  #  #  #  #  #  #  #  #  #  #  .  .  .  .  #  
        10 #  S  X  S  S  #  #  #  #  #  #  #  #  #  #  #  #  #  #  #  .  .  .  .  #  
        11 #  #  #  #  #  #  #  #  #  #  #  #  #  #  #  #  #  #  #  #  .  .  .  .  #  
        12 #  F  F  F  F  #  #  #  #  #  #  #  #  #  #  #  #  #  #  #  .  .  .  .  #  
        13 #  .  .  .  .  #  #  #  #  #  #  #  #  #  #  #  #  #  #  #  .  .  .  .  #  
        14 #  .  .  .  .  #  #  #  #  #  #  #  #  #  #  #  #  #  #  #  .  .  .  .  #  
        15 #  .  .  .  .  #  #  #  #  #  #  #  #  #  #  #  #  #  #  #  .  .  .  .  #  
        16 #  .  .  .  .  #  #  #  #  #  #  #  #  #  #  #  #  #  #  #  .  .  .  .  #  
        17 #  .  .  .  .  #  #  #  #  #  #  #  #  #  #  #  #  #  #  #  .  .  .  .  #  
        18 #  .  .  .  .  #  #  #  #  #  #  #  #  #  #  #  #  #  #  #  .  .  .  .  #  
        19 #  .  .  .  .  #  #  #  #  #  #  #  #  #  #  #  #  #  #  #  .  .  .  .  #  
        20 #  #  .  .  .  .  #  #  #  #  #  #  #  #  #  #  #  #  #  .  .  .  .  #  #  
        21 #  #  #  .  .  .  .  #  #  #  #  #  #  #  #  #  #  #  .  .  .  .  #  #  #  
        22 #  #  #  .  .  .  .  .  .  .  .  .  .  .  .  .  .  .  .  .  .  .  #  #  #  
        23 #  #  #  #  .  .  .  .  .  .  .  .  .  .  .  .  .  .  .  .  .  #  #  #  #  
        24 #  #  #  #  #  #  #  #  #  #  #  #  #  #  #  #  #  #  #  #  #  #  #  #  #  

        # moves taken:  499
        trial runtime:  0.43s

        trial 3
           0  1  2  3  4  5  6  7  8  9  10 11 12 13 14 15 16 17 18 19 20 21 22 23 24 
        0  #  #  #  #  #  #  #  #  #  #  #  #  #  #  #  #  #  #  #  #  #  #  #  #  #  
        1  #  #  #  #  .  .  .  .  .  .  .  .  .  .  .  .  .  .  .  .  .  #  #  #  #  
        2  #  #  #  .  .  .  .  .  .  .  .  .  .  .  .  .  .  .  .  .  .  .  #  #  #  
        3  #  #  #  .  .  .  .  #  #  #  #  #  #  #  #  #  #  #  .  .  .  .  #  #  #  
        4  #  #  .  .  .  .  #  #  #  #  #  #  #  #  #  #  #  #  #  .  .  .  .  #  #  
        5  #  .  .  .  .  #  #  #  #  #  #  #  #  #  #  #  #  #  #  #  .  .  .  .  #  
        6  #  .  .  .  .  #  #  #  #  #  #  #  #  #  #  #  #  #  #  #  .  .  .  .  #  
        7  #  .  .  .  .  #  #  #  #  #  #  #  #  #  #  #  #  #  #  #  .  .  .  .  #  
        8  #  .  .  .  .  #  #  #  #  #  #  #  #  #  #  #  #  #  #  #  .  .  .  .  #  
        9  #  .  .  .  .  #  #  #  #  #  #  #  #  #  #  #  #  #  #  #  .  .  .  .  #  
        10 #  X  S  S  S  #  #  #  #  #  #  #  #  #  #  #  #  #  #  #  .  .  .  .  #  
        11 #  #  #  #  #  #  #  #  #  #  #  #  #  #  #  #  #  #  #  #  .  .  .  .  #  
        12 #  F  F  F  F  #  #  #  #  #  #  #  #  #  #  #  #  #  #  #  .  .  .  .  #  
        13 #  .  .  .  .  #  #  #  #  #  #  #  #  #  #  #  #  #  #  #  .  .  .  .  #  
        14 #  .  .  .  .  #  #  #  #  #  #  #  #  #  #  #  #  #  #  #  .  .  .  .  #  
        15 #  .  .  .  .  #  #  #  #  #  #  #  #  #  #  #  #  #  #  #  .  .  .  .  #  
        16 #  .  .  .  .  #  #  #  #  #  #  #  #  #  #  #  #  #  #  #  .  .  .  .  #  
        17 #  .  .  .  .  #  #  #  #  #  #  #  #  #  #  #  #  #  #  #  .  .  .  .  #  
        18 #  .  .  .  .  #  #  #  #  #  #  #  #  #  #  #  #  #  #  #  .  .  .  .  #  
        19 #  .  .  .  .  #  #  #  #  #  #  #  #  #  #  #  #  #  #  #  .  .  .  .  #  
        20 #  #  .  .  .  .  #  #  #  #  #  #  #  #  #  #  #  #  #  .  .  .  .  #  #  
        21 #  #  #  .  .  .  .  #  #  #  #  #  #  #  #  #  #  #  .  .  .  .  #  #  #  
        22 #  #  #  .  .  .  .  .  .  .  .  .  .  .  .  .  .  .  .  .  .  .  #  #  #  
        23 #  #  #  #  .  .  .  .  .  .  .  .  .  .  .  .  .  .  .  .  .  #  #  #  #  
        24 #  #  #  #  #  #  #  #  #  #  #  #  #  #  #  #  #  #  #  #  #  #  #  #  #  

        # moves taken:  499
        trial runtime:  0.39s

        trial 4
           0  1  2  3  4  5  6  7  8  9  10 11 12 13 14 15 16 17 18 19 20 21 22 23 24 
        0  #  #  #  #  #  #  #  #  #  #  #  #  #  #  #  #  #  #  #  #  #  #  #  #  #  
        1  #  #  #  #  .  .  .  .  .  .  .  .  .  .  .  .  .  .  .  .  .  #  #  #  #  
        2  #  #  #  .  .  .  .  .  .  .  .  .  .  .  .  .  .  .  .  .  .  .  #  #  #  
        3  #  #  #  .  .  .  .  #  #  #  #  #  #  #  #  #  #  #  .  .  .  .  #  #  #  
        4  #  #  .  .  .  .  #  #  #  #  #  #  #  #  #  #  #  #  #  .  .  .  .  #  #  
        5  #  .  .  .  .  #  #  #  #  #  #  #  #  #  #  #  #  #  #  #  .  .  .  .  #  
        6  #  .  .  .  .  #  #  #  #  #  #  #  #  #  #  #  #  #  #  #  .  .  .  .  #  
        7  #  .  .  .  .  #  #  #  #  #  #  #  #  #  #  #  #  #  #  #  .  .  .  .  #  
        8  #  .  .  .  .  #  #  #  #  #  #  #  #  #  #  #  #  #  #  #  .  .  .  .  #  
        9  #  .  .  .  .  #  #  #  #  #  #  #  #  #  #  #  #  #  #  #  .  .  .  .  #  
        10 #  S  S  X  S  #  #  #  #  #  #  #  #  #  #  #  #  #  #  #  .  .  .  .  #  
        11 #  #  #  #  #  #  #  #  #  #  #  #  #  #  #  #  #  #  #  #  .  .  .  .  #  
        12 #  F  F  F  F  #  #  #  #  #  #  #  #  #  #  #  #  #  #  #  .  .  .  .  #  
        13 #  .  .  .  .  #  #  #  #  #  #  #  #  #  #  #  #  #  #  #  .  .  .  .  #  
        14 #  .  .  .  .  #  #  #  #  #  #  #  #  #  #  #  #  #  #  #  .  .  .  .  #  
        15 #  .  .  .  .  #  #  #  #  #  #  #  #  #  #  #  #  #  #  #  .  .  .  .  #  
        16 #  .  .  .  .  #  #  #  #  #  #  #  #  #  #  #  #  #  #  #  .  .  .  .  #  
        17 #  .  .  .  .  #  #  #  #  #  #  #  #  #  #  #  #  #  #  #  .  .  .  .  #  
        18 #  .  .  .  .  #  #  #  #  #  #  #  #  #  #  #  #  #  #  #  .  .  .  .  #  
        19 #  .  .  .  .  #  #  #  #  #  #  #  #  #  #  #  #  #  #  #  .  .  .  .  #  
        20 #  #  .  .  .  .  #  #  #  #  #  #  #  #  #  #  #  #  #  .  .  .  .  #  #  
        21 #  #  #  .  .  .  .  #  #  #  #  #  #  #  #  #  #  #  .  .  .  .  #  #  #  
        22 #  #  #  .  .  .  .  .  .  .  .  .  .  .  .  .  .  .  .  .  .  .  #  #  #  
        23 #  #  #  #  .  .  .  .  .  .  .  .  .  .  .  .  .  .  .  .  .  #  #  #  #  
        24 #  #  #  #  #  #  #  #  #  #  #  #  #  #  #  #  #  #  #  #  #  #  #  #  #  

        trial ended on position 12 4
        # moves taken:  9
        trial runtime:  0.38s

        trial 5
           0  1  2  3  4  5  6  7  8  9  10 11 12 13 14 15 16 17 18 19 20 21 22 23 24 
        0  #  #  #  #  #  #  #  #  #  #  #  #  #  #  #  #  #  #  #  #  #  #  #  #  #  
        1  #  #  #  #  .  .  .  .  .  .  .  .  .  .  .  .  .  .  .  .  .  #  #  #  #  
        2  #  #  #  .  .  .  .  .  .  .  .  .  .  .  .  .  .  .  .  .  .  .  #  #  #  
        3  #  #  #  .  .  .  .  #  #  #  #  #  #  #  #  #  #  #  .  .  .  .  #  #  #  
        4  #  #  .  .  .  .  #  #  #  #  #  #  #  #  #  #  #  #  #  .  .  .  .  #  #  
        5  #  .  .  .  .  #  #  #  #  #  #  #  #  #  #  #  #  #  #  #  .  .  .  .  #  
        6  #  .  .  .  .  #  #  #  #  #  #  #  #  #  #  #  #  #  #  #  .  .  .  .  #  
        7  #  .  .  .  .  #  #  #  #  #  #  #  #  #  #  #  #  #  #  #  .  .  .  .  #  
        8  #  .  .  .  .  #  #  #  #  #  #  #  #  #  #  #  #  #  #  #  .  .  .  .  #  
        9  #  .  .  .  .  #  #  #  #  #  #  #  #  #  #  #  #  #  #  #  .  .  .  .  #  
        10 #  S  X  S  S  #  #  #  #  #  #  #  #  #  #  #  #  #  #  #  .  .  .  .  #  
        11 #  #  #  #  #  #  #  #  #  #  #  #  #  #  #  #  #  #  #  #  .  .  .  .  #  
        12 #  F  F  F  F  #  #  #  #  #  #  #  #  #  #  #  #  #  #  #  .  .  .  .  #  
        13 #  .  .  .  .  #  #  #  #  #  #  #  #  #  #  #  #  #  #  #  .  .  .  .  #  
        14 #  .  .  .  .  #  #  #  #  #  #  #  #  #  #  #  #  #  #  #  .  .  .  .  #  
        15 #  .  .  .  .  #  #  #  #  #  #  #  #  #  #  #  #  #  #  #  .  .  .  .  #  
        16 #  .  .  .  .  #  #  #  #  #  #  #  #  #  #  #  #  #  #  #  .  .  .  .  #  
        17 #  .  .  .  .  #  #  #  #  #  #  #  #  #  #  #  #  #  #  #  .  .  .  .  #  
        18 #  .  .  .  .  #  #  #  #  #  #  #  #  #  #  #  #  #  #  #  .  .  .  .  #  
        19 #  .  .  .  .  #  #  #  #  #  #  #  #  #  #  #  #  #  #  #  .  .  .  .  #  
        20 #  #  .  .  .  .  #  #  #  #  #  #  #  #  #  #  #  #  #  .  .  .  .  #  #  
        21 #  #  #  .  .  .  .  #  #  #  #  #  #  #  #  #  #  #  .  .  .  .  #  #  #  
        22 #  #  #  .  .  .  .  .  .  .  .  .  .  .  .  .  .  .  .  .  .  .  #  #  #  
        23 #  #  #  #  .  .  .  .  .  .  .  .  .  .  .  .  .  .  .  .  .  #  #  #  #  
        24 #  #  #  #  #  #  #  #  #  #  #  #  #  #  #  #  #  #  #  #  #  #  #  #  #  

        # moves taken:  499
        trial runtime:  0.37s

        trial 6
           0  1  2  3  4  5  6  7  8  9  10 11 12 13 14 15 16 17 18 19 20 21 22 23 24 
        0  #  #  #  #  #  #  #  #  #  #  #  #  #  #  #  #  #  #  #  #  #  #  #  #  #  
        1  #  #  #  #  .  .  .  .  .  .  .  .  .  .  .  .  .  .  .  .  .  #  #  #  #  
        2  #  #  #  .  .  .  .  .  .  .  .  .  .  .  .  .  .  .  .  .  .  .  #  #  #  
        3  #  #  #  .  .  .  .  #  #  #  #  #  #  #  #  #  #  #  .  .  .  .  #  #  #  
        4  #  #  .  .  .  .  #  #  #  #  #  #  #  #  #  #  #  #  #  .  .  .  .  #  #  
        5  #  .  .  .  .  #  #  #  #  #  #  #  #  #  #  #  #  #  #  #  .  .  .  .  #  
        6  #  .  .  .  .  #  #  #  #  #  #  #  #  #  #  #  #  #  #  #  .  .  .  .  #  
        7  #  .  .  .  .  #  #  #  #  #  #  #  #  #  #  #  #  #  #  #  .  .  .  .  #  
        8  #  .  .  .  .  #  #  #  #  #  #  #  #  #  #  #  #  #  #  #  .  .  .  .  #  
        9  #  .  .  .  .  #  #  #  #  #  #  #  #  #  #  #  #  #  #  #  .  .  .  .  #  
        10 #  X  S  S  S  #  #  #  #  #  #  #  #  #  #  #  #  #  #  #  .  .  .  .  #  
        11 #  #  #  #  #  #  #  #  #  #  #  #  #  #  #  #  #  #  #  #  .  .  .  .  #  
        12 #  F  F  F  F  #  #  #  #  #  #  #  #  #  #  #  #  #  #  #  .  .  .  .  #  
        13 #  .  .  .  .  #  #  #  #  #  #  #  #  #  #  #  #  #  #  #  .  .  .  .  #  
        14 #  .  .  .  .  #  #  #  #  #  #  #  #  #  #  #  #  #  #  #  .  .  .  .  #  
        15 #  .  .  .  .  #  #  #  #  #  #  #  #  #  #  #  #  #  #  #  .  .  .  .  #  
        16 #  .  .  .  .  #  #  #  #  #  #  #  #  #  #  #  #  #  #  #  .  .  .  .  #  
        17 #  .  .  .  .  #  #  #  #  #  #  #  #  #  #  #  #  #  #  #  .  .  .  .  #  
        18 #  .  .  .  .  #  #  #  #  #  #  #  #  #  #  #  #  #  #  #  .  .  .  .  #  
        19 #  .  .  .  .  #  #  #  #  #  #  #  #  #  #  #  #  #  #  #  .  .  .  .  #  
        20 #  #  .  .  .  .  #  #  #  #  #  #  #  #  #  #  #  #  #  .  .  .  .  #  #  
        21 #  #  #  .  .  .  .  #  #  #  #  #  #  #  #  #  #  #  .  .  .  .  #  #  #  
        22 #  #  #  .  .  .  .  .  .  .  .  .  .  .  .  .  .  .  .  .  .  .  #  #  #  
        23 #  #  #  #  .  .  .  .  .  .  .  .  .  .  .  .  .  .  .  .  .  #  #  #  #  
        24 #  #  #  #  #  #  #  #  #  #  #  #  #  #  #  #  #  #  #  #  #  #  #  #  #  

        # moves taken:  499
        trial runtime:  0.44s

        trial 7
           0  1  2  3  4  5  6  7  8  9  10 11 12 13 14 15 16 17 18 19 20 21 22 23 24 
        0  #  #  #  #  #  #  #  #  #  #  #  #  #  #  #  #  #  #  #  #  #  #  #  #  #  
        1  #  #  #  #  .  .  .  .  .  .  .  .  .  .  .  .  .  .  .  .  .  #  #  #  #  
        2  #  #  #  .  .  .  .  .  .  .  .  .  .  .  .  .  .  .  .  .  .  .  #  #  #  
        3  #  #  #  .  .  .  .  #  #  #  #  #  #  #  #  #  #  #  .  .  .  .  #  #  #  
        4  #  #  .  .  .  .  #  #  #  #  #  #  #  #  #  #  #  #  #  .  .  .  .  #  #  
        5  #  .  .  .  .  #  #  #  #  #  #  #  #  #  #  #  #  #  #  #  .  .  .  .  #  
        6  #  .  .  .  .  #  #  #  #  #  #  #  #  #  #  #  #  #  #  #  .  .  .  .  #  
        7  #  .  .  .  .  #  #  #  #  #  #  #  #  #  #  #  #  #  #  #  .  .  .  .  #  
        8  #  .  .  .  .  #  #  #  #  #  #  #  #  #  #  #  #  #  #  #  .  .  .  .  #  
        9  #  .  .  .  .  #  #  #  #  #  #  #  #  #  #  #  #  #  #  #  .  .  .  .  #  
        10 #  S  S  S  X  #  #  #  #  #  #  #  #  #  #  #  #  #  #  #  .  .  .  .  #  
        11 #  #  #  #  #  #  #  #  #  #  #  #  #  #  #  #  #  #  #  #  .  .  .  .  #  
        12 #  F  F  F  F  #  #  #  #  #  #  #  #  #  #  #  #  #  #  #  .  .  .  .  #  
        13 #  .  .  .  .  #  #  #  #  #  #  #  #  #  #  #  #  #  #  #  .  .  .  .  #  
        14 #  .  .  .  .  #  #  #  #  #  #  #  #  #  #  #  #  #  #  #  .  .  .  .  #  
        15 #  .  .  .  .  #  #  #  #  #  #  #  #  #  #  #  #  #  #  #  .  .  .  .  #  
        16 #  .  .  .  .  #  #  #  #  #  #  #  #  #  #  #  #  #  #  #  .  .  .  .  #  
        17 #  .  .  .  .  #  #  #  #  #  #  #  #  #  #  #  #  #  #  #  .  .  .  .  #  
        18 #  .  .  .  .  #  #  #  #  #  #  #  #  #  #  #  #  #  #  #  .  .  .  .  #  
        19 #  .  .  .  .  #  #  #  #  #  #  #  #  #  #  #  #  #  #  #  .  .  .  .  #  
        20 #  #  .  .  .  .  #  #  #  #  #  #  #  #  #  #  #  #  #  .  .  .  .  #  #  
        21 #  #  #  .  .  .  .  #  #  #  #  #  #  #  #  #  #  #  .  .  .  .  #  #  #  
        22 #  #  #  .  .  .  .  .  .  .  .  .  .  .  .  .  .  .  .  .  .  .  #  #  #  
        23 #  #  #  #  .  .  .  .  .  .  .  .  .  .  .  .  .  .  .  .  .  #  #  #  #  
        24 #  #  #  #  #  #  #  #  #  #  #  #  #  #  #  #  #  #  #  #  #  #  #  #  #  

        # moves taken:  499
        trial runtime:  0.39s

        trial 8
           0  1  2  3  4  5  6  7  8  9  10 11 12 13 14 15 16 17 18 19 20 21 22 23 24 
        0  #  #  #  #  #  #  #  #  #  #  #  #  #  #  #  #  #  #  #  #  #  #  #  #  #  
        1  #  #  #  #  .  .  .  .  .  .  .  .  .  .  .  .  .  .  .  .  .  #  #  #  #  
        2  #  #  #  .  .  .  .  .  .  .  .  .  .  .  .  .  .  .  .  .  .  .  #  #  #  
        3  #  #  #  .  .  .  .  #  #  #  #  #  #  #  #  #  #  #  .  .  .  .  #  #  #  
        4  #  #  .  .  .  .  #  #  #  #  #  #  #  #  #  #  #  #  #  .  .  .  .  #  #  
        5  #  .  .  .  .  #  #  #  #  #  #  #  #  #  #  #  #  #  #  #  .  .  .  .  #  
        6  #  .  .  .  .  #  #  #  #  #  #  #  #  #  #  #  #  #  #  #  .  .  .  .  #  
        7  #  .  .  .  .  #  #  #  #  #  #  #  #  #  #  #  #  #  #  #  .  .  .  .  #  
        8  #  .  .  .  .  #  #  #  #  #  #  #  #  #  #  #  #  #  #  #  .  .  .  .  #  
        9  #  .  .  .  .  #  #  #  #  #  #  #  #  #  #  #  #  #  #  #  .  .  .  .  #  
        10 #  S  S  S  X  #  #  #  #  #  #  #  #  #  #  #  #  #  #  #  .  .  .  .  #  
        11 #  #  #  #  #  #  #  #  #  #  #  #  #  #  #  #  #  #  #  #  .  .  .  .  #  
        12 #  F  F  F  F  #  #  #  #  #  #  #  #  #  #  #  #  #  #  #  .  .  .  .  #  
        13 #  .  .  .  .  #  #  #  #  #  #  #  #  #  #  #  #  #  #  #  .  .  .  .  #  
        14 #  .  .  .  .  #  #  #  #  #  #  #  #  #  #  #  #  #  #  #  .  .  .  .  #  
        15 #  .  .  .  .  #  #  #  #  #  #  #  #  #  #  #  #  #  #  #  .  .  .  .  #  
        16 #  .  .  .  .  #  #  #  #  #  #  #  #  #  #  #  #  #  #  #  .  .  .  .  #  
        17 #  .  .  .  .  #  #  #  #  #  #  #  #  #  #  #  #  #  #  #  .  .  .  .  #  
        18 #  .  .  .  .  #  #  #  #  #  #  #  #  #  #  #  #  #  #  #  .  .  .  .  #  
        19 #  .  .  .  .  #  #  #  #  #  #  #  #  #  #  #  #  #  #  #  .  .  .  .  #  
        20 #  #  .  .  .  .  #  #  #  #  #  #  #  #  #  #  #  #  #  .  .  .  .  #  #  
        21 #  #  #  .  .  .  .  #  #  #  #  #  #  #  #  #  #  #  .  .  .  .  #  #  #  
        22 #  #  #  .  .  .  .  .  .  .  .  .  .  .  .  .  .  .  .  .  .  .  #  #  #  
        23 #  #  #  #  .  .  .  .  .  .  .  .  .  .  .  .  .  .  .  .  .  #  #  #  #  
        24 #  #  #  #  #  #  #  #  #  #  #  #  #  #  #  #  #  #  #  #  #  #  #  #  #  

        # moves taken:  499
        trial runtime:  0.47s

        trial 9
           0  1  2  3  4  5  6  7  8  9  10 11 12 13 14 15 16 17 18 19 20 21 22 23 24 
        0  #  #  #  #  #  #  #  #  #  #  #  #  #  #  #  #  #  #  #  #  #  #  #  #  #  
        1  #  #  #  #  .  .  .  .  .  .  .  .  .  .  .  .  .  .  .  .  .  #  #  #  #  
        2  #  #  #  .  .  .  .  .  .  .  .  .  .  .  .  .  .  .  .  .  .  .  #  #  #  
        3  #  #  #  .  .  .  .  #  #  #  #  #  #  #  #  #  #  #  .  .  .  .  #  #  #  
        4  #  #  .  .  .  .  #  #  #  #  #  #  #  #  #  #  #  #  #  .  .  .  .  #  #  
        5  #  .  .  .  .  #  #  #  #  #  #  #  #  #  #  #  #  #  #  #  .  .  .  .  #  
        6  #  .  .  .  .  #  #  #  #  #  #  #  #  #  #  #  #  #  #  #  .  .  .  .  #  
        7  #  .  .  .  .  #  #  #  #  #  #  #  #  #  #  #  #  #  #  #  .  .  .  .  #  
        8  #  .  .  .  .  #  #  #  #  #  #  #  #  #  #  #  #  #  #  #  .  .  .  .  #  
        9  #  .  .  .  .  #  #  #  #  #  #  #  #  #  #  #  #  #  #  #  .  .  .  .  #  
        10 #  X  S  S  S  #  #  #  #  #  #  #  #  #  #  #  #  #  #  #  .  .  .  .  #  
        11 #  #  #  #  #  #  #  #  #  #  #  #  #  #  #  #  #  #  #  #  .  .  .  .  #  
        12 #  F  F  F  F  #  #  #  #  #  #  #  #  #  #  #  #  #  #  #  .  .  .  .  #  
        13 #  .  .  .  .  #  #  #  #  #  #  #  #  #  #  #  #  #  #  #  .  .  .  .  #  
        14 #  .  .  .  .  #  #  #  #  #  #  #  #  #  #  #  #  #  #  #  .  .  .  .  #  
        15 #  .  .  .  .  #  #  #  #  #  #  #  #  #  #  #  #  #  #  #  .  .  .  .  #  
        16 #  .  .  .  .  #  #  #  #  #  #  #  #  #  #  #  #  #  #  #  .  .  .  .  #  
        17 #  .  .  .  .  #  #  #  #  #  #  #  #  #  #  #  #  #  #  #  .  .  .  .  #  
        18 #  .  .  .  .  #  #  #  #  #  #  #  #  #  #  #  #  #  #  #  .  .  .  .  #  
        19 #  .  .  .  .  #  #  #  #  #  #  #  #  #  #  #  #  #  #  #  .  .  .  .  #  
        20 #  #  .  .  .  .  #  #  #  #  #  #  #  #  #  #  #  #  #  .  .  .  .  #  #  
        21 #  #  #  .  .  .  .  #  #  #  #  #  #  #  #  #  #  #  .  .  .  .  #  #  #  
        22 #  #  #  .  .  .  .  .  .  .  .  .  .  .  .  .  .  .  .  .  .  .  #  #  #  
        23 #  #  #  #  .  .  .  .  .  .  .  .  .  .  .  .  .  .  .  .  .  #  #  #  #  
        24 #  #  #  #  #  #  #  #  #  #  #  #  #  #  #  #  #  #  #  #  #  #  #  #  #  

        # moves taken:  499
        trial runtime:  0.44s

====================================================================================================