
============== BREAST DATA ============== 
----------------- 0-layer -----------------

======== avg. summary of performance ========
fold #0, accuracy	98%
fold #1, accuracy	97%
fold #2, accuracy	98%
fold #3, accuracy	96%
fold #4, accuracy	93%
------
avg. % accuracy:	97%
total execution time:	10.58s
----------------- 1-layer -----------------

======== avg. summary of performance ========
fold #0, accuracy	97%
fold #1, accuracy	98%
fold #2, accuracy	98%
fold #3, accuracy	96%
fold #4, accuracy	95%
------
avg. % accuracy:	97%
total execution time:	34.57s
----------------- 2-layer -----------------

======== avg. summary of performance ========
fold #0, accuracy	97%
fold #1, accuracy	99%
fold #2, accuracy	98%
fold #3, accuracy	95%
fold #4, accuracy	96%
------
avg. % accuracy:	97%
total execution time:	55.20s

============== GLASS DATA ============== 
----------------- 0-layer -----------------

======== avg. summary of performance ========
fold #0, accuracy	59%
fold #1, accuracy	68%
fold #2, accuracy	63%
fold #3, accuracy	67%
fold #4, accuracy	63%
------
avg. % accuracy:	64%
total execution time:	26.78s
----------------- 1-layer -----------------

======== avg. summary of performance ========
fold #0, accuracy	69%
fold #1, accuracy	68%
fold #2, accuracy	50%
fold #3, accuracy	64%
fold #4, accuracy	63%
------
avg. % accuracy:	63%
total execution time:	33.21s
----------------- 2-layer -----------------

======== avg. summary of performance ========
fold #0, accuracy	44%
fold #1, accuracy	45%
fold #2, accuracy	42%
fold #3, accuracy	44%
fold #4, accuracy	39%
------
avg. % accuracy:	43%
total execution time:	25.43s

============== SOYBEAN DATA ============== 
----------------- 0-layer -----------------

======== avg. summary of performance ========
fold #0, accuracy	100%
fold #1, accuracy	100%
fold #2, accuracy	100%
fold #3, accuracy	100%
fold #4, accuracy	100%
------
avg. % accuracy:	100%
total execution time:	15.61s
----------------- 1-layer -----------------

======== avg. summary of performance ========
fold #0, accuracy	100%
fold #1, accuracy	100%
fold #2, accuracy	100%
fold #3, accuracy	100%
fold #4, accuracy	100%
------
avg. % accuracy:	100%
total execution time:	58.75s
----------------- 2-layer -----------------

======== avg. summary of performance ========
fold #0, accuracy	33%
fold #1, accuracy	33%
fold #2, accuracy	33%
fold #3, accuracy	33%
fold #4, accuracy	50%
------
avg. % accuracy:	37%
total execution time:	80.17s

============== ABALONE DATA ============== 

============== MACHINE DATA ============== 
----------------- 0-layer -----------------

============== FOREST FIRE DATA ============== 
