============== SOYBEAN DATA ==============
----------------- 0-layer -----------------
----->
forward feed
        i 0
        j 0
        x [0 0 0 0 0 0 1 1 0 0 0 1 0 1 0 1 0 0 0 0 1 1 0 0 0 1 0 0 1 0 1 0 1 0 1 1 1
 1 1 1 1 1 1 0 0 0 0 1 0 1 0 0 0 1 0 1 1 0 1 0 1 0 1 0 1 1 1 1 1 1 1 0]

        w [0.06124617 0.0589866  0.09991686 0.02635685 0.00403081 0.0858035
 0.03450538 0.09660473 0.02798013 0.08229274 0.08636593 0.03666625
 0.06642494 0.02172058 0.0370371  0.04144845 0.02027747 0.02070824
 0.03634925 0.09558321 0.04914845 0.06483144 0.09276191 0.01941664
 0.04605976 0.04074823 0.07149491 0.06320787 0.01600153 0.05250285
 0.06021797 0.01706704 0.00324972 0.09226183 0.09975742 0.06243969
 0.086807   0.07715059 0.07840828 0.02602532 0.09681373 0.08973344
 0.03416601 0.05107006 0.02197641 0.05421209 0.08723657 0.04333179
 0.04935797 0.09162054 0.07194278 0.02967709 0.04124184 0.03853261
 0.04318465 0.02217236 0.06760934 0.01664149 0.00518715 0.04777526
 0.01187575 0.01208924 0.09247354 0.03567595 0.01142757 0.05822767
 0.01240506 0.03778672 0.06187279 0.02664043 0.00993341 0.0926142
 0.0556358 ]

        z 1.763176756808667
        output 0.8536070802842315
----->
----->
forward feed
        i 0
        j 1
        x [0 0 0 0 0 0 1 1 0 0 0 1 0 1 0 1 0 0 0 0 1 1 0 0 0 1 0 0 1 0 1 0 1 0 1 1 1
 1 1 1 1 1 1 0 0 0 0 1 0 1 0 0 0 1 0 1 1 0 1 0 1 0 1 0 1 1 1 1 1 1 1 0]

        w [0.01388584 0.09925812 0.03217071 0.02068156 0.04180386 0.00169916
 0.01082496 0.07612725 0.09017708 0.01847423 0.00216223 0.01516079
 0.02348902 0.06559129 0.06977043 0.02334752 0.01352449 0.08093318
 0.05927809 0.04110871 0.03788137 0.07465117 0.06919455 0.0264601
 0.00131597 0.03167139 0.04573095 0.04100779 0.02633687 0.06404593
 0.00133214 0.08346146 0.07400589 0.03964309 0.03512355 0.08967874
 0.0614408  0.0112117  0.02231325 0.00785397 0.06765312 0.08889694
 0.08529776 0.024403   0.04437006 0.07562106 0.07840851 0.035243
 0.01939025 0.05181918 0.06479466 0.08367655 0.05635875 0.04403623
 0.05548692 0.00111718 0.09266498 0.01100546 0.02308204 0.06125952
 0.04184975 0.0125711  0.01453469 0.01404702 0.04093643 0.03004373
 0.0444989  0.06582685 0.07634288 0.09213847 0.03236899 0.06176157
 0.05758519]

        z 1.6504889761662953
        output 0.8389571259981009
----->
----->
forward feed
        i 0
        j 2
        x [0 0 0 0 0 0 1 1 0 0 0 1 0 1 0 1 0 0 0 0 1 1 0 0 0 1 0 0 1 0 1 0 1 0 1 1 1
 1 1 1 1 1 1 0 0 0 0 1 0 1 0 0 0 1 0 1 1 0 1 0 1 0 1 0 1 1 1 1 1 1 1 0]

        w [0.07408179 0.08243977 0.09990898 0.09179493 0.09591185 0.00144779
 0.07966594 0.09690396 0.0180251  0.02991152 0.08707742 0.03967722
 0.07186519 0.04216961 0.01218746 0.06144085 0.06500604 0.0490924
 0.02562955 0.0217497  0.01746278 0.01093613 0.04687408 0.01934963
 0.05413443 0.08325451 0.03319461 0.0253288  0.07572688 0.02168524
 0.09957756 0.07628692 0.0996546  0.08833761 0.02546676 0.05477029
 0.0190457  0.01519015 0.08630416 0.04056585 0.07467498 0.03385672
 0.00766912 0.05653806 0.09656166 0.03180185 0.04463802 0.01655148
 0.05365203 0.0479486  0.04471849 0.08283698 0.02952497 0.05004124
 0.02741295 0.03321968 0.09402914 0.07113374 0.02694532 0.09929291
 0.09863108 0.01849922 0.04852238 0.00290738 0.05738059 0.0013133
 0.01658869 0.02387234 0.07468849 0.02509337 0.05668249 0.08009773
 0.0598362 ]

        z 1.795358162694963
        output 0.8575829473858335
----->
----->
forward feed
        i 0
        j 3
        x [0 0 0 0 0 0 1 1 0 0 0 1 0 1 0 1 0 0 0 0 1 1 0 0 0 1 0 0 1 0 1 0 1 0 1 1 1
 1 1 1 1 1 1 0 0 0 0 1 0 1 0 0 0 1 0 1 1 0 1 0 1 0 1 0 1 1 1 1 1 1 1 0]

        w [0.02674482 0.08846808 0.0872464  0.04500609 0.09662946 0.06237601
 0.0181896  0.02906298 0.09433576 0.04011857 0.05321283 0.07959209
 0.0486971  0.0626969  0.08269518 0.06949831 0.07587773 0.03093542
 0.00121169 0.01637754 0.08556314 0.00578792 0.0399747  0.09823873
 0.00333141 0.09103304 0.09834692 0.091546   0.03923197 0.0134941
 0.01570636 0.09038179 0.04235162 0.08502528 0.00861044 0.06027393
 0.02325042 0.02373798 0.0721218  0.02394659 0.06774622 0.01491479
 0.04600796 0.01324421 0.00684656 0.0961169  0.02868593 0.08647863
 0.04145804 0.01694569 0.06504922 0.01807764 0.00623717 0.01753347
 0.07154152 0.04258344 0.01432146 0.00684227 0.0734504  0.03081233
 0.05317456 0.03443067 0.08417574 0.08586108 0.08139304 0.07952876
 0.06395852 0.03677181 0.01675724 0.06253113 0.03639048 0.04824286
 0.08871517]

        z 1.73403360912964
        output 0.849927636232095
----->

<----- backprop
layer 0
        y 1
        node.y 0.8536070802842315
        diff 0.1463929197157685
<-----

<----- backprop
layer 0
        y 0
        node.y 0.8389571259981009
        diff -0.8389571259981009
<-----

<----- backprop
layer 0
        y 0
        node.y 0.8575829473858335
        diff -0.8575829473858335
<-----

<----- backprop
layer 0
        y 0
        node.y 0.849927636232095
        diff -0.849927636232095
<-----
layer 0, node 0, delta value: 0.030664770325672594
layer 0, node 1, delta value: -0.17676718430930494
layer 0, node 2, delta value: -0.17934905573299065
layer 0, node 3, delta value: -0.17829689346194388


weights before update: [0.06124617 0.0589866  0.09991686 0.02635685 0.00403081 0.0858035
 0.03450538 0.09660473 0.02798013 0.08229274 0.08636593 0.03666625
 0.06642494 0.02172058 0.0370371  0.04144845 0.02027747 0.02070824
 0.03634925 0.09558321 0.04914845 0.06483144 0.09276191 0.01941664
 0.04605976 0.04074823 0.07149491 0.06320787 0.01600153 0.05250285
 0.06021797 0.01706704 0.00324972 0.09226183 0.09975742 0.06243969
 0.086807   0.07715059 0.07840828 0.02602532 0.09681373 0.08973344
 0.03416601 0.05107006 0.02197641 0.05421209 0.08723657 0.04333179
 0.04935797 0.09162054 0.07194278 0.02967709 0.04124184 0.03853261
 0.04318465 0.02217236 0.06760934 0.01664149 0.00518715 0.04777526
 0.01187575 0.01208924 0.09247354 0.03567595 0.01142757 0.05822767
 0.01240506 0.03778672 0.06187279 0.02664043 0.00993341 0.0926142
 0.0556358 ]

gradients [0.0, 0.0, 0.0, 0.0, 0.0, 0.0, 0.030664770325672594, 0.030664770325672594, 0.0, 0.0, 0.0, 0.030664770325672594, 0.0, 0.030664770325672594, 0.0, 0.030664770325672594, 0.0, 0.0, 0.0, 0.0, 0.030664770325672594, 0.030664770325672594, 0.0, 0.0, 0.0, 0.030664770325672594, 0.0, 0.0, 0.030664770325672594, 0.0, 0.030664770325672594, 0.0, 0.030664770325672594, 0.0, 0.030664770325672594, 0.030664770325672594, 0.030664770325672594, 0.030664770325672594, 0.030664770325672594, 0.030664770325672594, 0.030664770325672594, 0.030664770325672594, 0.030664770325672594, 0.0, 0.0, 0.0, 0.0, 0.030664770325672594, 0.0, 0.030664770325672594, 0.0, 0.0, 0.0, 0.030664770325672594, 0.0, 0.030664770325672594, 0.030664770325672594, 0.0, 0.030664770325672594, 0.0, 0.030664770325672594, 0.0, 0.030664770325672594, 0.0, 0.030664770325672594, 0.030664770325672594, 0.030664770325672594, 0.030664770325672594, 0.030664770325672594, 0.030664770325672594, 0.030664770325672594, 0.0]

weights after update: [0.06124617 0.0589866  0.09991686 0.02635685 0.00403081 0.0858035
 0.03481203 0.09691138 0.02798013 0.08229274 0.08636593 0.03697289
 0.06642494 0.02202723 0.0370371  0.0417551  0.02027747 0.02070824
 0.03634925 0.09558321 0.04945509 0.06513809 0.09276191 0.01941664
 0.04605976 0.04105488 0.07149491 0.06320787 0.01630818 0.05250285
 0.06052462 0.01706704 0.00355637 0.09226183 0.10006407 0.06274633
 0.08711364 0.07745724 0.07871492 0.02633197 0.09712037 0.09004008
 0.03447265 0.05107006 0.02197641 0.05421209 0.08723657 0.04363844
 0.04935797 0.09192719 0.07194278 0.02967709 0.04124184 0.03883926
 0.04318465 0.02247901 0.06791599 0.01664149 0.0054938  0.04777526
 0.0121824  0.01208924 0.09278018 0.03567595 0.01173422 0.05853432
 0.01271171 0.03809337 0.06217944 0.02694708 0.01024006 0.0926142
 0.05594245]

actual           ['D1' 'D1' 'D2' 'D2' 'D3' 'D3' 'D4' 'D4' 'D4']
predictions      ['D1' 'D1' 'D2' 'D2' 'D3' 'D3' 'D4' 'D4' 'D4']


NEURAL NETWORK
# layers (hidden/output)         1
# hidden nodes                   []
# output nodes                   4
# input (n x d)                  (33, 72)

LAYERS
---------
layer 0
-----
node 0
weights [-0.11497358 -0.00284364  0.00190072  0.04595283  0.04624192  0.18179382
  0.04632138  0.30604552 -0.34791337 -0.14806914  0.00473942  0.18220193
 -0.20446504  0.24955158 -0.08635664  0.08747953 -0.19220632 -0.12833923
  0.00314088  0.09214491  0.06838988  0.41931829 -0.19781577 -0.10401839
 -0.06086709  0.02814979 -0.08235937 -0.08839288  0.00114956 -0.0990386
 -0.06318647  0.12556021 -0.16320299 -0.06841565  0.09398219 -0.10401303
 -0.07964572 -0.08930212 -0.08804444 -0.14042739 -0.06963899 -0.07671928
 -0.12934344  0.04812679 -0.20838547 -0.26103598 -0.04314137  0.55286698
  0.27384066  0.18096265 -0.17797285 -0.20068479 -0.63474606  0.5480678
 -0.3410004   0.2399047   0.02171592 -0.10391781  0.06909632 -0.18258662
  0.07578492 -0.21827265  0.37164684 -0.40995007 -0.15502514 -0.10822504
 -0.15404765 -0.12866599 -0.10457992 -0.13981228  0.11453785 -0.17844294
 -0.11081691]
output 0.013004869717675994

node 1
weights [-0.123641    0.04625817 -0.02482857  0.02089295  0.08565588 -0.00212445
  0.07914339  0.22402036 -0.19668388  0.38290079 -0.07552183 -0.41054957
 -0.16067595 -0.07622387  0.25678271 -0.17341779  0.07132196  0.09587944
  0.0949241   0.04558306 -0.15615309 -0.05709861 -0.30245009  0.22124657
  0.17095606  0.14370933 -0.20527484 -0.02736647 -0.04425672  0.07436067
  0.00646907 -0.07095807 -0.06496197 -0.04857126 -0.01562995 -0.04928911
 -0.07752705 -0.12775615 -0.1166546  -0.13111388 -0.07131473 -0.05007092
 -0.05222247  0.02295538  0.40879663 -0.13947368 -0.0313013  -0.14334687
 -0.05142202 -0.16439478 -0.15157354  0.44810312  0.09598076 -0.13455363
  0.26586444 -0.34822819  0.01876375 -0.05406116 -0.48031238  0.42568609
 -0.46154467  0.37699767  0.20037139 -0.31075754 -0.09803142 -0.10892413
 -0.09446895 -0.07314101 -0.06262497 -0.04682938  0.12397565 -0.16881294
 -0.08138266]
output 0.018239254250284425

node 2
weights [ 0.18393962 -0.02135419  0.17245964 -0.00079854  0.09651732 -0.07010213
  0.00719904 -0.07833656  0.03587533 -0.11470468 -0.04089309  0.15487366
  0.50181712 -0.45911025 -0.0738749  -0.00916105 -0.02178234  0.13863782
 -0.10073032 -0.04460815 -0.0367552  -0.12991317  0.17494931 -0.06347869
 -0.00765346 -0.06904581  0.02810464  0.0525966  -0.10893121 -0.23103228
  0.28972031 -0.0185286  -0.05773568  0.5512879  -0.59487381 -0.10261999
 -0.13834459 -0.14220014 -0.07108613 -0.11682443 -0.08271531 -0.12353356
 -0.09831978  0.00513667 -0.04805454  0.39521856 -0.13242926 -0.18257203
 -0.02732533  0.49713868 -0.3362683  -0.06177923  0.0712582  -0.14908226
 -0.36144387  0.26468622 -0.36904976  0.37682236  0.01417125 -0.04532329
  0.085857   -0.12611699 -0.29521733  0.18925681 -0.10000969 -0.15607698
 -0.14080159 -0.13351795 -0.08270179 -0.13229692  0.19002866 -0.21063872
 -0.09755408]
output 0.10783020981929763

node 3
weights [ 0.12938579  0.24462021  0.05876439 -0.01218299 -0.05506225 -0.0243592
 -0.06175806 -0.44432002  0.42246618 -0.1495486   0.24210779 -0.06488829
 -0.14152397  0.21727261 -0.02691205 -0.09447393  0.09459738 -0.05503148
 -0.01625722 -0.04172679  0.10185069 -0.13633337  0.22651058 -0.01378091
 -0.07431613 -0.18002     0.22414737 -0.05113755  0.03666294  0.21668825
 -0.26936073  0.02700215 -0.10290096 -0.24841887  0.19680201 -0.08497866
 -0.12200216 -0.1215146  -0.07313078 -0.121306   -0.07750637 -0.1303378
  0.03521824 -0.12121866 -0.18282061  0.05683822  0.31562177 -0.11676395
 -0.05417509 -0.4675656   0.68960822 -0.17158952  0.06422716 -0.18570911
  0.2742924  -0.30542002  0.05764203 -0.18173088  0.11786498 -0.15885484
  0.09758914 -0.1552365  -0.30873401  0.33351824 -0.06385955 -0.06572382
 -0.08129406 -0.10848077 -0.12849535 -0.08272146 -0.65398495  0.5933657
 -0.05653742]
output 0.8672054110720041

----

======== avg. summary of performance ========
fold #0, accuracy       100%
fold #1, accuracy       100%
fold #2, accuracy       100%
fold #3, accuracy       100%
fold #4, accuracy       100%
------
avg. % accuracy:        100%
total execution time:   14.95s

----------------- 1-layer -----------------
----->
forward feed
        i 0
        j 0
        x [0 0 0 0 0 0 1 1 0 0 0 1 0 1 0 1 0 0 0 0 1 1 0 0 0 1 0 0 1 0 1 0 1 0 1 1 1
 1 1 1 1 1 1 0 0 0 0 1 0 1 0 0 0 1 0 1 1 0 1 0 1 0 1 0 1 1 1 1 1 1 1 0]

        w [0.05574179 0.03554408 0.04642344 0.08506542 0.00396129 0.04384945
 0.03829394 0.06452737 0.04020592 0.09354761 0.05951923 0.05041146
 0.01509087 0.01037929 0.07617047 0.07260592 0.02780628 0.0802781
 0.01483728 0.08145393 0.09177594 0.06078164 0.03676484 0.00367337
 0.06559203 0.05260307 0.03192582 0.06769868 0.09409768 0.08603221
 0.08324192 0.04203781 0.07991705 0.03994202 0.02699839 0.03032472
 0.01287612 0.09076109 0.00643391 0.0589546  0.08466422 0.03506302
 0.09735357 0.02572036 0.07660872 0.04673215 0.0860911  0.03847171
 0.03821234 0.00858368 0.02266746 0.01996848 0.05994004 0.07930459
 0.05187757 0.01640331 0.06470128 0.06197849 0.01414449 0.09237358
 0.02246088 0.01413733 0.00928306 0.07258379 0.01792866 0.06032429
 0.01552329 0.00643391 0.09328356 0.06122463 0.08513895 0.09044275
 0.05233986]

        z 1.7876150748561372
        output 0.8566346287588431
----->
----->
forward feed
        i 0
        j 1
        x [0 0 0 0 0 0 1 1 0 0 0 1 0 1 0 1 0 0 0 0 1 1 0 0 0 1 0 0 1 0 1 0 1 0 1 1 1
 1 1 1 1 1 1 0 0 0 0 1 0 1 0 0 0 1 0 1 1 0 1 0 1 0 1 0 1 1 1 1 1 1 1 0]

        w [0.0535446  0.04017198 0.07777371 0.08338338 0.06689494 0.08372156
 0.07548209 0.09752633 0.06786883 0.06466968 0.08321396 0.09585407
 0.04811101 0.0857228  0.03585644 0.0861622  0.04208284 0.01640922
 0.00998822 0.05647201 0.04267373 0.03352733 0.05028936 0.06491203
 0.02158203 0.02250811 0.06669239 0.07043796 0.02660123 0.08292782
 0.07326931 0.08192536 0.04057353 0.00659318 0.00601503 0.05936639
 0.03478067 0.03562605 0.01215716 0.07746917 0.01838903 0.06647448
 0.03252922 0.01342943 0.06525857 0.01588702 0.0317984  0.02119926
 0.06270696 0.09574148 0.0080474  0.09420237 0.03654431 0.00482142
 0.09576065 0.03198403 0.03092159 0.04617335 0.02688255 0.08400109
 0.02135779 0.06210306 0.01441154 0.09799945 0.08939403 0.01959683
 0.01992602 0.06072648 0.08859625 0.02001063 0.0880817  0.07389525
 0.08599182]

        z 1.7423513654728073
        output 0.8509854863641277
----->
----->
forward feed
        i 0
        j 2
        x [0 0 0 0 0 0 1 1 0 0 0 1 0 1 0 1 0 0 0 0 1 1 0 0 0 1 0 0 1 0 1 0 1 0 1 1 1
 1 1 1 1 1 1 0 0 0 0 1 0 1 0 0 0 1 0 1 1 0 1 0 1 0 1 0 1 1 1 1 1 1 1 0]

        w [0.04811042 0.01700133 0.09926498 0.070782   0.08833343 0.01127815
 0.00068842 0.06398021 0.03397306 0.0036682  0.01027789 0.06924312
 0.09093073 0.0500401  0.07245312 0.07183652 0.08537969 0.04804677
 0.08889868 0.00379266 0.04414082 0.07072967 0.00604912 0.04588932
 0.06982972 0.08736294 0.04306437 0.06317812 0.05547003 0.04663494
 0.00233762 0.05124275 0.08733189 0.08415801 0.06676976 0.06549721
 0.09119939 0.08774855 0.00563353 0.08295147 0.00565749 0.06288453
 0.02944724 0.0601207  0.05762968 0.01764318 0.04390412 0.00401719
 0.01170653 0.00461338 0.00157539 0.01223847 0.01358748 0.00757604
 0.06637819 0.01146249 0.08117071 0.05168299 0.0712732  0.01321244
 0.04632046 0.01649929 0.04729005 0.07954439 0.05053516 0.07640124
 0.09561406 0.0136566  0.00256103 0.04473633 0.00120229 0.04168895
 0.07065853]

        z 1.7300393005921832
        output 0.8494174471616225
----->
----->
forward feed
        i 0
        j 3
        x [0 0 0 0 0 0 1 1 0 0 0 1 0 1 0 1 0 0 0 0 1 1 0 0 0 1 0 0 1 0 1 0 1 0 1 1 1
 1 1 1 1 1 1 0 0 0 0 1 0 1 0 0 0 1 0 1 1 0 1 0 1 0 1 0 1 1 1 1 1 1 1 0]

        w [0.05514568 0.01819435 0.01543069 0.09749601 0.06773339 0.0495306
 0.08112391 0.06367314 0.08311726 0.01227011 0.08892718 0.09947751
 0.07664983 0.01269917 0.01794341 0.06170923 0.0472679  0.00849132
 0.0882337  0.04388627 0.07594705 0.02220153 0.01298075 0.03300211
 0.02301425 0.02852762 0.06794625 0.07336255 0.03877258 0.01325751
 0.02881117 0.05584115 0.01943068 0.07204639 0.02816809 0.0433406
 0.09774011 0.04679962 0.09172898 0.06693005 0.01894458 0.05885151
 0.00796464 0.04660754 0.03136665 0.0268623  0.06752264 0.01379112
 0.09028333 0.03939634 0.05296333 0.05207667 0.07883892 0.02012417
 0.06376575 0.01127975 0.00172336 0.09074129 0.05821331 0.02536449
 0.02659423 0.00013528 0.01109172 0.06311885 0.04935235 0.02345631
 0.01317099 0.04305449 0.06991932 0.02333937 0.09126776 0.07734501
 0.06193475]

        z 1.55055112548237
        output 0.8249933172241255
----->
----->
forward feed
        i 0
        j 4
        x [0 0 0 0 0 0 1 1 0 0 0 1 0 1 0 1 0 0 0 0 1 1 0 0 0 1 0 0 1 0 1 0 1 0 1 1 1
 1 1 1 1 1 1 0 0 0 0 1 0 1 0 0 0 1 0 1 1 0 1 0 1 0 1 0 1 1 1 1 1 1 1 0]

        w [0.07218304 0.0119177  0.01131774 0.0987372  0.04903997 0.09122295
 0.01191752 0.03659022 0.03398118 0.05004765 0.05389123 0.09913209
 0.04955181 0.03632309 0.09242435 0.03940172 0.07586962 0.07352733
 0.05383696 0.05383788 0.08040534 0.03343578 0.09872117 0.06716221
 0.01963262 0.07974512 0.08306836 0.03816041 0.08330225 0.07459869
 0.07820521 0.00960191 0.06932175 0.0879588  0.00372966 0.07649545
 0.00028185 0.09298697 0.0334798  0.01006791 0.06651071 0.04005169
 0.00745584 0.05258923 0.01281668 0.02646652 0.01857506 0.04784284
 0.01336442 0.0377962  0.08908469 0.04198924 0.09928598 0.02068917
 0.08702752 0.08555399 0.00193621 0.02486203 0.02132609 0.03792931
 0.04213787 0.08849398 0.09271974 0.05168574 0.05552426 0.03406028
 0.08573751 0.06595163 0.06681181 0.04170147 0.07117771 0.04025311
 0.01872084]

        z 1.7685275905294167
        output 0.8542744669931415
----->
----->
forward feed
        i 0
        j 5
        x [0 0 0 0 0 0 1 1 0 0 0 1 0 1 0 1 0 0 0 0 1 1 0 0 0 1 0 0 1 0 1 0 1 0 1 1 1
 1 1 1 1 1 1 0 0 0 0 1 0 1 0 0 0 1 0 1 1 0 1 0 1 0 1 0 1 1 1 1 1 1 1 0]

        w [0.0341402  0.04300397 0.04129806 0.0798584  0.02603824 0.04582938
 0.0724804  0.01528149 0.08394455 0.03376482 0.00067668 0.04060796
 0.0592374  0.0170223  0.06181574 0.03536873 0.0525719  0.0563449
 0.00464606 0.01449598 0.01178985 0.0107562  0.07033591 0.00766048
 0.08174669 0.04148656 0.08544174 0.0851738  0.05256034 0.08209659
 0.03302177 0.02216654 0.04288658 0.01289528 0.07391438 0.03728271
 0.07557671 0.04713937 0.05719008 0.01774748 0.07605188 0.06485448
 0.0593159  0.08948395 0.09896435 0.01905158 0.04978239 0.07740066
 0.0809222  0.00936154 0.0040841  0.08699016 0.03795921 0.0110859
 0.03175667 0.09199787 0.09655857 0.07779647 0.03077758 0.01454367
 0.02642303 0.07496017 0.07191561 0.03487521 0.0848233  0.01884336
 0.03424894 0.07265806 0.00676852 0.01808217 0.09965691 0.00238744
 0.01251201]

        z 1.6454492158849574
        output 0.8382750500084165
----->
----->
forward feed
        i 0
        j 6
        x [0 0 0 0 0 0 1 1 0 0 0 1 0 1 0 1 0 0 0 0 1 1 0 0 0 1 0 0 1 0 1 0 1 0 1 1 1
 1 1 1 1 1 1 0 0 0 0 1 0 1 0 0 0 1 0 1 1 0 1 0 1 0 1 0 1 1 1 1 1 1 1 0]

        w [2.92901649e-03 7.84059115e-02 8.74572981e-02 6.61963311e-02
 7.87930942e-02 5.20517333e-03 5.83172389e-02 2.90704784e-02
 2.06100848e-02 1.55778116e-03 4.04853035e-02 7.20906520e-02
 6.08473025e-02 6.43692127e-02 1.32272278e-02 1.14450453e-02
 7.37568779e-02 9.57258959e-02 6.27211606e-02 7.52605108e-02
 5.85567136e-02 8.85497608e-02 1.93093375e-02 5.18474884e-02
 1.15308840e-02 8.36526744e-02 1.04043778e-02 1.16539262e-03
 9.20215074e-02 7.82574602e-02 4.87338409e-03 2.05005997e-02
 5.21569909e-02 4.13368397e-02 2.68842139e-02 4.13904123e-02
 4.87396155e-02 8.25352810e-02 6.81234860e-02 3.01537704e-02
 6.96177125e-02 8.84385715e-02 1.16813889e-03 9.40818457e-02
 1.21495283e-02 9.08987011e-02 4.49320357e-02 4.83345782e-02
 8.95330944e-02 7.24153953e-02 5.57569118e-02 5.47443192e-02
 6.10992906e-02 5.79352036e-03 1.07051382e-02 8.66482673e-02
 1.13208334e-02 8.54610036e-02 3.19773160e-02 2.28751935e-02
 2.39125266e-02 2.72789150e-02 7.48347881e-02 2.04050432e-02
 1.14648718e-02 8.58743003e-02 4.42181332e-02 4.85580856e-02
 9.52105584e-02 9.65473764e-02 8.48019515e-05 6.74514422e-02
 1.91779003e-02]

        z 1.828528113789189
        output 0.861586289916629
----->
----->
forward feed
        i 0
        j 7
        x [0 0 0 0 0 0 1 1 0 0 0 1 0 1 0 1 0 0 0 0 1 1 0 0 0 1 0 0 1 0 1 0 1 0 1 1 1
 1 1 1 1 1 1 0 0 0 0 1 0 1 0 0 0 1 0 1 1 0 1 0 1 0 1 0 1 1 1 1 1 1 1 0]

        w [0.08855103 0.09768056 0.07497756 0.01729014 0.07733422 0.07352142
 0.08189318 0.0382955  0.08054337 0.0449617  0.03392211 0.04935338
 0.05575645 0.08837604 0.0771446  0.0835661  0.01687513 0.03935264
 0.0965218  0.04455171 0.01723482 0.06811972 0.0282308  0.00334091
 0.02934899 0.09735244 0.07715547 0.07093976 0.0924678  0.02077856
 0.00732749 0.03820029 0.08463582 0.04986574 0.08645614 0.00039764
 0.02694875 0.07716542 0.00835097 0.03651437 0.0257071  0.06936394
 0.03872799 0.065345   0.05404385 0.00153447 0.09663134 0.0601599
 0.07335744 0.05676647 0.0183147  0.00387732 0.02466063 0.08480473
 0.00731114 0.01170297 0.07117542 0.04994673 0.06081709 0.01896477
 0.07406256 0.09333429 0.05268873 0.05007364 0.045895   0.06784792
 0.04119254 0.01723449 0.06833493 0.00632325 0.07647093 0.06037101
 0.02627207]

        z 1.9000036425976883
        output 0.8698919379065974
----->
----->
forward feed
        i 0
        j 8
        x [0 0 0 0 0 0 1 1 0 0 0 1 0 1 0 1 0 0 0 0 1 1 0 0 0 1 0 0 1 0 1 0 1 0 1 1 1
 1 1 1 1 1 1 0 0 0 0 1 0 1 0 0 0 1 0 1 1 0 1 0 1 0 1 0 1 1 1 1 1 1 1 0]

        w [0.0873122  0.05976151 0.03876712 0.09452777 0.03960414 0.03590925
 0.0153557  0.01272068 0.03318343 0.08839236 0.0897625  0.06334866
 0.06907306 0.03150717 0.04249648 0.01113768 0.05610586 0.07407603
 0.07892595 0.01471896 0.040526   0.08019389 0.02891121 0.03834444
 0.01230896 0.04383279 0.0397903  0.02571817 0.07881614 0.06902767
 0.03089013 0.02811103 0.08244093 0.02168743 0.0711539  0.07914282
 0.00388146 0.06058708 0.07609989 0.0426169  0.08642926 0.0078576
 0.05613571 0.01863493 0.01707579 0.01950357 0.06826353 0.0797704
 0.0510777  0.04038212 0.03812645 0.09334924 0.07691994 0.00321187
 0.05543228 0.02341829 0.08012792 0.07038188 0.0792885  0.05136464
 0.0107725  0.07067906 0.02178472 0.05458589 0.0409401  0.04182426
 0.08371472 0.07598052 0.07411404 0.04467405 0.04632075 0.00892185
 0.01895853]

        z 1.7399576809357877
        output 0.8506816900818498
----->
----->
forward feed
        i 0
        j 9
        x [0 0 0 0 0 0 1 1 0 0 0 1 0 1 0 1 0 0 0 0 1 1 0 0 0 1 0 0 1 0 1 0 1 0 1 1 1
 1 1 1 1 1 1 0 0 0 0 1 0 1 0 0 0 1 0 1 1 0 1 0 1 0 1 0 1 1 1 1 1 1 1 0]

        w [0.02252821 0.04167482 0.00841271 0.03440135 0.01341688 0.04125635
 0.0968849  0.05551343 0.02361856 0.09223079 0.03304901 0.07266371
 0.03470741 0.03525428 0.03265196 0.02985708 0.02407703 0.08917724
 0.09310656 0.00794028 0.04417955 0.09204637 0.04489437 0.01842399
 0.09875029 0.01813009 0.02150839 0.01593446 0.03080396 0.04821467
 0.06286705 0.04098923 0.00309092 0.08040067 0.04454052 0.05814386
 0.09420182 0.03427324 0.03539053 0.01612081 0.06119586 0.03199409
 0.0468816  0.00519834 0.09772244 0.09164678 0.01363906 0.0177364
 0.09605755 0.04231132 0.06717731 0.09159222 0.00482881 0.04522137
 0.0309969  0.02151543 0.00476171 0.08731662 0.02287783 0.0431137
 0.03963497 0.09099974 0.05383939 0.03701421 0.08462854 0.08065581
 0.09182943 0.05736583 0.08208288 0.08175395 0.09138568 0.04306205
 0.05855335]

        z 1.8401875645264352
        output 0.8629708888400828
----->
----->
forward feed
        i 0
        j 10
        x [0 0 0 0 0 0 1 1 0 0 0 1 0 1 0 1 0 0 0 0 1 1 0 0 0 1 0 0 1 0 1 0 1 0 1 1 1
 1 1 1 1 1 1 0 0 0 0 1 0 1 0 0 0 1 0 1 1 0 1 0 1 0 1 0 1 1 1 1 1 1 1 0]

        w [0.05776492 0.02630746 0.0377745  0.04523953 0.02549118 0.07717504
 0.07337525 0.060816   0.079358   0.09679138 0.03068397 0.04954396
 0.00144368 0.06512792 0.03725706 0.00848625 0.02160479 0.05029751
 0.01036354 0.07050853 0.01384562 0.0301966  0.09922524 0.02601482
 0.04271041 0.07743254 0.009001   0.02784655 0.06424952 0.03000587
 0.03169596 0.00063479 0.06038653 0.07790238 0.08163767 0.0990635
 0.05607673 0.00467883 0.03354702 0.01323067 0.02602605 0.07608171
 0.03757382 0.02738397 0.09312259 0.06000784 0.05692069 0.08345072
 0.07042724 0.0533427  0.06596892 0.04938084 0.04488643 0.02526906
 0.08473993 0.0360475  0.01280725 0.00500821 0.03003312 0.08838721
 0.06141734 0.06629549 0.01495314 0.02577292 0.01598151 0.09982238
 0.05508082 0.02201982 0.01773061 0.0955035  0.00030855 0.05180164
 0.00411801]

        z 1.5909581919739508
        output 0.8307508712580589
----->
----->
forward feed
        i 0
        j 11
        x [0 0 0 0 0 0 1 1 0 0 0 1 0 1 0 1 0 0 0 0 1 1 0 0 0 1 0 0 1 0 1 0 1 0 1 1 1
 1 1 1 1 1 1 0 0 0 0 1 0 1 0 0 0 1 0 1 1 0 1 0 1 0 1 0 1 1 1 1 1 1 1 0]

        w [0.02238157 0.09548805 0.04098783 0.07868821 0.00328398 0.01079038
 0.08701668 0.04457356 0.0171118  0.03445824 0.02911029 0.0828782
 0.046989   0.03964404 0.09934856 0.0865413  0.06626569 0.08636087
 0.06665146 0.04724553 0.02174825 0.08465486 0.08416218 0.09568327
 0.03006795 0.06401866 0.06834186 0.08176831 0.07573683 0.09742205
 0.01149812 0.07501199 0.08136223 0.05117493 0.08860176 0.07904398
 0.04221065 0.01038676 0.00897305 0.04500177 0.03133238 0.0914636
 0.0800321  0.07218239 0.06594884 0.02455239 0.00832495 0.07691174
 0.00091841 0.01407471 0.02690392 0.01889653 0.00725974 0.07151891
 0.05592045 0.00236954 0.09644502 0.02747075 0.04468288 0.02033542
 0.05844104 0.05217554 0.08943407 0.03639458 0.01720717 0.0183691
 0.05450926 0.08724653 0.02414366 0.06628093 0.00554858 0.06852863
 0.02439275]

        z 1.9082946651613732
        output 0.8708274411174851
----->
----->
forward feed
        i 0
        j 12
        x [0 0 0 0 0 0 1 1 0 0 0 1 0 1 0 1 0 0 0 0 1 1 0 0 0 1 0 0 1 0 1 0 1 0 1 1 1
 1 1 1 1 1 1 0 0 0 0 1 0 1 0 0 0 1 0 1 1 0 1 0 1 0 1 0 1 1 1 1 1 1 1 0]

        w [0.02362629 0.07782546 0.02577151 0.0014948  0.04827024 0.01165326
 0.038869   0.00127236 0.08826079 0.094069   0.05955488 0.05166308
 0.07304213 0.039248   0.02559753 0.01321844 0.09246216 0.06721523
 0.08958991 0.05005473 0.05233581 0.08056889 0.07683888 0.02841218
 0.06511702 0.03686216 0.02749116 0.00949135 0.0539291  0.03916448
 0.02625133 0.02196406 0.02784484 0.02351949 0.0731973  0.07652825
 0.00583293 0.01928146 0.05677857 0.07159116 0.06609971 0.0569933
 0.02743472 0.00851817 0.07728116 0.03746387 0.06402449 0.03152253
 0.04992054 0.05535857 0.08999666 0.05365394 0.0207809  0.02005966
 0.06488345 0.04578223 0.04248089 0.01364149 0.06294061 0.01909413
 0.05427307 0.01264636 0.04471193 0.00297898 0.06584545 0.05218991
 0.07009997 0.0862758  0.01755573 0.02371876 0.09881748 0.05240539
 0.09359903]

        z 1.7410319762078155
        output 0.8508180981913832
----->
----->
forward feed
        i 0
        j 13
        x [0 0 0 0 0 0 1 1 0 0 0 1 0 1 0 1 0 0 0 0 1 1 0 0 0 1 0 0 1 0 1 0 1 0 1 1 1
 1 1 1 1 1 1 0 0 0 0 1 0 1 0 0 0 1 0 1 1 0 1 0 1 0 1 0 1 1 1 1 1 1 1 0]

        w [0.08193361 0.09415416 0.05004414 0.0274713  0.08588689 0.01185187
 0.0494167  0.00067324 0.06028378 0.00873718 0.04734132 0.04583609
 0.07334603 0.07450552 0.08688626 0.00372401 0.09842027 0.04961135
 0.075111   0.03569575 0.08401428 0.07340018 0.09504714 0.02470571
 0.05445    0.07329239 0.07101006 0.08444272 0.00147926 0.08659467
 0.01376139 0.05581593 0.03776683 0.03351451 0.04548893 0.07353973
 0.09867328 0.01623489 0.07523847 0.05744355 0.07722656 0.03635054
 0.02969219 0.09678046 0.05744482 0.09432653 0.04933157 0.01542835
 0.02288917 0.09705563 0.05928105 0.06095276 0.03350047 0.0099929
 0.01326432 0.09755354 0.03124892 0.08688024 0.09575905 0.03782388
 0.07933268 0.00035172 0.01700173 0.06897331 0.0669958  0.08278635
 0.08605058 0.06479874 0.07765212 0.0269688  0.05881974 0.03095225
 0.04989203]

        z 1.925094997279539
        output 0.8727055156029371
----->
----->
forward feed
        i 0
        j 14
        x [0 0 0 0 0 0 1 1 0 0 0 1 0 1 0 1 0 0 0 0 1 1 0 0 0 1 0 0 1 0 1 0 1 0 1 1 1
 1 1 1 1 1 1 0 0 0 0 1 0 1 0 0 0 1 0 1 1 0 1 0 1 0 1 0 1 1 1 1 1 1 1 0]

        w [0.07579878 0.01473088 0.08863444 0.0408976  0.07504681 0.03576525
 0.03589224 0.04827396 0.01996611 0.0533516  0.02026456 0.08236842
 0.02214531 0.02687803 0.034523   0.02617099 0.06452665 0.07303444
 0.02789704 0.09000827 0.03290515 0.06169594 0.00392848 0.04023166
 0.07198477 0.03057865 0.04680427 0.03973268 0.096239   0.03524419
 0.09885056 0.04659857 0.08552472 0.09592367 0.03637018 0.08897542
 0.07107452 0.08502151 0.00414938 0.09668453 0.07560578 0.08262228
 0.06984492 0.07779423 0.0355644  0.05970858 0.0277182  0.00729424
 0.07172125 0.05331727 0.06723421 0.00803487 0.03163922 0.08127575
 0.03656648 0.09495793 0.03751225 0.08667011 0.06861695 0.01761537
 0.00598799 0.00719136 0.02000866 0.06462969 0.08025592 0.03948296
 0.05581034 0.0395444  0.0531445  0.09481987 0.09344337 0.09762655
 0.00453914]

        z 2.0657377115489597
        output 0.8875281939719527
----->
----->
forward feed
        i 1
        j 0
        x [0.8566346287588431, 0.8509854863641277, 0.8494174471616225, 0.8249933172241255, 0.8542744669931415, 0.8382750500084165, 0.861586289916629, 0.8698919379065974, 0.8506816900818498, 0.8629708888400828, 0.8307508712580589, 0.8708274411174851, 0.8508180981913832, 0.8727055156029371, 0.8875281939719527]

        w [0.04287985 0.01968266 0.05804911 0.03038491 0.07889978 0.06935584
 0.07337663 0.02646453 0.00850987 0.05030849 0.07902793 0.06229648
 0.09470438 0.0994381  0.07309739 0.00547498]

        z 0.7479035227405082
        output 0.678721715780291
----->
----->
forward feed
        i 1
        j 1
        x [0.8566346287588431, 0.8509854863641277, 0.8494174471616225, 0.8249933172241255, 0.8542744669931415, 0.8382750500084165, 0.861586289916629, 0.8698919379065974, 0.8506816900818498, 0.8629708888400828, 0.8307508712580589, 0.8708274411174851, 0.8508180981913832, 0.8727055156029371, 0.8875281939719527]

        w [0.07734334 0.07069335 0.00163208 0.07701272 0.00869553 0.07286844
 0.02545446 0.04012055 0.0886886  0.0536231  0.07204817 0.0293706
 0.04197174 0.02692693 0.06606692 0.03180733]

        z 0.6734841508285765
        output 0.6622828793234585
----->
----->
forward feed
        i 1
        j 2
        x [0.8566346287588431, 0.8509854863641277, 0.8494174471616225, 0.8249933172241255, 0.8542744669931415, 0.8382750500084165, 0.861586289916629, 0.8698919379065974, 0.8506816900818498, 0.8629708888400828, 0.8307508712580589, 0.8708274411174851, 0.8508180981913832, 0.8727055156029371, 0.8875281939719527]

        w [0.02031673 0.02107353 0.06862248 0.01083494 0.0697697  0.04977988
 0.01669826 0.05901652 0.02049269 0.09849901 0.03084444 0.08380909
 0.09979688 0.0124548  0.03916027 0.00021968]

        z 0.6014175852001861
        output 0.6459805603727333
----->
----->
forward feed
        i 1
        j 3
        x [0.8566346287588431, 0.8509854863641277, 0.8494174471616225, 0.8249933172241255, 0.8542744669931415, 0.8382750500084165, 0.861586289916629, 0.8698919379065974, 0.8506816900818498, 0.8629708888400828, 0.8307508712580589, 0.8708274411174851, 0.8508180981913832, 0.8727055156029371, 0.8875281939719527]

        w [0.00194992 0.07317577 0.01571403 0.08794972 0.00079551 0.08422654
 0.0143106  0.05875577 0.08908389 0.01245705 0.01177186 0.09443228
 0.0080189  0.0211385  0.0658432  0.00820021]

        z 0.5550271995635877
        output 0.6353011513107628
----->

<----- backprop
layer 1
        y 1
        node.y 0.678721715780291
        diff 0.32127828421970905
<-----

<----- backprop
layer 1
        y 0
        node.y 0.6622828793234585
        diff -0.6622828793234585
<-----

<----- backprop
layer 1
        y 0
        node.y 0.6459805603727333
        diff -0.6459805603727333
<-----

<----- backprop
layer 1
        y 0
        node.y 0.6353011513107628
        diff -0.6353011513107628
<-----
layer 1, node 0, delta value: 0.07173598116653175
layer 1, node 1, delta value: -0.1486643481957286
layer 1, node 2, delta value: -0.14575356513504253
layer 1, node 3, delta value: -0.14381898393388323

layer 0, node 0, delta value: -0.0024402313550545107
layer 0, node 1, delta value: -0.004758540805380404
layer 0, node 2, delta value: -0.0017499915610974849
layer 0, node 3, delta value: -0.004978158960825972
layer 0, node 4, delta value: -0.0012389596270041398
layer 0, node 5, delta value: -0.005316649212699792
layer 0, node 6, delta value: -0.0006289701505141512
layer 0, node 7, delta value: -0.004394431735425401
layer 0, node 8, delta value: -0.005950299610168389
layer 0, node 9, delta value: -0.004280182714679685
layer 0, node 10, delta value: -0.0023739409503795643
layer 0, node 11, delta value: -0.005344593974896833
layer 0, node 12, delta value: -0.003175969046531163
layer 0, node 13, delta value: -0.0003585871221447581
layer 0, node 14, delta value: -0.004081014490752913


weights before update: [0.05574179 0.03554408 0.04642344 0.08506542 0.00396129 0.04384945
 0.03829394 0.06452737 0.04020592 0.09354761 0.05951923 0.05041146
 0.01509087 0.01037929 0.07617047 0.07260592 0.02780628 0.0802781
 0.01483728 0.08145393 0.09177594 0.06078164 0.03676484 0.00367337
 0.06559203 0.05260307 0.03192582 0.06769868 0.09409768 0.08603221
 0.08324192 0.04203781 0.07991705 0.03994202 0.02699839 0.03032472
 0.01287612 0.09076109 0.00643391 0.0589546  0.08466422 0.03506302
 0.09735357 0.02572036 0.07660872 0.04673215 0.0860911  0.03847171
 0.03821234 0.00858368 0.02266746 0.01996848 0.05994004 0.07930459
 0.05187757 0.01640331 0.06470128 0.06197849 0.01414449 0.09237358
 0.02246088 0.01413733 0.00928306 0.07258379 0.01792866 0.06032429
 0.01552329 0.00643391 0.09328356 0.06122463 0.08513895 0.09044275
 0.05233986]

gradients [-0.0, -0.0, -0.0, -0.0, -0.0, -0.0, -0.0024402313550545107, -0.0024402313550545107, -0.0, -0.0, -0.0, -0.0024402313550545107, -0.0, -0.0024402313550545107, -0.0, -0.0024402313550545107, -0.0, -0.0, -0.0, -0.0, -0.0024402313550545107, -0.0024402313550545107, -0.0, -0.0, -0.0, -0.0024402313550545107, -0.0, -0.0, -0.0024402313550545107, -0.0, -0.0024402313550545107, -0.0, -0.0024402313550545107, -0.0, -0.0024402313550545107, -0.0024402313550545107, -0.0024402313550545107, -0.0024402313550545107, -0.0024402313550545107, -0.0024402313550545107, -0.0024402313550545107, -0.0024402313550545107, -0.0024402313550545107, -0.0, -0.0, -0.0, -0.0, -0.0024402313550545107, -0.0, -0.0024402313550545107, -0.0, -0.0, -0.0, -0.0024402313550545107, -0.0, -0.0024402313550545107, -0.0024402313550545107, -0.0, -0.0024402313550545107, -0.0, -0.0024402313550545107, -0.0, -0.0024402313550545107, -0.0, -0.0024402313550545107, -0.0024402313550545107, -0.0024402313550545107, -0.0024402313550545107, -0.0024402313550545107, -0.0024402313550545107, -0.0024402313550545107, -0.0]

weights after update: [0.05574179 0.03554408 0.04642344 0.08506542 0.00396129 0.04384945
 0.03804992 0.06428335 0.04020592 0.09354761 0.05951923 0.05016744
 0.01509087 0.01013527 0.07617047 0.07236189 0.02780628 0.0802781
 0.01483728 0.08145393 0.09153191 0.06053762 0.03676484 0.00367337
 0.06559203 0.05235904 0.03192582 0.06769868 0.09385365 0.08603221
 0.0829979  0.04203781 0.07967303 0.03994202 0.02675437 0.0300807
 0.01263209 0.09051706 0.00618989 0.05871058 0.0844202  0.034819
 0.09710955 0.02572036 0.07660872 0.04673215 0.0860911  0.03822769
 0.03821234 0.00833966 0.02266746 0.01996848 0.05994004 0.07906057
 0.05187757 0.01615928 0.06445726 0.06197849 0.01390046 0.09237358
 0.02221685 0.01413733 0.00903904 0.07258379 0.01768464 0.06008027
 0.01527926 0.00618988 0.09303954 0.06098061 0.08489493 0.09044275
 0.05209584]

actual           ['D1' 'D1' 'D2' 'D2' 'D3' 'D3' 'D4' 'D4' 'D4']
predictions      ['D1' 'D1' 'D2' 'D2' 'D3' 'D3' 'D4' 'D4' 'D4']


NEURAL NETWORK
# layers (hidden/output)         2
# hidden nodes                   [15]
# output nodes                   4
# input (n x d)                  (33, 72)

LAYERS
---------
layer 0
-----
node 0
weights [-0.29357879  0.09314993 -0.12746759  0.14715906  0.06962506  0.16410159
  0.19181778  0.46282849 -0.42216759  0.46147586  0.07484942 -0.39691936
 -0.83329142  0.58472512  0.28613455 -0.03742542  0.07376523 -0.08447862
  0.13741882  0.13016728  0.02116538  0.29503561 -0.62948977  0.21541245
  0.2217812   0.27937517 -0.25891867 -0.08230238  0.18002635  0.29207747
 -0.22897812  0.08414021  0.01584466 -0.68503853  0.68790654 -0.03374766
 -0.05119627  0.0266887  -0.05763848 -0.00511779  0.02059183 -0.02900936
  0.00232234  0.05667921  0.44453698 -0.74081547  0.11685831  0.36325148
  0.16521581 -0.67914859  0.15139562  0.38789673 -0.32891211  0.40408436
  0.46018893 -0.45598044  0.52269207 -0.46008469 -0.41785615  0.46030184
 -0.40953977  0.38206559  0.70199108 -0.68419661 -0.04614373 -0.00374809
 -0.0485491  -0.05763848  0.02921118 -0.00284775  0.0089952   0.10251412
 -0.01173253]
output 0.03669182852461394

node 1
weights [ 0.30651499  0.21143485  0.19718827 -0.04087225 -0.03684296 -0.24209188
 -0.00536979 -0.61402967  0.68841378  0.64702641  0.24476353 -0.73906328
  0.36189621 -0.58834321  0.30512621 -0.51363729  0.55087128  0.20779265
  0.01502801 -0.020666   -0.16762252 -0.9967719   0.4072208   0.34745897
  0.32139182 -0.23942442  0.23761388  0.13118634 -0.12515819  0.36183512
  0.13498404 -0.34970772 -0.05043752  0.07487493 -0.15327776 -0.03164466
 -0.05623037 -0.055385   -0.07885388 -0.01354188 -0.07262201 -0.02453656
  0.05572664 -0.10077904  0.6476153   0.51722733  0.30861168 -1.43032211
 -0.55854132 -0.58416218  0.63583156  0.6765591   1.39705463 -1.44669995
  1.02507392 -0.98834029 -0.24276031  0.22884421 -0.64648523  0.66635782
 -0.65200999  0.64445979 -0.8547531   0.87615305 -0.00161702 -0.07141422
 -0.07108502 -0.03028456 -0.0024148  -0.07100041 -0.54142746  0.61239336
 -0.00501922]
output 0.9808576079570213

node 2
weights [ 0.26619239  0.01825829  0.21175567 -0.01566196 -0.01383014 -0.08497424
 -0.14525655 -0.37704542  0.3760234  -0.3753323   0.03648798  0.32305822
  0.57680148 -0.31917297 -0.14317985  0.07086599 -0.01262506  0.1000794
 -0.05854293 -0.06200142  0.1063686  -0.08699466  0.44379866 -0.1683191
 -0.09496235 -0.22236999  0.25382201  0.07095493 -0.05128206 -0.10609465
  0.09727016  0.01006452 -0.01164339  0.46991025 -0.41795777 -0.03347808
 -0.00777589 -0.01122673 -0.09334175 -0.01602382 -0.09331779 -0.03609075
  0.01846415 -0.0278715  -0.32137082  0.49047805  0.07053998 -0.21542834
 -0.07515159  0.34420901  0.02886309 -0.36676202  0.13405773 -0.21186949
 -0.27305043  0.25191583 -0.29326953  0.32714794  0.35129841 -0.36578805
  0.32634567 -0.3625012  -0.55115597  0.57901513 -0.04844013 -0.02257405
 -0.00336123 -0.08531868 -0.09641426 -0.05423896 -0.18622862  0.13014457
 -0.02831675]
output 0.9305565146394925

node 3
weights [ 0.51014051  0.27909484  0.18200276 -0.10622708 -0.21165018 -0.33331272
 -0.1765475  -1.20306738  1.10870377 -0.11670793  0.38408059 -0.30785186
  0.54875719 -0.58345093 -0.09916784 -0.50677124  0.37459437  0.08139029
 -0.04582456 -0.10909831  0.04893693 -0.92979671  0.85280303 -0.07585803
  0.00289636 -0.66222543  0.5175453   0.01661584 -0.14563472  0.24014348
 -0.09151046 -0.29187719 -0.22172332  0.15882037 -0.29975988 -0.1978134
 -0.14341389 -0.19435438 -0.14942502 -0.17422394 -0.22220942 -0.18230248
  0.00864271 -0.19522453 -0.09761138  0.77927299  0.5420802  -1.3253531
 -0.48865652 -0.52815814  1.08728169 -0.07690137  1.17682915 -1.31902005
  0.55421296 -0.72032146 -0.47189643  0.32320708 -0.05396265 -0.10361355
 -0.08558173 -0.12884275 -1.45703054  1.29008711 -0.19180165 -0.21769768
 -0.22798301 -0.19809951 -0.17123468 -0.21781462 -1.07696705  1.00442582
 -0.17921925]
output 0.9910433253054375

node 4
weights [ 0.15510331 -0.08727236  0.09046434  0.07190159  0.05745238  0.07749374
 -0.03032842  0.01206728  0.0469826  -0.08089328 -0.04178035  0.31422308
  0.4807936  -0.33976684  0.02575096  0.14174142 -0.0379916   0.1771906
 -0.04005469  0.03284993  0.08010015  0.01347989  0.23809647  0.00066156
 -0.04480765  0.0405102   0.11078176  0.12359766 -0.01365651 -0.14848204
  0.3103041  -0.01093777  0.05780023  0.54791364 -0.46774669  0.06497394
 -0.01123966  0.08146546  0.02195828 -0.00145361  0.05498919  0.02853017
 -0.00338024  0.05190379 -0.11812425  0.33806525 -0.14881091  0.02304948
  0.01214495  0.54524475 -0.29772499 -0.08895169  0.11255781 -0.00410418
 -0.25864667  0.41970666 -0.28168311  0.29695983  0.1407455  -0.09301162
  0.16155728 -0.04244695 -0.06301454  0.1958985   0.04400275  0.02253876
  0.07421599  0.05443011  0.05529029  0.03017995  0.33517744 -0.23526815
  0.00719932]
output 0.7937042117635292

node 5
weights [-0.10311115  0.13857744 -0.03397603  0.09322069  0.03708701  0.04515458
  0.13450732  0.07045824 -0.00242098  0.33292355  0.07014665 -0.35920952
 -0.38820821  0.27790464  0.21719023 -0.14652763  0.20327948 -0.01920773
  0.08075802  0.03276104 -0.03822331 -0.06040829 -0.18884711  0.16824151
  0.2203244   0.09642547 -0.00068596  0.01050406  0.0960413   0.28771439
 -0.16235951 -0.01925876  0.0116978  -0.44005095  0.49567182  0.00609394
  0.04438793  0.01595059  0.0260013  -0.0134413   0.0448631   0.0336657
  0.02906548  0.08854559  0.39812308 -0.32515096  0.16767766 -0.02663959
  0.02817354 -0.57140174  0.30724852  0.3861489   0.11081068 -0.09295435
  0.48363819 -0.39107242  0.34638893 -0.20322267 -0.29956993  0.31370241
 -0.30392449  0.37411891  0.2670341  -0.19143206  0.05363452 -0.01234542
  0.00306016  0.04146928 -0.02442026 -0.01310661 -0.12783659  0.19869215
 -0.01867677]
output 0.5767322829281641

node 6
weights [-0.16175741  0.05438124  0.00765184  0.08607792  0.07073271  0.13843415
  0.07346448  0.2061119  -0.26475047 -0.33223034  0.01266936  0.32537559
 -0.26960301  0.44580761 -0.14607998  0.16917615 -0.19229335 -0.06495901
  0.0163209   0.07547837  0.15710489  0.55284983 -0.21952174 -0.11168091
 -0.15872884  0.06516535 -0.07942743 -0.13267901  0.11754678 -0.020296
 -0.18059376  0.19620207 -0.05616214 -0.18882219  0.14872412 -0.06692872
 -0.05957951 -0.02578385 -0.04019564 -0.07816536 -0.03870142 -0.01988056
 -0.09429189  0.08122274 -0.32163859 -0.27868331 -0.01313726  0.70145488
  0.36499315  0.1438272  -0.06564596 -0.2790438  -0.70034014  0.65891383
 -0.39028719  0.37932146  0.12113027 -0.13266756  0.25744631 -0.31091293
  0.24938152 -0.30650921  0.39416697 -0.40724627 -0.09685426 -0.02244483
 -0.06410099 -0.05976104 -0.01310857 -0.01177175  0.01193574 -0.05271862
 -0.08914123]
output 0.08144572260060272

node 7
weights [ 0.11492477  0.21509963  0.0521588  -0.02336262 -0.03921736  0.06886507
 -0.00543671 -0.27343434  0.26405669 -0.38275363  0.166669    0.2161053
 -0.16295713  0.41150697 -0.15548927  0.06130532 -0.08908061 -0.13349053
  0.03190429  0.0089239   0.16210678  0.21067777  0.18517157 -0.23053892
 -0.16448651 -0.17824048  0.22453186 -0.08302008  0.11821111  0.08107617
 -0.27666529  0.13367895 -0.04358071 -0.25252265  0.260628   -0.12781889
 -0.10126778 -0.05105111 -0.11986555 -0.09170216 -0.10250943 -0.05885259
 -0.00139219 -0.02275134 -0.37367149 -0.09956512  0.29826417  0.25912547
  0.14819444 -0.16612652  0.46586949 -0.42383802 -0.30252147  0.2837703
 -0.14752427  0.03832185  0.11998056 -0.12707493  0.3603159  -0.40875057
  0.37356137 -0.33438105 -0.17606104  0.15060689 -0.08232153 -0.06036861
 -0.08702399 -0.11098204 -0.0598816  -0.12189327 -0.4207853   0.42941071
 -0.10194445]
output 0.7610853114427288

node 8
weights [ 0.21847591  0.40108664  0.04230762 -0.03164421 -0.13209947 -0.2738463
 -0.056499   -0.82156711  0.66401474  0.63403775  0.41072614 -1.00671685
 -0.28116701 -0.06690413  0.28769138 -0.77217735  0.63596442  0.04398047
  0.14388256 -0.06297004 -0.12010252 -0.85946212  0.21946536  0.29704172
  0.29925707 -0.32485599  0.2050226  -0.11590466  0.01698249  0.61237407
 -0.33227928 -0.35552244 -0.12101555 -0.62272132  0.51210618 -0.12431366
 -0.19957502 -0.1428694  -0.12735659 -0.16083958 -0.11702722 -0.19559888
  0.01655269 -0.14523853  0.56272117  0.05631213  0.61093838 -1.24881487
 -0.53372512 -1.37899441  1.29320394  0.63899462  1.20204874 -1.3253734
  1.29644373 -1.42104964  0.12112292 -0.17406961 -0.66981337  0.59701003
 -0.73832936  0.61632444 -0.76115517  0.6340693  -0.16251637 -0.16163222
 -0.11974176 -0.12747596 -0.12934243 -0.15878243 -1.14993671  1.00172284
 -0.18449795]
output 0.9006041786721356

node 9
weights [-6.52432396e-02 -3.18364801e-01  7.82237974e-02  3.69167601e-02
  2.00576372e-01  7.48767195e-02  1.95467403e-01  5.68288730e-01
 -5.45278950e-01  5.45387128e-01 -3.50571397e-01 -5.29944339e-02
  7.08154361e-01 -9.52020515e-01  2.90357595e-01  1.29373207e-01
 -1.31561313e-01  4.21789108e-01  1.01964143e-02  1.46927281e-02
 -2.68396839e-01 -1.92665215e-02 -3.53071287e-01  2.79152886e-01
  2.91177730e-01  3.49872242e-01 -3.66355974e-01  2.11801886e-01
 -2.21185680e-01 -4.30382817e-01  6.88764039e-01 -1.62432491e-01
 -5.30312922e-02  1.01514775e+00 -9.46328776e-01  2.02164337e-03
  3.80796065e-02 -2.18489760e-02 -2.07316828e-02 -4.00014061e-02
  5.07364462e-03 -2.41281207e-02 -8.10640970e-02  7.70218192e-02
  5.50878777e-01  3.60015114e-01 -6.14312368e-01 -1.31959054e-01
  5.85477999e-02  9.79749620e-01 -1.34202980e+00  5.44748558e-01
  9.84020560e-02 -1.04474087e-01 -3.37895936e-01  3.34286059e-01
 -5.39488493e-01  5.75444612e-01 -4.86400728e-01  4.96270039e-01
 -4.69643583e-01  5.44156083e-01  3.57300272e-01 -3.22568885e-01
  2.85063285e-02  2.45335954e-02  3.57072197e-02  1.24361591e-03
  2.59606669e-02  2.56317363e-02  1.16765632e+00 -1.08933081e+00
  2.43113840e-03]
output 0.0032133587541281587

node 10
weights [-0.46746537  0.11269049 -0.24611922  0.1356492   0.09139375  0.29294848
  0.26975477  0.61294949 -0.62705126  0.37705385  0.07193088 -0.42624121
 -1.33504103  1.07638152  0.2082124  -0.07956026 -0.04462447 -0.2715978
  0.16132783  0.13458955 -0.03358015  0.56200044 -0.86711684  0.19719901
  0.15178869  0.3311309  -0.39897313 -0.27646857  0.21428887  0.29979195
 -0.53834159  0.14661048 -0.09388924 -1.07357675  1.07884103 -0.05521227
 -0.09819904 -0.14959694 -0.12072876 -0.1410451  -0.12824973 -0.07819406
 -0.13288361  0.04356563  0.37338507 -1.1877427   0.12885151  0.82473219
  0.36958231 -0.90926782  0.29488611  0.32964331 -0.85067081  0.76655053
  0.46193781 -0.49542615  0.69127045 -0.82773076 -0.40450513  0.36864969
 -0.37312091  0.34655796  1.03649709 -1.15004679 -0.13829426 -0.05445339
 -0.09919496 -0.13225595 -0.13654517 -0.05877227 -0.20542283  0.10325725
 -0.15015776]
output 0.0010077590191196126

node 11
weights [ 0.10514314  0.31167811  0.01711126 -0.00364866 -0.17689003 -0.07683775
 -0.05304196 -0.55806968  0.40463246 -0.39602714  0.26404504  0.06330625
 -0.24744614  0.37168383 -0.15337867 -0.1340422   0.07172661 -0.13343781
 -0.00514195 -0.01514929  0.16061259  0.02135415  0.36282569 -0.15409289
 -0.15064127 -0.39115074  0.30838867 -0.14910878  0.09149134  0.28081287
 -0.41006806  0.09806477 -0.13376036 -0.42840046  0.35305457 -0.13607861
 -0.17291193 -0.20473582 -0.20614954 -0.17012082 -0.18379021 -0.12365898
  0.00909368 -0.07200177 -0.36453654 -0.03696244  0.37844385 -0.01632954
 -0.05440727 -0.54611173  0.85777883 -0.41158885 -0.11462156 -0.02172237
  0.11782612 -0.27465871  0.10732017 -0.19852699  0.26004568 -0.41014996
  0.27380383 -0.37830985 -0.43429259  0.34499866 -0.19791541 -0.19675348
 -0.16061333 -0.12787605 -0.19097892 -0.14884166 -0.8781592   0.73711383
 -0.19072984]
output 0.7800357163375653

node 12
weights [ 5.20475790e-02  4.00894812e-02  5.44961477e-02 -1.43718369e-02
  3.04405511e-02  3.17837762e-02 -6.58841378e-04 -3.27459725e-02
  8.85954252e-02 -1.40188377e-01  2.69427147e-02  2.84848928e-01
  2.24514911e-01 -2.57010272e-02 -9.46099110e-02  1.15208118e-01
 -4.32112147e-02  6.36721851e-02  1.65710488e-02  3.45240627e-02
  1.10744690e-01  1.96744520e-01  1.61236928e-01 -9.28600586e-02
 -4.78681171e-02 -3.70762370e-02  6.77458596e-02  1.16385454e-02
  1.80982185e-02 -9.50858534e-02  7.45253316e-02  7.42566964e-02
 -5.83885389e-03  1.92107789e-01 -1.29074688e-01  4.28445541e-02
 -2.78507646e-02 -1.44022367e-02  2.30948754e-02  3.79074689e-02
  3.24160124e-02  2.33096020e-02  7.31626893e-03 -5.04707569e-03
 -1.56976209e-01  1.36896328e-01 -3.01797721e-04  1.96990048e-01
  1.24128228e-01  3.34275238e-01 -6.25540189e-02 -1.80603435e-01
 -1.78370310e-01  1.85527172e-01 -2.49229833e-01  3.26211816e-01
 -7.60741435e-02  9.85128302e-02  2.63514287e-01 -2.15163240e-01
  2.54846748e-01 -2.21611016e-01 -2.40779312e-02  3.80851488e-02
  3.21617585e-02  1.85062151e-02  3.64162719e-02  5.25921106e-02
 -1.61279609e-02 -9.96493285e-03  1.67207871e-01 -4.96686993e-02
  5.99153324e-02]
output 0.7632239240246464

node 13
weights [ 0.19439344  0.1178636   0.0907365  -0.03301066 -0.03702351  0.01692245
 -0.09310004 -0.34305677  0.26003693 -0.69168897  0.09890045  0.55072623
  0.23368183  0.14408598 -0.28700687  0.13287783 -0.17471042 -0.06324728
 -0.0842849  -0.02341152  0.27139921  0.30302172  0.42187487 -0.35265879
 -0.26861164 -0.27154472  0.2718703  -0.02107737 -0.03697753 -0.07702327
 -0.09981864  0.18903702 -0.10621004  0.1353437  -0.20031714 -0.07043714
 -0.04530359 -0.12774198 -0.0687384  -0.08653333 -0.06675032 -0.10762633
 -0.02113892  0.00363469 -0.64298133  0.26341312  0.11203964  0.34008297
  0.16086883  0.4042925   0.17051379 -0.63947339 -0.43513101  0.33464751
 -0.59488764  0.56172862 -0.17379442  0.1479467   0.65220832 -0.66260227
  0.63578196 -0.70007443 -0.35876981  0.30076798 -0.07698107 -0.06119053
 -0.05792629 -0.07917814 -0.06632476 -0.11700808 -0.2208292   0.16662432
 -0.09408484]
output 0.7877514245594917

node 14
weights [ 0.13809035  0.01480828  0.12211098  0.01238496  0.02603051  0.03283385
 -0.02618587 -0.09783368  0.11938083 -0.22411963  0.03266318  0.30074811
  0.1572899  -0.0080503  -0.11238618  0.09629609 -0.05229137  0.05385956
 -0.04857888  0.0652387   0.1066326   0.13352354  0.1628792  -0.10740615
 -0.05784866 -0.10601252  0.13670253  0.02210991  0.06716885 -0.0534674
  0.09435597  0.09311183  0.0388318   0.20732198 -0.12172105  0.0422825
  0.0243816   0.03832859 -0.04254354  0.04999161  0.02891286  0.03592936
  0.06123198  0.03971425 -0.24190683  0.18094263  0.03458793  0.10996877
  0.11753323  0.23780546  0.06771235 -0.26943636 -0.11772823  0.18395029
 -0.22619362  0.31102511 -0.07033258  0.14782202  0.29939526 -0.25985586
  0.2367663  -0.27027986 -0.15478804  0.19273346  0.033563   -0.00720995
  0.00911742 -0.00714851  0.00645159  0.04812696  0.01673654  0.12764046
 -0.04215378]
output 0.8702058153750398

----
layer 1
-----
node 0
weights [ 0.65700626 -2.46700177 -0.87725576 -1.75947941 -0.21906602 -0.40831236
  1.23027054  0.3012148  -1.94047369 -0.56563052  1.24449625 -0.45298974
  0.17179639  0.29256993  0.06533095 -0.55693443]
output 0.0006917188204778413

node 1
weights [ 0.80073913  0.81263058 -1.27961623 -0.84674058 -0.78964847  0.64108035
 -0.87585211 -1.16578119  0.73505041  0.68301876  0.84082743 -0.95299049
 -0.91548053 -1.75449709 -1.06015402 -0.19164709]
output 0.0033600832004258134

node 2
weights [-1.79079104 -0.82312406  0.85722422 -0.22650646  0.62841216 -1.48939441
 -0.53117528 -0.62115707 -1.7563866   1.25069532 -2.07598355 -0.93328114
  0.22280045  0.44309422  0.18787598 -0.40241633]
output 0.03902347225643981

node 3
weights [-0.75738944  0.66995046  0.12483008  1.81051605 -0.84851746 -0.06769227
 -0.62134334  0.67108216  1.52881553 -2.67266436 -0.88121262  1.50737713
 -0.46925459  0.14438961 -0.20401827 -0.86650905]
output 0.9718640923608779

----

======== avg. summary of performance ========
fold #0, accuracy       100%
fold #1, accuracy       100%
fold #2, accuracy       100%
fold #3, accuracy       100%
fold #4, accuracy       100%
------
avg. % accuracy:        100%
total execution time:   58.87s

----------------- 2-layer -----------------
----->
forward feed
        i 0
        j 0
        x [0 0 0 0 0 0 1 1 0 0 0 1 0 1 0 1 0 0 0 0 1 1 0 0 0 1 0 0 1 0 1 0 1 0 1 1 1
 1 1 1 1 1 1 0 0 0 0 1 0 1 0 0 0 1 0 1 1 0 1 0 1 0 1 0 1 1 1 1 1 1 1 0]

        w [0.0566109  0.06277654 0.02470767 0.01726051 0.09167229 0.00442672
 0.09665843 0.02359502 0.00993933 0.04945195 0.00152298 0.06736951
 0.03488328 0.05285432 0.03198365 0.05149231 0.01784884 0.04731113
 0.04395792 0.02423629 0.07497203 0.09908038 0.07774085 0.09633634
 0.07495756 0.02167345 0.09426393 0.03943777 0.06049043 0.00496932
 0.08458042 0.04692583 0.0909947  0.07490838 0.03295734 0.07317669
 0.01170123 0.08578551 0.08376654 0.01722544 0.05237682 0.08661005
 0.04306276 0.04754277 0.05652588 0.03882493 0.04257107 0.09252686
 0.04705271 0.05374664 0.00666136 0.03414288 0.00503181 0.09439284
 0.03015674 0.02289043 0.07714776 0.05013121 0.09808509 0.07964231
 0.03095123 0.00429701 0.05610843 0.01984137 0.04468312 0.07328403
 0.06361216 0.08801984 0.07433874 0.06245849 0.00796017 0.04448832
 0.07641786]

        z 2.227047069424565
        output 0.9026521897603343
----->
----->
forward feed
        i 0
        j 1
        x [0 0 0 0 0 0 1 1 0 0 0 1 0 1 0 1 0 0 0 0 1 1 0 0 0 1 0 0 1 0 1 0 1 0 1 1 1
 1 1 1 1 1 1 0 0 0 0 1 0 1 0 0 0 1 0 1 1 0 1 0 1 0 1 0 1 1 1 1 1 1 1 0]

        w [0.01007726 0.00044826 0.01704792 0.06837152 0.02345226 0.00335848
 0.07602017 0.05646948 0.02047266 0.04712545 0.04783831 0.03862535
 0.09215565 0.05053296 0.04356347 0.03890961 0.08066364 0.0100046
 0.08253755 0.0107801  0.03088527 0.03766426 0.03741854 0.04332517
 0.00418567 0.03132259 0.07039736 0.06635651 0.07681566 0.00272341
 0.09106155 0.03522339 0.08768645 0.06763525 0.02332663 0.03363246
 0.00899777 0.01083288 0.08607292 0.02424306 0.07969178 0.01530165
 0.06894698 0.03536235 0.00123794 0.00951362 0.08767102 0.00057032
 0.04761011 0.01183064 0.01432217 0.09293923 0.07349565 0.08001374
 0.08701816 0.05212856 0.09475099 0.0203916  0.01941513 0.06164522
 0.02975972 0.03511692 0.08911504 0.0305744  0.08930804 0.05324301
 0.07001609 0.00958774 0.09068254 0.02974159 0.00065351 0.01620644
 0.07141189]

        z 1.7592680204197824
        output 0.8531179612229753
----->
----->
forward feed
        i 0
        j 2
        x [0 0 0 0 0 0 1 1 0 0 0 1 0 1 0 1 0 0 0 0 1 1 0 0 0 1 0 0 1 0 1 0 1 0 1 1 1
 1 1 1 1 1 1 0 0 0 0 1 0 1 0 0 0 1 0 1 1 0 1 0 1 0 1 0 1 1 1 1 1 1 1 0]

        w [0.02123476 0.02849455 0.0798831  0.04106762 0.00210928 0.08589978
 0.0602085  0.00388485 0.05815696 0.0331134  0.05491773 0.00173984
 0.08909318 0.03230905 0.00479335 0.01939644 0.01549103 0.03548934
 0.03906306 0.05065096 0.08654852 0.03753873 0.05402356 0.08223773
 0.0794197  0.01764823 0.07588218 0.05743385 0.04189167 0.08494804
 0.00803868 0.04549554 0.01357253 0.00886096 0.05912744 0.04949462
 0.04464233 0.01475279 0.07877107 0.04327086 0.09321805 0.07277066
 0.07210787 0.09226631 0.04050534 0.01853347 0.05504233 0.0771146
 0.08108479 0.07650275 0.09535691 0.08787703 0.00451663 0.04142486
 0.02751697 0.02644463 0.08555276 0.04605606 0.09024433 0.07897417
 0.0310331  0.01268364 0.09084621 0.06912787 0.00122437 0.04365105
 0.06188364 0.02546196 0.02557406 0.09966036 0.09296969 0.03264602
 0.01288279]

        z 1.733403878235792
        output 0.849847295946487
----->
----->
forward feed
        i 0
        j 3
        x [0 0 0 0 0 0 1 1 0 0 0 1 0 1 0 1 0 0 0 0 1 1 0 0 0 1 0 0 1 0 1 0 1 0 1 1 1
 1 1 1 1 1 1 0 0 0 0 1 0 1 0 0 0 1 0 1 1 0 1 0 1 0 1 0 1 1 1 1 1 1 1 0]

        w [0.07714183 0.08189718 0.00552449 0.06425929 0.0543552  0.0566895
 0.06278526 0.05858536 0.00973794 0.07139131 0.00785732 0.09633461
 0.09908333 0.04798551 0.09952614 0.09548489 0.07380615 0.07948444
 0.01147456 0.0254144  0.05759436 0.04001295 0.07228387 0.02031106
 0.08214732 0.01686374 0.01446344 0.06007259 0.03883582 0.09111082
 0.08358737 0.04290276 0.0524613  0.09157733 0.08796318 0.08077593
 0.0013115  0.07803217 0.02630577 0.09997219 0.09875501 0.03655934
 0.05251381 0.09458563 0.0201427  0.01536505 0.04024912 0.02326412
 0.08996933 0.08833322 0.07016729 0.01368266 0.00572713 0.05824454
 0.05296539 0.05212369 0.08271331 0.02211968 0.01240839 0.06930075
 0.05679706 0.08743236 0.0067645  0.09620481 0.08041795 0.08600337
 0.03721301 0.03071812 0.0943063  0.00733452 0.08875296 0.01239283
 0.04565752]

        z 2.063772651395337
        output 0.8873318885093873
----->
----->
forward feed
        i 0
        j 4
        x [0 0 0 0 0 0 1 1 0 0 0 1 0 1 0 1 0 0 0 0 1 1 0 0 0 1 0 0 1 0 1 0 1 0 1 1 1
 1 1 1 1 1 1 0 0 0 0 1 0 1 0 0 0 1 0 1 1 0 1 0 1 0 1 0 1 1 1 1 1 1 1 0]

        w [0.06348234 0.03299693 0.06263645 0.05635771 0.05531864 0.05786616
 0.03857533 0.02163853 0.01235254 0.03289761 0.0308389  0.09949286
 0.05957945 0.01546853 0.06117011 0.08349202 0.00862399 0.00920642
 0.06367967 0.02423867 0.00672474 0.07065085 0.03179391 0.04036843
 0.08443505 0.03829184 0.03226334 0.08509732 0.07538735 0.04759819
 0.05584852 0.08822633 0.07279415 0.02046407 0.01672302 0.05062666
 0.09435269 0.05250443 0.0837385  0.05568776 0.01314158 0.03357107
 0.01188943 0.02933095 0.04354363 0.07138125 0.00741326 0.00519229
 0.05902757 0.06473011 0.02383869 0.05933539 0.01667201 0.02069822
 0.03701315 0.05974644 0.05987688 0.02960888 0.03805262 0.00085406
 0.07008185 0.01260902 0.07998264 0.0453602  0.08610249 0.02016705
 0.04102121 0.05362853 0.05838667 0.00304711 0.04899077 0.08995036
 0.01029266]

        z 1.7105973803595091
        output 0.8469137511577536
----->
----->
forward feed
        i 0
        j 5
        x [0 0 0 0 0 0 1 1 0 0 0 1 0 1 0 1 0 0 0 0 1 1 0 0 0 1 0 0 1 0 1 0 1 0 1 1 1
 1 1 1 1 1 1 0 0 0 0 1 0 1 0 0 0 1 0 1 1 0 1 0 1 0 1 0 1 1 1 1 1 1 1 0]

        w [0.0386589  0.00016625 0.05826559 0.00649163 0.05884777 0.03761764
 0.03419299 0.02839349 0.02030934 0.0464004  0.09000588 0.03519064
 0.02562615 0.01991222 0.02486463 0.08617217 0.00386066 0.01314946
 0.06191509 0.04220767 0.07969626 0.01952465 0.06644293 0.05972789
 0.08218981 0.00822122 0.06212279 0.03266512 0.05563204 0.02533293
 0.0579846  0.03766302 0.06837456 0.0933518  0.03132658 0.05967515
 0.07373728 0.02862604 0.0206993  0.01268656 0.01871561 0.0755287
 0.09756519 0.02154135 0.05331851 0.08086526 0.01134976 0.06644727
 0.01748071 0.02159501 0.05892469 0.05205427 0.01231909 0.0090397
 0.04471771 0.05906722 0.02273108 0.03960704 0.09735808 0.029792
 0.09107045 0.00751635 0.04695147 0.09711526 0.00265896 0.01700489
 0.06579419 0.08078061 0.03357147 0.03692783 0.0471712  0.03831232
 0.07558903]

        z 1.6856137283276058
        output 0.843646451149283
----->
----->
forward feed
        i 0
        j 6
        x [0 0 0 0 0 0 1 1 0 0 0 1 0 1 0 1 0 0 0 0 1 1 0 0 0 1 0 0 1 0 1 0 1 0 1 1 1
 1 1 1 1 1 1 0 0 0 0 1 0 1 0 0 0 1 0 1 1 0 1 0 1 0 1 0 1 1 1 1 1 1 1 0]

        w [0.0760816  0.02857103 0.00427328 0.03636403 0.09447837 0.04828455
 0.04824474 0.04226746 0.06786046 0.05779003 0.05666399 0.07135326
 0.0779051  0.02802501 0.09395234 0.06463296 0.09870905 0.00052286
 0.02032999 0.06847358 0.04568506 0.01317215 0.00435463 0.01237591
 0.01323774 0.07422686 0.08763717 0.00970444 0.08497548 0.08665978
 0.03841172 0.0951438  0.00151923 0.09084633 0.098946   0.00907697
 0.04318631 0.0684425  0.00715098 0.0004482  0.03925202 0.07785653
 0.08262534 0.00225053 0.04354127 0.07969179 0.02321033 0.02079573
 0.01576395 0.06744956 0.00397148 0.04961919 0.0200167  0.052357
 0.03237841 0.00683082 0.05005733 0.08899871 0.07233588 0.05050123
 0.09810988 0.06246731 0.09862883 0.02829871 0.08527085 0.02151573
 0.06620348 0.0085562  0.01017437 0.02661876 0.06591385 0.06070158
 0.01835739]

        z 1.70867444804583
        output 0.8466642750036311
----->
----->
forward feed
        i 0
        j 7
        x [0 0 0 0 0 0 1 1 0 0 0 1 0 1 0 1 0 0 0 0 1 1 0 0 0 1 0 0 1 0 1 0 1 0 1 1 1
 1 1 1 1 1 1 0 0 0 0 1 0 1 0 0 0 1 0 1 1 0 1 0 1 0 1 0 1 1 1 1 1 1 1 0]

        w [0.04380412 0.03163988 0.05103458 0.00904107 0.06673777 0.04043904
 0.04077087 0.01776179 0.00160317 0.01036597 0.04983928 0.02488769
 0.09856739 0.02759241 0.006668   0.01546864 0.02876753 0.04656762
 0.09682375 0.05409945 0.04638335 0.09135029 0.06572517 0.04424561
 0.08665157 0.03215672 0.03200255 0.05637368 0.01276618 0.06946447
 0.06491228 0.01447768 0.08257085 0.05551697 0.03137659 0.00630465
 0.09599628 0.00270644 0.08334389 0.00932103 0.00570872 0.0459132
 0.08615692 0.02316214 0.02739167 0.08526403 0.06112713 0.04054033
 0.06979469 0.07163946 0.03116801 0.09002068 0.09231831 0.00734515
 0.03668089 0.08694638 0.04020764 0.05794799 0.06233157 0.03631209
 0.08989844 0.06361664 0.02664167 0.00599517 0.03249645 0.01276835
 0.09550157 0.04156994 0.03004845 0.06299192 0.04363665 0.00860508
 0.00927601]

        z 1.5772887541976301
        output 0.8288201966651089
----->
----->
forward feed
        i 0
        j 8
        x [0 0 0 0 0 0 1 1 0 0 0 1 0 1 0 1 0 0 0 0 1 1 0 0 0 1 0 0 1 0 1 0 1 0 1 1 1
 1 1 1 1 1 1 0 0 0 0 1 0 1 0 0 0 1 0 1 1 0 1 0 1 0 1 0 1 1 1 1 1 1 1 0]

        w [0.07499721 0.01505947 0.00605397 0.01984673 0.03396168 0.01688416
 0.02648182 0.00391881 0.06704939 0.0772843  0.02647814 0.049777
 0.01295221 0.00679537 0.01939103 0.01895111 0.02250823 0.08758449
 0.07758396 0.00609954 0.02711785 0.05168976 0.0981581  0.0216158
 0.06725171 0.08747809 0.08629354 0.05085365 0.00348321 0.07863384
 0.06862164 0.02664831 0.0712859  0.06731936 0.01688986 0.0824616
 0.03388597 0.02034566 0.02738936 0.07270182 0.06524677 0.09756291
 0.08504175 0.09720822 0.05720248 0.01549882 0.02327988 0.0912313
 0.03893408 0.04825555 0.08336983 0.01198779 0.09291138 0.01606827
 0.07956019 0.0484033  0.01457483 0.04326899 0.07269727 0.07490537
 0.00651541 0.02105845 0.01397988 0.03485411 0.00154711 0.07330597
 0.08453327 0.08122384 0.0430198  0.02063914 0.00043161 0.02906237
 0.0384612 ]

        z 1.5720140157779678
        output 0.8280705326250253
----->
----->
forward feed
        i 0
        j 9
        x [0 0 0 0 0 0 1 1 0 0 0 1 0 1 0 1 0 0 0 0 1 1 0 0 0 1 0 0 1 0 1 0 1 0 1 1 1
 1 1 1 1 1 1 0 0 0 0 1 0 1 0 0 0 1 0 1 1 0 1 0 1 0 1 0 1 1 1 1 1 1 1 0]

        w [0.09652947 0.00413214 0.05052494 0.0325087  0.05591277 0.05664946
 0.05760999 0.09030631 0.04096729 0.04010237 0.01239467 0.06991335
 0.0476367  0.05947376 0.00163039 0.04335729 0.05385506 0.0673071
 0.05865041 0.01666823 0.09672971 0.074196   0.00427332 0.02575736
 0.05014289 0.01042004 0.02879482 0.07507876 0.02963963 0.07292655
 0.09256373 0.08976644 0.09981527 0.0596584  0.00365358 0.07515562
 0.02418062 0.01550523 0.09806937 0.0637606  0.02119348 0.04554484
 0.05722859 0.00234384 0.05483647 0.07977301 0.04896488 0.00711105
 0.08923158 0.05482446 0.03358623 0.06308529 0.07749949 0.02110141
 0.06271261 0.07039439 0.01122763 0.03511657 0.06542477 0.00648691
 0.03794834 0.0176609  0.05692297 0.02152084 0.09794217 0.02632886
 0.01014619 0.05714495 0.08396817 0.07845092 0.0210522  0.07084119
 0.09877298]

        z 1.927078471611918
        output 0.8729256981113992
----->
----->
forward feed
        i 1
        j 0
        x [0.9026521897603343, 0.8531179612229753, 0.849847295946487, 0.8873318885093873, 0.8469137511577536, 0.843646451149283, 0.8466642750036311, 0.8288201966651089, 0.8280705326250253, 0.8729256981113992]

        w [0.00201953 0.01667928 0.03593459 0.05739875 0.05472959 0.05628198
 0.03008868 0.02911944 0.00867    0.06862092 0.02691758]

        z 0.3349640098730263
        output 0.5829667044326885
----->
----->
forward feed
        i 1
        j 1
        x [0.9026521897603343, 0.8531179612229753, 0.849847295946487, 0.8873318885093873, 0.8469137511577536, 0.843646451149283, 0.8466642750036311, 0.8288201966651089, 0.8280705326250253, 0.8729256981113992]

        w [0.04556865 0.04433463 0.09513722 0.0216129  0.01575282 0.08073889
 0.01679356 0.06555443 0.01736347 0.0013727  0.02854959]

        z 0.37311897697173585
        output 0.5922124176938051
----->
----->
forward feed
        i 1
        j 2
        x [0.9026521897603343, 0.8531179612229753, 0.849847295946487, 0.8873318885093873, 0.8469137511577536, 0.843646451149283, 0.8466642750036311, 0.8288201966651089, 0.8280705326250253, 0.8729256981113992]

        w [0.08345377 0.06456462 0.08553516 0.02113948 0.02029055 0.06624392
 0.00334944 0.0308021  0.05016098 0.01944326 0.04726635]

        z 0.42907227441397233
        output 0.6056521143825991
----->
----->
forward feed
        i 1
        j 3
        x [0.9026521897603343, 0.8531179612229753, 0.849847295946487, 0.8873318885093873, 0.8469137511577536, 0.843646451149283, 0.8466642750036311, 0.8288201966651089, 0.8280705326250253, 0.8729256981113992]

        w [0.04050938 0.03803489 0.050675   0.02038574 0.02361582 0.01147926
 0.04658279 0.00757408 0.03612283 0.06580142 0.05471516]

        z 0.3476387540299194
        output 0.586044866052341
----->
----->
forward feed
        i 1
        j 4
        x [0.9026521897603343, 0.8531179612229753, 0.849847295946487, 0.8873318885093873, 0.8469137511577536, 0.843646451149283, 0.8466642750036311, 0.8288201966651089, 0.8280705326250253, 0.8729256981113992]

        w [0.02121384 0.02091289 0.02203006 0.00363211 0.09289584 0.08879084
 0.05262732 0.06979625 0.02485605 0.02326332 0.08192633]

        z 0.4377400508363722
        output 0.6077203985474389
----->
----->
forward feed
        i 2
        j 0
        x [0.5829667044326885, 0.5922124176938051, 0.6056521143825991, 0.586044866052341, 0.6077203985474389]

        w [0.09873771 0.04163301 0.00814833 0.01823305 0.06763212 0.01335801]

        z 0.15229626334958885
        output 0.538000644821197
----->
----->
forward feed
        i 2
        j 1
        x [0.5829667044326885, 0.5922124176938051, 0.6056521143825991, 0.586044866052341, 0.6077203985474389]

        w [0.02855236 0.02093499 0.07915035 0.07316475 0.00450882 0.00850839]

        z 0.13110693302782211
        output 0.5327298638041712
----->
----->
forward feed
        i 2
        j 2
        x [0.5829667044326885, 0.5922124176938051, 0.6056521143825991, 0.586044866052341, 0.6077203985474389]

        w [0.01878379 0.03349649 0.01799154 0.0120519  0.00184978 0.0650286 ]

        z 0.11489967789098345
        output 0.5286933590922456
----->
----->
forward feed
        i 2
        j 3
        x [0.5829667044326885, 0.5922124176938051, 0.6056521143825991, 0.586044866052341, 0.6077203985474389]

        w [0.00772997 0.04075008 0.0404029  0.01160371 0.05965531 0.03076446]

        z 0.12692762095888027
        output 0.5316893720372257
----->

<----- backprop
layer 2
        y 1
        node.y 0.538000644821197
        diff 0.461999355178803
<-----

<----- backprop
layer 2
        y 0
        node.y 0.5327298638041712
        diff -0.5327298638041712
<-----

<----- backprop
layer 2
        y 0
        node.y 0.5286933590922456
        diff -0.5286933590922456
<-----

<----- backprop
layer 2
        y 0
        node.y 0.5316893720372257
        diff -0.5316893720372257
<-----
layer 2, node 0, delta value: 0.10752938643927361
layer 2, node 1, delta value: -0.1241627600842637
layer 2, node 2, delta value: -0.12335101515940058
layer 2, node 3, delta value: -0.12395378180168215

layer 1, node 0, delta value: 0.0008729358005932891
layer 1, node 1, delta value: -0.0016751621535483546
layer 1, node 2, delta value: -0.0036953168543053245
layer 1, node 3, delta value: -0.002308242799868338
layer 1, node 4, delta value: -0.0002077369908435787

layer 0, node 0, delta value: -9.870878884096869e-05
layer 0, node 1, delta value: -8.179961406713481e-05
layer 0, node 2, delta value: -0.00011866062250991039
layer 0, node 3, delta value: -2.3144088900916106e-05
layer 0, node 4, delta value: -2.6758545036828038e-05
layer 0, node 5, delta value: -7.9044591594908e-05
layer 0, node 6, delta value: -2.787421207975878e-05
layer 0, node 7, delta value: -4.86972319270606e-05
layer 0, node 8, delta value: -6.2512896182131e-05
layer 0, node 9, delta value: -3.553163007113623e-05


weights before update: [0.0566109  0.06277654 0.02470767 0.01726051 0.09167229 0.00442672
 0.09665843 0.02359502 0.00993933 0.04945195 0.00152298 0.06736951
 0.03488328 0.05285432 0.03198365 0.05149231 0.01784884 0.04731113
 0.04395792 0.02423629 0.07497203 0.09908038 0.07774085 0.09633634
 0.07495756 0.02167345 0.09426393 0.03943777 0.06049043 0.00496932
 0.08458042 0.04692583 0.0909947  0.07490838 0.03295734 0.07317669
 0.01170123 0.08578551 0.08376654 0.01722544 0.05237682 0.08661005
 0.04306276 0.04754277 0.05652588 0.03882493 0.04257107 0.09252686
 0.04705271 0.05374664 0.00666136 0.03414288 0.00503181 0.09439284
 0.03015674 0.02289043 0.07714776 0.05013121 0.09808509 0.07964231
 0.03095123 0.00429701 0.05610843 0.01984137 0.04468312 0.07328403
 0.06361216 0.08801984 0.07433874 0.06245849 0.00796017 0.04448832
 0.07641786]

gradients [-0.0, -0.0, -0.0, -0.0, -0.0, -0.0, -9.870878884096869e-05, -9.870878884096869e-05, -0.0, -0.0, -0.0, -9.870878884096869e-05, -0.0, -9.870878884096869e-05, -0.0, -9.870878884096869e-05, -0.0, -0.0, -0.0, -0.0, -9.870878884096869e-05, -9.870878884096869e-05, -0.0, -0.0, -0.0, -9.870878884096869e-05, -0.0, -0.0, -9.870878884096869e-05, -0.0, -9.870878884096869e-05, -0.0, -9.870878884096869e-05, -0.0, -9.870878884096869e-05, -9.870878884096869e-05, -9.870878884096869e-05, -9.870878884096869e-05, -9.870878884096869e-05, -9.870878884096869e-05, -9.870878884096869e-05, -9.870878884096869e-05, -9.870878884096869e-05, -0.0, -0.0, -0.0, -0.0, -9.870878884096869e-05, -0.0, -9.870878884096869e-05, -0.0, -0.0, -0.0, -9.870878884096869e-05, -0.0, -9.870878884096869e-05, -9.870878884096869e-05, -0.0, -9.870878884096869e-05, -0.0, -9.870878884096869e-05, -0.0, -9.870878884096869e-05, -0.0, -9.870878884096869e-05, -9.870878884096869e-05, -9.870878884096869e-05, -9.870878884096869e-05, -9.870878884096869e-05, -9.870878884096869e-05, -9.870878884096869e-05, -0.0]

weights after update: [0.0566109  0.06277654 0.02470767 0.01726051 0.09167229 0.00442672
 0.09665745 0.02359404 0.00993933 0.04945195 0.00152298 0.06736852
 0.03488328 0.05285334 0.03198365 0.05149132 0.01784884 0.04731113
 0.04395792 0.02423629 0.07497105 0.09907939 0.07774085 0.09633634
 0.07495756 0.02167246 0.09426393 0.03943777 0.06048945 0.00496932
 0.08457943 0.04692583 0.09099371 0.07490838 0.03295635 0.0731757
 0.01170024 0.08578453 0.08376555 0.01722445 0.05237583 0.08660907
 0.04306177 0.04754277 0.05652588 0.03882493 0.04257107 0.09252587
 0.04705271 0.05374566 0.00666136 0.03414288 0.00503181 0.09439186
 0.03015674 0.02288944 0.07714677 0.05013121 0.0980841  0.07964231
 0.03095025 0.00429701 0.05610745 0.01984137 0.04468213 0.07328304
 0.06361117 0.08801885 0.07433776 0.0624575  0.00795918 0.04448832
 0.07641687]

actual           ['D1' 'D1' 'D2' 'D2' 'D3' 'D3' 'D4' 'D4' 'D4']
predictions      ['D4' 'D4' 'D4' 'D4' 'D4' 'D4' 'D4' 'D4' 'D4']


NEURAL NETWORK
# layers (hidden/output)         3
# hidden nodes                   [10, 5]
# output nodes                   4
# input (n x d)                  (33, 72)

LAYERS
---------
layer 0
-----
node 0
weights [0.05792497 0.06381815 0.02512377 0.01748885 0.09121126 0.0041553
 0.09644707 0.02219216 0.01339853 0.04914106 0.00291488 0.06834483
 0.03528601 0.054685   0.03180657 0.05273491 0.01866256 0.04763405
 0.04447878 0.02447807 0.07594279 0.09850264 0.08068581 0.09616176
 0.07482126 0.02174358 0.09625013 0.04029593 0.0616886  0.0067915
 0.08421202 0.04752837 0.09305102 0.07407076 0.03585128 0.07523301
 0.01375755 0.08784184 0.08582286 0.01928176 0.05443314 0.08866638
 0.04518212 0.04747973 0.05621499 0.03992408 0.04464603 0.09171996
 0.04671135 0.05230123 0.01081536 0.03383199 0.00789504 0.09358594
 0.03260785 0.02249566 0.07977155 0.04956375 0.1004523  0.07933142
 0.03331845 0.00398612 0.05499064 0.02301549 0.04673944 0.07534035
 0.06566848 0.09007616 0.07639507 0.06451481 0.00599938 0.04850543
 0.07847418]
output 0.873914820394571

node 1
weights [ 0.01132923  0.00144817  0.01744015  0.06859105  0.02301507  0.00311536
  0.07581179  0.05514836  0.02376874  0.04676129  0.04916534  0.03963743
  0.09251765  0.05235336  0.04335602  0.04013452  0.08141369  0.0102903
  0.0830283   0.01101293  0.03185094  0.03717745  0.04024446  0.04312032
  0.00402635  0.03138454  0.07231036  0.06717108  0.07797604  0.00444886
  0.09069861  0.03583583  0.0896614   0.06681933  0.0261175   0.03560741
  0.01097273  0.01280783  0.08804787  0.02621801  0.08166673  0.01727661
  0.07097459  0.0353097   0.00087378  0.01055197  0.089651   -0.0001089
  0.04732412  0.01048239  0.01829552  0.09257507  0.07614982  0.07933452
  0.0892945   0.05182717  0.09727919  0.01983835  0.02175424  0.06128106
  0.03209883  0.03475276  0.08807166  0.03359273  0.09128299  0.05521797
  0.07199104  0.01156269  0.0926575   0.03171654 -0.00121142  0.02004632
  0.07338685]
output 0.8540755865249968

node 2
weights [0.02293596 0.02983892 0.08042773 0.04137944 0.00153886 0.08558986
 0.05992579 0.00215602 0.06262477 0.03258049 0.05669347 0.00323598
 0.08964371 0.03480074 0.0044901  0.02112783 0.01649861 0.0358811
 0.03973116 0.05097956 0.08789903 0.03693456 0.0578996  0.0819382
 0.07918632 0.01776072 0.07850866 0.05857437 0.04349012 0.08725316
 0.00759803 0.04637004 0.0163115  0.00782155 0.06290582 0.05223359
 0.0473813  0.01749176 0.08151004 0.04600983 0.09595702 0.07550963
 0.07488778 0.09222537 0.03997244 0.01998733 0.05770228 0.07627267
 0.0807307  0.07479905 0.10068658 0.08734413 0.00809754 0.04058293
 0.03052661 0.02617395 0.08899567 0.04535213 0.09351621 0.07844127
 0.03430498 0.01215073 0.08947137 0.07324167 0.00396335 0.04639002
 0.06462261 0.02820094 0.02831303 0.10239934 0.09054963 0.03780505
 0.01562177]
output 0.8727946877587353

node 3
weights [0.07803599 0.08263545 0.00579864 0.06443628 0.05404378 0.05655363
 0.06262004 0.05766402 0.01213036 0.07097171 0.00884339 0.09723922
 0.09928924 0.04948959 0.09928724 0.09647279 0.07428933 0.0796341
 0.01182656 0.02560248 0.05837571 0.0398129  0.07437459 0.02007392
 0.08196486 0.01688774 0.01591052 0.06063541 0.03974409 0.09235332
 0.08327031 0.0434484  0.05393238 0.09091665 0.09009494 0.08224701
 0.00278258 0.07950325 0.02777685 0.10144327 0.10022609 0.03803042
 0.05400945 0.09456108 0.0197231  0.01606397 0.04171866 0.02298634
 0.08985402 0.08739828 0.07310822 0.01326306 0.00747599 0.05796676
 0.05450002 0.05206014 0.08463154 0.02167253 0.01429908 0.06888115
 0.05868775 0.08701276 0.00606712 0.09837327 0.08188904 0.08747445
 0.03868409 0.03218921 0.09577738 0.0088056  0.08739113 0.01522574
 0.0471286 ]
output 0.8818837401262523

node 4
weights [6.48008212e-02 3.40933482e-02 6.30378127e-02 5.66104069e-02
 5.48513198e-02 5.76845175e-02 3.83019974e-02 2.02514189e-02
 1.58863129e-02 3.20952590e-02 3.22922358e-02 1.00988528e-01
 5.98781274e-02 1.77744938e-02 6.07121308e-02 8.50083023e-02
 9.25435978e-03 9.37722425e-03 6.41675523e-02 2.45097697e-02
 7.94160545e-03 7.04696244e-02 3.49241428e-02 3.99129383e-02
 8.40881993e-02 3.82549267e-02 3.44469121e-02 8.58835497e-02
 7.67477796e-02 4.93813680e-02 5.53465136e-02 8.90918271e-02
 7.49408076e-02 1.94842642e-02 1.98494878e-02 5.27733176e-02
 9.64993480e-02 5.46510852e-02 8.58851635e-02 5.78344190e-02
 1.52882365e-02 3.57177335e-02 1.40836780e-02 2.92833596e-02
 4.27412799e-02 7.24043920e-02 9.59011298e-03 4.94130287e-03
 5.89250790e-02 6.34354675e-02 2.81848387e-02 5.85330463e-02
 1.90696527e-02 2.04472380e-02 3.90975848e-02 5.98086653e-02
 6.26867058e-02 2.89457141e-02 4.10016278e-02 5.17147418e-05
 7.30308525e-02 1.18066698e-02 7.89293052e-02 4.85601938e-02
 8.82491450e-02 2.23137086e-02 4.31678667e-02 5.57751867e-02
 6.05333326e-02 5.19377197e-03 4.69514306e-02 9.41363561e-02
 1.24393214e-02]
output 0.8661073406822368

node 5
weights [0.0404576  0.00161045 0.05883298 0.00681119 0.05821901 0.0373298
 0.03382946 0.02648821 0.02506434 0.0454382  0.09191285 0.0370956
 0.02616249 0.02277592 0.0243143  0.08812931 0.00475324 0.01343999
 0.06256112 0.04254797 0.08126911 0.01913355 0.07064594 0.05918082
 0.08177467 0.00817782 0.06501591 0.03376526 0.05738162 0.02769241
 0.05740788 0.03872998 0.07122427 0.09218745 0.03534064 0.06252487
 0.076587   0.03147576 0.02354901 0.01553628 0.02156532 0.07837842
 0.10049064 0.02146562 0.0523563  0.08235797 0.01421302 0.06590321
 0.01725426 0.01991363 0.06464444 0.05109207 0.01571287 0.00849564
 0.04755339 0.05908126 0.02637071 0.03881713 0.10117    0.0288298
 0.09488237 0.00655414 0.04544521 0.10147124 0.00550868 0.0198546
 0.0686439  0.08363032 0.03642118 0.03977754 0.04449219 0.04384104
 0.07843874]
output 0.8723520015957363

node 6
weights [0.07713878 0.02944867 0.00459583 0.03656203 0.09410403 0.04812066
 0.0480408  0.04115155 0.07068955 0.05725944 0.05782289 0.07243815
 0.07815141 0.02979432 0.0936499  0.06579377 0.09926142 0.00069322
 0.02073449 0.06868537 0.0466116  0.01294131 0.00682925 0.01207507
 0.01300799 0.07422661 0.0893506  0.01035355 0.08603956 0.08811285
 0.03803175 0.0957839  0.00323242 0.09007107 0.10143445 0.01079017
 0.0448995  0.07015569 0.00886417 0.00216139 0.04096521 0.07956972
 0.08437846 0.0022106  0.04301067 0.08052258 0.02494503 0.02047403
 0.01562965 0.06635569 0.00744345 0.0490886  0.02205159 0.0520353
 0.03415432 0.00676809 0.05229439 0.08847484 0.07457967 0.04997063
 0.10035367 0.06193672 0.09777654 0.03086419 0.08698404 0.02322892
 0.06791667 0.01026939 0.01188756 0.02833195 0.06428246 0.06404617
 0.02007058]
output 0.841375700410303

node 7
weights [0.04518427 0.03274615 0.05147359 0.00927052 0.06623957 0.04020824
 0.04047446 0.01624023 0.00525421 0.00956708 0.0513037  0.02635164
 0.09898921 0.02975662 0.00621145 0.01694822 0.02941744 0.04677722
 0.09728925 0.05434304 0.04759415 0.09104833 0.0689555  0.04379179
 0.0863065  0.03206229 0.03422647 0.05718765 0.01408169 0.07124161
 0.06444858 0.01529372 0.08470033 0.05463038 0.03439267 0.00843413
 0.09812576 0.00483593 0.08547338 0.01145051 0.00783821 0.04804269
 0.08836987 0.02307868 0.02659279 0.08641659 0.06332362 0.04011965
 0.06961889 0.07035733 0.0355543  0.0892218  0.09486848 0.00692447
 0.03879916 0.08695759 0.04293732 0.0573478  0.06525994 0.03551321
 0.09282681 0.06281776 0.02542211 0.00934422 0.03462593 0.01489783
 0.09763106 0.04369942 0.03217794 0.06512141 0.041525   0.01284622
 0.0114055 ]
output 0.8554488596387295

node 8
weights [ 0.076032    0.01590735  0.00637692  0.02002416  0.03357883  0.01667301
  0.02630155  0.00276417  0.06981282  0.07697244  0.02760534  0.05057043
  0.01322112  0.00831272  0.01921356  0.01994135  0.02312678  0.08781466
  0.07798428  0.00628815  0.02790753  0.05126351  0.10050499  0.02144036
  0.0671153   0.0874882   0.08789221  0.05149534  0.0044503   0.08008781
  0.06827565  0.02714912  0.07289469  0.0665898   0.01922821  0.08407038
  0.03549476  0.02195444  0.02899815  0.0743106   0.06685556  0.0991717
  0.08671677  0.09714198  0.05689063  0.01632747  0.02496627  0.0906369
  0.03868333  0.04705838  0.0867384   0.01167594  0.09511457  0.01547387
  0.08148699  0.04808528  0.01667766  0.04277495  0.07461791  0.07459352
  0.00843605  0.02074659  0.01307362  0.03736915  0.00315589  0.07491476
  0.08614206  0.08283263  0.04462859  0.02224792 -0.00120935  0.03231212
  0.04006998]
output 0.8755180099957377

node 9
weights [0.09759583 0.00503339 0.05084509 0.03275737 0.05556645 0.0565039
 0.0574438  0.08930466 0.04384732 0.03970935 0.01359086 0.07098854
 0.04785481 0.06135811 0.0014063  0.04459315 0.05449757 0.06751579
 0.05912556 0.01692901 0.09766345 0.07396176 0.00677895 0.02553596
 0.04997128 0.01055287 0.03054036 0.07580257 0.03079418 0.07448787
 0.09220839 0.09043883 0.10169363 0.05882659 0.00636376 0.07703399
 0.02605899 0.0173836  0.09994773 0.06563897 0.02307185 0.04742321
 0.05909221 0.00235858 0.05444345 0.08057998 0.05075516 0.00678518
 0.08909623 0.0536609  0.03715653 0.06269227 0.07970373 0.02077554
 0.06469336 0.07029201 0.01366874 0.03455382 0.06769615 0.00609389
 0.04021973 0.01726788 0.05620408 0.0241181  0.09982054 0.02820723
 0.01202456 0.05902331 0.08584654 0.08032929 0.01949613 0.07427563
 0.10065134]
output 0.8783168561800797

----
layer 1
-----
node 0
weights [0.02981914 0.04325072 0.06331447 0.08506707 0.08151245 0.08346747
 0.0564964  0.05509342 0.03578357 0.09605505 0.05849385]
output 0.6469237017312471

node 1
weights [0.07698536 0.07475516 0.12645959 0.05327374 0.0463287  0.11239058
 0.04700134 0.09565618 0.04924219 0.03296808 0.06478775]
output 0.6648271780062542

node 2
weights [0.11441034 0.0954117  0.11673834 0.0527134  0.0503805  0.09718786
 0.03343251 0.06063576 0.08216684 0.05074434 0.08350329]
output 0.676619159050959

node 3
weights [0.07195553 0.06921333 0.08211064 0.05235386 0.05407636 0.04249277
 0.07702443 0.03768396 0.06809517 0.09738689 0.09128738]
output 0.6586361669647318

node 4
weights [0.05491086 0.05331948 0.05567308 0.03733772 0.12556814 0.1225815
 0.08482941 0.10164232 0.05870361 0.05691112 0.12061651]
output 0.6837493842823567

----
layer 2
-----
node 0
weights [-0.19175029 -0.25516863 -0.29479135 -0.27586371 -0.23759387 -0.47184752]
output 0.21262939502016528

node 1
weights [-0.25778673 -0.27182197 -0.21952218 -0.21626562 -0.29692543 -0.46664931]
output 0.2128002420699221

node 2
weights [-0.26032197 -0.25207875 -0.27373391 -0.27120139 -0.2910296  -0.40401018]
output 0.21368821095303037

node 3
weights [-0.12721492 -0.09670546 -0.09992753 -0.12496732 -0.08189516 -0.19589048]
output 0.3662361892515452

----

======== avg. summary of performance ========
fold #0, accuracy       33%
fold #1, accuracy       33%
fold #2, accuracy       33%
fold #3, accuracy       33%
fold #4, accuracy       50%
------
avg. % accuracy:        37%
total execution time:   40.18s