
============== BREAST DATA ============== 

============== GLASS DATA ============== 

============== SOYBEAN DATA ============== 

============== ABALONE DATA ============== 
----------------- 0-layer -----------------
test regression
expected [-2.77084867 -2.15053379 -2.15053379 -1.84037636 -1.84037636 -1.84037636
 -1.84037636 -1.84037636 -1.84037636 -1.84037636 -1.84037636 -1.84037636
 -1.84037636 -1.84037636 -1.53021892 -1.53021892 -1.53021892 -1.53021892
 -1.53021892 -1.53021892 -1.53021892 -1.53021892 -1.53021892 -1.53021892
 -1.53021892 -1.53021892 -1.53021892 -1.53021892 -1.53021892 -1.53021892
 -1.53021892 -1.53021892 -1.53021892 -1.53021892 -1.53021892 -1.22006149
 -1.22006149 -1.22006149 -1.22006149 -1.22006149 -1.22006149 -1.22006149
 -1.22006149 -1.22006149 -1.22006149 -1.22006149 -1.22006149 -1.22006149
 -1.22006149 -1.22006149 -1.22006149 -1.22006149 -1.22006149 -1.22006149
 -1.22006149 -1.22006149 -1.22006149 -1.22006149 -1.22006149 -1.22006149
 -1.22006149 -1.22006149 -1.22006149 -1.22006149 -1.22006149 -1.22006149
 -1.22006149 -1.22006149 -1.22006149 -1.22006149 -1.22006149 -1.22006149
 -1.22006149 -1.22006149 -1.22006149 -1.22006149 -1.22006149 -1.22006149
 -1.22006149 -1.22006149 -1.22006149 -1.22006149 -0.90990405 -0.90990405
 -0.90990405 -0.90990405 -0.90990405 -0.90990405 -0.90990405 -0.90990405
 -0.90990405 -0.90990405 -0.90990405 -0.90990405 -0.90990405 -0.90990405
 -0.90990405 -0.90990405 -0.90990405 -0.90990405 -0.90990405 -0.90990405
 -0.90990405 -0.90990405 -0.90990405 -0.90990405 -0.90990405 -0.90990405
 -0.90990405 -0.90990405 -0.90990405 -0.90990405 -0.90990405 -0.90990405
 -0.90990405 -0.90990405 -0.90990405 -0.90990405 -0.90990405 -0.90990405
 -0.90990405 -0.90990405 -0.90990405 -0.90990405 -0.90990405 -0.90990405
 -0.90990405 -0.90990405 -0.90990405 -0.90990405 -0.90990405 -0.90990405
 -0.90990405 -0.90990405 -0.90990405 -0.90990405 -0.90990405 -0.90990405
 -0.90990405 -0.90990405 -0.90990405 -0.90990405 -0.90990405 -0.90990405
 -0.90990405 -0.90990405 -0.90990405 -0.90990405 -0.90990405 -0.90990405
 -0.90990405 -0.90990405 -0.90990405 -0.59974661 -0.59974661 -0.59974661
 -0.59974661 -0.59974661 -0.59974661 -0.59974661 -0.59974661 -0.59974661
 -0.59974661 -0.59974661 -0.59974661 -0.59974661 -0.59974661 -0.59974661
 -0.59974661 -0.59974661 -0.59974661 -0.59974661 -0.59974661 -0.59974661
 -0.59974661 -0.59974661 -0.59974661 -0.59974661 -0.59974661 -0.59974661
 -0.59974661 -0.59974661 -0.59974661 -0.59974661 -0.59974661 -0.59974661
 -0.59974661 -0.59974661 -0.59974661 -0.59974661 -0.59974661 -0.59974661
 -0.59974661 -0.59974661 -0.59974661 -0.59974661 -0.59974661 -0.59974661
 -0.59974661 -0.59974661 -0.59974661 -0.59974661 -0.59974661 -0.59974661
 -0.59974661 -0.59974661 -0.59974661 -0.59974661 -0.59974661 -0.59974661
 -0.59974661 -0.59974661 -0.59974661 -0.59974661 -0.59974661 -0.59974661
 -0.59974661 -0.59974661 -0.59974661 -0.59974661 -0.59974661 -0.59974661
 -0.59974661 -0.59974661 -0.59974661 -0.59974661 -0.59974661 -0.59974661
 -0.59974661 -0.59974661 -0.59974661 -0.59974661 -0.59974661 -0.59974661
 -0.59974661 -0.59974661 -0.59974661 -0.59974661 -0.59974661 -0.59974661
 -0.59974661 -0.59974661 -0.59974661 -0.59974661 -0.59974661 -0.59974661
 -0.59974661 -0.59974661 -0.59974661 -0.59974661 -0.59974661 -0.59974661
 -0.59974661 -0.59974661 -0.59974661 -0.59974661 -0.59974661 -0.28958918
 -0.28958918 -0.28958918 -0.28958918 -0.28958918 -0.28958918 -0.28958918
 -0.28958918 -0.28958918 -0.28958918 -0.28958918 -0.28958918 -0.28958918
 -0.28958918 -0.28958918 -0.28958918 -0.28958918 -0.28958918 -0.28958918
 -0.28958918 -0.28958918 -0.28958918 -0.28958918 -0.28958918 -0.28958918
 -0.28958918 -0.28958918 -0.28958918 -0.28958918 -0.28958918 -0.28958918
 -0.28958918 -0.28958918 -0.28958918 -0.28958918 -0.28958918 -0.28958918
 -0.28958918 -0.28958918 -0.28958918 -0.28958918 -0.28958918 -0.28958918
 -0.28958918 -0.28958918 -0.28958918 -0.28958918 -0.28958918 -0.28958918
 -0.28958918 -0.28958918 -0.28958918 -0.28958918 -0.28958918 -0.28958918
 -0.28958918 -0.28958918 -0.28958918 -0.28958918 -0.28958918 -0.28958918
 -0.28958918 -0.28958918 -0.28958918 -0.28958918 -0.28958918 -0.28958918
 -0.28958918 -0.28958918 -0.28958918 -0.28958918 -0.28958918 -0.28958918
 -0.28958918 -0.28958918 -0.28958918 -0.28958918 -0.28958918 -0.28958918
 -0.28958918 -0.28958918 -0.28958918 -0.28958918 -0.28958918 -0.28958918
 -0.28958918 -0.28958918 -0.28958918 -0.28958918 -0.28958918 -0.28958918
 -0.28958918 -0.28958918 -0.28958918 -0.28958918 -0.28958918 -0.28958918
 -0.28958918 -0.28958918 -0.28958918 -0.28958918 -0.28958918 -0.28958918
 -0.28958918 -0.28958918 -0.28958918 -0.28958918 -0.28958918 -0.28958918
 -0.28958918 -0.28958918 -0.28958918 -0.28958918 -0.28958918 -0.28958918
 -0.28958918 -0.28958918 -0.28958918 -0.28958918 -0.28958918 -0.28958918
 -0.28958918 -0.28958918  0.02056826  0.02056826  0.02056826  0.02056826
  0.02056826  0.02056826  0.02056826  0.02056826  0.02056826  0.02056826
  0.02056826  0.02056826  0.02056826  0.02056826  0.02056826  0.02056826
  0.02056826  0.02056826  0.02056826  0.02056826  0.02056826  0.02056826
  0.02056826  0.02056826  0.02056826  0.02056826  0.02056826  0.02056826
  0.02056826  0.02056826  0.02056826  0.02056826  0.02056826  0.02056826
  0.02056826  0.02056826  0.02056826  0.02056826  0.02056826  0.02056826
  0.02056826  0.02056826  0.02056826  0.02056826  0.02056826  0.02056826
  0.02056826  0.02056826  0.02056826  0.02056826  0.02056826  0.02056826
  0.02056826  0.02056826  0.02056826  0.02056826  0.02056826  0.02056826
  0.02056826  0.02056826  0.02056826  0.02056826  0.02056826  0.02056826
  0.02056826  0.02056826  0.02056826  0.02056826  0.02056826  0.02056826
  0.02056826  0.02056826  0.02056826  0.02056826  0.02056826  0.02056826
  0.02056826  0.02056826  0.02056826  0.02056826  0.02056826  0.02056826
  0.02056826  0.02056826  0.02056826  0.02056826  0.02056826  0.02056826
  0.02056826  0.02056826  0.02056826  0.02056826  0.02056826  0.02056826
  0.02056826  0.02056826  0.02056826  0.02056826  0.02056826  0.02056826
  0.02056826  0.02056826  0.02056826  0.02056826  0.02056826  0.02056826
  0.02056826  0.02056826  0.02056826  0.02056826  0.02056826  0.02056826
  0.33072569  0.33072569  0.33072569  0.33072569  0.33072569  0.33072569
  0.33072569  0.33072569  0.33072569  0.33072569  0.33072569  0.33072569
  0.33072569  0.33072569  0.33072569  0.33072569  0.33072569  0.33072569
  0.33072569  0.33072569  0.33072569  0.33072569  0.33072569  0.33072569
  0.33072569  0.33072569  0.33072569  0.33072569  0.33072569  0.33072569
  0.33072569  0.33072569  0.33072569  0.33072569  0.33072569  0.33072569
  0.33072569  0.33072569  0.33072569  0.33072569  0.33072569  0.33072569
  0.33072569  0.33072569  0.33072569  0.33072569  0.33072569  0.33072569
  0.33072569  0.33072569  0.33072569  0.33072569  0.33072569  0.33072569
  0.33072569  0.33072569  0.33072569  0.33072569  0.33072569  0.33072569
  0.33072569  0.33072569  0.33072569  0.33072569  0.33072569  0.33072569
  0.33072569  0.33072569  0.33072569  0.33072569  0.33072569  0.33072569
  0.33072569  0.33072569  0.33072569  0.33072569  0.33072569  0.33072569
  0.33072569  0.33072569  0.33072569  0.33072569  0.33072569  0.33072569
  0.33072569  0.33072569  0.33072569  0.33072569  0.33072569  0.64088313
  0.64088313  0.64088313  0.64088313  0.64088313  0.64088313  0.64088313
  0.64088313  0.64088313  0.64088313  0.64088313  0.64088313  0.64088313
  0.64088313  0.64088313  0.64088313  0.64088313  0.64088313  0.64088313
  0.64088313  0.64088313  0.64088313  0.64088313  0.64088313  0.64088313
  0.64088313  0.64088313  0.64088313  0.64088313  0.64088313  0.64088313
  0.64088313  0.64088313  0.64088313  0.64088313  0.64088313  0.64088313
  0.64088313  0.64088313  0.64088313  0.64088313  0.64088313  0.64088313
  0.64088313  0.64088313  0.64088313  0.64088313  0.95104056  0.95104056
  0.95104056  0.95104056  0.95104056  0.95104056  0.95104056  0.95104056
  0.95104056  0.95104056  0.95104056  0.95104056  0.95104056  0.95104056
  0.95104056  0.95104056  0.95104056  0.95104056  0.95104056  0.95104056
  0.95104056  0.95104056  0.95104056  0.95104056  0.95104056  0.95104056
  0.95104056  0.95104056  0.95104056  0.95104056  0.95104056  0.95104056
  0.95104056  0.95104056  0.95104056  0.95104056  0.95104056  1.261198
  1.261198    1.261198    1.261198    1.261198    1.261198    1.261198
  1.261198    1.261198    1.261198    1.261198    1.261198    1.261198
  1.261198    1.261198    1.261198    1.261198    1.261198    1.261198
  1.261198    1.261198    1.261198    1.57135544  1.57135544  1.57135544
  1.57135544  1.57135544  1.57135544  1.57135544  1.57135544  1.57135544
  1.57135544  1.57135544  1.57135544  1.57135544  1.57135544  1.57135544
  1.57135544  1.57135544  1.57135544  1.57135544  1.88151287  1.88151287
  1.88151287  1.88151287  1.88151287  1.88151287  1.88151287  1.88151287
  1.88151287  1.88151287  1.88151287  2.19167031  2.19167031  2.19167031
  2.19167031  2.19167031  2.19167031  2.19167031  2.19167031  2.19167031
  2.19167031  2.19167031  2.50182774  2.50182774  2.50182774  2.50182774
  2.50182774  2.50182774  2.50182774  2.81198518  2.81198518  2.81198518
  2.81198518  2.81198518  2.81198518  3.12214262  3.12214262  3.12214262
  3.12214262  3.12214262  3.43230005  3.43230005  3.74245749  4.05261492
  4.05261492  4.98308723]
predicted [[-3.177744600304491], [-3.1208438606329367], [-3.1188758323889836], [-2.992705911585074], [-3.0497087192158876], [-3.060573906484987], [-3.1178000517950277], [-2.9732815073046233], [-3.026825318926379], [-3.061746039110319], [-2.990869420841393], [-3.1150490799628034], [-3.076442340441082], [-2.993679386339707], [-2.9762621354189673], [-2.9768735258926977], [-2.9215010706973854], [-2.934544368156363], [-2.864580560822193], [-2.9711307844280355], [-2.8466840265740956], [-3.0807791609656423], [-2.9349940834144452], [-2.834711464496947], [-2.9018903987550506], [-2.8696505770305327], [-2.8865440303065095], [-2.9924366380071157], [-2.9081028307790504], [-2.9739929779633063], [-2.9105957784371683], [-2.85850782221295], [-3.0464129484051705], [-2.9587695751197884], [-2.9659612193008122], [-3.0012415562155486], [-2.998743754784044], [-2.904224742564596], [-2.8697775716582403], [-2.7856321593906364], [-3.003007379384121], [-2.954403881472907], [-2.84103779426075], [-2.8143005665997705], [-2.8704843269962734], [-2.8199418369730567], [-2.7129222480720365], [-2.7092665670672647], [-2.8658292341652873], [-2.9327727673448436], [-2.8092778167881605], [-2.977117349319792], [-2.9320613612241075], [-2.888876891045262], [-2.813192561532202], [-2.792117399828965], [-2.915811656479954], [-2.7976657451771088], [-2.794466738201285], [-2.6955740919918445], [-2.9221374048554383], [-2.766613494303891], [-3.0886059575250275], [-2.612148469032816], [-2.8871761231038944], [-2.9136569240371357], [-2.893694639710744], [-2.816384306779876], [-2.9367196303223118], [-2.775517214135328], [-2.9749490412919273], [-2.826243519517714], [-2.847190444666594], [-2.737340163753923], [-2.8685072886984404], [-2.8649169933730105], [-2.7818556581473644], [-2.807498388284902], [-2.8530098605727248], [-2.9062093278240893], [-2.7783510963784064], [-2.718540305783119], [-2.7518292416144146], [-2.7323628333848933], [-2.8791216381288463], [-2.8236018466441064], [-2.767762525383431], [-2.915153121646693], [-2.672787830719152], [-2.4829275988873505], [-2.8193635740081646], [-2.634984231726608], [-2.95068188343475], [-2.7999974379759247], [-2.960247952456867], [-2.843090631942509], [-2.9194092077589673], [-2.692178846796776], [-2.7865379628810047], [-2.8373329290359925], [-2.884324552260057], [-2.7235183571391413], [-2.8635434952034395], [-2.819966443268142], [-2.7104968476223], [-2.710112984383729], [-2.8673374908216833], [-2.685135197711687], [-2.8756236386520495], [-2.604928671913461], [-2.909952884761327], [-2.8707517759601044], [-2.6227739717063185], [-2.668356058865671], [-2.6668730876245337], [-2.3141638517150804], [-2.7179990407140795], [-2.9411669492525387], [-2.75501470925303], [-2.649126880915352], [-2.750102633326137], [-2.782764641773272], [-2.749734291254125], [-2.7518682425695653], [-2.9652192449953283], [-2.855393254770942], [-2.7751321432062546], [-2.768633253687751], [-2.8664647920338453], [-2.5151895799215436], [-2.534180170815662], [-2.7549934656821344], [-2.7322981190639344], [-2.6849249912719233], [-2.7261518800995628], [-2.6996794160175877], [-2.8253758141686816], [-2.6561371584538267], [-2.7764624074959605], [-2.798606241139929], [-2.90376291694238], [-2.7611939721970002], [-2.81249661787363], [-2.893322930692871], [-3.051317732161375], [-2.932401799847339], [-2.8408469581036138], [-2.8191874593570687], [-2.911140283634119], [-2.7258659789476165], [-2.82884263517023], [-2.8184129674487375], [-2.8591119581658972], [-2.6928596731600414], [-2.9500373864583107], [-2.6616160883666597], [-2.815312524491429], [-2.541081865367306], [-2.763959798794592], [-2.7877039905215537], [-2.5459376780158203], [-2.801329420984575], [-2.584219483793101], [-2.5912632095967525], [-2.6019741105122356], [-2.6874627451281827], [-2.7140372440089493], [-2.5584794159114965], [-2.8520097843058854], [-2.5797953215890628], [-2.770256822754335], [-2.675054923568801], [-2.6438490130065557], [-2.700861123530223], [-2.608942094266673], [-2.816279369879992], [-2.5992359525028728], [-2.449766897228829], [-2.2760843405302373], [-2.7442262164139195], [-2.5559424685886416], [-2.5601790839248246], [-2.7117759902903438], [-2.490814676421494], [-2.4041865634830613], [-2.7074301518246844], [-2.853889677476989], [-2.6611948840775232], [-2.7196923647721727], [-2.64592957416072], [-2.5657946203678006], [-2.5479991821694763], [-2.5654944618859368], [-2.5001054754533194], [-2.866542911830192], [-2.7692674749088866], [-2.72782212372526], [-2.717979747824846], [-2.9323475566899257], [-2.628587296681409], [-2.7024860232614687], [-2.5504458835958665], [-2.644474806842165], [-2.57845152035079], [-2.8159164754445625], [-2.6586503534013084], [-2.697697515321798], [-2.66900707184379], [-2.8508150887214865], [-2.531162826056046], [-2.5558722863145404], [-2.5875661816411037], [-2.7403511494411514], [-2.4630140453275353], [-2.804257031547995], [-2.52323610222407], [-2.7134155114720437], [-2.7254291951263214], [-2.7814577383222145], [-2.717359125875135], [-2.7758213015433437], [-2.5309254923030826], [-2.760249435673023], [-2.654257826577334], [-2.7481704406399685], [-2.9449630709136447], [-2.6531850072929286], [-2.7252995838717657], [-2.7260317098548286], [-2.8129894177414974], [-2.6962328699528766], [-2.63134938366071], [-2.6729115656171265], [-2.5780194277871846], [-2.7825041624530136], [-2.7092798043208135], [-2.8635113731782553], [-2.362253872096514], [-2.499501879942501], [-2.5373915836380205], [-2.7526826820988464], [-2.5616307699413183], [-2.6251004197083176], [-2.6116500670436977], [-2.591001130733846], [-2.6797865969783836], [-2.7483629099261084], [-2.61538893630345], [-2.621690773846467], [-2.893115123415636], [-2.7335137751930296], [-2.511872866153518], [-2.71117265313337], [-2.5816746306695655], [-2.727701269673665], [-2.699492945602286], [-2.9055918147238193], [-2.5698888917823526], [-2.504020399239024], [-2.7852196035951833], [-2.4578546864928037], [-2.5202495777732823], [-2.4121017418202673], [-2.8326497647920457], [-2.7303154466206183], [-2.407932926124227], [-2.5009022981934073], [-2.782228286475902], [-2.6202998933011514], [-2.6561448479744505], [-2.7629281823511356], [-2.708765191015058], [-2.531983544081789], [-2.4435434188031775], [-2.689282919286723], [-2.7805590624733836], [-2.5416247708022603], [-2.558003986909633], [-2.567554528737136], [-2.670270790785613], [-2.4457209222810263], [-2.569995779636721], [-2.458255259888617], [-2.917354396602277], [-2.6535632202635813], [-2.3716663690461504], [-2.5256571318078596], [-2.508384339585996], [-2.5330326108588612], [-2.9644474232854936], [-2.888753779080795], [-2.7972694263134206], [-2.461184234464126], [-2.4678042982292556], [-2.7133259175287345], [-2.929136092606768], [-2.7580158544729967], [-2.4925923198303024], [-2.617191695521036], [-2.4731904616763924], [-2.625221416196623], [-2.594887973903712], [-2.784602186732669], [-2.8300829435892547], [-2.554503337546193], [-2.5751599887553733], [-2.5608201166870987], [-2.2505334974724436], [-2.646750530467456], [-2.521787098482158], [-2.7303249180066267], [-2.568753543076106], [-2.8155833137203823], [-2.363685901155929], [-2.7863290469695334], [-2.552692709347202], [-2.881846400113566], [-2.903227229527061], [-2.6430589910373126], [-2.479273821556998], [-2.4921435974499317], [-2.3353632438141463], [-2.4163512774598717], [-2.4006717669206625], [-2.529213942501124], [-2.6411001210543894], [-2.3720187400657555], [-2.6442867412346933], [-2.593651821714053], [-2.639516066983498], [-2.485556906194367], [-2.4211018524603802], [-2.839579571571393], [-2.8435795692735786], [-2.667608120241196], [-2.611607561853011], [-2.2985941572298825], [-2.5006021007349446], [-2.4513707125390356], [-2.364507004704384], [-2.5009427003925304], [-2.520421693955968], [-2.4053759357341487], [-2.61226598431211], [-2.606929034067049], [-2.397242385395709], [-2.599159697839169], [-2.670708021544919], [-2.7093819383833537], [-2.5947019647077694], [-2.1064853389443536], [-2.37500947506988], [-2.440084650993433], [-2.392574161357247], [-2.41073782768747], [-2.5304528251194993], [-2.3523246965128477], [-2.4658024054858707], [-2.397780640030878], [-2.3545674837865587], [-2.459394096711927], [-2.4395585072657475], [-2.4962613866681167], [-2.5679774792122947], [-2.7605367692333957], [-2.382626162661126], [-2.854244149227222], [-2.57123450752901], [-2.615182210602377], [-2.6530837715236504], [-2.689315327965262], [-2.467427842337921], [-2.5723907273860203], [-2.612104550114375], [-2.5193587715094146], [-2.7144777904283894], [-2.5704871028530825], [-2.5703225368632427], [-2.554896122195422], [-2.707284115122864], [-2.510295148185369], [-2.4950612729005384], [-2.4210661948032506], [-2.4587719560425763], [-2.6422420554639876], [-2.740569666985813], [-2.5033919930078974], [-2.4425770783913947], [-2.4197697095128428], [-2.516804527095946], [-2.7750197629197166], [-2.229670373415208], [-2.22666636456902], [-2.513042921662742], [-2.704916823303723], [-2.3936009929231474], [-2.117412299550217], [-2.246800215430898], [-2.440663449031703], [-2.430316738213998], [-2.425357103242441], [-2.5035258615057736], [-2.5642877647895985], [-2.4169833867451067], [-2.653129201251583], [-2.5806778818085876], [-2.699684084479682], [-2.546088536366628], [-2.503072311187783], [-2.5370162095681796], [-2.364059529984913], [-2.1127491781554206], [-2.631065782580801], [-2.5487364082231134], [-2.8832027038007366], [-2.5789548228536967], [-2.5905464052321943], [-2.6600701433574945], [-2.578061839777432], [-2.4500662476302977], [-2.486139151877372], [-2.4651863380663497], [-2.363505554759196], [-2.527151355324682], [-2.5662856780842667], [-2.6257329981629716], [-2.4769021844332952], [-2.584407837643107], [-2.621654241913397], [-2.4013689947947814], [-2.309549964030734], [-2.489748078880698], [-2.536163059692943], [-2.6683664496586466], [-2.46131443392678], [-2.3015423959889567], [-2.2367069622002544], [-2.3298861241161104], [-2.674416783752607], [-2.4380737273109983], [-2.5495186697452903], [-2.4661899651631365], [-2.4434720781533965], [-2.5723262515356358], [-2.4876854104068062], [-2.477431927306405], [-2.7230239983880606], [-2.796353418429325], [-2.457695521811488], [-2.56703967365089], [-2.5917547072040925], [-2.4924608708016223], [-2.2971568495298857], [-2.5829831567830803], [-2.44773073059122], [-2.7210264739199395], [-2.4176122857951134], [-2.4819212404642514], [-2.5379125870776864], [-2.9083130333769778], [-2.604521135479951], [-2.4985274743952526], [-2.4074102156774817], [-2.3815900492758377], [-2.9110766628380245], [-2.3822107519045956], [-2.785570233602644], [-2.7335812873934904], [-2.460491054776498], [-2.560576730958646], [-2.761822720747], [-2.642232514234511], [-2.2566649823104927], [-2.8337942585290654], [-2.436643820887579], [-2.3390976112208013], [-2.829503699750275], [-2.613761557331612], [-2.555915421157369], [-2.4582893383081803], [-2.4253365738851262], [-2.4805573425374083], [-2.5329714292676244], [-2.7841064048760935], [-2.436959001621676], [-2.4419182207706553], [-2.444287719633304], [-2.605025312620391], [-2.45301932567459], [-2.612958860284945], [-2.5388271562757123], [-2.4063951904376566], [-2.730145359699634], [-2.467088637447279], [-2.642682284503202], [-2.599400697237836], [-2.5099869086309776], [-2.2830372322257375], [-2.6186386567608744], [-2.4112761709511084], [-2.4406243560007708], [-2.34205710904581], [-2.563028740347967], [-2.428064660562173], [-2.5522783648240392], [-2.5266691817229274], [-2.4273016609033697], [-2.4636753909126634], [-2.289214808315655], [-2.499842583011189], [-2.5643255664518563], [-2.2466273554343212], [-2.130971176412787], [-2.929517875592959], [-2.3875604122893583], [-2.407427686854007], [-2.577486143161507], [-2.554435547478008], [-2.417668395542547], [-2.2935900225937416], [-2.142135808345839], [-2.508747236058087], [-2.404187882933292], [-2.4268837879522986], [-2.649454536457537], [-2.1393789510674406], [-2.307145558266813], [-2.7400543982875853], [-2.4378326367448055], [-2.395759146375382], [-2.4348871620162535], [-2.2310582963511107], [-2.7105693674762916], [-2.2022303618783066], [-2.0485900281443246], [-2.3198814267607992], [-2.279213553505135], [-2.020713964253282], [-2.3293116405264813], [-2.6840661939837793], [-2.5805854433343414], [-2.2427791519936395], [-2.247259946297294], [-2.3569218812593244], [-2.3240766474157386], [-2.2334360929652055], [-2.3742814362307696], [-2.2759438452127037], [-2.3882869323746094], [-2.482940654209598], [-2.647270464233382], [-2.428691246376987], [-2.6216030079728934], [-2.531717491311324], [-2.6468112448291192], [-2.679710674594096], [-2.551522313804206], [-2.2787417179994454], [-2.408516805869263], [-2.515819398343958], [-2.5020039129324725], [-2.3338334806528795], [-2.473611102827363], [-2.7088175347878782], [-2.6130817149910737], [-2.5737852027677346], [-2.400570564548068], [-2.8328343209512887], [-2.387829317448581], [-2.456518653703066], [-2.792396716132631], [-2.3184327141864136], [-2.508257300533747], [-2.469208650466605], [-2.400940256424765], [-2.396930501192714], [-2.1835532034941907], [-2.2621933276253645], [-2.7254167918203094], [-2.48367231081216], [-2.48816912535192], [-2.6637187170622387], [-2.2737543489118455], [-2.1091012798611892], [-2.793574377228121], [-2.43715824678026], [-2.667918147239437], [-2.3037729087613563], [-2.620137250520748], [-2.582371013465747], [-2.46537544896897], [-2.506547778177117], [-2.338080695170187], [-2.6296491217515956], [-2.8219979813458425], [-2.4292568421537437], [-2.2382224391662495], [-2.2879173000821873], [-2.2357649514551072], [-2.3680111407724116], [-2.3827364912020137], [-2.52389259186063], [-2.6612814207193756], [-2.5516948640132484], [-2.342494998451456], [-2.7137780175116935], [-2.412199812581629], [-2.641039168053241], [-2.3393205314128758], [-2.2962592950064273], [-2.5999026703052106], [-2.4238003387612195], [-2.286955170523025], [-2.153430195732468], [-2.549552293201791], [-2.226290357048921], [-2.3642604948598787], [-2.588674131500093], [-2.4784368265105896], [-2.678413335288435], [-2.3536814326604953], [-2.669477016839827], [-2.3615693967713773], [-2.236098148300002], [-2.6798618742172815], [-2.4640285661881256], [-2.405965412621085], [-2.502658535507565], [-2.5140087883822035], [-2.122842400646151], [-2.549342611225534], [-2.6626531872291093], [-2.265263396773391], [-2.2739510360052653], [-2.541592083656723], [-2.5824204496684353], [-2.414691493571941], [-2.319756425057545], [-2.765473693923658], [-2.2585082763077597], [-2.4475920980432893], [-2.592613022678675], [-2.5153617226165323], [-2.464998743734572], [-2.259428523566666], [-2.345425308961088], [-2.4452884926688188], [-2.261852626349939], [-2.3838870366395795], [-2.5605531486682325], [-2.4038705385238246], [-2.4253936906308953], [-2.297899473304473], [-2.277846610510653], [-2.4780681979340327], [-2.4081890605021], [-2.453440762588177], [-2.5135514090748723], [-2.4685631271687374], [-2.361270159621757], [-2.5491619311634377], [-2.3683750317165], [-2.4368108219266205], [-2.6504430101244356], [-2.551367674486365], [-2.16210965541854], [-2.6226318653927807], [-2.71209371026267], [-2.6628471782136516], [-2.192279659378779], [-2.5814542234663], [-2.46357742048404], [-2.552070861746389], [-2.55939734395647], [-2.6687450218598765], [-2.4013850911490513], [-2.4248376073939903], [-2.257615389987151], [-2.411492849890704], [-2.1060564700085], [-2.339882725163517], [-2.5663715650581453], [-2.483914069628233], [-2.5189523237338713], [-2.3538920940337], [-2.4091396521360546], [-2.3325942093443826], [-2.4915430307546513], [-2.4666548893419247], [-2.466118757247449], [-2.3919513073130387], [-2.541449488334162], [-2.487235735921398], [-2.4159053467791], [-2.779251768109647], [-2.577354372769252], [-2.239415147577516], [-2.3801385726169766], [-2.293882235952555], [-2.614230128948607], [-2.6651670356596067], [-2.578849410647941], [-2.4254807672216225], [-2.6075170950520925], [-2.648174277177368], [-2.4976003600925734], [-2.256002202222096], [-2.447684748199679], [-2.0894576969250727], [-2.6287590415313944], [-2.3847731206606015], [-2.616753413823101], [-2.7257639866024768], [-2.4020183911572577], [-2.772560613903067], [-2.3241810544021053], [-2.5034095403042804], [-2.6217122071317402], [-2.3806702398558546], [-2.5868975429036047], [-2.4126779097876314], [-2.3342081805494748], [-2.5823283053097614], [-2.5213752355154653], [-2.4377639548776675], [-2.594062877633394], [-2.4890387103175198], [-2.4637147373081163], [-2.346786001680714], [-2.3217645550244983], [-2.370711929197268], [-2.280037774743298], [-2.4245992353349055], [-2.125077026801228], [-2.536149472470724], [-2.560209549133986], [-2.528590262474179], [-2.7303900507181043], [-2.563355555451301], [-2.501187323766846], [-2.180619886539129], [-2.3364320578983193], [-2.470980574440516], [-2.5187324660015586], [-2.487303120722966], [-2.1598623698808437], [-2.192420553316256], [-2.454989378708465], [-2.628546618435731], [-2.269044571182153], [-1.9915561998427522], [-2.4272794825853823]]

======== avg. summary of performance ========
fold #0, MSE	7.7239
fold #1, MSE	9.1178
fold #2, MSE	9.4132
fold #3, MSE	9.2888
fold #4, MSE	9.466
------
avg. MSE:	9.0019
total execution time:	4.28s
----------------- 1-layer -----------------
test regression
expected [-2.77084867 -2.15053379 -2.15053379 -1.84037636 -1.84037636 -1.84037636
 -1.84037636 -1.84037636 -1.84037636 -1.84037636 -1.84037636 -1.84037636
 -1.84037636 -1.84037636 -1.53021892 -1.53021892 -1.53021892 -1.53021892
 -1.53021892 -1.53021892 -1.53021892 -1.53021892 -1.53021892 -1.53021892
 -1.53021892 -1.53021892 -1.53021892 -1.53021892 -1.53021892 -1.53021892
 -1.53021892 -1.53021892 -1.53021892 -1.53021892 -1.53021892 -1.22006149
 -1.22006149 -1.22006149 -1.22006149 -1.22006149 -1.22006149 -1.22006149
 -1.22006149 -1.22006149 -1.22006149 -1.22006149 -1.22006149 -1.22006149
 -1.22006149 -1.22006149 -1.22006149 -1.22006149 -1.22006149 -1.22006149
 -1.22006149 -1.22006149 -1.22006149 -1.22006149 -1.22006149 -1.22006149
 -1.22006149 -1.22006149 -1.22006149 -1.22006149 -1.22006149 -1.22006149
 -1.22006149 -1.22006149 -1.22006149 -1.22006149 -1.22006149 -1.22006149
 -1.22006149 -1.22006149 -1.22006149 -1.22006149 -1.22006149 -1.22006149
 -1.22006149 -1.22006149 -1.22006149 -1.22006149 -0.90990405 -0.90990405
 -0.90990405 -0.90990405 -0.90990405 -0.90990405 -0.90990405 -0.90990405
 -0.90990405 -0.90990405 -0.90990405 -0.90990405 -0.90990405 -0.90990405
 -0.90990405 -0.90990405 -0.90990405 -0.90990405 -0.90990405 -0.90990405
 -0.90990405 -0.90990405 -0.90990405 -0.90990405 -0.90990405 -0.90990405
 -0.90990405 -0.90990405 -0.90990405 -0.90990405 -0.90990405 -0.90990405
 -0.90990405 -0.90990405 -0.90990405 -0.90990405 -0.90990405 -0.90990405
 -0.90990405 -0.90990405 -0.90990405 -0.90990405 -0.90990405 -0.90990405
 -0.90990405 -0.90990405 -0.90990405 -0.90990405 -0.90990405 -0.90990405
 -0.90990405 -0.90990405 -0.90990405 -0.90990405 -0.90990405 -0.90990405
 -0.90990405 -0.90990405 -0.90990405 -0.90990405 -0.90990405 -0.90990405
 -0.90990405 -0.90990405 -0.90990405 -0.90990405 -0.90990405 -0.90990405
 -0.90990405 -0.90990405 -0.90990405 -0.59974661 -0.59974661 -0.59974661
 -0.59974661 -0.59974661 -0.59974661 -0.59974661 -0.59974661 -0.59974661
 -0.59974661 -0.59974661 -0.59974661 -0.59974661 -0.59974661 -0.59974661
 -0.59974661 -0.59974661 -0.59974661 -0.59974661 -0.59974661 -0.59974661
 -0.59974661 -0.59974661 -0.59974661 -0.59974661 -0.59974661 -0.59974661
 -0.59974661 -0.59974661 -0.59974661 -0.59974661 -0.59974661 -0.59974661
 -0.59974661 -0.59974661 -0.59974661 -0.59974661 -0.59974661 -0.59974661
 -0.59974661 -0.59974661 -0.59974661 -0.59974661 -0.59974661 -0.59974661
 -0.59974661 -0.59974661 -0.59974661 -0.59974661 -0.59974661 -0.59974661
 -0.59974661 -0.59974661 -0.59974661 -0.59974661 -0.59974661 -0.59974661
 -0.59974661 -0.59974661 -0.59974661 -0.59974661 -0.59974661 -0.59974661
 -0.59974661 -0.59974661 -0.59974661 -0.59974661 -0.59974661 -0.59974661
 -0.59974661 -0.59974661 -0.59974661 -0.59974661 -0.59974661 -0.59974661
 -0.59974661 -0.59974661 -0.59974661 -0.59974661 -0.59974661 -0.59974661
 -0.59974661 -0.59974661 -0.59974661 -0.59974661 -0.59974661 -0.59974661
 -0.59974661 -0.59974661 -0.59974661 -0.59974661 -0.59974661 -0.59974661
 -0.59974661 -0.59974661 -0.59974661 -0.59974661 -0.59974661 -0.59974661
 -0.59974661 -0.59974661 -0.59974661 -0.59974661 -0.59974661 -0.28958918
 -0.28958918 -0.28958918 -0.28958918 -0.28958918 -0.28958918 -0.28958918
 -0.28958918 -0.28958918 -0.28958918 -0.28958918 -0.28958918 -0.28958918
 -0.28958918 -0.28958918 -0.28958918 -0.28958918 -0.28958918 -0.28958918
 -0.28958918 -0.28958918 -0.28958918 -0.28958918 -0.28958918 -0.28958918
 -0.28958918 -0.28958918 -0.28958918 -0.28958918 -0.28958918 -0.28958918
 -0.28958918 -0.28958918 -0.28958918 -0.28958918 -0.28958918 -0.28958918
 -0.28958918 -0.28958918 -0.28958918 -0.28958918 -0.28958918 -0.28958918
 -0.28958918 -0.28958918 -0.28958918 -0.28958918 -0.28958918 -0.28958918
 -0.28958918 -0.28958918 -0.28958918 -0.28958918 -0.28958918 -0.28958918
 -0.28958918 -0.28958918 -0.28958918 -0.28958918 -0.28958918 -0.28958918
 -0.28958918 -0.28958918 -0.28958918 -0.28958918 -0.28958918 -0.28958918
 -0.28958918 -0.28958918 -0.28958918 -0.28958918 -0.28958918 -0.28958918
 -0.28958918 -0.28958918 -0.28958918 -0.28958918 -0.28958918 -0.28958918
 -0.28958918 -0.28958918 -0.28958918 -0.28958918 -0.28958918 -0.28958918
 -0.28958918 -0.28958918 -0.28958918 -0.28958918 -0.28958918 -0.28958918
 -0.28958918 -0.28958918 -0.28958918 -0.28958918 -0.28958918 -0.28958918
 -0.28958918 -0.28958918 -0.28958918 -0.28958918 -0.28958918 -0.28958918
 -0.28958918 -0.28958918 -0.28958918 -0.28958918 -0.28958918 -0.28958918
 -0.28958918 -0.28958918 -0.28958918 -0.28958918 -0.28958918 -0.28958918
 -0.28958918 -0.28958918 -0.28958918 -0.28958918 -0.28958918 -0.28958918
 -0.28958918 -0.28958918  0.02056826  0.02056826  0.02056826  0.02056826
  0.02056826  0.02056826  0.02056826  0.02056826  0.02056826  0.02056826
  0.02056826  0.02056826  0.02056826  0.02056826  0.02056826  0.02056826
  0.02056826  0.02056826  0.02056826  0.02056826  0.02056826  0.02056826
  0.02056826  0.02056826  0.02056826  0.02056826  0.02056826  0.02056826
  0.02056826  0.02056826  0.02056826  0.02056826  0.02056826  0.02056826
  0.02056826  0.02056826  0.02056826  0.02056826  0.02056826  0.02056826
  0.02056826  0.02056826  0.02056826  0.02056826  0.02056826  0.02056826
  0.02056826  0.02056826  0.02056826  0.02056826  0.02056826  0.02056826
  0.02056826  0.02056826  0.02056826  0.02056826  0.02056826  0.02056826
  0.02056826  0.02056826  0.02056826  0.02056826  0.02056826  0.02056826
  0.02056826  0.02056826  0.02056826  0.02056826  0.02056826  0.02056826
  0.02056826  0.02056826  0.02056826  0.02056826  0.02056826  0.02056826
  0.02056826  0.02056826  0.02056826  0.02056826  0.02056826  0.02056826
  0.02056826  0.02056826  0.02056826  0.02056826  0.02056826  0.02056826
  0.02056826  0.02056826  0.02056826  0.02056826  0.02056826  0.02056826
  0.02056826  0.02056826  0.02056826  0.02056826  0.02056826  0.02056826
  0.02056826  0.02056826  0.02056826  0.02056826  0.02056826  0.02056826
  0.02056826  0.02056826  0.02056826  0.02056826  0.02056826  0.02056826
  0.33072569  0.33072569  0.33072569  0.33072569  0.33072569  0.33072569
  0.33072569  0.33072569  0.33072569  0.33072569  0.33072569  0.33072569
  0.33072569  0.33072569  0.33072569  0.33072569  0.33072569  0.33072569
  0.33072569  0.33072569  0.33072569  0.33072569  0.33072569  0.33072569
  0.33072569  0.33072569  0.33072569  0.33072569  0.33072569  0.33072569
  0.33072569  0.33072569  0.33072569  0.33072569  0.33072569  0.33072569
  0.33072569  0.33072569  0.33072569  0.33072569  0.33072569  0.33072569
  0.33072569  0.33072569  0.33072569  0.33072569  0.33072569  0.33072569
  0.33072569  0.33072569  0.33072569  0.33072569  0.33072569  0.33072569
  0.33072569  0.33072569  0.33072569  0.33072569  0.33072569  0.33072569
  0.33072569  0.33072569  0.33072569  0.33072569  0.33072569  0.33072569
  0.33072569  0.33072569  0.33072569  0.33072569  0.33072569  0.33072569
  0.33072569  0.33072569  0.33072569  0.33072569  0.33072569  0.33072569
  0.33072569  0.33072569  0.33072569  0.33072569  0.33072569  0.33072569
  0.33072569  0.33072569  0.33072569  0.33072569  0.33072569  0.64088313
  0.64088313  0.64088313  0.64088313  0.64088313  0.64088313  0.64088313
  0.64088313  0.64088313  0.64088313  0.64088313  0.64088313  0.64088313
  0.64088313  0.64088313  0.64088313  0.64088313  0.64088313  0.64088313
  0.64088313  0.64088313  0.64088313  0.64088313  0.64088313  0.64088313
  0.64088313  0.64088313  0.64088313  0.64088313  0.64088313  0.64088313
  0.64088313  0.64088313  0.64088313  0.64088313  0.64088313  0.64088313
  0.64088313  0.64088313  0.64088313  0.64088313  0.64088313  0.64088313
  0.64088313  0.64088313  0.64088313  0.64088313  0.95104056  0.95104056
  0.95104056  0.95104056  0.95104056  0.95104056  0.95104056  0.95104056
  0.95104056  0.95104056  0.95104056  0.95104056  0.95104056  0.95104056
  0.95104056  0.95104056  0.95104056  0.95104056  0.95104056  0.95104056
  0.95104056  0.95104056  0.95104056  0.95104056  0.95104056  0.95104056
  0.95104056  0.95104056  0.95104056  0.95104056  0.95104056  0.95104056
  0.95104056  0.95104056  0.95104056  0.95104056  0.95104056  1.261198
  1.261198    1.261198    1.261198    1.261198    1.261198    1.261198
  1.261198    1.261198    1.261198    1.261198    1.261198    1.261198
  1.261198    1.261198    1.261198    1.261198    1.261198    1.261198
  1.261198    1.261198    1.261198    1.57135544  1.57135544  1.57135544
  1.57135544  1.57135544  1.57135544  1.57135544  1.57135544  1.57135544
  1.57135544  1.57135544  1.57135544  1.57135544  1.57135544  1.57135544
  1.57135544  1.57135544  1.57135544  1.57135544  1.88151287  1.88151287
  1.88151287  1.88151287  1.88151287  1.88151287  1.88151287  1.88151287
  1.88151287  1.88151287  1.88151287  2.19167031  2.19167031  2.19167031
  2.19167031  2.19167031  2.19167031  2.19167031  2.19167031  2.19167031
  2.19167031  2.19167031  2.50182774  2.50182774  2.50182774  2.50182774
  2.50182774  2.50182774  2.50182774  2.81198518  2.81198518  2.81198518
  2.81198518  2.81198518  2.81198518  3.12214262  3.12214262  3.12214262
  3.12214262  3.12214262  3.43230005  3.43230005  3.74245749  4.05261492
  4.05261492  4.98308723]
predicted [[-2.5618693570247877], [-2.5508273422615546], [-2.556666580640969], [-2.5413070406981375], [-2.541815607432835], [-2.5484442399343354], [-2.5542434306364066], [-2.544323058934887], [-2.5463919711942755], [-2.5493790210259735], [-2.5375176225686875], [-2.5541108612009946], [-2.5508573890967865], [-2.540933436526194], [-2.5386098816451494], [-2.5374172041764194], [-2.5318151912656934], [-2.531735864644669], [-2.5237395939184633], [-2.537767431500629], [-2.5205673148794028], [-2.5492056185484118], [-2.533406109418918], [-2.518567699665647], [-2.5286694158041967], [-2.5218501542985234], [-2.52684526129524], [-2.5395535386455896], [-2.5301732526509046], [-2.53827580476376], [-2.5301105918068703], [-2.524628024654979], [-2.5487969652658466], [-2.5354026622657293], [-2.535854105525213], [-2.5425869025907235], [-2.542349808202271], [-2.5310068985826506], [-2.5228101869952475], [-2.5128071230336544], [-2.536506195887477], [-2.5359698856860886], [-2.5209489887289434], [-2.5150554285274613], [-2.524389105499699], [-2.5152596210961344], [-2.5031489094215247], [-2.4932520180208813], [-2.5230126225936447], [-2.532329065615833], [-2.5142627499201504], [-2.5404438693314253], [-2.5250761311774044], [-2.527077385624643], [-2.5159134226816264], [-2.5119591842036435], [-2.529114462817126], [-2.5149446620197615], [-2.5134734925720683], [-2.5008388611752035], [-2.5276039645641823], [-2.5076514749100998], [-2.5508639141662752], [-2.4799103808867096], [-2.5278236263766956], [-2.5239822776495884], [-2.5220035189061276], [-2.515117060317861], [-2.532587732656754], [-2.5114693139383024], [-2.53544443838302], [-2.5166617408449006], [-2.521253901920742], [-2.503895130147635], [-2.52413290343319], [-2.5236237380887117], [-2.513307542216704], [-2.515838111696521], [-2.5198676305721013], [-2.529000201799903], [-2.5091671681456833], [-2.503238023325551], [-2.5054521521114017], [-2.5028028107298037], [-2.5254530583263586], [-2.510653194747798], [-2.512005726439725], [-2.5313977367602236], [-2.4894188195607034], [-2.4616849778431398], [-2.5183733461203155], [-2.4841120719365137], [-2.5357567195538704], [-2.5113238634148196], [-2.530311730439072], [-2.5207816432830517], [-2.5306812011478814], [-2.503025583643475], [-2.512040057291378], [-2.518596426851884], [-2.526060488518838], [-2.4949750723123048], [-2.522205086007247], [-2.5173545409210183], [-2.5011259200669587], [-2.5003695273019853], [-2.523361129660097], [-2.499823382788019], [-2.5240393384857063], [-2.4841974393622643], [-2.5288653636934315], [-2.523508896189822], [-2.4885986162344285], [-2.496297130720987], [-2.494014821008008], [-2.4361013533360576], [-2.4981556538819416], [-2.535479094894464], [-2.5094082899726717], [-2.485113474294862], [-2.5051218290138624], [-2.508985228661405], [-2.507774038552444], [-2.5081011998319624], [-2.5320586371582805], [-2.5227896346848055], [-2.5101733011077294], [-2.5125335532328026], [-2.520611225651058], [-2.4651596488213228], [-2.4685498610499184], [-2.509696780462715], [-2.5037049061301], [-2.5018402815017735], [-2.497353092369083], [-2.5009764732730204], [-2.5170439093754564], [-2.4937024057443753], [-2.5097465404999406], [-2.5132592334753157], [-2.527318980940267], [-2.5127949642520435], [-2.5168636753775737], [-2.5269354835432676], [-2.5418917029517774], [-2.5270078355060908], [-2.5198743676981334], [-2.510478363331362], [-2.5291065762492244], [-2.5019433081145444], [-2.517569772606633], [-2.5180406237580013], [-2.52303721668384], [-2.4984301992435567], [-2.5218477992033956], [-2.493398217358264], [-2.515375929135482], [-2.475329449033975], [-2.5079283355880784], [-2.513111659925401], [-2.4716020581731217], [-2.5125754208952475], [-2.4789087051742866], [-2.481594319126697], [-2.484288032257557], [-2.495622644766215], [-2.5008999778062466], [-2.4760221468589356], [-2.523674628861818], [-2.4808022144581146], [-2.5105683992582253], [-2.497166598420183], [-2.4886341126871425], [-2.492471874231337], [-2.4752819620832276], [-2.516202501416167], [-2.4748556211880213], [-2.4570685448128278], [-2.4299741836204416], [-2.4961574391559673], [-2.4754023101695077], [-2.470499490330901], [-2.5008536412602624], [-2.4676526922417503], [-2.453965680207259], [-2.4990585538854067], [-2.5169353566793866], [-2.4981127077989997], [-2.4962985492795213], [-2.493435539012495], [-2.4753439718660712], [-2.4718233248570196], [-2.4739332161911918], [-2.4618024931093743], [-2.522395473776139], [-2.500176050270046], [-2.4996412218791764], [-2.4996981220533483], [-2.5316735613137475], [-2.483886828836098], [-2.501107470511993], [-2.4707955119335367], [-2.4904321036214516], [-2.479481385906191], [-2.515502433620606], [-2.4956811609498737], [-2.4962517466939573], [-2.4870672501918802], [-2.5200478103822457], [-2.468357374910351], [-2.4844211899925734], [-2.4710119802040267], [-2.4990093807430886], [-2.4620515754121928], [-2.51541350669774], [-2.4752078069672026], [-2.4985755863410573], [-2.4952081321618516], [-2.514502464708322], [-2.4940265353113724], [-2.5099881782201416], [-2.4693337749330064], [-2.501199407919758], [-2.4844059791328137], [-2.5056235999340815], [-2.5303577112445867], [-2.490803765939741], [-2.4996940248739272], [-2.4954007941822933], [-2.5140801544657383], [-2.495954076687868], [-2.4878348041121265], [-2.4970423995893136], [-2.4761298548924127], [-2.5070964107872666], [-2.499066540590776], [-2.5183383340397216], [-2.444723660131098], [-2.4628232834188073], [-2.46828865065204], [-2.50750455624275], [-2.475293143460956], [-2.4851460295157146], [-2.4814110398130804], [-2.4839362089297805], [-2.4919272405613646], [-2.504909461558421], [-2.4813159552094], [-2.4834365764245376], [-2.5296553739665377], [-2.4985565671526695], [-2.4593920042167374], [-2.4923080775650206], [-2.4782662743828454], [-2.495725590649848], [-2.5009020398312223], [-2.523808394813066], [-2.4816861025309973], [-2.4603994723113307], [-2.510270457814866], [-2.4593053755542083], [-2.4671441423988894], [-2.452065664596345], [-2.521731823678324], [-2.5016791067693585], [-2.4517084157560176], [-2.465580846084501], [-2.505894684996273], [-2.4879446807676446], [-2.4920614513991706], [-2.5053624411755684], [-2.497865411750746], [-2.468902449491854], [-2.457042171018539], [-2.4899711628168673], [-2.5026911580067366], [-2.4716269278120304], [-2.4713648406601285], [-2.473277931557591], [-2.4906750233620634], [-2.4586020175868164], [-2.4768835045261555], [-2.46561328263049], [-2.532382021096658], [-2.495147427127735], [-2.4526398722649576], [-2.4659493217022743], [-2.4663053742521615], [-2.4671991681591443], [-2.5309695257242715], [-2.527731393725209], [-2.5147794503649914], [-2.4646034510902175], [-2.4661345183599446], [-2.497760354128803], [-2.528999472205199], [-2.507799708688789], [-2.4582039497674693], [-2.484653881675279], [-2.463225082738275], [-2.4860455016750316], [-2.4773763840619387], [-2.507978303353042], [-2.514227933756709], [-2.470932597245717], [-2.4769132282317425], [-2.48062702908278], [-2.4278560793486377], [-2.486937059936955], [-2.4725270120879452], [-2.503414052286283], [-2.4686970342476093], [-2.5137217082291983], [-2.451808023704296], [-2.5143088688402813], [-2.468720972878624], [-2.5275645300679663], [-2.5233889464997343], [-2.4827581615578205], [-2.4591033811352756], [-2.4598438701323087], [-2.4380707791221266], [-2.448803816695867], [-2.4542120903683897], [-2.464825957214071], [-2.4849734822822067], [-2.4473840641901323], [-2.4890393442361467], [-2.4878539339445123], [-2.4852992224934254], [-2.45925384856768], [-2.446735034386453], [-2.51356646529368], [-2.5139245541070534], [-2.4926465558140105], [-2.485813748654133], [-2.431133516446601], [-2.46912161051983], [-2.460008684899056], [-2.4491132868802317], [-2.459537882686662], [-2.4689116947296212], [-2.4550955802350485], [-2.4752668062312426], [-2.481398997725729], [-2.4492661426844538], [-2.4751191458444004], [-2.4947458875879147], [-2.5029972761244923], [-2.4831095485560737], [-2.406436628850179], [-2.4499150012951496], [-2.462625010193868], [-2.449568677484946], [-2.4481761243237905], [-2.466716752967204], [-2.4479897666894033], [-2.457737778889694], [-2.450529780181526], [-2.446277643669241], [-2.4638723334776946], [-2.452034048907363], [-2.4601103837810387], [-2.477196766757886], [-2.5031227931766993], [-2.445736549711881], [-2.5170356552463247], [-2.4778506817399997], [-2.4864758610759914], [-2.491644885315433], [-2.497771722903215], [-2.4624033946069033], [-2.4753233987160237], [-2.488098711405411], [-2.4743916765989735], [-2.5009735221619005], [-2.469098116080525], [-2.4775326499020522], [-2.4707298144255856], [-2.4908286315166883], [-2.4713349994905722], [-2.4601586664236677], [-2.453840273044245], [-2.4609146040347745], [-2.4732139106554776], [-2.4989159166296924], [-2.460684078503735], [-2.457549149562837], [-2.457308394059848], [-2.4605747020364417], [-2.5083344048855203], [-2.4199147591821264], [-2.424191318260412], [-2.4675899258941696], [-2.4992017639684008], [-2.4526162707874177], [-2.4133552887144365], [-2.429017344883321], [-2.4611542457399587], [-2.456276248744275], [-2.4579972964714867], [-2.469040747513768], [-2.4807665389879436], [-2.4522384386387044], [-2.497145108487641], [-2.478627932240241], [-2.497707541289754], [-2.4672531852952866], [-2.4635665897137247], [-2.4693431530772854], [-2.444848744481239], [-2.414831785563523], [-2.482999676754299], [-2.4705410092081803], [-2.519777979979708], [-2.480615900301448], [-2.4849403704694413], [-2.495347072960744], [-2.473246477950071], [-2.4598759366799956], [-2.459042545926622], [-2.455027173814431], [-2.444379385506715], [-2.4693605532567124], [-2.4814557571811453], [-2.493402482180795], [-2.4624301256465166], [-2.474637712241071], [-2.477730651786509], [-2.4491107444297997], [-2.4388882201082387], [-2.4577429808936095], [-2.469087668187127], [-2.494666492092425], [-2.456637732063949], [-2.439147011700344], [-2.421438935273027], [-2.4416844709490313], [-2.4941530614041705], [-2.452733649654837], [-2.470689612256236], [-2.4526189184114973], [-2.456899021886951], [-2.470443130093309], [-2.462846749178038], [-2.45997923627761], [-2.503749354685336], [-2.5159219835358644], [-2.455632616295815], [-2.475677155813382], [-2.4823490764403098], [-2.4623283574516193], [-2.437216664736915], [-2.4793126003698687], [-2.453188406874717], [-2.5022962122981016], [-2.449450515131077], [-2.4603009515781933], [-2.478609231572262], [-2.524655503539872], [-2.485711879922318], [-2.461728183151795], [-2.4498541011154775], [-2.453230997401357], [-2.52426060157047], [-2.4510428647811953], [-2.5053073449861754], [-2.4965132878611094], [-2.4595920863070972], [-2.4768415232825114], [-2.5005324556561375], [-2.4875100632029197], [-2.4337160341768684], [-2.5168002958896496], [-2.461308013714568], [-2.439800052802307], [-2.5199917069747597], [-2.477974317025449], [-2.474115649833769], [-2.4636659878090543], [-2.457363795633896], [-2.46304394537561], [-2.4715487069743025], [-2.5123253383730306], [-2.456455145963038], [-2.45696789745957], [-2.4504239162067813], [-2.4851454245096023], [-2.466628060420942], [-2.48648644707318], [-2.4713750338553995], [-2.4513503311393325], [-2.499634258117088], [-2.4673213722057707], [-2.4881799621647187], [-2.4869326134741865], [-2.462050023792359], [-2.4307949005031797], [-2.4864789494441224], [-2.4512415528750218], [-2.453475046481452], [-2.44305797519097], [-2.4690869085213767], [-2.4551646734676638], [-2.4687443802302727], [-2.4629940287063796], [-2.4553413305320912], [-2.4570779695877576], [-2.426121966392299], [-2.467978545004712], [-2.4812243194590327], [-2.4339604579880065], [-2.412348492521253], [-2.5266652739313002], [-2.4521697177526236], [-2.451040031837831], [-2.477924422481279], [-2.471541346838667], [-2.4550848520797186], [-2.4342880116840178], [-2.413305437567103], [-2.4676165903155294], [-2.450455743436177], [-2.4577702726992574], [-2.488371181773752], [-2.415236227606177], [-2.4362376805176704], [-2.5053556216063475], [-2.458274982088062], [-2.4504379792648825], [-2.447848029648369], [-2.4257544252189662], [-2.4962437939464537], [-2.4244728981295594], [-2.4013796755175623], [-2.4375906843655915], [-2.43304826675832], [-2.396670606275263], [-2.440449984894368], [-2.4855300150505], [-2.475244525359205], [-2.4319878937096013], [-2.43283915402291], [-2.4425040838282803], [-2.439832229994013], [-2.4267964885979234], [-2.4372626932672907], [-2.431585474736389], [-2.45001996985551], [-2.4609258649185657], [-2.4863670315165547], [-2.456878171811295], [-2.4841013678874666], [-2.469424473364931], [-2.488145994800333], [-2.4983324494177714], [-2.4784992657974967], [-2.4337329881367675], [-2.4546157091529617], [-2.47248253971736], [-2.4665169918897987], [-2.449244382331937], [-2.458340835838784], [-2.4940982998688033], [-2.4893104976614646], [-2.4717569819614003], [-2.4414091431818767], [-2.5143751505953866], [-2.442512057792944], [-2.453668155300015], [-2.5086098772748087], [-2.4351581015208], [-2.4750377397308068], [-2.466153913345292], [-2.4498864084629854], [-2.4504994172763457], [-2.423552650954138], [-2.434646865218257], [-2.5025549291250986], [-2.4589988120741606], [-2.471178659493252], [-2.4896172790787316], [-2.435408722690337], [-2.4119963011712073], [-2.5116299392429444], [-2.454772308096102], [-2.4887106249084474], [-2.4390663189442603], [-2.484629202865891], [-2.4724639666777124], [-2.4562830419345842], [-2.459304564738412], [-2.44064775985729], [-2.4889227055198986], [-2.5124720207994824], [-2.453112453992318], [-2.4300488545851135], [-2.436087133574178], [-2.4302906859410065], [-2.4439188828795064], [-2.4499001773498956], [-2.473842131443874], [-2.484567975205447], [-2.4796666029859655], [-2.4526001429633237], [-2.5001049102545467], [-2.461087948050339], [-2.4860976136011033], [-2.441614723589639], [-2.4471714304302647], [-2.48002584202416], [-2.4540439043564546], [-2.427053324672258], [-2.407170691337067], [-2.4784067318663676], [-2.429186783074684], [-2.44265184997393], [-2.4767150918620295], [-2.45546352646027], [-2.497096607035763], [-2.4393795242866085], [-2.488796304599807], [-2.4462281794567278], [-2.418398932326346], [-2.4908368484087156], [-2.4599787124211208], [-2.4514667896639493], [-2.46792461472886], [-2.4660222720145892], [-2.4054693287018174], [-2.4765331570555245], [-2.483939024693774], [-2.4325965696770777], [-2.4285571469495117], [-2.469185056784025], [-2.479331996603292], [-2.453025980092349], [-2.4414957240492057], [-2.509938938815743], [-2.4305450447616717], [-2.4560924252292073], [-2.4777079030099545], [-2.4730630087726224], [-2.4566640105820614], [-2.4275249637265457], [-2.4427769905633663], [-2.457012549344828], [-2.4366076527946703], [-2.454192217304596], [-2.474001554887731], [-2.4585320674930493], [-2.4547756395072486], [-2.4327314885688325], [-2.434914945284118], [-2.464246590489536], [-2.4604772207220384], [-2.4532953735852625], [-2.4653199669786408], [-2.4696910265265104], [-2.4350274956048947], [-2.471507492246861], [-2.444133579093591], [-2.4593043246316815], [-2.4859928991125506], [-2.4685288287759466], [-2.42708890401158], [-2.478489659439737], [-2.502903561842088], [-2.4897107078764744], [-2.4266301637264127], [-2.4835246991366997], [-2.4695230676207016], [-2.4746673830464534], [-2.474041128706756], [-2.4935483584395173], [-2.453882460636807], [-2.4559964245440353], [-2.4325071568920533], [-2.4582635749258865], [-2.4150099378926586], [-2.4445542720467888], [-2.4711356287366715], [-2.4694325795466563], [-2.463122335541876], [-2.438188718374648], [-2.4561290576915518], [-2.44428272049942], [-2.4629253584309976], [-2.4639314848298897], [-2.461680318933358], [-2.450890414655851], [-2.469726283936195], [-2.4630822030444537], [-2.454995698388893], [-2.502032429009796], [-2.4740843941027197], [-2.4300950489977415], [-2.4554067554442485], [-2.4389459278563828], [-2.4836894054106073], [-2.49832139215643], [-2.478974620820946], [-2.4555516194414406], [-2.4881704892722536], [-2.4916186600502903], [-2.457702381038343], [-2.431374483746084], [-2.461335893968727], [-2.410335803057433], [-2.4982600069043377], [-2.446487050854581], [-2.4836768008592034], [-2.4991637281386763], [-2.4522896128980407], [-2.509827506339346], [-2.4401568534635425], [-2.4739580970667685], [-2.479074907718024], [-2.4469126515016137], [-2.484514523278767], [-2.4602835004781327], [-2.4450575937294925], [-2.4750937731876], [-2.473166610494837], [-2.457535661378947], [-2.4849829915185246], [-2.4674598561441434], [-2.4591052045865442], [-2.4508381844047435], [-2.4382154987466325], [-2.4448317018260664], [-2.436991193078615], [-2.4579928009176126], [-2.4060451347616145], [-2.4705000215399195], [-2.4734338001431873], [-2.47672101197264], [-2.505493674163254], [-2.478123235147177], [-2.462576485024373], [-2.420383546762925], [-2.4424669899677802], [-2.460336688144088], [-2.4634912722229867], [-2.4620080543958736], [-2.410016830214471], [-2.4268666530536596], [-2.4509400358658837], [-2.4815390932264556], [-2.4442247675862547], [-2.3985003740951485], [-2.456063836422078]]

======== avg. summary of performance ========
fold #0, MSE	7.1109
fold #1, MSE	8.7583
fold #2, MSE	8.7457
fold #3, MSE	8.7977
fold #4, MSE	8.7502
------
avg. MSE:	8.4325
total execution time:	37.24s
----------------- 2-layer -----------------
test regression
expected [-2.77084867 -2.15053379 -2.15053379 -1.84037636 -1.84037636 -1.84037636
 -1.84037636 -1.84037636 -1.84037636 -1.84037636 -1.84037636 -1.84037636
 -1.84037636 -1.84037636 -1.53021892 -1.53021892 -1.53021892 -1.53021892
 -1.53021892 -1.53021892 -1.53021892 -1.53021892 -1.53021892 -1.53021892
 -1.53021892 -1.53021892 -1.53021892 -1.53021892 -1.53021892 -1.53021892
 -1.53021892 -1.53021892 -1.53021892 -1.53021892 -1.53021892 -1.22006149
 -1.22006149 -1.22006149 -1.22006149 -1.22006149 -1.22006149 -1.22006149
 -1.22006149 -1.22006149 -1.22006149 -1.22006149 -1.22006149 -1.22006149
 -1.22006149 -1.22006149 -1.22006149 -1.22006149 -1.22006149 -1.22006149
 -1.22006149 -1.22006149 -1.22006149 -1.22006149 -1.22006149 -1.22006149
 -1.22006149 -1.22006149 -1.22006149 -1.22006149 -1.22006149 -1.22006149
 -1.22006149 -1.22006149 -1.22006149 -1.22006149 -1.22006149 -1.22006149
 -1.22006149 -1.22006149 -1.22006149 -1.22006149 -1.22006149 -1.22006149
 -1.22006149 -1.22006149 -1.22006149 -1.22006149 -0.90990405 -0.90990405
 -0.90990405 -0.90990405 -0.90990405 -0.90990405 -0.90990405 -0.90990405
 -0.90990405 -0.90990405 -0.90990405 -0.90990405 -0.90990405 -0.90990405
 -0.90990405 -0.90990405 -0.90990405 -0.90990405 -0.90990405 -0.90990405
 -0.90990405 -0.90990405 -0.90990405 -0.90990405 -0.90990405 -0.90990405
 -0.90990405 -0.90990405 -0.90990405 -0.90990405 -0.90990405 -0.90990405
 -0.90990405 -0.90990405 -0.90990405 -0.90990405 -0.90990405 -0.90990405
 -0.90990405 -0.90990405 -0.90990405 -0.90990405 -0.90990405 -0.90990405
 -0.90990405 -0.90990405 -0.90990405 -0.90990405 -0.90990405 -0.90990405
 -0.90990405 -0.90990405 -0.90990405 -0.90990405 -0.90990405 -0.90990405
 -0.90990405 -0.90990405 -0.90990405 -0.90990405 -0.90990405 -0.90990405
 -0.90990405 -0.90990405 -0.90990405 -0.90990405 -0.90990405 -0.90990405
 -0.90990405 -0.90990405 -0.90990405 -0.59974661 -0.59974661 -0.59974661
 -0.59974661 -0.59974661 -0.59974661 -0.59974661 -0.59974661 -0.59974661
 -0.59974661 -0.59974661 -0.59974661 -0.59974661 -0.59974661 -0.59974661
 -0.59974661 -0.59974661 -0.59974661 -0.59974661 -0.59974661 -0.59974661
 -0.59974661 -0.59974661 -0.59974661 -0.59974661 -0.59974661 -0.59974661
 -0.59974661 -0.59974661 -0.59974661 -0.59974661 -0.59974661 -0.59974661
 -0.59974661 -0.59974661 -0.59974661 -0.59974661 -0.59974661 -0.59974661
 -0.59974661 -0.59974661 -0.59974661 -0.59974661 -0.59974661 -0.59974661
 -0.59974661 -0.59974661 -0.59974661 -0.59974661 -0.59974661 -0.59974661
 -0.59974661 -0.59974661 -0.59974661 -0.59974661 -0.59974661 -0.59974661
 -0.59974661 -0.59974661 -0.59974661 -0.59974661 -0.59974661 -0.59974661
 -0.59974661 -0.59974661 -0.59974661 -0.59974661 -0.59974661 -0.59974661
 -0.59974661 -0.59974661 -0.59974661 -0.59974661 -0.59974661 -0.59974661
 -0.59974661 -0.59974661 -0.59974661 -0.59974661 -0.59974661 -0.59974661
 -0.59974661 -0.59974661 -0.59974661 -0.59974661 -0.59974661 -0.59974661
 -0.59974661 -0.59974661 -0.59974661 -0.59974661 -0.59974661 -0.59974661
 -0.59974661 -0.59974661 -0.59974661 -0.59974661 -0.59974661 -0.59974661
 -0.59974661 -0.59974661 -0.59974661 -0.59974661 -0.59974661 -0.28958918
 -0.28958918 -0.28958918 -0.28958918 -0.28958918 -0.28958918 -0.28958918
 -0.28958918 -0.28958918 -0.28958918 -0.28958918 -0.28958918 -0.28958918
 -0.28958918 -0.28958918 -0.28958918 -0.28958918 -0.28958918 -0.28958918
 -0.28958918 -0.28958918 -0.28958918 -0.28958918 -0.28958918 -0.28958918
 -0.28958918 -0.28958918 -0.28958918 -0.28958918 -0.28958918 -0.28958918
 -0.28958918 -0.28958918 -0.28958918 -0.28958918 -0.28958918 -0.28958918
 -0.28958918 -0.28958918 -0.28958918 -0.28958918 -0.28958918 -0.28958918
 -0.28958918 -0.28958918 -0.28958918 -0.28958918 -0.28958918 -0.28958918
 -0.28958918 -0.28958918 -0.28958918 -0.28958918 -0.28958918 -0.28958918
 -0.28958918 -0.28958918 -0.28958918 -0.28958918 -0.28958918 -0.28958918
 -0.28958918 -0.28958918 -0.28958918 -0.28958918 -0.28958918 -0.28958918
 -0.28958918 -0.28958918 -0.28958918 -0.28958918 -0.28958918 -0.28958918
 -0.28958918 -0.28958918 -0.28958918 -0.28958918 -0.28958918 -0.28958918
 -0.28958918 -0.28958918 -0.28958918 -0.28958918 -0.28958918 -0.28958918
 -0.28958918 -0.28958918 -0.28958918 -0.28958918 -0.28958918 -0.28958918
 -0.28958918 -0.28958918 -0.28958918 -0.28958918 -0.28958918 -0.28958918
 -0.28958918 -0.28958918 -0.28958918 -0.28958918 -0.28958918 -0.28958918
 -0.28958918 -0.28958918 -0.28958918 -0.28958918 -0.28958918 -0.28958918
 -0.28958918 -0.28958918 -0.28958918 -0.28958918 -0.28958918 -0.28958918
 -0.28958918 -0.28958918 -0.28958918 -0.28958918 -0.28958918 -0.28958918
 -0.28958918 -0.28958918  0.02056826  0.02056826  0.02056826  0.02056826
  0.02056826  0.02056826  0.02056826  0.02056826  0.02056826  0.02056826
  0.02056826  0.02056826  0.02056826  0.02056826  0.02056826  0.02056826
  0.02056826  0.02056826  0.02056826  0.02056826  0.02056826  0.02056826
  0.02056826  0.02056826  0.02056826  0.02056826  0.02056826  0.02056826
  0.02056826  0.02056826  0.02056826  0.02056826  0.02056826  0.02056826
  0.02056826  0.02056826  0.02056826  0.02056826  0.02056826  0.02056826
  0.02056826  0.02056826  0.02056826  0.02056826  0.02056826  0.02056826
  0.02056826  0.02056826  0.02056826  0.02056826  0.02056826  0.02056826
  0.02056826  0.02056826  0.02056826  0.02056826  0.02056826  0.02056826
  0.02056826  0.02056826  0.02056826  0.02056826  0.02056826  0.02056826
  0.02056826  0.02056826  0.02056826  0.02056826  0.02056826  0.02056826
  0.02056826  0.02056826  0.02056826  0.02056826  0.02056826  0.02056826
  0.02056826  0.02056826  0.02056826  0.02056826  0.02056826  0.02056826
  0.02056826  0.02056826  0.02056826  0.02056826  0.02056826  0.02056826
  0.02056826  0.02056826  0.02056826  0.02056826  0.02056826  0.02056826
  0.02056826  0.02056826  0.02056826  0.02056826  0.02056826  0.02056826
  0.02056826  0.02056826  0.02056826  0.02056826  0.02056826  0.02056826
  0.02056826  0.02056826  0.02056826  0.02056826  0.02056826  0.02056826
  0.33072569  0.33072569  0.33072569  0.33072569  0.33072569  0.33072569
  0.33072569  0.33072569  0.33072569  0.33072569  0.33072569  0.33072569
  0.33072569  0.33072569  0.33072569  0.33072569  0.33072569  0.33072569
  0.33072569  0.33072569  0.33072569  0.33072569  0.33072569  0.33072569
  0.33072569  0.33072569  0.33072569  0.33072569  0.33072569  0.33072569
  0.33072569  0.33072569  0.33072569  0.33072569  0.33072569  0.33072569
  0.33072569  0.33072569  0.33072569  0.33072569  0.33072569  0.33072569
  0.33072569  0.33072569  0.33072569  0.33072569  0.33072569  0.33072569
  0.33072569  0.33072569  0.33072569  0.33072569  0.33072569  0.33072569
  0.33072569  0.33072569  0.33072569  0.33072569  0.33072569  0.33072569
  0.33072569  0.33072569  0.33072569  0.33072569  0.33072569  0.33072569
  0.33072569  0.33072569  0.33072569  0.33072569  0.33072569  0.33072569
  0.33072569  0.33072569  0.33072569  0.33072569  0.33072569  0.33072569
  0.33072569  0.33072569  0.33072569  0.33072569  0.33072569  0.33072569
  0.33072569  0.33072569  0.33072569  0.33072569  0.33072569  0.64088313
  0.64088313  0.64088313  0.64088313  0.64088313  0.64088313  0.64088313
  0.64088313  0.64088313  0.64088313  0.64088313  0.64088313  0.64088313
  0.64088313  0.64088313  0.64088313  0.64088313  0.64088313  0.64088313
  0.64088313  0.64088313  0.64088313  0.64088313  0.64088313  0.64088313
  0.64088313  0.64088313  0.64088313  0.64088313  0.64088313  0.64088313
  0.64088313  0.64088313  0.64088313  0.64088313  0.64088313  0.64088313
  0.64088313  0.64088313  0.64088313  0.64088313  0.64088313  0.64088313
  0.64088313  0.64088313  0.64088313  0.64088313  0.95104056  0.95104056
  0.95104056  0.95104056  0.95104056  0.95104056  0.95104056  0.95104056
  0.95104056  0.95104056  0.95104056  0.95104056  0.95104056  0.95104056
  0.95104056  0.95104056  0.95104056  0.95104056  0.95104056  0.95104056
  0.95104056  0.95104056  0.95104056  0.95104056  0.95104056  0.95104056
  0.95104056  0.95104056  0.95104056  0.95104056  0.95104056  0.95104056
  0.95104056  0.95104056  0.95104056  0.95104056  0.95104056  1.261198
  1.261198    1.261198    1.261198    1.261198    1.261198    1.261198
  1.261198    1.261198    1.261198    1.261198    1.261198    1.261198
  1.261198    1.261198    1.261198    1.261198    1.261198    1.261198
  1.261198    1.261198    1.261198    1.57135544  1.57135544  1.57135544
  1.57135544  1.57135544  1.57135544  1.57135544  1.57135544  1.57135544
  1.57135544  1.57135544  1.57135544  1.57135544  1.57135544  1.57135544
  1.57135544  1.57135544  1.57135544  1.57135544  1.88151287  1.88151287
  1.88151287  1.88151287  1.88151287  1.88151287  1.88151287  1.88151287
  1.88151287  1.88151287  1.88151287  2.19167031  2.19167031  2.19167031
  2.19167031  2.19167031  2.19167031  2.19167031  2.19167031  2.19167031
  2.19167031  2.19167031  2.50182774  2.50182774  2.50182774  2.50182774
  2.50182774  2.50182774  2.50182774  2.81198518  2.81198518  2.81198518
  2.81198518  2.81198518  2.81198518  3.12214262  3.12214262  3.12214262
  3.12214262  3.12214262  3.43230005  3.43230005  3.74245749  4.05261492
  4.05261492  4.98308723]
predicted [[-2.4620075219007176], [-2.4619644907572598], [-2.461937200843678], [-2.4617439099097376], [-2.461854584501073], [-2.4618440274292284], [-2.461920878622338], [-2.4617519950281217], [-2.461803723505885], [-2.461848097034806], [-2.4617090730797404], [-2.4619146233269342], [-2.4618668232343897], [-2.4617425009717935], [-2.461714838911644], [-2.461701871067679], [-2.4616209421917277], [-2.461614922847545], [-2.4615181096678547], [-2.4617011598933396], [-2.4614862687255936], [-2.4618609180921336], [-2.4616421898927174], [-2.461453729956901], [-2.4615858146943155], [-2.4615570009761876], [-2.4615597187827403], [-2.461726149165576], [-2.4615959329221844], [-2.4617078489303394], [-2.4615894160724547], [-2.4615221826999787], [-2.461832315994749], [-2.4616765404852696], [-2.461681985880859], [-2.461761885364867], [-2.4617536393356523], [-2.461602703395544], [-2.461555798177456], [-2.4613665161522618], [-2.4617858345626837], [-2.4616792499336495], [-2.4614723887010466], [-2.4614130503049467], [-2.4615281942479306], [-2.461415412200255], [-2.4612377774290777], [-2.461213538641032], [-2.461509460291168], [-2.4616298625814554], [-2.4613940224428617], [-2.461727420618916], [-2.461639951270786], [-2.461562287784119], [-2.4614150316828214], [-2.4613640748824297], [-2.4615924698008635], [-2.4613978443626947], [-2.4613808886803428], [-2.461208276670387], [-2.4616642660722037], [-2.4613106636743836], [-2.461872869074921], [-2.460979455293799], [-2.4615627853918465], [-2.46162899552921], [-2.4615961774253092], [-2.4614633518456195], [-2.4616417783316917], [-2.461354230230179], [-2.4616800492910835], [-2.461433092658779], [-2.461485133440355], [-2.46125234792326], [-2.4615234367029273], [-2.461514877636834], [-2.4613767500196313], [-2.46141194418302], [-2.4614735308642977], [-2.461587744658787], [-2.4613306690121406], [-2.4612333165856293], [-2.4612844263147577], [-2.4612403401228806], [-2.4615361587628755], [-2.461454087297248], [-2.46135266461967], [-2.4616172057757018], [-2.461160416159161], [-2.4607167586415333], [-2.461443792585206], [-2.4610838273667603], [-2.461678109665871], [-2.461363261569288], [-2.4617072868345806], [-2.461482806260056], [-2.461609159133847], [-2.461271222964236], [-2.4613656836394178], [-2.4614190439017363], [-2.4615511695581076], [-2.461242984591217], [-2.4614886882729685], [-2.461425854351521], [-2.4612137064958373], [-2.4612054089649367], [-2.4615154820984624], [-2.46117596021038], [-2.4615250460976026], [-2.460974118250954], [-2.461583265758711], [-2.461519941884648], [-2.461033461426771], [-2.461139656024446], [-2.4611036065707204], [-2.4603387525871168], [-2.4611750488484283], [-2.4616651737977975], [-2.4613236850919584], [-2.4611008178706673], [-2.461273849456502], [-2.4613350693503495], [-2.4613017130115655], [-2.4613065125165074], [-2.4617316183515534], [-2.4615059386196227], [-2.4613434682227395], [-2.4613606735858777], [-2.46156573611371], [-2.460808519862582], [-2.460858442367838], [-2.4613207857755945], [-2.4612523295244095], [-2.4612027273060644], [-2.461236519483324], [-2.4611969562941813], [-2.4614299910305495], [-2.4611028494108282], [-2.4613377022999705], [-2.4614257564094815], [-2.4615752900377847], [-2.4613550534225874], [-2.46142523398642], [-2.461559307408907], [-2.4618580680921927], [-2.4616638315871167], [-2.461471064865528], [-2.4614402468173533], [-2.46159223680812], [-2.4612229751033197], [-2.4614439007982223], [-2.4614390422436996], [-2.461508499659192], [-2.461172471452759], [-2.4615408080642767], [-2.4611005550261478], [-2.4614120493575378], [-2.460908148653023], [-2.4613102411926024], [-2.4613837250093242], [-2.460869985713347], [-2.4613701286815464], [-2.4609145561786523], [-2.460943946977283], [-2.4609710632749393], [-2.461137349216928], [-2.461216740563186], [-2.4609331545329693], [-2.461509805413351], [-2.460922474572392], [-2.4613345979056422], [-2.461151141029266], [-2.4610401952997174], [-2.46120988115917], [-2.4609626389975916], [-2.461420689602971], [-2.4609309183776835], [-2.460645182172999], [-2.4602859117010474], [-2.4612707856883476], [-2.4609255464096482], [-2.460910121321032], [-2.4612081596457864], [-2.460730147740275], [-2.460617055694246], [-2.461190419297767], [-2.461536064622357], [-2.4611493237698765], [-2.46123768588316], [-2.461099024609065], [-2.460912901942306], [-2.4608686905774584], [-2.460871580022911], [-2.4607750005241407], [-2.4615058364345197], [-2.461325355449898], [-2.461291204727307], [-2.461203320832157], [-2.461625466699746], [-2.461073772609046], [-2.4612067616514053], [-2.460861819148024], [-2.461016156479548], [-2.460977908928535], [-2.4614053441606507], [-2.4611270178865334], [-2.461162051501981], [-2.461132744056795], [-2.461475511916087], [-2.460847187751501], [-2.4609619457529783], [-2.4608934287137125], [-2.461294096897393], [-2.4607164953495615], [-2.461406924649184], [-2.4609110077502314], [-2.461233628977521], [-2.461233855696917], [-2.4613882430609344], [-2.461236408659248], [-2.4613422844173263], [-2.4608689868836073], [-2.4613247144135766], [-2.4610888590179174], [-2.461279105147604], [-2.461703646532076], [-2.461071862037648], [-2.461251356061262], [-2.4612566202684167], [-2.461381168023717], [-2.4612052379791947], [-2.4610348326098612], [-2.4611546707128773], [-2.460979351740669], [-2.461395136076912], [-2.4611734218181014], [-2.4615473682624676], [-2.4604734032506856], [-2.4607336909495285], [-2.460853535687491], [-2.461298281857677], [-2.4609438661272014], [-2.4610036441788457], [-2.4610439284356063], [-2.4610077435656015], [-2.4611877527774273], [-2.461315903142273], [-2.461041557645239], [-2.4610178466446904], [-2.461585979097369], [-2.4611775968504452], [-2.46075030172969], [-2.4612088856493743], [-2.4609867600416693], [-2.461251287868249], [-2.4612535458254885], [-2.4616243585316204], [-2.4608615697165033], [-2.460767151948411], [-2.4614266707087653], [-2.4606908048690666], [-2.460759814579486], [-2.4606105701080554], [-2.4614798608397863], [-2.4612817423263946], [-2.460588317280684], [-2.4607683391848063], [-2.4613817285347173], [-2.461019479883631], [-2.461089242158596], [-2.461273892639752], [-2.461179917717969], [-2.4608564438077853], [-2.46066195073044], [-2.4611740103441377], [-2.4613485662907157], [-2.460895621705773], [-2.4609117348298253], [-2.460931458631758], [-2.461141037205746], [-2.4606936060094506], [-2.4609257192732827], [-2.4607435200097916], [-2.4616171822718917], [-2.4611324691344088], [-2.4605673243819126], [-2.460825992186491], [-2.4608194266042376], [-2.4608474336660544], [-2.4617164016832147], [-2.4615676065021743], [-2.461448214515177], [-2.4607502988193093], [-2.460770355828515], [-2.461268620137156], [-2.4616754117452193], [-2.4613069174962035], [-2.460731003812424], [-2.461045993314617], [-2.460719272346665], [-2.4610132135907063], [-2.460902161080805], [-2.4613240743211633], [-2.461494299106455], [-2.4608931347755947], [-2.460960840162911], [-2.4609063552663337], [-2.46023470711958], [-2.461123932654432], [-2.460863107962324], [-2.4612436723243647], [-2.460869973160557], [-2.4614767853624713], [-2.460547666338287], [-2.4613809831473916], [-2.4608796361072747], [-2.461557555683977], [-2.4616135190029604], [-2.4610620270544894], [-2.4607162708163917], [-2.460724139190291], [-2.4604134606510377], [-2.4605602090880265], [-2.4605728155949764], [-2.4608281941146957], [-2.4610593369534177], [-2.4604927425290946], [-2.4610548936967107], [-2.461007603602143], [-2.4610982795588656], [-2.4607356348862375], [-2.460559267045603], [-2.4614938316341823], [-2.461494537038389], [-2.4611668174240124], [-2.4610089758057665], [-2.4602597255558045], [-2.460812493765172], [-2.460689982549628], [-2.4605255746542722], [-2.4607012035958062], [-2.4607684702407173], [-2.460637038028664], [-2.460958555105222], [-2.461034497371893], [-2.4605659084377325], [-2.4609635142178736], [-2.461126653583092], [-2.461230879357596], [-2.46096526475761], [-2.4599001542777077], [-2.460539231895628], [-2.4606565939883294], [-2.460526086604456], [-2.4605737084320514], [-2.4608048685615858], [-2.4604955274909353], [-2.4606986688523484], [-2.4605650218238355], [-2.4604887421240482], [-2.460738150876227], [-2.4605885350178225], [-2.4607539048982066], [-2.4609394089000522], [-2.4613468033497563], [-2.460535345709406], [-2.46152291762656], [-2.4609582634599936], [-2.461003930260599], [-2.4610873437587495], [-2.4611614080438566], [-2.460731513544922], [-2.4609061774321552], [-2.461066986754186], [-2.4608332533008053], [-2.4612507936959687], [-2.4608831700148035], [-2.460942075744506], [-2.4609022356866035], [-2.461179901634076], [-2.460843249365763], [-2.460747476865692], [-2.4606102620407753], [-2.460709397311257], [-2.4610186900621365], [-2.4612822925052678], [-2.460742793419628], [-2.460638506953541], [-2.4606289544011175], [-2.4607729255529307], [-2.461367144049527], [-2.460129691960014], [-2.460160063743637], [-2.4608005639679016], [-2.461182903239042], [-2.4605755270674785], [-2.4600219182067566], [-2.4602293068421908], [-2.4606905909287047], [-2.4606350618434485], [-2.46064987234557], [-2.4607674708399214], [-2.460925342004423], [-2.46060252907837], [-2.461140383556037], [-2.4609060787011843], [-2.461217239628846], [-2.4608555578338853], [-2.460757195385638], [-2.4608503118042457], [-2.460481808462382], [-2.45991661944384], [-2.4609714417080517], [-2.460869600918427], [-2.461572564022272], [-2.460985822417555], [-2.4610124114709153], [-2.461175468290475], [-2.4609450967865527], [-2.460685031857671], [-2.460725070190431], [-2.4606726135394825], [-2.460517573035668], [-2.460825973511146], [-2.4609796189287847], [-2.461125233245235], [-2.4607459465257606], [-2.460956481670894], [-2.461004469613541], [-2.4605183829272472], [-2.460420741450003], [-2.460684339791515], [-2.4608560075498542], [-2.4611237924534106], [-2.4606398996319165], [-2.4603707063205564], [-2.4601765674361715], [-2.4604359668662346], [-2.461176367237468], [-2.4606083047513345], [-2.4609099900890783], [-2.4606489859258596], [-2.46067592082465], [-2.4608907874697863], [-2.4607451826995974], [-2.4607285296173105], [-2.4612903395662107], [-2.461410128847887], [-2.4606743831763387], [-2.460921513150476], [-2.460916891045726], [-2.460787321760095], [-2.460335111410101], [-2.4609974565861785], [-2.460608186272394], [-2.4612228636156184], [-2.4605793133322496], [-2.4607526517063514], [-2.4608640934537447], [-2.461639111874202], [-2.4610018433574066], [-2.460768086452167], [-2.4605909390541547], [-2.460565459683148], [-2.461629174524586], [-2.460574973140562], [-2.461365327662361], [-2.4612710234035204], [-2.4607186855088483], [-2.460875653125844], [-2.4613187811392963], [-2.461110648794548], [-2.4602672923557103], [-2.4614881124088095], [-2.4606810139239528], [-2.4603892307358826], [-2.4614614012801965], [-2.4610122366334495], [-2.4608889563161354], [-2.4607466168563557], [-2.4606415199781098], [-2.460683498065632], [-2.460885092256143], [-2.4614226107042096], [-2.4606657659504054], [-2.460675723764917], [-2.4606153518283227], [-2.4609785745361448], [-2.4607612242045867], [-2.4610090355175105], [-2.4608016561642367], [-2.4605606647673195], [-2.4612931204787802], [-2.460776345505778], [-2.461099843095364], [-2.461002542495048], [-2.460774937785658], [-2.4602886645130018], [-2.4610546987626565], [-2.460594511600549], [-2.4606103133034605], [-2.4604206344427317], [-2.460878631131101], [-2.4606517400142764], [-2.460859981314721], [-2.4607945832657023], [-2.4606323537366723], [-2.4606632162817363], [-2.460252254632718], [-2.4607479892356814], [-2.460952329671251], [-2.460262084124306], [-2.459992920749525], [-2.4616598151146474], [-2.4605558303927855], [-2.4605793065746027], [-2.460963456661214], [-2.4609011404453778], [-2.4606118377949007], [-2.460345423325316], [-2.4600129741273795], [-2.4607528520536444], [-2.460588704276126], [-2.46065262763387], [-2.4610450833629307], [-2.4600649671977184], [-2.460348425123343], [-2.4613189137821228], [-2.460640072208309], [-2.460590530079485], [-2.4605594337801473], [-2.460194324425159], [-2.4612213825986875], [-2.4601505262953403], [-2.459826126066366], [-2.4603485865051606], [-2.460317117609328], [-2.4597433196891587], [-2.4603868598090184], [-2.46112736869225], [-2.4608591978531176], [-2.4602685731242304], [-2.4602742540676874], [-2.460422901637044], [-2.4604289655856912], [-2.4601912301746225], [-2.4604202282922722], [-2.460307635756269], [-2.4605479283930647], [-2.460745195045952], [-2.461098989217955], [-2.4606568018569264], [-2.461069978529917], [-2.460849764272423], [-2.4610997581845204], [-2.4612105061385385], [-2.4609718226217585], [-2.4602832597995654], [-2.4605964771291045], [-2.4608775018364533], [-2.460793732785044], [-2.460508938685802], [-2.4606752750030534], [-2.4612187735343047], [-2.4610419799642833], [-2.460913129238257], [-2.460479584170071], [-2.461492783343077], [-2.4604814741473797], [-2.460634487726034], [-2.4614263987642033], [-2.460346212409717], [-2.460818822883165], [-2.4607825975690627], [-2.460557865043287], [-2.4605453081040203], [-2.460147139741735], [-2.460304969456163], [-2.461290282601515], [-2.4606747078499613], [-2.460826261718483], [-2.4611183419203106], [-2.4603168351315516], [-2.4600169280780686], [-2.4614076716318927], [-2.4606215430255265], [-2.4611288664973796], [-2.460376388141826], [-2.461036425790659], [-2.4608879707171982], [-2.460661602881153], [-2.4607355724520144], [-2.4604282209156785], [-2.4610845121949714], [-2.4614621030958292], [-2.460622999727085], [-2.4602772606974224], [-2.460331514804201], [-2.460240431048255], [-2.4604645274032246], [-2.460528079523031], [-2.460875805330707], [-2.4610980732192633], [-2.4609716156089565], [-2.46054505077096], [-2.461248496021272], [-2.460721134409733], [-2.461088230159085], [-2.4604042006535867], [-2.460466623104916], [-2.461003574934908], [-2.460602171388029], [-2.4602534657197936], [-2.4599521433185463], [-2.4609285950853224], [-2.4602204612415934], [-2.46047307006064], [-2.460974939858408], [-2.460681392215223], [-2.461205366518105], [-2.460455788243275], [-2.4611482141060352], [-2.460458888926064], [-2.460123807638279], [-2.4611690171507616], [-2.4607006390355695], [-2.460589790646844], [-2.46079251060207], [-2.460762276919124], [-2.459947256574599], [-2.4609375293226887], [-2.4610659739213876], [-2.460271300728912], [-2.4602499935531603], [-2.4608293092567664], [-2.4609828875030764], [-2.4605909791274785], [-2.460379094356861], [-2.461331082219664], [-2.4602774349727214], [-2.460677159990021], [-2.4609671790773064], [-2.4608373317803793], [-2.4606903704820597], [-2.4602567441912395], [-2.4604559290948695], [-2.4606520033166075], [-2.4603176620620406], [-2.4605111213010127], [-2.4608751026344367], [-2.4606289961816343], [-2.4606065157917354], [-2.4603391149867795], [-2.460336331656393], [-2.460686935870928], [-2.460661733432914], [-2.460616013059898], [-2.460802928961577], [-2.460747375112223], [-2.460389898062475], [-2.4608853517142624], [-2.460509383465353], [-2.4606704907583152], [-2.4610500084613585], [-2.4608310044225234], [-2.4601594408175433], [-2.4609778643116367], [-2.4612153810930297], [-2.4611447121434384], [-2.4601731671096667], [-2.461000272245319], [-2.4607756167788493], [-2.4609410453714267], [-2.4608917763883955], [-2.4611723331802797], [-2.4606101062677417], [-2.460616725282855], [-2.4602888151618307], [-2.4606448510755663], [-2.4599948511559235], [-2.4604656908125806], [-2.4608943849014437], [-2.4607243699341796], [-2.4607617556019554], [-2.46041200791786], [-2.4606491342958767], [-2.460393395892493], [-2.4607530371132804], [-2.4607033500411286], [-2.4607514230215646], [-2.4605480185224993], [-2.460878225293358], [-2.4607426689286944], [-2.460617046289438], [-2.461341761495384], [-2.4609011818291116], [-2.460243476013581], [-2.460534436368085], [-2.460344272033363], [-2.4610523822173973], [-2.4611472925180813], [-2.4609953237674245], [-2.4605957100817957], [-2.4610716448193575], [-2.46112709507458], [-2.460702204319793], [-2.4602029013329765], [-2.460696868059483], [-2.4599189761821196], [-2.461138828432739], [-2.460503660477414], [-2.461063352943983], [-2.4612751171577862], [-2.4605625325220353], [-2.4613753260117166], [-2.4603824837743096], [-2.4608019071142726], [-2.460983270926065], [-2.4605248145904763], [-2.4610247510335532], [-2.4605981830488277], [-2.460444208482241], [-2.4609491542650073], [-2.460846391295406], [-2.4606127863530354], [-2.461023646089062], [-2.460782396783114], [-2.460703517020264], [-2.4604557401274985], [-2.460363540770634], [-2.4604402627090325], [-2.460248128519093], [-2.460647414523118], [-2.4597947669497655], [-2.4608395215811227], [-2.4608965499681186], [-2.4609037605542268], [-2.4612636584679257], [-2.4609253015288095], [-2.4607835326132372], [-2.460095517547421], [-2.460389348564556], [-2.4606560689769315], [-2.4607870417410465], [-2.460727989363414], [-2.4598841420135495], [-2.460140077649804], [-2.4605397911084195], [-2.461042670395744], [-2.460421126804918], [-2.4597627981826893], [-2.4606616532928536]]

======== avg. summary of performance ========
fold #0, MSE	7.0146
fold #1, MSE	8.6521
fold #2, MSE	8.6722
fold #3, MSE	8.7047
fold #4, MSE	8.6269
------
avg. MSE:	8.3341
total execution time:	35.92s

============== MACHINE DATA ============== 
----------------- 0-layer -----------------
test regression
expected [-6.19421473e-01 -5.88332887e-01 -5.82115170e-01 -5.57244302e-01
 -5.51026585e-01 -5.32373433e-01 -5.19937999e-01 -5.19937999e-01
 -5.07502565e-01 -4.95067131e-01 -4.76413979e-01 -4.70196262e-01
 -4.57760828e-01 -4.45325394e-01 -4.32889960e-01 -4.20454526e-01
 -4.08019091e-01 -3.95583657e-01 -3.76930506e-01 -3.52059637e-01
 -3.45841920e-01 -3.27188769e-01 -2.83664749e-01 -2.71229315e-01
 -2.46358447e-01 -2.21487578e-01 -1.84181276e-01 -1.22004105e-01
 -3.86747954e-03  8.93982770e-02  2.01317185e-01  4.12719566e-01
  6.36557382e-01  8.85266066e-01  1.06557986e+00  1.63139212e+00
  2.23451068e+00  5.03248337e+00]
predicted [[-0.7615613968059799], [-0.7542205749622974], [-0.37586528172656175], [-0.5407326491286188], [-0.7855874333860549], [-0.8229392564065812], [-0.7490518803024148], [-0.5288073116205293], [-0.7745242112905467], [-0.7536134511341838], [-0.8025761643590175], [-0.7435625761496696], [-0.7893886892682633], [-0.7048538231485202], [-0.7334125504027968], [-0.7569296707700179], [-0.7048538231485202], [-0.7178539371533501], [-0.6476643382763602], [-0.73258640487065], [-0.70360590025334], [-0.6243924754954121], [-0.7742981860437447], [-0.7027089072851542], [-0.6257438760203604], [-0.6907877079768554], [-0.6574621922778431], [-0.6162222864411722], [-0.6822824149306329], [-0.5765607762998299], [-0.743876346590741], [-0.4303791389570591], [-0.49753802183864126], [-0.45934132859709], [-0.48450628244948324], [-0.6953022586124192], [-0.30479439057939045], [-0.10255695178648461]]

======== avg. summary of performance ========
fold #0, MSE	1.533
fold #1, MSE	2.028
fold #2, MSE	2.1188
fold #3, MSE	0.83803
fold #4, MSE	1.0858
------
avg. MSE:	1.5207
total execution time:	0.54s
----------------- 1-layer -----------------
test regression
expected [-6.19421473e-01 -5.88332887e-01 -5.82115170e-01 -5.57244302e-01
 -5.51026585e-01 -5.32373433e-01 -5.19937999e-01 -5.19937999e-01
 -5.07502565e-01 -4.95067131e-01 -4.76413979e-01 -4.70196262e-01
 -4.57760828e-01 -4.45325394e-01 -4.32889960e-01 -4.20454526e-01
 -4.08019091e-01 -3.95583657e-01 -3.76930506e-01 -3.52059637e-01
 -3.45841920e-01 -3.27188769e-01 -2.83664749e-01 -2.71229315e-01
 -2.46358447e-01 -2.21487578e-01 -1.84181276e-01 -1.22004105e-01
 -3.86747954e-03  8.93982770e-02  2.01317185e-01  4.12719566e-01
  6.36557382e-01  8.85266066e-01  1.06557986e+00  1.63139212e+00
  2.23451068e+00  5.03248337e+00]
predicted [[-0.6291568349499644], [-0.62894239282558], [-0.6182276858499652], [-0.6229449593772924], [-0.6317532163198661], [-0.6323255889710616], [-0.6285239298875462], [-0.6228279027129747], [-0.6297549961880622], [-0.6304935692365685], [-0.6316774581066401], [-0.6280391815984396], [-0.6288745518813834], [-0.6283715580335898], [-0.629904752255783], [-0.6291678176339306], [-0.6283715580335898], [-0.6278743151380582], [-0.6263994410351678], [-0.6296674685342981], [-0.6286423183883212], [-0.627193589276825], [-0.6283361063266085], [-0.628807997519341], [-0.6248941375912235], [-0.6256227092943039], [-0.6269376855310459], [-0.6269466087975557], [-0.6291538705368434], [-0.6163085314266277], [-0.627412833862931], [-0.6196390336458688], [-0.6167526167014732], [-0.6159700438721604], [-0.6212209397310652], [-0.621745576620632], [-0.6124590270556658], [-0.6049372983754122]]

======== avg. summary of performance ========
fold #0, MSE	1.4827
fold #1, MSE	2.0211
fold #2, MSE	2.091
fold #3, MSE	0.80491
fold #4, MSE	1.0486
------
avg. MSE:	1.4897
total execution time:	3.34s
----------------- 2-layer -----------------
test regression
expected [-6.19421473e-01 -5.88332887e-01 -5.82115170e-01 -5.57244302e-01
 -5.51026585e-01 -5.32373433e-01 -5.19937999e-01 -5.19937999e-01
 -5.07502565e-01 -4.95067131e-01 -4.76413979e-01 -4.70196262e-01
 -4.57760828e-01 -4.45325394e-01 -4.32889960e-01 -4.20454526e-01
 -4.08019091e-01 -3.95583657e-01 -3.76930506e-01 -3.52059637e-01
 -3.45841920e-01 -3.27188769e-01 -2.83664749e-01 -2.71229315e-01
 -2.46358447e-01 -2.21487578e-01 -1.84181276e-01 -1.22004105e-01
 -3.86747954e-03  8.93982770e-02  2.01317185e-01  4.12719566e-01
  6.36557382e-01  8.85266066e-01  1.06557986e+00  1.63139212e+00
  2.23451068e+00  5.03248337e+00]
predicted [[-0.6240079742358531], [-0.6239188282357541], [-0.6208694602948218], [-0.6223231267604983], [-0.6242180808981421], [-0.6244411706103279], [-0.6237090615555558], [-0.6220686197096935], [-0.6240747396745763], [-0.6241889059893002], [-0.6242482024020942], [-0.6230239689763334], [-0.6235383035418889], [-0.6234667093794357], [-0.6240183531649504], [-0.6236903305415913], [-0.6234667093794357], [-0.6235673519755711], [-0.6235498523338956], [-0.6238903556860583], [-0.6235914271253657], [-0.6229562006651601], [-0.6236757654732872], [-0.623234043093862], [-0.6221275228062388], [-0.6225220859560928], [-0.623130334970903], [-0.6228950031481295], [-0.6232761112411223], [-0.6197478154277322], [-0.6234005201862352], [-0.6204588917159122], [-0.6192074801091314], [-0.6200716723218027], [-0.6210955031708925], [-0.6213037397792671], [-0.6189877674074826], [-0.6151542414442306]]

======== avg. summary of performance ========
fold #0, MSE	1.479
fold #1, MSE	2.011
fold #2, MSE	2.0889
fold #3, MSE	0.80189
fold #4, MSE	1.0485
------
avg. MSE:	1.4859
total execution time:	13.39s

============== FOREST FIRE DATA ============== 
test regression
expected [-0.20182432 -0.20182432 -0.20182432 -0.20182432 -0.20182432 -0.20182432
 -0.20182432 -0.20182432 -0.20182432 -0.20182432 -0.20182432 -0.20182432
 -0.20182432 -0.20182432 -0.20182432 -0.20182432 -0.20182432 -0.20182432
 -0.20182432 -0.20182432 -0.20182432 -0.20182432 -0.20182432 -0.20182432
 -0.20182432 -0.20182432 -0.20182432 -0.20182432 -0.20182432 -0.20182432
 -0.20182432 -0.20182432 -0.20182432 -0.20182432 -0.20182432 -0.20182432
 -0.20182432 -0.20182432 -0.20182432 -0.20182432 -0.20182432 -0.20182432
 -0.20182432 -0.20182432 -0.20182432 -0.20182432 -0.1961689  -0.19365539
 -0.19114187 -0.18972801 -0.18674321 -0.18313003 -0.18014523 -0.1779459
 -0.17621786 -0.17433272 -0.17119082 -0.16836312 -0.16757764 -0.16239351
 -0.15956581 -0.15579553 -0.14998302 -0.14479889 -0.13992895 -0.13066036
 -0.12406238 -0.1173073  -0.11070932 -0.10285457 -0.0990843  -0.09437145
 -0.08620252 -0.07583426 -0.06687986 -0.05619741 -0.04457239 -0.03326156
 -0.0260352  -0.01173957  0.0133956   0.03915915  0.0558112   0.11283663
  0.18729958  0.24840947  0.27448721  0.37707013  0.47871049  0.67853511
  0.9097787   1.29340428  2.88477491]
predicted [[-0.18722085334500366], [-0.04464448647778779], [-0.28389320397530016], [-0.21030325651738518], [-0.07093348218277995], [-0.1511605781384866], [-0.1676073005599641], [-0.15256136326217704], [-0.13990784655289837], [-0.25637685002879734], [-0.17832862807623945], [-0.19228008510615224], [-0.18618313858717456], [-0.1453666524952495], [-0.22064208217232678], [-0.08244623141639834], [-0.2513396118943316], [-0.1597278841151355], [-0.1828926647679049], [-0.21539626230913064], [-0.2487377103896976], [-0.191131490140226], [-0.05751546423519599], [-0.04396648000589848], [-0.10115125427557448], [-0.19379952971242428], [-0.27743221545672675], [-0.1240691615009126], [-0.20639010461996868], [-0.38708743190993], [-0.19549176400559382], [-0.23042797194305456], [-0.2790514428027534], [-0.1392008897163152], [-0.2381203479644315], [-0.12498104616707204], [-0.17643158650215068], [-0.2525981447788332], [-0.1836767722239659], [-0.16773054007363242], [-0.23331939333749863], [-0.23544137876876936], [-0.2114149824862242], [-0.21417445260108017], [-0.2174899880447393], [-0.13083873968112356], [-0.12234573831944245], [-0.10186760386734506], [-0.2973440384893042], [-0.17918570258977218], [-0.29565034068477214], [-0.16189404665279503], [-0.26347969340871186], [-0.22084717381387498], [-0.2693654402200664], [-0.13073528754650068], [-0.15456501323604055], [-0.05195543493585392], [-0.09559286856064486], [-0.21772978555551042], [-0.23496790581559857], [-0.16843778485376532], [-0.03620756797776448], [-0.24949663139152917], [-0.17096804952964229], [-0.18256968445126381], [-0.10099301995596216], [-0.11012483178576082], [-0.23134951725353423], [-0.3160731915151697], [-0.1431599675648627], [-0.35436847067239785], [-0.19059041041372546], [-0.1845880063491575], [-0.16553854100602458], [-0.09907950234031787], [-0.20925282894056205], [-0.24429419938395106], [-0.19585840575654606], [-0.20276211016549053], [-0.1588991095960298], [-0.16991056650999206], [-0.16608008376774885], [-0.14025605069168115], [-0.2553818066476572], [-0.25489266449918063], [-0.042675435983857146], [-0.21192499086912242], [-0.1937143323583446], [-0.20883894882583337], [-0.29918469617485416], [-0.1950787702988002], [-0.21519145978280982]]

======== avg. summary of performance ========
fold #0, MSE	0.16972
fold #1, MSE	0.20421
fold #2, MSE	0.24271
fold #3, MSE	0.34371
fold #4, MSE	3.3074
------
avg. MSE:	0.85355
total execution time:	1.10s
----------------- 1-layer -----------------
test regression
expected [-0.20182432 -0.20182432 -0.20182432 -0.20182432 -0.20182432 -0.20182432
 -0.20182432 -0.20182432 -0.20182432 -0.20182432 -0.20182432 -0.20182432
 -0.20182432 -0.20182432 -0.20182432 -0.20182432 -0.20182432 -0.20182432
 -0.20182432 -0.20182432 -0.20182432 -0.20182432 -0.20182432 -0.20182432
 -0.20182432 -0.20182432 -0.20182432 -0.20182432 -0.20182432 -0.20182432
 -0.20182432 -0.20182432 -0.20182432 -0.20182432 -0.20182432 -0.20182432
 -0.20182432 -0.20182432 -0.20182432 -0.20182432 -0.20182432 -0.20182432
 -0.20182432 -0.20182432 -0.20182432 -0.20182432 -0.1961689  -0.19365539
 -0.19114187 -0.18972801 -0.18674321 -0.18313003 -0.18014523 -0.1779459
 -0.17621786 -0.17433272 -0.17119082 -0.16836312 -0.16757764 -0.16239351
 -0.15956581 -0.15579553 -0.14998302 -0.14479889 -0.13992895 -0.13066036
 -0.12406238 -0.1173073  -0.11070932 -0.10285457 -0.0990843  -0.09437145
 -0.08620252 -0.07583426 -0.06687986 -0.05619741 -0.04457239 -0.03326156
 -0.0260352  -0.01173957  0.0133956   0.03915915  0.0558112   0.11283663
  0.18729958  0.24840947  0.27448721  0.37707013  0.47871049  0.67853511
  0.9097787   1.29340428  2.88477491]
predicted [[-0.21522509287412128], [-0.21180959035623093], [-0.2689526230384478], [-0.20181272835836828], [-0.20218031617893856], [-0.20651030317900576], [-0.24631726843463786], [-0.23798805539139725], [-0.2238219621894889], [-0.17868018038233235], [-0.20738170141437262], [-0.20574933712312043], [-0.18388090721676614], [-0.19887824426208467], [-0.19949820176681665], [-0.1614629912296165], [-0.2048696341752505], [-0.1784164711189678], [-0.23934318067158228], [-0.18042076920515904], [-0.19178885522948363], [-0.21049727208520663], [-0.20572840019317346], [-0.19083517621200285], [-0.20483310948816924], [-0.22818561837524937], [-0.27457256659296075], [-0.259068459700282], [-0.22151888798789893], [-0.2756379302975718], [-0.18185097986253734], [-0.2394964060134745], [-0.24018582459892937], [-0.2128541114493056], [-0.223421086825223], [-0.18333819949150365], [-0.19228135759282788], [-0.19772086968253466], [-0.23553669299070581], [-0.21493093540061092], [-0.2118639557954516], [-0.2214245642921212], [-0.18966599345939256], [-0.2427590494385714], [-0.2489300748654479], [-0.22492208143064504], [-0.18724780256956475], [-0.19937131544050868], [-0.18324930272397894], [-0.21278586726037446], [-0.2117652092781377], [-0.2027199305736057], [-0.19175490598155343], [-0.20145793784832539], [-0.23317386021723285], [-0.19917916786208384], [-0.1836810132031067], [-0.22887279412620254], [-0.17949841021615498], [-0.18796744352108058], [-0.19222921195975085], [-0.21837669340914673], [-0.20394367962975662], [-0.19814015964825532], [-0.2125484755636151], [-0.2302250936858588], [-0.21525641761259057], [-0.2265409611829945], [-0.2358965928752279], [-0.17709134912976637], [-0.2009606704813972], [-0.287087079900086], [-0.2117534707867269], [-0.18284990070345714], [-0.17837317068642888], [-0.17095220500867214], [-0.22430738597329986], [-0.24524365156998043], [-0.19663296063576308], [-0.22010284207299996], [-0.19451504095287214], [-0.20210857270483662], [-0.19476290260962104], [-0.19700285720507726], [-0.22017272430896973], [-0.23437141624410687], [-0.22826654300428814], [-0.24046426836507273], [-0.22390400173527636], [-0.21234004717157345], [-0.22015031117367023], [-0.22303483370940336], [-0.17929626434301604]]

======== avg. summary of performance ========
fold #0, MSE	0.17207
fold #1, MSE	0.18644
fold #2, MSE	0.23954
fold #3, MSE	0.34819
fold #4, MSE	3.3113
------
avg. MSE:	0.85152
total execution time:	11.44s
----------------- 2-layer -----------------
test regression
expected [-0.20182432 -0.20182432 -0.20182432 -0.20182432 -0.20182432 -0.20182432
 -0.20182432 -0.20182432 -0.20182432 -0.20182432 -0.20182432 -0.20182432
 -0.20182432 -0.20182432 -0.20182432 -0.20182432 -0.20182432 -0.20182432
 -0.20182432 -0.20182432 -0.20182432 -0.20182432 -0.20182432 -0.20182432
 -0.20182432 -0.20182432 -0.20182432 -0.20182432 -0.20182432 -0.20182432
 -0.20182432 -0.20182432 -0.20182432 -0.20182432 -0.20182432 -0.20182432
 -0.20182432 -0.20182432 -0.20182432 -0.20182432 -0.20182432 -0.20182432
 -0.20182432 -0.20182432 -0.20182432 -0.20182432 -0.1961689  -0.19365539
 -0.19114187 -0.18972801 -0.18674321 -0.18313003 -0.18014523 -0.1779459
 -0.17621786 -0.17433272 -0.17119082 -0.16836312 -0.16757764 -0.16239351
 -0.15956581 -0.15579553 -0.14998302 -0.14479889 -0.13992895 -0.13066036
 -0.12406238 -0.1173073  -0.11070932 -0.10285457 -0.0990843  -0.09437145
 -0.08620252 -0.07583426 -0.06687986 -0.05619741 -0.04457239 -0.03326156
 -0.0260352  -0.01173957  0.0133956   0.03915915  0.0558112   0.11283663
  0.18729958  0.24840947  0.27448721  0.37707013  0.47871049  0.67853511
  0.9097787   1.29340428  2.88477491]
predicted [[-0.20311052164990887], [-0.20289957783460488], [-0.20939636246353185], [-0.2006499278044128], [-0.20111604099881053], [-0.20124867353070733], [-0.208927935507806], [-0.20703762911339912], [-0.20506066923415825], [-0.19586307226993108], [-0.20100244692501984], [-0.20203889587694845], [-0.1973238137269651], [-0.20038306285528484], [-0.1990369325695243], [-0.19334037122665734], [-0.19968347073512127], [-0.1965249656031042], [-0.20695833076730977], [-0.19691721000664855], [-0.19812605317711662], [-0.20120566337091234], [-0.20068859365763542], [-0.19982767206835786], [-0.20096404060056555], [-0.2039831574120107], [-0.21299938979593266], [-0.21089082531673392], [-0.20348454808172317], [-0.21186428905005047], [-0.1964633994123241], [-0.2062878476309878], [-0.20621909085905996], [-0.2021070505375345], [-0.20463828020211994], [-0.19723697494387782], [-0.19846176564112256], [-0.1995789913358609], [-0.2063551442979322], [-0.2029572280477651], [-0.20221778461145856], [-0.20327907629579917], [-0.19805631286177644], [-0.2073003317163658], [-0.208934830665727], [-0.20417046759373467], [-0.19885603824560985], [-0.19992588823796498], [-0.19659773422675655], [-0.2017458897267249], [-0.20131183868492106], [-0.20021949863089217], [-0.19855049793205926], [-0.20032017412419803], [-0.2052779406752133], [-0.2002148936504506], [-0.19805813529799401], [-0.2049744738917902], [-0.19684057729172696], [-0.19763896405435363], [-0.19859058001663177], [-0.2037576735176564], [-0.20094588751213027], [-0.19935849375675457], [-0.20205204478305516], [-0.20507515884272517], [-0.20242523591502307], [-0.20592595532417318], [-0.205474372944329], [-0.19562510758799456], [-0.20004059583254674], [-0.21588808519355493], [-0.20133072262140264], [-0.19738063247604629], [-0.19598062321811427], [-0.19529346731151673], [-0.20349545216686832], [-0.20805238540099796], [-0.19999546569612187], [-0.2039491290827374], [-0.19932731982565496], [-0.20010146855879402], [-0.1988086489561469], [-0.19994182138483368], [-0.204268888615292], [-0.2062527951623989], [-0.2047845090510199], [-0.20704231763629127], [-0.2032624095304901], [-0.20165739171470215], [-0.20292963185081636], [-0.20328091668017254], [-0.1962341238233202]]

======== avg. summary of performance ========
fold #0, MSE	0.16879
fold #1, MSE	0.18245
fold #2, MSE	0.23611
fold #3, MSE	0.34297
fold #4, MSE	3.3101
------
avg. MSE:	0.84808
total execution time:	31.54s
